[ 2017-07-21T09:17:23+08:00 ] 127.0.0.1 /uhouse/index.php/
INFO: [ app_init ] --START--
INFO: Run Behavior\BuildLiteBehavior [ RunTime:0.000033s ]
INFO: [ app_init ] --END-- [ RunTime:0.000714s ]

[ 2017-07-21T09:19:43+08:00 ] 127.0.0.1 /uhouse/index.php/
INFO: [ app_init ] --START--
INFO: Run Behavior\BuildLiteBehavior [ RunTime:0.000023s ]
INFO: [ app_init ] --END-- [ RunTime:0.000506s ]

[ 2017-07-21T09:19:44+08:00 ] 127.0.0.1 /uhouse/index.php/
INFO: [ app_init ] --START--
INFO: Run Behavior\BuildLiteBehavior [ RunTime:0.000030s ]
INFO: [ app_init ] --END-- [ RunTime:0.000715s ]

[ 2017-07-21T09:19:45+08:00 ] 127.0.0.1 /uhouse/index.php/
INFO: [ app_init ] --START--
INFO: Run Behavior\BuildLiteBehavior [ RunTime:0.000030s ]
INFO: [ app_init ] --END-- [ RunTime:0.000713s ]

[ 2017-07-21T09:19:46+08:00 ] 127.0.0.1 /uhouse/index.php/
INFO: [ app_init ] --START--
INFO: Run Behavior\BuildLiteBehavior [ RunTime:0.000083s ]
INFO: [ app_init ] --END-- [ RunTime:0.001913s ]

[ 2017-07-21T09:19:47+08:00 ] 127.0.0.1 /uhouse/index.php/
INFO: [ app_init ] --START--
INFO: Run Behavior\BuildLiteBehavior [ RunTime:0.000030s ]
INFO: [ app_init ] --END-- [ RunTime:0.000679s ]

[ 2017-07-21T09:19:48+08:00 ] 127.0.0.1 /uhouse/index.php/
INFO: [ app_init ] --START--
INFO: Run Behavior\BuildLiteBehavior [ RunTime:0.000028s ]
INFO: [ app_init ] --END-- [ RunTime:0.000706s ]

[ 2017-07-21T09:20:06+08:00 ] 127.0.0.1 /uhouse/index.php/
INFO: [ app_init ] --START--
INFO: Run Behavior\BuildLiteBehavior [ RunTime:0.000030s ]
INFO: [ app_init ] --END-- [ RunTime:0.000713s ]
INFO: [ app_begin ] --START--
INFO: Run Behavior\ReadHtmlCacheBehavior [ RunTime:0.000920s ]
INFO: [ app_begin ] --END-- [ RunTime:0.001069s ]
INFO: [ view_parse ] --START--
INFO: [ template_filter ] --START--
INFO: Run Behavior\ContentReplaceBehavior [ RunTime:0.000072s ]
INFO: [ template_filter ] --END-- [ RunTime:0.000203s ]
INFO: Run Behavior\ParseTemplateBehavior [ RunTime:0.008542s ]
INFO: [ view_parse ] --END-- [ RunTime:0.008663s ]
INFO: [ view_filter ] --START--
INFO: Run Behavior\WriteHtmlCacheBehavior [ RunTime:0.000551s ]
INFO: [ view_filter ] --END-- [ RunTime:0.000646s ]
INFO: [ app_end ] --START--
INFO: Run Behavior\ShowPageTraceBehavior [ RunTime:0.000714s ]
INFO: [ app_end ] --END-- [ RunTime:0.000810s ]

[ 2017-07-21T09:20:07+08:00 ] 127.0.0.1 /uhouse/index.php/
INFO: [ app_init ] --START--
INFO: Run Behavior\BuildLiteBehavior [ RunTime:0.000028s ]
INFO: [ app_init ] --END-- [ RunTime:0.000711s ]
INFO: [ app_begin ] --START--
INFO: Run Behavior\ReadHtmlCacheBehavior [ RunTime:0.001532s ]
INFO: [ app_begin ] --END-- [ RunTime:0.001790s ]
INFO: [ view_parse ] --START--
INFO: [ template_filter ] --START--
INFO: Run Behavior\ContentReplaceBehavior [ RunTime:0.000087s ]
INFO: [ template_filter ] --END-- [ RunTime:0.000237s ]
INFO: Run Behavior\ParseTemplateBehavior [ RunTime:0.008065s ]
INFO: [ view_parse ] --END-- [ RunTime:0.008205s ]
INFO: [ view_filter ] --START--
INFO: Run Behavior\WriteHtmlCacheBehavior [ RunTime:0.000707s ]
INFO: [ view_filter ] --END-- [ RunTime:0.000836s ]
INFO: [ app_end ] --START--
INFO: Run Behavior\ShowPageTraceBehavior [ RunTime:0.000913s ]
INFO: [ app_end ] --END-- [ RunTime:0.001043s ]

[ 2017-07-21T09:20:08+08:00 ] 127.0.0.1 /uhouse/index.php/
INFO: [ app_init ] --START--
INFO: Run Behavior\BuildLiteBehavior [ RunTime:0.000029s ]
INFO: [ app_init ] --END-- [ RunTime:0.000740s ]
INFO: [ app_begin ] --START--
INFO: Run Behavior\ReadHtmlCacheBehavior [ RunTime:0.000884s ]
INFO: [ app_begin ] --END-- [ RunTime:0.001009s ]
INFO: [ view_parse ] --START--
INFO: [ template_filter ] --START--
INFO: Run Behavior\ContentReplaceBehavior [ RunTime:0.000079s ]
INFO: [ template_filter ] --END-- [ RunTime:0.000202s ]
INFO: Run Behavior\ParseTemplateBehavior [ RunTime:0.007005s ]
INFO: [ view_parse ] --END-- [ RunTime:0.007128s ]
INFO: [ view_filter ] --START--
INFO: Run Behavior\WriteHtmlCacheBehavior [ RunTime:0.000527s ]
INFO: [ view_filter ] --END-- [ RunTime:0.000625s ]
INFO: [ app_end ] --START--
INFO: Run Behavior\ShowPageTraceBehavior [ RunTime:0.000654s ]
INFO: [ app_end ] --END-- [ RunTime:0.000752s ]

[ 2017-07-21T09:20:09+08:00 ] 127.0.0.1 /uhouse/index.php/
INFO: [ app_init ] --START--
INFO: Run Behavior\BuildLiteBehavior [ RunTime:0.000030s ]
INFO: [ app_init ] --END-- [ RunTime:0.000750s ]
INFO: [ app_begin ] --START--
INFO: Run Behavior\ReadHtmlCacheBehavior [ RunTime:0.000827s ]
INFO: [ app_begin ] --END-- [ RunTime:0.000965s ]
INFO: [ view_parse ] --START--
INFO: [ template_filter ] --START--
INFO: Run Behavior\ContentReplaceBehavior [ RunTime:0.000084s ]
INFO: [ template_filter ] --END-- [ RunTime:0.000223s ]
INFO: Run Behavior\ParseTemplateBehavior [ RunTime:0.007879s ]
INFO: [ view_parse ] --END-- [ RunTime:0.008016s ]
INFO: [ view_filter ] --START--
INFO: Run Behavior\WriteHtmlCacheBehavior [ RunTime:0.000765s ]
INFO: [ view_filter ] --END-- [ RunTime:0.000893s ]
INFO: [ app_end ] --START--
INFO: Run Behavior\ShowPageTraceBehavior [ RunTime:0.001529s ]
INFO: [ app_end ] --END-- [ RunTime:0.001673s ]

[ 2017-07-21T09:20:10+08:00 ] 127.0.0.1 /uhouse/index.php/
INFO: [ app_init ] --START--
INFO: Run Behavior\BuildLiteBehavior [ RunTime:0.000030s ]
INFO: [ app_init ] --END-- [ RunTime:0.000710s ]
INFO: [ app_begin ] --START--
INFO: Run Behavior\ReadHtmlCacheBehavior [ RunTime:0.000890s ]
INFO: [ app_begin ] --END-- [ RunTime:0.001031s ]
INFO: [ view_parse ] --START--
INFO: [ template_filter ] --START--
INFO: Run Behavior\ContentReplaceBehavior [ RunTime:0.000071s ]
INFO: [ template_filter ] --END-- [ RunTime:0.000196s ]
INFO: Run Behavior\ParseTemplateBehavior [ RunTime:0.011259s ]
INFO: [ view_parse ] --END-- [ RunTime:0.012485s ]
INFO: [ view_filter ] --START--
INFO: Run Behavior\WriteHtmlCacheBehavior [ RunTime:0.000829s ]
INFO: [ view_filter ] --END-- [ RunTime:0.000989s ]
INFO: [ app_end ] --START--
INFO: Run Behavior\ShowPageTraceBehavior [ RunTime:0.000978s ]
INFO: [ app_end ] --END-- [ RunTime:0.001136s ]

[ 2017-07-21T09:22:20+08:00 ] 127.0.0.1 /uhouse/index.php/
INFO: [ app_init ] --START--
INFO: Run Behavior\BuildLiteBehavior [ RunTime:0.000026s ]
INFO: [ app_init ] --END-- [ RunTime:0.000569s ]
INFO: [ app_begin ] --START--
INFO: Run Behavior\ReadHtmlCacheBehavior [ RunTime:0.000667s ]
INFO: [ app_begin ] --END-- [ RunTime:0.000772s ]
INFO: [ view_parse ] --START--
INFO: [ template_filter ] --START--
INFO: Run Behavior\ContentReplaceBehavior [ RunTime:0.000067s ]
INFO: [ template_filter ] --END-- [ RunTime:0.000176s ]
INFO: Run Behavior\ParseTemplateBehavior [ RunTime:0.005972s ]
INFO: [ view_parse ] --END-- [ RunTime:0.006078s ]
INFO: [ view_filter ] --START--
INFO: Run Behavior\WriteHtmlCacheBehavior [ RunTime:0.000504s ]
INFO: [ view_filter ] --END-- [ RunTime:0.000599s ]
INFO: [ app_end ] --START--
INFO: Run Behavior\ShowPageTraceBehavior [ RunTime:0.000648s ]
INFO: [ app_end ] --END-- [ RunTime:0.000746s ]

[ 2017-07-21T09:22:55+08:00 ] 127.0.0.1 /uhouse/index.php/
INFO: [ app_init ] --START--
INFO: Run Behavior\BuildLiteBehavior [ RunTime:0.000031s ]
INFO: [ app_init ] --END-- [ RunTime:0.000697s ]
INFO: [ app_begin ] --START--
INFO: Run Behavior\ReadHtmlCacheBehavior [ RunTime:0.000754s ]
INFO: [ app_begin ] --END-- [ RunTime:0.000900s ]
INFO: [ view_parse ] --START--
INFO: [ template_filter ] --START--
INFO: Run Behavior\ContentReplaceBehavior [ RunTime:0.000083s ]
INFO: [ template_filter ] --END-- [ RunTime:0.000223s ]
INFO: Run Behavior\ParseTemplateBehavior [ RunTime:0.007397s ]
INFO: [ view_parse ] --END-- [ RunTime:0.007550s ]
INFO: [ view_filter ] --START--
INFO: Run Behavior\WriteHtmlCacheBehavior [ RunTime:0.000564s ]
INFO: [ view_filter ] --END-- [ RunTime:0.000689s ]
INFO: [ app_end ] --START--
INFO: Run Behavior\ShowPageTraceBehavior [ RunTime:0.000760s ]
INFO: [ app_end ] --END-- [ RunTime:0.000890s ]

[ 2017-07-21T09:30:03+08:00 ] 127.0.0.1 /uhouse/index.php/
INFO: [ app_init ] --START--
INFO: Run Behavior\BuildLiteBehavior [ RunTime:0.000029s ]
INFO: [ app_init ] --END-- [ RunTime:0.000685s ]
INFO: [ app_begin ] --START--
INFO: Run Behavior\ReadHtmlCacheBehavior [ RunTime:0.000762s ]
INFO: [ app_begin ] --END-- [ RunTime:0.000904s ]
INFO: [ view_parse ] --START--
INFO: [ template_filter ] --START--
INFO: Run Behavior\ContentReplaceBehavior [ RunTime:0.000084s ]
INFO: [ template_filter ] --END-- [ RunTime:0.000215s ]
INFO: Run Behavior\ParseTemplateBehavior [ RunTime:0.006982s ]
INFO: [ view_parse ] --END-- [ RunTime:0.007130s ]
INFO: [ view_filter ] --START--
INFO: Run Behavior\WriteHtmlCacheBehavior [ RunTime:0.000567s ]
INFO: [ view_filter ] --END-- [ RunTime:0.000702s ]
INFO: [ app_end ] --START--
INFO: Run Behavior\ShowPageTraceBehavior [ RunTime:0.000777s ]
INFO: [ app_end ] --END-- [ RunTime:0.000927s ]

[ 2017-07-21T09:30:05+08:00 ] 127.0.0.1 /uhouse/index.php/Home/Map/map
INFO: [ app_init ] --START--
INFO: Run Behavior\BuildLiteBehavior [ RunTime:0.000053s ]
INFO: [ app_init ] --END-- [ RunTime:0.001249s ]
INFO: [ app_begin ] --START--
INFO: Run Behavior\ReadHtmlCacheBehavior [ RunTime:0.001517s ]
INFO: [ app_begin ] --END-- [ RunTime:0.001879s ]
ERR: 无法加载控制器:Home

[ 2017-07-21T09:30:54+08:00 ] 127.0.0.1 /uhouse/index.php?c=map&a=map
INFO: [ app_init ] --START--
INFO: Run Behavior\BuildLiteBehavior [ RunTime:0.000026s ]
INFO: [ app_init ] --END-- [ RunTime:0.000500s ]
INFO: [ app_begin ] --START--
INFO: Run Behavior\ReadHtmlCacheBehavior [ RunTime:0.000555s ]
INFO: [ app_begin ] --END-- [ RunTime:0.000667s ]
INFO: [ view_parse ] --START--
INFO: [ template_filter ] --START--
INFO: Run Behavior\ContentReplaceBehavior [ RunTime:0.000096s ]
INFO: [ template_filter ] --END-- [ RunTime:0.000195s ]
NOTIC: [8] Undefined variable: v F:\wamp64\www\uhouse\Application\Runtime\Cache\Home\4ab6e022dc50d23c5411a3afa21abe7a.php 第 316 行.
NOTIC: [8] Undefined variable: v F:\wamp64\www\uhouse\Application\Runtime\Cache\Home\4ab6e022dc50d23c5411a3afa21abe7a.php 第 319 行.
NOTIC: [8] Undefined variable: v F:\wamp64\www\uhouse\Application\Runtime\Cache\Home\4ab6e022dc50d23c5411a3afa21abe7a.php 第 320 行.
NOTIC: [8] Undefined variable: v F:\wamp64\www\uhouse\Application\Runtime\Cache\Home\4ab6e022dc50d23c5411a3afa21abe7a.php 第 321 行.
NOTIC: [8] Undefined variable: v F:\wamp64\www\uhouse\Application\Runtime\Cache\Home\4ab6e022dc50d23c5411a3afa21abe7a.php 第 322 行.
NOTIC: [8] Undefined variable: v F:\wamp64\www\uhouse\Application\Runtime\Cache\Home\4ab6e022dc50d23c5411a3afa21abe7a.php 第 323 行.
INFO: Run Behavior\ParseTemplateBehavior [ RunTime:0.006608s ]
INFO: [ view_parse ] --END-- [ RunTime:0.006710s ]
INFO: [ view_filter ] --START--
INFO: Run Behavior\WriteHtmlCacheBehavior [ RunTime:0.000364s ]
INFO: [ view_filter ] --END-- [ RunTime:0.000458s ]
INFO: [ app_end ] --START--
INFO: Run Behavior\ShowPageTraceBehavior [ RunTime:0.000490s ]
INFO: [ app_end ] --END-- [ RunTime:0.000595s ]

[ 2017-07-21T09:30:55+08:00 ] 127.0.0.1 /uhouse/index.php/Home/Index/marker
INFO: [ app_init ] --START--
INFO: Run Behavior\BuildLiteBehavior [ RunTime:0.000024s ]
INFO: [ app_init ] --END-- [ RunTime:0.000470s ]
INFO: [ app_begin ] --START--
INFO: Run Behavior\ReadHtmlCacheBehavior [ RunTime:0.000443s ]
INFO: [ app_begin ] --END-- [ RunTime:0.000534s ]
ERR: 无法加载控制器:Home

[ 2017-07-21T09:33:31+08:00 ] 127.0.0.1 /uhouse/index.php?c=map&a=map
INFO: [ app_init ] --START--
INFO: Run Behavior\BuildLiteBehavior [ RunTime:0.000025s ]
INFO: [ app_init ] --END-- [ RunTime:0.000561s ]
INFO: [ app_begin ] --START--
INFO: Run Behavior\ReadHtmlCacheBehavior [ RunTime:0.000906s ]
INFO: [ app_begin ] --END-- [ RunTime:0.001078s ]
INFO: [ view_parse ] --START--
INFO: [ template_filter ] --START--
INFO: Run Behavior\ContentReplaceBehavior [ RunTime:0.000103s ]
INFO: [ template_filter ] --END-- [ RunTime:0.000206s ]
NOTIC: [8] Undefined variable: v F:\wamp64\www\uhouse\Application\Runtime\Cache\Home\4ab6e022dc50d23c5411a3afa21abe7a.php 第 316 行.
NOTIC: [8] Undefined variable: v F:\wamp64\www\uhouse\Application\Runtime\Cache\Home\4ab6e022dc50d23c5411a3afa21abe7a.php 第 319 行.
NOTIC: [8] Undefined variable: v F:\wamp64\www\uhouse\Application\Runtime\Cache\Home\4ab6e022dc50d23c5411a3afa21abe7a.php 第 320 行.
NOTIC: [8] Undefined variable: v F:\wamp64\www\uhouse\Application\Runtime\Cache\Home\4ab6e022dc50d23c5411a3afa21abe7a.php 第 321 行.
NOTIC: [8] Undefined variable: v F:\wamp64\www\uhouse\Application\Runtime\Cache\Home\4ab6e022dc50d23c5411a3afa21abe7a.php 第 322 行.
NOTIC: [8] Undefined variable: v F:\wamp64\www\uhouse\Application\Runtime\Cache\Home\4ab6e022dc50d23c5411a3afa21abe7a.php 第 323 行.
INFO: Run Behavior\ParseTemplateBehavior [ RunTime:0.006875s ]
INFO: [ view_parse ] --END-- [ RunTime:0.006981s ]
INFO: [ view_filter ] --START--
INFO: Run Behavior\WriteHtmlCacheBehavior [ RunTime:0.000442s ]
INFO: [ view_filter ] --END-- [ RunTime:0.000537s ]
INFO: [ app_end ] --START--
INFO: Run Behavior\ShowPageTraceBehavior [ RunTime:0.000560s ]
INFO: [ app_end ] --END-- [ RunTime:0.000664s ]

[ 2017-07-21T09:33:31+08:00 ] 127.0.0.1 /uhouse/index.php/Home/Index/marker
INFO: [ app_init ] --START--
INFO: Run Behavior\BuildLiteBehavior [ RunTime:0.000044s ]
INFO: [ app_init ] --END-- [ RunTime:0.000576s ]
INFO: [ app_begin ] --START--
INFO: Run Behavior\ReadHtmlCacheBehavior [ RunTime:0.000643s ]
INFO: [ app_begin ] --END-- [ RunTime:0.000774s ]
ERR: 无法加载控制器:Home

[ 2017-07-21T09:34:31+08:00 ] 127.0.0.1 /uhouse/index.php?c=map&a=map
INFO: [ app_init ] --START--
INFO: Run Behavior\BuildLiteBehavior [ RunTime:0.000030s ]
INFO: [ app_init ] --END-- [ RunTime:0.000656s ]
INFO: [ app_begin ] --START--
INFO: Run Behavior\ReadHtmlCacheBehavior [ RunTime:0.000656s ]
INFO: [ app_begin ] --END-- [ RunTime:0.000794s ]
INFO: [ view_parse ] --START--
INFO: [ template_filter ] --START--
INFO: Run Behavior\ContentReplaceBehavior [ RunTime:0.000111s ]
INFO: [ template_filter ] --END-- [ RunTime:0.000231s ]
NOTIC: [8] Undefined variable: v F:\wamp64\www\uhouse\Application\Runtime\Cache\Home\4ab6e022dc50d23c5411a3afa21abe7a.php 第 316 行.
NOTIC: [8] Undefined variable: v F:\wamp64\www\uhouse\Application\Runtime\Cache\Home\4ab6e022dc50d23c5411a3afa21abe7a.php 第 319 行.
NOTIC: [8] Undefined variable: v F:\wamp64\www\uhouse\Application\Runtime\Cache\Home\4ab6e022dc50d23c5411a3afa21abe7a.php 第 320 行.
NOTIC: [8] Undefined variable: v F:\wamp64\www\uhouse\Application\Runtime\Cache\Home\4ab6e022dc50d23c5411a3afa21abe7a.php 第 321 行.
NOTIC: [8] Undefined variable: v F:\wamp64\www\uhouse\Application\Runtime\Cache\Home\4ab6e022dc50d23c5411a3afa21abe7a.php 第 322 行.
NOTIC: [8] Undefined variable: v F:\wamp64\www\uhouse\Application\Runtime\Cache\Home\4ab6e022dc50d23c5411a3afa21abe7a.php 第 323 行.
INFO: Run Behavior\ParseTemplateBehavior [ RunTime:0.010505s ]
INFO: [ view_parse ] --END-- [ RunTime:0.010626s ]
INFO: [ view_filter ] --START--
INFO: Run Behavior\WriteHtmlCacheBehavior [ RunTime:0.000319s ]
INFO: [ view_filter ] --END-- [ RunTime:0.000411s ]
INFO: [ app_end ] --START--
INFO: Run Behavior\ShowPageTraceBehavior [ RunTime:0.000480s ]
INFO: [ app_end ] --END-- [ RunTime:0.000580s ]

[ 2017-07-21T09:34:31+08:00 ] 127.0.0.1 /uhouse/index.php/Home/Index/marker
INFO: [ app_init ] --START--
INFO: Run Behavior\BuildLiteBehavior [ RunTime:0.000045s ]
INFO: [ app_init ] --END-- [ RunTime:0.001106s ]
INFO: [ app_begin ] --START--
INFO: Run Behavior\ReadHtmlCacheBehavior [ RunTime:0.000482s ]
INFO: [ app_begin ] --END-- [ RunTime:0.000582s ]
ERR: 无法加载控制器:Home

[ 2017-07-21T09:37:14+08:00 ] 127.0.0.1 /uhouse/index.php?c=map&a=map
INFO: [ app_init ] --START--
INFO: Run Behavior\BuildLiteBehavior [ RunTime:0.000029s ]
INFO: [ app_init ] --END-- [ RunTime:0.000655s ]
INFO: [ app_begin ] --START--
INFO: Run Behavior\ReadHtmlCacheBehavior [ RunTime:0.000772s ]
INFO: [ app_begin ] --END-- [ RunTime:0.000909s ]
INFO: [ view_parse ] --START--
INFO: [ template_filter ] --START--
INFO: Run Behavior\ContentReplaceBehavior [ RunTime:0.000131s ]
INFO: [ template_filter ] --END-- [ RunTime:0.000277s ]
NOTIC: [8] Undefined variable: v F:\wamp64\www\uhouse\Application\Runtime\Cache\Home\4ab6e022dc50d23c5411a3afa21abe7a.php 第 316 行.
NOTIC: [8] Undefined variable: v F:\wamp64\www\uhouse\Application\Runtime\Cache\Home\4ab6e022dc50d23c5411a3afa21abe7a.php 第 319 行.
NOTIC: [8] Undefined variable: v F:\wamp64\www\uhouse\Application\Runtime\Cache\Home\4ab6e022dc50d23c5411a3afa21abe7a.php 第 320 行.
NOTIC: [8] Undefined variable: v F:\wamp64\www\uhouse\Application\Runtime\Cache\Home\4ab6e022dc50d23c5411a3afa21abe7a.php 第 321 行.
NOTIC: [8] Undefined variable: v F:\wamp64\www\uhouse\Application\Runtime\Cache\Home\4ab6e022dc50d23c5411a3afa21abe7a.php 第 322 行.
NOTIC: [8] Undefined variable: v F:\wamp64\www\uhouse\Application\Runtime\Cache\Home\4ab6e022dc50d23c5411a3afa21abe7a.php 第 323 行.
INFO: Run Behavior\ParseTemplateBehavior [ RunTime:0.010788s ]
INFO: [ view_parse ] --END-- [ RunTime:0.010997s ]
INFO: [ view_filter ] --START--
INFO: Run Behavior\WriteHtmlCacheBehavior [ RunTime:0.000520s ]
INFO: [ view_filter ] --END-- [ RunTime:0.000644s ]
INFO: [ app_end ] --START--
INFO: Run Behavior\ShowPageTraceBehavior [ RunTime:0.000719s ]
INFO: [ app_end ] --END-- [ RunTime:0.000908s ]

[ 2017-07-21T09:37:14+08:00 ] 127.0.0.1 /uhouse/index.php?c=index&a=marker
INFO: [ app_init ] --START--
INFO: Run Behavior\BuildLiteBehavior [ RunTime:0.000024s ]
INFO: [ app_init ] --END-- [ RunTime:0.000455s ]
INFO: [ app_begin ] --START--
INFO: Run Behavior\ReadHtmlCacheBehavior [ RunTime:0.000553s ]
INFO: [ app_begin ] --END-- [ RunTime:0.000714s ]

[ 2017-07-21T09:39:58+08:00 ] 127.0.0.1 /uhouse/index.php/Home/Calculator/calculator
INFO: [ app_init ] --START--
INFO: Run Behavior\BuildLiteBehavior [ RunTime:0.000025s ]
INFO: [ app_init ] --END-- [ RunTime:0.000503s ]
INFO: [ app_begin ] --START--
INFO: Run Behavior\ReadHtmlCacheBehavior [ RunTime:0.000655s ]
INFO: [ app_begin ] --END-- [ RunTime:0.000824s ]
ERR: 无法加载控制器:Home

[ 2017-07-21T09:40:34+08:00 ] 127.0.0.1 /uhouse/index.php/
INFO: [ app_init ] --START--
INFO: Run Behavior\BuildLiteBehavior [ RunTime:0.000027s ]
INFO: [ app_init ] --END-- [ RunTime:0.000665s ]
INFO: [ app_begin ] --START--
INFO: Run Behavior\ReadHtmlCacheBehavior [ RunTime:0.000664s ]
INFO: [ app_begin ] --END-- [ RunTime:0.000807s ]
INFO: [ view_parse ] --START--
INFO: [ template_filter ] --START--
INFO: Run Behavior\ContentReplaceBehavior [ RunTime:0.000089s ]
INFO: [ template_filter ] --END-- [ RunTime:0.000252s ]
INFO: Run Behavior\ParseTemplateBehavior [ RunTime:0.008832s ]
INFO: [ view_parse ] --END-- [ RunTime:0.008968s ]
INFO: [ view_filter ] --START--
INFO: Run Behavior\WriteHtmlCacheBehavior [ RunTime:0.000566s ]
INFO: [ view_filter ] --END-- [ RunTime:0.000691s ]
INFO: [ app_end ] --START--
INFO: Run Behavior\ShowPageTraceBehavior [ RunTime:0.000760s ]
INFO: [ app_end ] --END-- [ RunTime:0.000892s ]

[ 2017-07-21T09:40:36+08:00 ] 127.0.0.1 /uhouse/index.php/c=calculator&a=calculator
INFO: [ app_init ] --START--
INFO: Run Behavior\BuildLiteBehavior [ RunTime:0.000025s ]
INFO: [ app_init ] --END-- [ RunTime:0.000475s ]
INFO: [ app_begin ] --START--
INFO: Run Behavior\ReadHtmlCacheBehavior [ RunTime:0.000500s ]
INFO: [ app_begin ] --END-- [ RunTime:0.000613s ]
ERR: 无法加载控制器:C=calculator&a=calculator

[ 2017-07-21T09:40:43+08:00 ] 127.0.0.1 /uhouse/index.php?c=calculator&a=calculator
INFO: [ app_init ] --START--
INFO: Run Behavior\BuildLiteBehavior [ RunTime:0.000024s ]
INFO: [ app_init ] --END-- [ RunTime:0.000491s ]
INFO: [ app_begin ] --START--
INFO: Run Behavior\ReadHtmlCacheBehavior [ RunTime:0.000435s ]
INFO: [ app_begin ] --END-- [ RunTime:0.000539s ]
INFO: [ view_parse ] --START--
INFO: [ template_filter ] --START--
INFO: Run Behavior\ContentReplaceBehavior [ RunTime:0.000104s ]
INFO: [ template_filter ] --END-- [ RunTime:0.000237s ]
INFO: Run Behavior\ParseTemplateBehavior [ RunTime:0.008105s ]
INFO: [ view_parse ] --END-- [ RunTime:0.008227s ]
INFO: [ view_filter ] --START--
INFO: Run Behavior\WriteHtmlCacheBehavior [ RunTime:0.000448s ]
INFO: [ view_filter ] --END-- [ RunTime:0.000546s ]
INFO: [ app_end ] --START--
INFO: Run Behavior\ShowPageTraceBehavior [ RunTime:0.000523s ]
INFO: [ app_end ] --END-- [ RunTime:0.000629s ]

[ 2017-07-21T09:42:23+08:00 ] 127.0.0.1 /uhouse/index.php?c=calculator&a=calculator
INFO: [ app_init ] --START--
INFO: Run Behavior\BuildLiteBehavior [ RunTime:0.000023s ]
INFO: [ app_init ] --END-- [ RunTime:0.000484s ]
INFO: [ app_begin ] --START--
INFO: Run Behavior\ReadHtmlCacheBehavior [ RunTime:0.000561s ]
INFO: [ app_begin ] --END-- [ RunTime:0.000677s ]
INFO: [ view_parse ] --START--
INFO: [ template_filter ] --START--
INFO: Run Behavior\ContentReplaceBehavior [ RunTime:0.000095s ]
INFO: [ template_filter ] --END-- [ RunTime:0.000203s ]
INFO: Run Behavior\ParseTemplateBehavior [ RunTime:0.005958s ]
INFO: [ view_parse ] --END-- [ RunTime:0.006063s ]
INFO: [ view_filter ] --START--
INFO: Run Behavior\WriteHtmlCacheBehavior [ RunTime:0.000355s ]
INFO: [ view_filter ] --END-- [ RunTime:0.000449s ]
INFO: [ app_end ] --START--
INFO: Run Behavior\ShowPageTraceBehavior [ RunTime:0.000474s ]
INFO: [ app_end ] --END-- [ RunTime:0.000575s ]

[ 2017-07-21T09:42:33+08:00 ] 127.0.0.1 /uhouse/index.php?c=map&a=map
INFO: [ app_init ] --START--
INFO: Run Behavior\BuildLiteBehavior [ RunTime:0.000022s ]
INFO: [ app_init ] --END-- [ RunTime:0.000537s ]
INFO: [ app_begin ] --START--
INFO: Run Behavior\ReadHtmlCacheBehavior [ RunTime:0.000919s ]
INFO: [ app_begin ] --END-- [ RunTime:0.001185s ]
INFO: [ view_parse ] --START--
INFO: [ template_filter ] --START--
INFO: Run Behavior\ContentReplaceBehavior [ RunTime:0.000098s ]
INFO: [ template_filter ] --END-- [ RunTime:0.000209s ]
NOTIC: [8] Undefined variable: v F:\wamp64\www\uhouse\Application\Runtime\Cache\Home\4ab6e022dc50d23c5411a3afa21abe7a.php 第 316 行.
NOTIC: [8] Undefined variable: v F:\wamp64\www\uhouse\Application\Runtime\Cache\Home\4ab6e022dc50d23c5411a3afa21abe7a.php 第 319 行.
NOTIC: [8] Undefined variable: v F:\wamp64\www\uhouse\Application\Runtime\Cache\Home\4ab6e022dc50d23c5411a3afa21abe7a.php 第 320 行.
NOTIC: [8] Undefined variable: v F:\wamp64\www\uhouse\Application\Runtime\Cache\Home\4ab6e022dc50d23c5411a3afa21abe7a.php 第 321 行.
NOTIC: [8] Undefined variable: v F:\wamp64\www\uhouse\Application\Runtime\Cache\Home\4ab6e022dc50d23c5411a3afa21abe7a.php 第 322 行.
NOTIC: [8] Undefined variable: v F:\wamp64\www\uhouse\Application\Runtime\Cache\Home\4ab6e022dc50d23c5411a3afa21abe7a.php 第 323 行.
INFO: Run Behavior\ParseTemplateBehavior [ RunTime:0.008007s ]
INFO: [ view_parse ] --END-- [ RunTime:0.008118s ]
INFO: [ view_filter ] --START--
INFO: Run Behavior\WriteHtmlCacheBehavior [ RunTime:0.000510s ]
INFO: [ view_filter ] --END-- [ RunTime:0.000606s ]
INFO: [ app_end ] --START--
INFO: Run Behavior\ShowPageTraceBehavior [ RunTime:0.000624s ]
INFO: [ app_end ] --END-- [ RunTime:0.000731s ]

[ 2017-07-21T09:42:34+08:00 ] 127.0.0.1 /uhouse/index.php?c=index&a=marker
INFO: [ app_init ] --START--
INFO: Run Behavior\BuildLiteBehavior [ RunTime:0.000024s ]
INFO: [ app_init ] --END-- [ RunTime:0.000578s ]
INFO: [ app_begin ] --START--
INFO: Run Behavior\ReadHtmlCacheBehavior [ RunTime:0.000605s ]
INFO: [ app_begin ] --END-- [ RunTime:0.000707s ]

[ 2017-07-21T09:48:16+08:00 ] 127.0.0.1 /uhouse/index.php?c=map&a=map
INFO: [ app_init ] --START--
INFO: Run Behavior\BuildLiteBehavior [ RunTime:0.000022s ]
INFO: [ app_init ] --END-- [ RunTime:0.000498s ]
INFO: [ app_begin ] --START--
INFO: Run Behavior\ReadHtmlCacheBehavior [ RunTime:0.001225s ]
INFO: [ app_begin ] --END-- [ RunTime:0.001385s ]
INFO: [ view_parse ] --START--
INFO: [ template_filter ] --START--
INFO: Run Behavior\ContentReplaceBehavior [ RunTime:0.000114s ]
INFO: [ template_filter ] --END-- [ RunTime:0.000242s ]
NOTIC: [8] Undefined variable: v F:\wamp64\www\uhouse\Application\Runtime\Cache\Home\4ab6e022dc50d23c5411a3afa21abe7a.php 第 316 行.
NOTIC: [8] Undefined variable: v F:\wamp64\www\uhouse\Application\Runtime\Cache\Home\4ab6e022dc50d23c5411a3afa21abe7a.php 第 319 行.
NOTIC: [8] Undefined variable: v F:\wamp64\www\uhouse\Application\Runtime\Cache\Home\4ab6e022dc50d23c5411a3afa21abe7a.php 第 320 行.
NOTIC: [8] Undefined variable: v F:\wamp64\www\uhouse\Application\Runtime\Cache\Home\4ab6e022dc50d23c5411a3afa21abe7a.php 第 321 行.
NOTIC: [8] Undefined variable: v F:\wamp64\www\uhouse\Application\Runtime\Cache\Home\4ab6e022dc50d23c5411a3afa21abe7a.php 第 322 行.
NOTIC: [8] Undefined variable: v F:\wamp64\www\uhouse\Application\Runtime\Cache\Home\4ab6e022dc50d23c5411a3afa21abe7a.php 第 323 行.
INFO: Run Behavior\ParseTemplateBehavior [ RunTime:0.012063s ]
INFO: [ view_parse ] --END-- [ RunTime:0.012170s ]
INFO: [ view_filter ] --START--
INFO: Run Behavior\WriteHtmlCacheBehavior [ RunTime:0.000558s ]
INFO: [ view_filter ] --END-- [ RunTime:0.000655s ]
INFO: [ app_end ] --START--
INFO: Run Behavior\ShowPageTraceBehavior [ RunTime:0.000887s ]
INFO: [ app_end ] --END-- [ RunTime:0.000994s ]

[ 2017-07-21T09:48:16+08:00 ] 127.0.0.1 /uhouse/index.php?c=index&a=marker
INFO: [ app_init ] --START--
INFO: Run Behavior\BuildLiteBehavior [ RunTime:0.000027s ]
INFO: [ app_init ] --END-- [ RunTime:0.000570s ]
INFO: [ app_begin ] --START--
INFO: Run Behavior\ReadHtmlCacheBehavior [ RunTime:0.000695s ]
INFO: [ app_begin ] --END-- [ RunTime:0.000800s ]

[ 2017-07-21T09:48:31+08:00 ] 127.0.0.1 /uhouse/index.php?c=map&a=map
INFO: [ app_init ] --START--
INFO: Run Behavior\BuildLiteBehavior [ RunTime:0.000024s ]
INFO: [ app_init ] --END-- [ RunTime:0.000535s ]
INFO: [ app_begin ] --START--
INFO: Run Behavior\ReadHtmlCacheBehavior [ RunTime:0.001325s ]
INFO: [ app_begin ] --END-- [ RunTime:0.001569s ]
INFO: [ view_parse ] --START--
INFO: [ template_filter ] --START--
INFO: Run Behavior\ContentReplaceBehavior [ RunTime:0.000096s ]
INFO: [ template_filter ] --END-- [ RunTime:0.000199s ]
NOTIC: [8] Undefined variable: v F:\wamp64\www\uhouse\Application\Runtime\Cache\Home\4ab6e022dc50d23c5411a3afa21abe7a.php 第 316 行.
NOTIC: [8] Undefined variable: v F:\wamp64\www\uhouse\Application\Runtime\Cache\Home\4ab6e022dc50d23c5411a3afa21abe7a.php 第 319 行.
NOTIC: [8] Undefined variable: v F:\wamp64\www\uhouse\Application\Runtime\Cache\Home\4ab6e022dc50d23c5411a3afa21abe7a.php 第 320 行.
NOTIC: [8] Undefined variable: v F:\wamp64\www\uhouse\Application\Runtime\Cache\Home\4ab6e022dc50d23c5411a3afa21abe7a.php 第 321 行.
NOTIC: [8] Undefined variable: v F:\wamp64\www\uhouse\Application\Runtime\Cache\Home\4ab6e022dc50d23c5411a3afa21abe7a.php 第 322 行.
NOTIC: [8] Undefined variable: v F:\wamp64\www\uhouse\Application\Runtime\Cache\Home\4ab6e022dc50d23c5411a3afa21abe7a.php 第 323 行.
INFO: Run Behavior\ParseTemplateBehavior [ RunTime:0.007477s ]
INFO: [ view_parse ] --END-- [ RunTime:0.007578s ]
INFO: [ view_filter ] --START--
INFO: Run Behavior\WriteHtmlCacheBehavior [ RunTime:0.000560s ]
INFO: [ view_filter ] --END-- [ RunTime:0.000653s ]
INFO: [ app_end ] --START--
INFO: Run Behavior\ShowPageTraceBehavior [ RunTime:0.000684s ]
INFO: [ app_end ] --END-- [ RunTime:0.000787s ]

[ 2017-07-21T09:48:31+08:00 ] 127.0.0.1 /uhouse/index.php?c=index&a=marker
INFO: [ app_init ] --START--
INFO: Run Behavior\BuildLiteBehavior [ RunTime:0.000025s ]
INFO: [ app_init ] --END-- [ RunTime:0.000491s ]
INFO: [ app_begin ] --START--
INFO: Run Behavior\ReadHtmlCacheBehavior [ RunTime:0.000801s ]
INFO: [ app_begin ] --END-- [ RunTime:0.000908s ]

[ 2017-07-21T09:48:35+08:00 ] 127.0.0.1 /uhouse/index.php?c=map&a=map
INFO: [ app_init ] --START--
INFO: Run Behavior\BuildLiteBehavior [ RunTime:0.000024s ]
INFO: [ app_init ] --END-- [ RunTime:0.000535s ]
INFO: [ app_begin ] --START--
INFO: Run Behavior\ReadHtmlCacheBehavior [ RunTime:0.000820s ]
INFO: [ app_begin ] --END-- [ RunTime:0.000945s ]
INFO: [ view_parse ] --START--
INFO: [ template_filter ] --START--
INFO: Run Behavior\ContentReplaceBehavior [ RunTime:0.000105s ]
INFO: [ template_filter ] --END-- [ RunTime:0.000226s ]
NOTIC: [8] Undefined variable: v F:\wamp64\www\uhouse\Application\Runtime\Cache\Home\4ab6e022dc50d23c5411a3afa21abe7a.php 第 316 行.
NOTIC: [8] Undefined variable: v F:\wamp64\www\uhouse\Application\Runtime\Cache\Home\4ab6e022dc50d23c5411a3afa21abe7a.php 第 319 行.
NOTIC: [8] Undefined variable: v F:\wamp64\www\uhouse\Application\Runtime\Cache\Home\4ab6e022dc50d23c5411a3afa21abe7a.php 第 320 行.
NOTIC: [8] Undefined variable: v F:\wamp64\www\uhouse\Application\Runtime\Cache\Home\4ab6e022dc50d23c5411a3afa21abe7a.php 第 321 行.
NOTIC: [8] Undefined variable: v F:\wamp64\www\uhouse\Application\Runtime\Cache\Home\4ab6e022dc50d23c5411a3afa21abe7a.php 第 322 行.
NOTIC: [8] Undefined variable: v F:\wamp64\www\uhouse\Application\Runtime\Cache\Home\4ab6e022dc50d23c5411a3afa21abe7a.php 第 323 行.
INFO: Run Behavior\ParseTemplateBehavior [ RunTime:0.010516s ]
INFO: [ view_parse ] --END-- [ RunTime:0.010618s ]
INFO: [ view_filter ] --START--
INFO: Run Behavior\WriteHtmlCacheBehavior [ RunTime:0.000579s ]
INFO: [ view_filter ] --END-- [ RunTime:0.000674s ]
INFO: [ app_end ] --START--
INFO: Run Behavior\ShowPageTraceBehavior [ RunTime:0.000710s ]
INFO: [ app_end ] --END-- [ RunTime:0.000814s ]

[ 2017-07-21T09:48:35+08:00 ] 127.0.0.1 /uhouse/index.php?c=index&a=marker
INFO: [ app_init ] --START--
INFO: Run Behavior\BuildLiteBehavior [ RunTime:0.000032s ]
INFO: [ app_init ] --END-- [ RunTime:0.000599s ]
INFO: [ app_begin ] --START--
INFO: Run Behavior\ReadHtmlCacheBehavior [ RunTime:0.000706s ]
INFO: [ app_begin ] --END-- [ RunTime:0.000807s ]

[ 2017-07-21T09:48:46+08:00 ] 127.0.0.1 /uhouse/index.php?c=map&a=map
INFO: [ app_init ] --START--
INFO: Run Behavior\BuildLiteBehavior [ RunTime:0.000033s ]
INFO: [ app_init ] --END-- [ RunTime:0.000713s ]
INFO: [ app_begin ] --START--
INFO: Run Behavior\ReadHtmlCacheBehavior [ RunTime:0.000878s ]
INFO: [ app_begin ] --END-- [ RunTime:0.001024s ]
NOTIC: [8] Undefined variable: info F:\wamp64\www\uhouse\Application\Home\Controller\MapController.class.php 第 18 行.
INFO: [ view_parse ] --START--
INFO: [ template_filter ] --START--
INFO: Run Behavior\ContentReplaceBehavior [ RunTime:0.000126s ]
INFO: [ template_filter ] --END-- [ RunTime:0.000269s ]
NOTIC: [8] Undefined variable: v F:\wamp64\www\uhouse\Application\Runtime\Cache\Home\4ab6e022dc50d23c5411a3afa21abe7a.php 第 316 行.
NOTIC: [8] Undefined variable: v F:\wamp64\www\uhouse\Application\Runtime\Cache\Home\4ab6e022dc50d23c5411a3afa21abe7a.php 第 319 行.
NOTIC: [8] Undefined variable: v F:\wamp64\www\uhouse\Application\Runtime\Cache\Home\4ab6e022dc50d23c5411a3afa21abe7a.php 第 320 行.
NOTIC: [8] Undefined variable: v F:\wamp64\www\uhouse\Application\Runtime\Cache\Home\4ab6e022dc50d23c5411a3afa21abe7a.php 第 321 行.
NOTIC: [8] Undefined variable: v F:\wamp64\www\uhouse\Application\Runtime\Cache\Home\4ab6e022dc50d23c5411a3afa21abe7a.php 第 322 行.
NOTIC: [8] Undefined variable: v F:\wamp64\www\uhouse\Application\Runtime\Cache\Home\4ab6e022dc50d23c5411a3afa21abe7a.php 第 323 行.
INFO: Run Behavior\ParseTemplateBehavior [ RunTime:0.009910s ]
INFO: [ view_parse ] --END-- [ RunTime:0.010052s ]
INFO: [ view_filter ] --START--
INFO: Run Behavior\WriteHtmlCacheBehavior [ RunTime:0.000743s ]
INFO: [ view_filter ] --END-- [ RunTime:0.000867s ]
INFO: [ app_end ] --START--
INFO: Run Behavior\ShowPageTraceBehavior [ RunTime:0.000908s ]
INFO: [ app_end ] --END-- [ RunTime:0.001047s ]

[ 2017-07-21T09:48:46+08:00 ] 127.0.0.1 /uhouse/index.php?c=index&a=marker
INFO: [ app_init ] --START--
INFO: Run Behavior\BuildLiteBehavior [ RunTime:0.000028s ]
INFO: [ app_init ] --END-- [ RunTime:0.000530s ]
INFO: [ app_begin ] --START--
INFO: Run Behavior\ReadHtmlCacheBehavior [ RunTime:0.000667s ]
INFO: [ app_begin ] --END-- [ RunTime:0.000765s ]

[ 2017-07-21T09:54:21+08:00 ] 127.0.0.1 /uhouse/index.php?c=map&a=map
INFO: [ app_init ] --START--
INFO: Run Behavior\BuildLiteBehavior [ RunTime:0.000033s ]
INFO: [ app_init ] --END-- [ RunTime:0.000665s ]
INFO: [ app_begin ] --START--
INFO: Run Behavior\ReadHtmlCacheBehavior [ RunTime:0.000924s ]
INFO: [ app_begin ] --END-- [ RunTime:0.001062s ]
INFO: [ view_parse ] --START--
INFO: [ template_filter ] --START--
INFO: Run Behavior\ContentReplaceBehavior [ RunTime:0.000213s ]
INFO: [ template_filter ] --END-- [ RunTime:0.000428s ]
NOTIC: [8] Undefined variable: v F:\wamp64\www\uhouse\Application\Runtime\Cache\Home\4ab6e022dc50d23c5411a3afa21abe7a.php 第 317 行.
NOTIC: [8] Undefined variable: v F:\wamp64\www\uhouse\Application\Runtime\Cache\Home\4ab6e022dc50d23c5411a3afa21abe7a.php 第 320 行.
NOTIC: [8] Undefined variable: v F:\wamp64\www\uhouse\Application\Runtime\Cache\Home\4ab6e022dc50d23c5411a3afa21abe7a.php 第 321 行.
NOTIC: [8] Undefined variable: v F:\wamp64\www\uhouse\Application\Runtime\Cache\Home\4ab6e022dc50d23c5411a3afa21abe7a.php 第 322 行.
NOTIC: [8] Undefined variable: v F:\wamp64\www\uhouse\Application\Runtime\Cache\Home\4ab6e022dc50d23c5411a3afa21abe7a.php 第 323 行.
NOTIC: [8] Undefined variable: v F:\wamp64\www\uhouse\Application\Runtime\Cache\Home\4ab6e022dc50d23c5411a3afa21abe7a.php 第 324 行.
INFO: Run Behavior\ParseTemplateBehavior [ RunTime:0.010957s ]
INFO: [ view_parse ] --END-- [ RunTime:0.011078s ]
INFO: [ view_filter ] --START--
INFO: Run Behavior\WriteHtmlCacheBehavior [ RunTime:0.000640s ]
INFO: [ view_filter ] --END-- [ RunTime:0.000737s ]
INFO: [ app_end ] --START--
INFO: Run Behavior\ShowPageTraceBehavior [ RunTime:0.000758s ]
INFO: [ app_end ] --END-- [ RunTime:0.000869s ]

[ 2017-07-21T09:54:21+08:00 ] 127.0.0.1 /uhouse/index.php?c=index&a=marker
INFO: [ app_init ] --START--
INFO: Run Behavior\BuildLiteBehavior [ RunTime:0.000023s ]
INFO: [ app_init ] --END-- [ RunTime:0.000487s ]
INFO: [ app_begin ] --START--
INFO: Run Behavior\ReadHtmlCacheBehavior [ RunTime:0.000660s ]
INFO: [ app_begin ] --END-- [ RunTime:0.000752s ]

[ 2017-07-21T09:54:27+08:00 ] 127.0.0.1 /uhouse/index.php?c=map&a=map
INFO: [ app_init ] --START--
INFO: Run Behavior\BuildLiteBehavior [ RunTime:0.000030s ]
INFO: [ app_init ] --END-- [ RunTime:0.000677s ]
INFO: [ app_begin ] --START--
INFO: Run Behavior\ReadHtmlCacheBehavior [ RunTime:0.000965s ]
INFO: [ app_begin ] --END-- [ RunTime:0.001141s ]
INFO: [ view_parse ] --START--
INFO: [ template_filter ] --START--
INFO: Run Behavior\ContentReplaceBehavior [ RunTime:0.000101s ]
INFO: [ template_filter ] --END-- [ RunTime:0.000205s ]
NOTIC: [8] Undefined variable: v F:\wamp64\www\uhouse\Application\Runtime\Cache\Home\4ab6e022dc50d23c5411a3afa21abe7a.php 第 317 行.
NOTIC: [8] Undefined variable: v F:\wamp64\www\uhouse\Application\Runtime\Cache\Home\4ab6e022dc50d23c5411a3afa21abe7a.php 第 320 行.
NOTIC: [8] Undefined variable: v F:\wamp64\www\uhouse\Application\Runtime\Cache\Home\4ab6e022dc50d23c5411a3afa21abe7a.php 第 321 行.
NOTIC: [8] Undefined variable: v F:\wamp64\www\uhouse\Application\Runtime\Cache\Home\4ab6e022dc50d23c5411a3afa21abe7a.php 第 322 行.
NOTIC: [8] Undefined variable: v F:\wamp64\www\uhouse\Application\Runtime\Cache\Home\4ab6e022dc50d23c5411a3afa21abe7a.php 第 323 行.
NOTIC: [8] Undefined variable: v F:\wamp64\www\uhouse\Application\Runtime\Cache\Home\4ab6e022dc50d23c5411a3afa21abe7a.php 第 324 行.
INFO: Run Behavior\ParseTemplateBehavior [ RunTime:0.008022s ]
INFO: [ view_parse ] --END-- [ RunTime:0.008142s ]
INFO: [ view_filter ] --START--
INFO: Run Behavior\WriteHtmlCacheBehavior [ RunTime:0.000582s ]
INFO: [ view_filter ] --END-- [ RunTime:0.000707s ]
INFO: [ app_end ] --START--
INFO: Run Behavior\ShowPageTraceBehavior [ RunTime:0.000777s ]
INFO: [ app_end ] --END-- [ RunTime:0.000884s ]

[ 2017-07-21T09:54:27+08:00 ] 127.0.0.1 /uhouse/index.php?c=index&a=marker
INFO: [ app_init ] --START--
INFO: Run Behavior\BuildLiteBehavior [ RunTime:0.000040s ]
INFO: [ app_init ] --END-- [ RunTime:0.000803s ]
INFO: [ app_begin ] --START--
INFO: Run Behavior\ReadHtmlCacheBehavior [ RunTime:0.000627s ]
INFO: [ app_begin ] --END-- [ RunTime:0.000721s ]

[ 2017-07-21T09:54:30+08:00 ] 127.0.0.1 /uhouse/index.php?c=map&a=map
INFO: [ app_init ] --START--
INFO: Run Behavior\BuildLiteBehavior [ RunTime:0.000050s ]
INFO: [ app_init ] --END-- [ RunTime:0.001418s ]
INFO: [ app_begin ] --START--
INFO: Run Behavior\ReadHtmlCacheBehavior [ RunTime:0.000865s ]
INFO: [ app_begin ] --END-- [ RunTime:0.001020s ]
INFO: [ view_parse ] --START--
INFO: [ template_filter ] --START--
INFO: Run Behavior\ContentReplaceBehavior [ RunTime:0.000094s ]
INFO: [ template_filter ] --END-- [ RunTime:0.000194s ]
NOTIC: [8] Undefined variable: v F:\wamp64\www\uhouse\Application\Runtime\Cache\Home\4ab6e022dc50d23c5411a3afa21abe7a.php 第 317 行.
NOTIC: [8] Undefined variable: v F:\wamp64\www\uhouse\Application\Runtime\Cache\Home\4ab6e022dc50d23c5411a3afa21abe7a.php 第 320 行.
NOTIC: [8] Undefined variable: v F:\wamp64\www\uhouse\Application\Runtime\Cache\Home\4ab6e022dc50d23c5411a3afa21abe7a.php 第 321 行.
NOTIC: [8] Undefined variable: v F:\wamp64\www\uhouse\Application\Runtime\Cache\Home\4ab6e022dc50d23c5411a3afa21abe7a.php 第 322 行.
NOTIC: [8] Undefined variable: v F:\wamp64\www\uhouse\Application\Runtime\Cache\Home\4ab6e022dc50d23c5411a3afa21abe7a.php 第 323 行.
NOTIC: [8] Undefined variable: v F:\wamp64\www\uhouse\Application\Runtime\Cache\Home\4ab6e022dc50d23c5411a3afa21abe7a.php 第 324 行.
INFO: Run Behavior\ParseTemplateBehavior [ RunTime:0.007266s ]
INFO: [ view_parse ] --END-- [ RunTime:0.007371s ]
INFO: [ view_filter ] --START--
INFO: Run Behavior\WriteHtmlCacheBehavior [ RunTime:0.000547s ]
INFO: [ view_filter ] --END-- [ RunTime:0.000643s ]
INFO: [ app_end ] --START--
INFO: Run Behavior\ShowPageTraceBehavior [ RunTime:0.000769s ]
INFO: [ app_end ] --END-- [ RunTime:0.000874s ]

[ 2017-07-21T09:54:30+08:00 ] 127.0.0.1 /uhouse/index.php?c=index&a=marker
INFO: [ app_init ] --START--
INFO: Run Behavior\BuildLiteBehavior [ RunTime:0.000024s ]
INFO: [ app_init ] --END-- [ RunTime:0.000525s ]
INFO: [ app_begin ] --START--
INFO: Run Behavior\ReadHtmlCacheBehavior [ RunTime:0.000663s ]
INFO: [ app_begin ] --END-- [ RunTime:0.000764s ]

[ 2017-07-21T09:54:32+08:00 ] 127.0.0.1 /uhouse/index.php?c=map&a=map
INFO: [ app_init ] --START--
INFO: Run Behavior\BuildLiteBehavior [ RunTime:0.000031s ]
INFO: [ app_init ] --END-- [ RunTime:0.000733s ]
INFO: [ app_begin ] --START--
INFO: Run Behavior\ReadHtmlCacheBehavior [ RunTime:0.000914s ]
INFO: [ app_begin ] --END-- [ RunTime:0.001051s ]
INFO: [ view_parse ] --START--
INFO: [ template_filter ] --START--
INFO: Run Behavior\ContentReplaceBehavior [ RunTime:0.000185s ]
INFO: [ template_filter ] --END-- [ RunTime:0.000441s ]
NOTIC: [8] Undefined variable: v F:\wamp64\www\uhouse\Application\Runtime\Cache\Home\4ab6e022dc50d23c5411a3afa21abe7a.php 第 317 行.
NOTIC: [8] Undefined variable: v F:\wamp64\www\uhouse\Application\Runtime\Cache\Home\4ab6e022dc50d23c5411a3afa21abe7a.php 第 320 行.
NOTIC: [8] Undefined variable: v F:\wamp64\www\uhouse\Application\Runtime\Cache\Home\4ab6e022dc50d23c5411a3afa21abe7a.php 第 321 行.
NOTIC: [8] Undefined variable: v F:\wamp64\www\uhouse\Application\Runtime\Cache\Home\4ab6e022dc50d23c5411a3afa21abe7a.php 第 322 行.
NOTIC: [8] Undefined variable: v F:\wamp64\www\uhouse\Application\Runtime\Cache\Home\4ab6e022dc50d23c5411a3afa21abe7a.php 第 323 行.
NOTIC: [8] Undefined variable: v F:\wamp64\www\uhouse\Application\Runtime\Cache\Home\4ab6e022dc50d23c5411a3afa21abe7a.php 第 324 行.
INFO: Run Behavior\ParseTemplateBehavior [ RunTime:0.011840s ]
INFO: [ view_parse ] --END-- [ RunTime:0.011973s ]
INFO: [ view_filter ] --START--
INFO: Run Behavior\WriteHtmlCacheBehavior [ RunTime:0.000678s ]
INFO: [ view_filter ] --END-- [ RunTime:0.000804s ]
INFO: [ app_end ] --START--
INFO: Run Behavior\ShowPageTraceBehavior [ RunTime:0.000864s ]
INFO: [ app_end ] --END-- [ RunTime:0.000997s ]

[ 2017-07-21T09:54:32+08:00 ] 127.0.0.1 /uhouse/index.php?c=index&a=marker
INFO: [ app_init ] --START--
INFO: Run Behavior\BuildLiteBehavior [ RunTime:0.000024s ]
INFO: [ app_init ] --END-- [ RunTime:0.000540s ]
INFO: [ app_begin ] --START--
INFO: Run Behavior\ReadHtmlCacheBehavior [ RunTime:0.000672s ]
INFO: [ app_begin ] --END-- [ RunTime:0.000772s ]

[ 2017-07-21T09:54:36+08:00 ] 127.0.0.1 /uhouse/index.php?c=map&a=map
INFO: [ app_init ] --START--
INFO: Run Behavior\BuildLiteBehavior [ RunTime:0.000035s ]
INFO: [ app_init ] --END-- [ RunTime:0.000680s ]
INFO: [ app_begin ] --START--
INFO: Run Behavior\ReadHtmlCacheBehavior [ RunTime:0.000878s ]
INFO: [ app_begin ] --END-- [ RunTime:0.001047s ]
INFO: [ view_parse ] --START--
INFO: [ template_filter ] --START--
INFO: Run Behavior\ContentReplaceBehavior [ RunTime:0.000124s ]
INFO: [ template_filter ] --END-- [ RunTime:0.000264s ]
NOTIC: [8] Undefined variable: v F:\wamp64\www\uhouse\Application\Runtime\Cache\Home\4ab6e022dc50d23c5411a3afa21abe7a.php 第 317 行.
NOTIC: [8] Undefined variable: v F:\wamp64\www\uhouse\Application\Runtime\Cache\Home\4ab6e022dc50d23c5411a3afa21abe7a.php 第 320 行.
NOTIC: [8] Undefined variable: v F:\wamp64\www\uhouse\Application\Runtime\Cache\Home\4ab6e022dc50d23c5411a3afa21abe7a.php 第 321 行.
NOTIC: [8] Undefined variable: v F:\wamp64\www\uhouse\Application\Runtime\Cache\Home\4ab6e022dc50d23c5411a3afa21abe7a.php 第 322 行.
NOTIC: [8] Undefined variable: v F:\wamp64\www\uhouse\Application\Runtime\Cache\Home\4ab6e022dc50d23c5411a3afa21abe7a.php 第 323 行.
NOTIC: [8] Undefined variable: v F:\wamp64\www\uhouse\Application\Runtime\Cache\Home\4ab6e022dc50d23c5411a3afa21abe7a.php 第 324 行.
INFO: Run Behavior\ParseTemplateBehavior [ RunTime:0.011720s ]
INFO: [ view_parse ] --END-- [ RunTime:0.011847s ]
INFO: [ view_filter ] --START--
INFO: Run Behavior\WriteHtmlCacheBehavior [ RunTime:0.000685s ]
INFO: [ view_filter ] --END-- [ RunTime:0.000814s ]
INFO: [ app_end ] --START--
INFO: Run Behavior\ShowPageTraceBehavior [ RunTime:0.000855s ]
INFO: [ app_end ] --END-- [ RunTime:0.000986s ]

[ 2017-07-21T09:54:36+08:00 ] 127.0.0.1 /uhouse/index.php?c=index&a=marker
INFO: [ app_init ] --START--
INFO: Run Behavior\BuildLiteBehavior [ RunTime:0.000027s ]
INFO: [ app_init ] --END-- [ RunTime:0.000561s ]
INFO: [ app_begin ] --START--
INFO: Run Behavior\ReadHtmlCacheBehavior [ RunTime:0.000661s ]
INFO: [ app_begin ] --END-- [ RunTime:0.000759s ]

[ 2017-07-21T09:54:48+08:00 ] 127.0.0.1 /uhouse/index.php?c=map&a=map
INFO: [ app_init ] --START--
INFO: Run Behavior\BuildLiteBehavior [ RunTime:0.000026s ]
INFO: [ app_init ] --END-- [ RunTime:0.000565s ]
INFO: [ app_begin ] --START--
INFO: Run Behavior\ReadHtmlCacheBehavior [ RunTime:0.000670s ]
INFO: [ app_begin ] --END-- [ RunTime:0.000773s ]
INFO: [ view_parse ] --START--
INFO: [ template_filter ] --START--
INFO: Run Behavior\ContentReplaceBehavior [ RunTime:0.000100s ]
INFO: [ template_filter ] --END-- [ RunTime:0.000217s ]
NOTIC: [8] Undefined variable: v F:\wamp64\www\uhouse\Application\Runtime\Cache\Home\4ab6e022dc50d23c5411a3afa21abe7a.php 第 317 行.
NOTIC: [8] Undefined variable: v F:\wamp64\www\uhouse\Application\Runtime\Cache\Home\4ab6e022dc50d23c5411a3afa21abe7a.php 第 320 行.
NOTIC: [8] Undefined variable: v F:\wamp64\www\uhouse\Application\Runtime\Cache\Home\4ab6e022dc50d23c5411a3afa21abe7a.php 第 321 行.
NOTIC: [8] Undefined variable: v F:\wamp64\www\uhouse\Application\Runtime\Cache\Home\4ab6e022dc50d23c5411a3afa21abe7a.php 第 322 行.
NOTIC: [8] Undefined variable: v F:\wamp64\www\uhouse\Application\Runtime\Cache\Home\4ab6e022dc50d23c5411a3afa21abe7a.php 第 323 行.
NOTIC: [8] Undefined variable: v F:\wamp64\www\uhouse\Application\Runtime\Cache\Home\4ab6e022dc50d23c5411a3afa21abe7a.php 第 324 行.
INFO: Run Behavior\ParseTemplateBehavior [ RunTime:0.010061s ]
INFO: [ view_parse ] --END-- [ RunTime:0.010161s ]
INFO: [ view_filter ] --START--
INFO: Run Behavior\WriteHtmlCacheBehavior [ RunTime:0.000541s ]
INFO: [ view_filter ] --END-- [ RunTime:0.000636s ]
INFO: [ app_end ] --START--
INFO: Run Behavior\ShowPageTraceBehavior [ RunTime:0.000678s ]
INFO: [ app_end ] --END-- [ RunTime:0.000779s ]

[ 2017-07-21T09:54:48+08:00 ] 127.0.0.1 /uhouse/index.php?c=index&a=marker
INFO: [ app_init ] --START--
INFO: Run Behavior\BuildLiteBehavior [ RunTime:0.000023s ]
INFO: [ app_init ] --END-- [ RunTime:0.000503s ]
INFO: [ app_begin ] --START--
INFO: Run Behavior\ReadHtmlCacheBehavior [ RunTime:0.000627s ]
INFO: [ app_begin ] --END-- [ RunTime:0.000725s ]

[ 2017-07-21T09:59:09+08:00 ] 127.0.0.1 /uhouse/index.php?c=map&a=map
INFO: [ app_init ] --START--
INFO: Run Behavior\BuildLiteBehavior [ RunTime:0.000033s ]
INFO: [ app_init ] --END-- [ RunTime:0.000706s ]
INFO: [ app_begin ] --START--
INFO: Run Behavior\ReadHtmlCacheBehavior [ RunTime:0.000908s ]
INFO: [ app_begin ] --END-- [ RunTime:0.001047s ]
INFO: [ view_parse ] --START--
INFO: [ template_filter ] --START--
INFO: Run Behavior\ContentReplaceBehavior [ RunTime:0.000126s ]
INFO: [ template_filter ] --END-- [ RunTime:0.000274s ]
NOTIC: [8] Undefined variable: info F:\wamp64\www\uhouse\Application\Runtime\Cache\Home\4ab6e022dc50d23c5411a3afa21abe7a.php 第 314 行.
INFO: Run Behavior\ParseTemplateBehavior [ RunTime:0.036959s ]
INFO: [ view_parse ] --END-- [ RunTime:0.037097s ]
INFO: [ view_filter ] --START--
INFO: Run Behavior\WriteHtmlCacheBehavior [ RunTime:0.000690s ]
INFO: [ view_filter ] --END-- [ RunTime:0.000815s ]
INFO: [ app_end ] --START--
INFO: Run Behavior\ShowPageTraceBehavior [ RunTime:0.000908s ]
INFO: [ app_end ] --END-- [ RunTime:0.001045s ]

[ 2017-07-21T09:59:09+08:00 ] 127.0.0.1 /uhouse/index.php?c=index&a=marker
INFO: [ app_init ] --START--
INFO: Run Behavior\BuildLiteBehavior [ RunTime:0.000023s ]
INFO: [ app_init ] --END-- [ RunTime:0.000456s ]
INFO: [ app_begin ] --START--
INFO: Run Behavior\ReadHtmlCacheBehavior [ RunTime:0.000629s ]
INFO: [ app_begin ] --END-- [ RunTime:0.000719s ]

[ 2017-07-21T10:01:56+08:00 ] 127.0.0.1 /uhouse/index.php?c=index&a=marker
INFO: [ app_init ] --START--
INFO: Run Behavior\BuildLiteBehavior [ RunTime:0.000023s ]
INFO: [ app_init ] --END-- [ RunTime:0.000518s ]
INFO: [ app_begin ] --START--
INFO: Run Behavior\ReadHtmlCacheBehavior [ RunTime:0.000642s ]
INFO: [ app_begin ] --END-- [ RunTime:0.000749s ]

[ 2017-07-21T10:02:25+08:00 ] 127.0.0.1 /uhouse/index.php?c=index&a=marker
INFO: [ app_init ] --START--
INFO: Run Behavior\BuildLiteBehavior [ RunTime:0.000030s ]
INFO: [ app_init ] --END-- [ RunTime:0.000719s ]
INFO: [ app_begin ] --START--
INFO: Run Behavior\ReadHtmlCacheBehavior [ RunTime:0.000885s ]
INFO: [ app_begin ] --END-- [ RunTime:0.001021s ]

[ 2017-07-21T10:02:47+08:00 ] 127.0.0.1 /uhouse/index.php?c=index&a=marker
INFO: [ app_init ] --START--
INFO: Run Behavior\BuildLiteBehavior [ RunTime:0.000027s ]
INFO: [ app_init ] --END-- [ RunTime:0.000564s ]
INFO: [ app_begin ] --START--
INFO: Run Behavior\ReadHtmlCacheBehavior [ RunTime:0.000671s ]
INFO: [ app_begin ] --END-- [ RunTime:0.000784s ]

[ 2017-07-21T10:02:50+08:00 ] 127.0.0.1 /uhouse/index.php?c=index&a=marker
INFO: [ app_init ] --START--
INFO: Run Behavior\BuildLiteBehavior [ RunTime:0.000030s ]
INFO: [ app_init ] --END-- [ RunTime:0.000696s ]
INFO: [ app_begin ] --START--
INFO: Run Behavior\ReadHtmlCacheBehavior [ RunTime:0.000883s ]
INFO: [ app_begin ] --END-- [ RunTime:0.001020s ]

[ 2017-07-21T10:03:57+08:00 ] 127.0.0.1 /uhouse/index.php?c=index&a=marker
INFO: [ app_init ] --START--
INFO: Run Behavior\BuildLiteBehavior [ RunTime:0.000029s ]
INFO: [ app_init ] --END-- [ RunTime:0.000718s ]
INFO: [ app_begin ] --START--
INFO: Run Behavior\ReadHtmlCacheBehavior [ RunTime:0.000690s ]
INFO: [ app_begin ] --END-- [ RunTime:0.000794s ]

[ 2017-07-21T10:04:09+08:00 ] 127.0.0.1 /uhouse/index.php?c=index&a=marker
INFO: [ app_init ] --START--
INFO: Run Behavior\BuildLiteBehavior [ RunTime:0.000029s ]
INFO: [ app_init ] --END-- [ RunTime:0.000705s ]
INFO: [ app_begin ] --START--
INFO: Run Behavior\ReadHtmlCacheBehavior [ RunTime:0.000836s ]
INFO: [ app_begin ] --END-- [ RunTime:0.000973s ]

[ 2017-07-21T10:04:10+08:00 ] 127.0.0.1 /uhouse/index.php?c=index&a=marker
INFO: [ app_init ] --START--
INFO: Run Behavior\BuildLiteBehavior [ RunTime:0.000031s ]
INFO: [ app_init ] --END-- [ RunTime:0.000718s ]
INFO: [ app_begin ] --START--
INFO: Run Behavior\ReadHtmlCacheBehavior [ RunTime:0.001236s ]
INFO: [ app_begin ] --END-- [ RunTime:0.001449s ]

[ 2017-07-21T10:04:23+08:00 ] 127.0.0.1 /uhouse/index.php?c=index&a=marker
INFO: [ app_init ] --START--
INFO: Run Behavior\BuildLiteBehavior [ RunTime:0.000032s ]
INFO: [ app_init ] --END-- [ RunTime:0.000735s ]
INFO: [ app_begin ] --START--
INFO: Run Behavior\ReadHtmlCacheBehavior [ RunTime:0.000836s ]
INFO: [ app_begin ] --END-- [ RunTime:0.000977s ]

[ 2017-07-21T10:04:38+08:00 ] 127.0.0.1 /uhouse/index.php?c=index&a=marker
INFO: [ app_init ] --START--
INFO: Run Behavior\BuildLiteBehavior [ RunTime:0.000030s ]
INFO: [ app_init ] --END-- [ RunTime:0.000665s ]
INFO: [ app_begin ] --START--
INFO: Run Behavior\ReadHtmlCacheBehavior [ RunTime:0.000886s ]
INFO: [ app_begin ] --END-- [ RunTime:0.001021s ]

[ 2017-07-21T10:04:57+08:00 ] 127.0.0.1 /uhouse/index.php?c=index&a=marker
INFO: [ app_init ] --START--
INFO: Run Behavior\BuildLiteBehavior [ RunTime:0.000029s ]
INFO: [ app_init ] --END-- [ RunTime:0.000648s ]
INFO: [ app_begin ] --START--
INFO: Run Behavior\ReadHtmlCacheBehavior [ RunTime:0.000824s ]
INFO: [ app_begin ] --END-- [ RunTime:0.000962s ]
SQL: SHOW COLUMNS FROM `uhouse_housing` [ RunTime:0.0020s ]
ERR: 1146:Table 'uhouse.housing' doesn't exist
 [ SQL语句 ] : select uhouse_rent_housing
    	     from housing
    	     limit 1000
ERR: 1146:Table 'uhouse.housing' doesn't exist
 [ SQL语句 ] : select uhouse_rent_housing
    	     from housing
    	     limit 1000

[ 2017-07-21T10:05:19+08:00 ] 127.0.0.1 /uhouse/index.php?c=index&a=marker
INFO: [ app_init ] --START--
INFO: Run Behavior\BuildLiteBehavior [ RunTime:0.000033s ]
INFO: [ app_init ] --END-- [ RunTime:0.000859s ]
INFO: [ app_begin ] --START--
INFO: Run Behavior\ReadHtmlCacheBehavior [ RunTime:0.000801s ]
INFO: [ app_begin ] --END-- [ RunTime:0.000938s ]
SQL: SHOW COLUMNS FROM `uhouse_housing` [ RunTime:0.0012s ]
SQL: select rent_housing
    	     from uhouse_housing
    	     limit 1000 [ RunTime:0.0245s ]

[ 2017-07-21T10:05:25+08:00 ] 127.0.0.1 /uhouse/index.php?c=map&a=map
INFO: [ app_init ] --START--
INFO: Run Behavior\BuildLiteBehavior [ RunTime:0.000037s ]
INFO: [ app_init ] --END-- [ RunTime:0.000671s ]
INFO: [ app_begin ] --START--
INFO: Run Behavior\ReadHtmlCacheBehavior [ RunTime:0.001074s ]
INFO: [ app_begin ] --END-- [ RunTime:0.001291s ]
INFO: [ view_parse ] --START--
INFO: [ template_filter ] --START--
INFO: Run Behavior\ContentReplaceBehavior [ RunTime:0.000132s ]
INFO: [ template_filter ] --END-- [ RunTime:0.000277s ]
NOTIC: [8] Undefined variable: info F:\wamp64\www\uhouse\Application\Runtime\Cache\Home\4ab6e022dc50d23c5411a3afa21abe7a.php 第 314 行.
INFO: Run Behavior\ParseTemplateBehavior [ RunTime:0.011190s ]
INFO: [ view_parse ] --END-- [ RunTime:0.011326s ]
INFO: [ view_filter ] --START--
INFO: Run Behavior\WriteHtmlCacheBehavior [ RunTime:0.000745s ]
INFO: [ view_filter ] --END-- [ RunTime:0.000871s ]
INFO: [ app_end ] --START--
INFO: Run Behavior\ShowPageTraceBehavior [ RunTime:0.000905s ]
INFO: [ app_end ] --END-- [ RunTime:0.001043s ]

[ 2017-07-21T10:05:25+08:00 ] 127.0.0.1 /uhouse/index.php?c=index&a=marker
INFO: [ app_init ] --START--
INFO: Run Behavior\BuildLiteBehavior [ RunTime:0.000024s ]
INFO: [ app_init ] --END-- [ RunTime:0.000501s ]
INFO: [ app_begin ] --START--
INFO: Run Behavior\ReadHtmlCacheBehavior [ RunTime:0.000645s ]
INFO: [ app_begin ] --END-- [ RunTime:0.000746s ]
SQL: SHOW COLUMNS FROM `uhouse_housing` [ RunTime:0.0011s ]
SQL: select rent_housing
    	     from uhouse_housing
    	     limit 1000 [ RunTime:0.0020s ]

[ 2017-07-21T10:07:33+08:00 ] 127.0.0.1 /uhouse/index.php?c=map&a=map
INFO: [ app_init ] --START--
INFO: Run Behavior\BuildLiteBehavior [ RunTime:0.000024s ]
INFO: [ app_init ] --END-- [ RunTime:0.000532s ]
INFO: [ app_begin ] --START--
INFO: Run Behavior\ReadHtmlCacheBehavior [ RunTime:0.001334s ]
INFO: [ app_begin ] --END-- [ RunTime:0.001594s ]
INFO: [ view_parse ] --START--
INFO: [ template_filter ] --START--
INFO: Run Behavior\ContentReplaceBehavior [ RunTime:0.000101s ]
INFO: [ template_filter ] --END-- [ RunTime:0.000217s ]
NOTIC: [8] Undefined variable: info F:\wamp64\www\uhouse\Application\Runtime\Cache\Home\4ab6e022dc50d23c5411a3afa21abe7a.php 第 314 行.
INFO: Run Behavior\ParseTemplateBehavior [ RunTime:0.008310s ]
INFO: [ view_parse ] --END-- [ RunTime:0.008420s ]
INFO: [ view_filter ] --START--
INFO: Run Behavior\WriteHtmlCacheBehavior [ RunTime:0.000557s ]
INFO: [ view_filter ] --END-- [ RunTime:0.000651s ]
INFO: [ app_end ] --START--
INFO: Run Behavior\ShowPageTraceBehavior [ RunTime:0.000683s ]
INFO: [ app_end ] --END-- [ RunTime:0.000787s ]

[ 2017-07-21T10:07:34+08:00 ] 127.0.0.1 /uhouse/index.php?c=index&a=marker
INFO: [ app_init ] --START--
INFO: Run Behavior\BuildLiteBehavior [ RunTime:0.000025s ]
INFO: [ app_init ] --END-- [ RunTime:0.000512s ]
INFO: [ app_begin ] --START--
INFO: Run Behavior\ReadHtmlCacheBehavior [ RunTime:0.000710s ]
INFO: [ app_begin ] --END-- [ RunTime:0.000811s ]
SQL: SHOW COLUMNS FROM `uhouse_housing` [ RunTime:0.0012s ]
SQL: select rent_housing
    	     from uhouse_housing
    	     limit 1000 [ RunTime:0.0019s ]

[ 2017-07-21T10:07:38+08:00 ] 127.0.0.1 /uhouse/index.php?c=index&a=housing
INFO: [ app_init ] --START--
INFO: Run Behavior\BuildLiteBehavior [ RunTime:0.000031s ]
INFO: [ app_init ] --END-- [ RunTime:0.000640s ]
INFO: [ app_begin ] --START--
INFO: Run Behavior\ReadHtmlCacheBehavior [ RunTime:0.000690s ]
INFO: [ app_begin ] --END-- [ RunTime:0.000806s ]

[ 2017-07-21T10:07:38+08:00 ] 127.0.0.1 /uhouse/index.php?c=inde&a=info
INFO: [ app_init ] --START--
INFO: Run Behavior\BuildLiteBehavior [ RunTime:0.000026s ]
INFO: [ app_init ] --END-- [ RunTime:0.000617s ]
INFO: [ app_begin ] --START--
INFO: Run Behavior\ReadHtmlCacheBehavior [ RunTime:0.000732s ]
INFO: [ app_begin ] --END-- [ RunTime:0.000851s ]
ERR: 无法加载控制器:Inde

[ 2017-07-21T10:14:26+08:00 ] 127.0.0.1 /uhouse/index.php?c=map&a=map
INFO: [ app_init ] --START--
INFO: Run Behavior\BuildLiteBehavior [ RunTime:0.000028s ]
INFO: [ app_init ] --END-- [ RunTime:0.000684s ]
INFO: [ app_begin ] --START--
INFO: Run Behavior\ReadHtmlCacheBehavior [ RunTime:0.001455s ]
INFO: [ app_begin ] --END-- [ RunTime:0.001629s ]
INFO: [ view_parse ] --START--
INFO: [ template_filter ] --START--
INFO: Run Behavior\ContentReplaceBehavior [ RunTime:0.000128s ]
INFO: [ template_filter ] --END-- [ RunTime:0.000276s ]
NOTIC: [8] Undefined variable: info F:\wamp64\www\uhouse\Application\Runtime\Cache\Home\4ab6e022dc50d23c5411a3afa21abe7a.php 第 314 行.
INFO: Run Behavior\ParseTemplateBehavior [ RunTime:0.011200s ]
INFO: [ view_parse ] --END-- [ RunTime:0.011338s ]
INFO: [ view_filter ] --START--
INFO: Run Behavior\WriteHtmlCacheBehavior [ RunTime:0.000754s ]
INFO: [ view_filter ] --END-- [ RunTime:0.000877s ]
INFO: [ app_end ] --START--
INFO: Run Behavior\ShowPageTraceBehavior [ RunTime:0.000942s ]
INFO: [ app_end ] --END-- [ RunTime:0.001078s ]

[ 2017-07-21T10:14:26+08:00 ] 127.0.0.1 /uhouse/index.php?c=index&a=marker
INFO: [ app_init ] --START--
INFO: Run Behavior\BuildLiteBehavior [ RunTime:0.000025s ]
INFO: [ app_init ] --END-- [ RunTime:0.000508s ]
INFO: [ app_begin ] --START--
INFO: Run Behavior\ReadHtmlCacheBehavior [ RunTime:0.000689s ]
INFO: [ app_begin ] --END-- [ RunTime:0.000795s ]
SQL: SHOW COLUMNS FROM `uhouse_housing` [ RunTime:0.0011s ]
SQL: select rent_housing
    	     from uhouse_housing
    	     limit 1000 [ RunTime:0.0019s ]

[ 2017-07-21T10:14:30+08:00 ] 127.0.0.1 /uhouse/index.php?c=index&a=housing
INFO: [ app_init ] --START--
INFO: Run Behavior\BuildLiteBehavior [ RunTime:0.000037s ]
INFO: [ app_init ] --END-- [ RunTime:0.000608s ]
INFO: [ app_begin ] --START--
INFO: Run Behavior\ReadHtmlCacheBehavior [ RunTime:0.000649s ]
INFO: [ app_begin ] --END-- [ RunTime:0.000756s ]

[ 2017-07-21T10:14:30+08:00 ] 127.0.0.1 /uhouse/index.php?c=inde&a=info
INFO: [ app_init ] --START--
INFO: Run Behavior\BuildLiteBehavior [ RunTime:0.000025s ]
INFO: [ app_init ] --END-- [ RunTime:0.000494s ]
INFO: [ app_begin ] --START--
INFO: Run Behavior\ReadHtmlCacheBehavior [ RunTime:0.000663s ]
INFO: [ app_begin ] --END-- [ RunTime:0.000759s ]
ERR: 无法加载控制器:Inde

[ 2017-07-21T10:14:56+08:00 ] 127.0.0.1 /uhouse/index.php?c=index&a=housing
INFO: [ app_init ] --START--
INFO: Run Behavior\BuildLiteBehavior [ RunTime:0.000024s ]
INFO: [ app_init ] --END-- [ RunTime:0.000514s ]
INFO: [ app_begin ] --START--
INFO: Run Behavior\ReadHtmlCacheBehavior [ RunTime:0.000679s ]
INFO: [ app_begin ] --END-- [ RunTime:0.000791s ]
NOTIC: [8] Undefined index: loc F:\wamp64\www\uhouse\Application\Home\Controller\IndexController.class.php 第 67 行.

[ 2017-07-21T10:15:34+08:00 ] 127.0.0.1 /uhouse/index.php?c=index&a=housing
INFO: [ app_init ] --START--
INFO: Run Behavior\BuildLiteBehavior [ RunTime:0.000023s ]
INFO: [ app_init ] --END-- [ RunTime:0.000490s ]
INFO: [ app_begin ] --START--
INFO: Run Behavior\ReadHtmlCacheBehavior [ RunTime:0.000677s ]
INFO: [ app_begin ] --END-- [ RunTime:0.000825s ]
NOTIC: [8] Undefined index: loc F:\wamp64\www\uhouse\Application\Home\Controller\IndexController.class.php 第 67 行.
SQL: SHOW COLUMNS FROM `uhouse_rent_condo` [ RunTime:0.0014s ]
SQL: select *
             from uhouse_housing
             where rent_housing=''
              [ RunTime:0.0263s ]

[ 2017-07-21T10:15:39+08:00 ] 127.0.0.1 /uhouse/index.php?c=map&a=map
INFO: [ app_init ] --START--
INFO: Run Behavior\BuildLiteBehavior [ RunTime:0.000022s ]
INFO: [ app_init ] --END-- [ RunTime:0.000448s ]
INFO: [ app_begin ] --START--
INFO: Run Behavior\ReadHtmlCacheBehavior [ RunTime:0.000666s ]
INFO: [ app_begin ] --END-- [ RunTime:0.000780s ]
INFO: [ view_parse ] --START--
INFO: [ template_filter ] --START--
INFO: Run Behavior\ContentReplaceBehavior [ RunTime:0.000093s ]
INFO: [ template_filter ] --END-- [ RunTime:0.000196s ]
NOTIC: [8] Undefined variable: info F:\wamp64\www\uhouse\Application\Runtime\Cache\Home\4ab6e022dc50d23c5411a3afa21abe7a.php 第 314 行.
INFO: Run Behavior\ParseTemplateBehavior [ RunTime:0.008035s ]
INFO: [ view_parse ] --END-- [ RunTime:0.008148s ]
INFO: [ view_filter ] --START--
INFO: Run Behavior\WriteHtmlCacheBehavior [ RunTime:0.000493s ]
INFO: [ view_filter ] --END-- [ RunTime:0.000588s ]
INFO: [ app_end ] --START--
INFO: Run Behavior\ShowPageTraceBehavior [ RunTime:0.000654s ]
INFO: [ app_end ] --END-- [ RunTime:0.000756s ]

[ 2017-07-21T10:15:39+08:00 ] 127.0.0.1 /uhouse/index.php?c=index&a=marker
INFO: [ app_init ] --START--
INFO: Run Behavior\BuildLiteBehavior [ RunTime:0.000025s ]
INFO: [ app_init ] --END-- [ RunTime:0.000531s ]
INFO: [ app_begin ] --START--
INFO: Run Behavior\ReadHtmlCacheBehavior [ RunTime:0.000665s ]
INFO: [ app_begin ] --END-- [ RunTime:0.000761s ]
SQL: SHOW COLUMNS FROM `uhouse_housing` [ RunTime:0.0007s ]
SQL: select rent_housing
    	     from uhouse_housing
    	     limit 1000 [ RunTime:0.0062s ]

[ 2017-07-21T10:15:43+08:00 ] 127.0.0.1 /uhouse/index.php?c=index&a=housing
INFO: [ app_init ] --START--
INFO: Run Behavior\BuildLiteBehavior [ RunTime:0.000026s ]
INFO: [ app_init ] --END-- [ RunTime:0.000598s ]
INFO: [ app_begin ] --START--
INFO: Run Behavior\ReadHtmlCacheBehavior [ RunTime:0.000708s ]
INFO: [ app_begin ] --END-- [ RunTime:0.000815s ]
SQL: SHOW COLUMNS FROM `uhouse_rent_condo` [ RunTime:0.0015s ]
SQL: select *
             from uhouse_housing
             where rent_housing='纪念小区'
              [ RunTime:0.0037s ]

[ 2017-07-21T10:15:44+08:00 ] 127.0.0.1 /uhouse/index.php?c=inde&a=info
INFO: [ app_init ] --START--
INFO: Run Behavior\BuildLiteBehavior [ RunTime:0.000022s ]
INFO: [ app_init ] --END-- [ RunTime:0.000445s ]
INFO: [ app_begin ] --START--
INFO: Run Behavior\ReadHtmlCacheBehavior [ RunTime:0.000611s ]
INFO: [ app_begin ] --END-- [ RunTime:0.000699s ]
ERR: 无法加载控制器:Inde

[ 2017-07-21T10:15:51+08:00 ] 127.0.0.1 /uhouse/index.php?c=index&a=housing
INFO: [ app_init ] --START--
INFO: Run Behavior\BuildLiteBehavior [ RunTime:0.000028s ]
INFO: [ app_init ] --END-- [ RunTime:0.000690s ]
INFO: [ app_begin ] --START--
INFO: Run Behavior\ReadHtmlCacheBehavior [ RunTime:0.000878s ]
INFO: [ app_begin ] --END-- [ RunTime:0.000994s ]
SQL: SHOW COLUMNS FROM `uhouse_rent_condo` [ RunTime:0.0008s ]
SQL: select *
             from uhouse_housing
             where rent_housing='运光小区'
              [ RunTime:0.0034s ]

[ 2017-07-21T10:15:51+08:00 ] 127.0.0.1 /uhouse/index.php?c=inde&a=info
INFO: [ app_init ] --START--
INFO: Run Behavior\BuildLiteBehavior [ RunTime:0.000020s ]
INFO: [ app_init ] --END-- [ RunTime:0.000544s ]
INFO: [ app_begin ] --START--
INFO: Run Behavior\ReadHtmlCacheBehavior [ RunTime:0.000655s ]
INFO: [ app_begin ] --END-- [ RunTime:0.000740s ]
ERR: 无法加载控制器:Inde

[ 2017-07-21T10:15:53+08:00 ] 127.0.0.1 /uhouse/index.php?c=index&a=housing
INFO: [ app_init ] --START--
INFO: Run Behavior\BuildLiteBehavior [ RunTime:0.000029s ]
INFO: [ app_init ] --END-- [ RunTime:0.000686s ]
INFO: [ app_begin ] --START--
INFO: Run Behavior\ReadHtmlCacheBehavior [ RunTime:0.000875s ]
INFO: [ app_begin ] --END-- [ RunTime:0.000990s ]
SQL: SHOW COLUMNS FROM `uhouse_rent_condo` [ RunTime:0.0011s ]
SQL: select *
             from uhouse_housing
             where rent_housing='纪念小区'
              [ RunTime:0.0031s ]

[ 2017-07-21T10:15:53+08:00 ] 127.0.0.1 /uhouse/index.php?c=inde&a=info
INFO: [ app_init ] --START--
INFO: Run Behavior\BuildLiteBehavior [ RunTime:0.000021s ]
INFO: [ app_init ] --END-- [ RunTime:0.000445s ]
INFO: [ app_begin ] --START--
INFO: Run Behavior\ReadHtmlCacheBehavior [ RunTime:0.000600s ]
INFO: [ app_begin ] --END-- [ RunTime:0.000684s ]
ERR: 无法加载控制器:Inde

[ 2017-07-21T10:18:15+08:00 ] 127.0.0.1 /uhouse/index.php?c=map&a=map
INFO: [ app_init ] --START--
INFO: Run Behavior\BuildLiteBehavior [ RunTime:0.000028s ]
INFO: [ app_init ] --END-- [ RunTime:0.000579s ]
INFO: [ app_begin ] --START--
INFO: Run Behavior\ReadHtmlCacheBehavior [ RunTime:0.000685s ]
INFO: [ app_begin ] --END-- [ RunTime:0.000802s ]
INFO: [ view_parse ] --START--
INFO: [ template_filter ] --START--
INFO: Run Behavior\ContentReplaceBehavior [ RunTime:0.000098s ]
INFO: [ template_filter ] --END-- [ RunTime:0.000211s ]
NOTIC: [8] Undefined variable: info F:\wamp64\www\uhouse\Application\Runtime\Cache\Home\4ab6e022dc50d23c5411a3afa21abe7a.php 第 314 行.
INFO: Run Behavior\ParseTemplateBehavior [ RunTime:0.008469s ]
INFO: [ view_parse ] --END-- [ RunTime:0.008569s ]
INFO: [ view_filter ] --START--
INFO: Run Behavior\WriteHtmlCacheBehavior [ RunTime:0.000570s ]
INFO: [ view_filter ] --END-- [ RunTime:0.000664s ]
INFO: [ app_end ] --START--
INFO: Run Behavior\ShowPageTraceBehavior [ RunTime:0.000705s ]
INFO: [ app_end ] --END-- [ RunTime:0.000812s ]

[ 2017-07-21T10:18:16+08:00 ] 127.0.0.1 /uhouse/index.php?c=index&a=marker
INFO: [ app_init ] --START--
INFO: Run Behavior\BuildLiteBehavior [ RunTime:0.000040s ]
INFO: [ app_init ] --END-- [ RunTime:0.000713s ]
INFO: [ app_begin ] --START--
INFO: Run Behavior\ReadHtmlCacheBehavior [ RunTime:0.000688s ]
INFO: [ app_begin ] --END-- [ RunTime:0.000805s ]
SQL: SHOW COLUMNS FROM `uhouse_housing` [ RunTime:0.0011s ]
SQL: select rent_housing
    	     from uhouse_housing
    	     limit 1000 [ RunTime:0.0031s ]

[ 2017-07-21T10:18:38+08:00 ] 127.0.0.1 /uhouse/index.php?c=index&a=housing
INFO: [ app_init ] --START--
INFO: Run Behavior\BuildLiteBehavior [ RunTime:0.000023s ]
INFO: [ app_init ] --END-- [ RunTime:0.000590s ]
INFO: [ app_begin ] --START--
INFO: Run Behavior\ReadHtmlCacheBehavior [ RunTime:0.000707s ]
INFO: [ app_begin ] --END-- [ RunTime:0.000808s ]
SQL: SHOW COLUMNS FROM `uhouse_rent_condo` [ RunTime:0.0011s ]
SQL: select *
             from uhouse_housing
             where rent_housing='纪念小区'
              [ RunTime:0.0034s ]

[ 2017-07-21T10:18:38+08:00 ] 127.0.0.1 /uhouse/index.php?c=inde&a=info
INFO: [ app_init ] --START--
INFO: Run Behavior\BuildLiteBehavior [ RunTime:0.000024s ]
INFO: [ app_init ] --END-- [ RunTime:0.000515s ]
INFO: [ app_begin ] --START--
INFO: Run Behavior\ReadHtmlCacheBehavior [ RunTime:0.000643s ]
INFO: [ app_begin ] --END-- [ RunTime:0.000730s ]
ERR: 无法加载控制器:Inde

[ 2017-07-21T10:18:45+08:00 ] 127.0.0.1 /uhouse/index.php?c=index&a=housing
INFO: [ app_init ] --START--
INFO: Run Behavior\BuildLiteBehavior [ RunTime:0.000034s ]
INFO: [ app_init ] --END-- [ RunTime:0.000698s ]
INFO: [ app_begin ] --START--
INFO: Run Behavior\ReadHtmlCacheBehavior [ RunTime:0.000836s ]
INFO: [ app_begin ] --END-- [ RunTime:0.000955s ]
SQL: SHOW COLUMNS FROM `uhouse_rent_condo` [ RunTime:0.0008s ]
SQL: select *
             from uhouse_housing
             where rent_housing='运光小区'
              [ RunTime:0.0037s ]

[ 2017-07-21T10:18:45+08:00 ] 127.0.0.1 /uhouse/index.php?c=inde&a=info
INFO: [ app_init ] --START--
INFO: Run Behavior\BuildLiteBehavior [ RunTime:0.000028s ]
INFO: [ app_init ] --END-- [ RunTime:0.000509s ]
INFO: [ app_begin ] --START--
INFO: Run Behavior\ReadHtmlCacheBehavior [ RunTime:0.000651s ]
INFO: [ app_begin ] --END-- [ RunTime:0.000750s ]
ERR: 无法加载控制器:Inde

[ 2017-07-21T10:21:26+08:00 ] 127.0.0.1 /uhouse/index.php?c=map&a=map
INFO: [ app_init ] --START--
INFO: Run Behavior\BuildLiteBehavior [ RunTime:0.000025s ]
INFO: [ app_init ] --END-- [ RunTime:0.000501s ]
INFO: [ app_begin ] --START--
INFO: Run Behavior\ReadHtmlCacheBehavior [ RunTime:0.000654s ]
INFO: [ app_begin ] --END-- [ RunTime:0.000760s ]
INFO: [ view_parse ] --START--
INFO: [ template_filter ] --START--
INFO: Run Behavior\ContentReplaceBehavior [ RunTime:0.000097s ]
INFO: [ template_filter ] --END-- [ RunTime:0.000210s ]
NOTIC: [8] Undefined variable: info F:\wamp64\www\uhouse\Application\Runtime\Cache\Home\4ab6e022dc50d23c5411a3afa21abe7a.php 第 314 行.
INFO: Run Behavior\ParseTemplateBehavior [ RunTime:0.008324s ]
INFO: [ view_parse ] --END-- [ RunTime:0.008459s ]
INFO: [ view_filter ] --START--
INFO: Run Behavior\WriteHtmlCacheBehavior [ RunTime:0.000522s ]
INFO: [ view_filter ] --END-- [ RunTime:0.000615s ]
INFO: [ app_end ] --START--
INFO: Run Behavior\ShowPageTraceBehavior [ RunTime:0.000689s ]
INFO: [ app_end ] --END-- [ RunTime:0.000794s ]

[ 2017-07-21T10:21:27+08:00 ] 127.0.0.1 /uhouse/index.php?c=index&a=marker
INFO: [ app_init ] --START--
INFO: Run Behavior\BuildLiteBehavior [ RunTime:0.000025s ]
INFO: [ app_init ] --END-- [ RunTime:0.000562s ]
INFO: [ app_begin ] --START--
INFO: Run Behavior\ReadHtmlCacheBehavior [ RunTime:0.001141s ]
INFO: [ app_begin ] --END-- [ RunTime:0.001349s ]
SQL: SHOW COLUMNS FROM `uhouse_housing` [ RunTime:0.0007s ]
SQL: select rent_housing
    	     from uhouse_housing
    	     limit 1000 [ RunTime:0.0020s ]

[ 2017-07-21T10:21:34+08:00 ] 127.0.0.1 /uhouse/index.php?c=index&a=housing
INFO: [ app_init ] --START--
INFO: Run Behavior\BuildLiteBehavior [ RunTime:0.000023s ]
INFO: [ app_init ] --END-- [ RunTime:0.000447s ]
INFO: [ app_begin ] --START--
INFO: Run Behavior\ReadHtmlCacheBehavior [ RunTime:0.000602s ]
INFO: [ app_begin ] --END-- [ RunTime:0.000691s ]
SQL: SHOW COLUMNS FROM `uhouse_rent_condo` [ RunTime:0.0011s ]
SQL: select *
             from uhouse_rent_condo
             where rent_housing='纪念小区'
              [ RunTime:0.0334s ]

[ 2017-07-21T10:21:34+08:00 ] 127.0.0.1 /uhouse/index.php?c=index&a=info
INFO: [ app_init ] --START--
INFO: Run Behavior\BuildLiteBehavior [ RunTime:0.000024s ]
INFO: [ app_init ] --END-- [ RunTime:0.000547s ]
INFO: [ app_begin ] --START--
INFO: Run Behavior\ReadHtmlCacheBehavior [ RunTime:0.000689s ]
INFO: [ app_begin ] --END-- [ RunTime:0.000778s ]
SQL: SHOW COLUMNS FROM `uhouse_rent_condo` [ RunTime:0.0009s ]
SQL: select *
             from uhouse_rent_condo
             where rent_housing='纪念小区'
             order by (rent_condo_price/rent_condo_area)
              [ RunTime:0.1256s ]

[ 2017-07-21T10:22:35+08:00 ] 127.0.0.1 /uhouse/index.php?c=map&a=map
INFO: [ app_init ] --START--
INFO: Run Behavior\BuildLiteBehavior [ RunTime:0.000025s ]
INFO: [ app_init ] --END-- [ RunTime:0.000504s ]
INFO: [ app_begin ] --START--
INFO: Run Behavior\ReadHtmlCacheBehavior [ RunTime:0.000662s ]
INFO: [ app_begin ] --END-- [ RunTime:0.000772s ]
INFO: [ view_parse ] --START--
INFO: [ template_filter ] --START--
INFO: Run Behavior\ContentReplaceBehavior [ RunTime:0.000099s ]
INFO: [ template_filter ] --END-- [ RunTime:0.000210s ]
NOTIC: [8] Undefined variable: info F:\wamp64\www\uhouse\Application\Runtime\Cache\Home\4ab6e022dc50d23c5411a3afa21abe7a.php 第 314 行.
INFO: Run Behavior\ParseTemplateBehavior [ RunTime:0.007950s ]
INFO: [ view_parse ] --END-- [ RunTime:0.008052s ]
INFO: [ view_filter ] --START--
INFO: Run Behavior\WriteHtmlCacheBehavior [ RunTime:0.001136s ]
INFO: [ view_filter ] --END-- [ RunTime:0.001365s ]
INFO: [ app_end ] --START--
INFO: Run Behavior\ShowPageTraceBehavior [ RunTime:0.001082s ]
INFO: [ app_end ] --END-- [ RunTime:0.001368s ]

[ 2017-07-21T10:22:36+08:00 ] 127.0.0.1 /uhouse/index.php?c=index&a=marker
INFO: [ app_init ] --START--
INFO: Run Behavior\BuildLiteBehavior [ RunTime:0.000024s ]
INFO: [ app_init ] --END-- [ RunTime:0.000489s ]
INFO: [ app_begin ] --START--
INFO: Run Behavior\ReadHtmlCacheBehavior [ RunTime:0.000639s ]
INFO: [ app_begin ] --END-- [ RunTime:0.000731s ]
SQL: SHOW COLUMNS FROM `uhouse_housing` [ RunTime:0.0007s ]
SQL: select rent_housing
    	     from uhouse_housing
    	     limit 1000 [ RunTime:0.0019s ]

[ 2017-07-21T10:22:42+08:00 ] 127.0.0.1 /uhouse/index.php?c=index&a=housing
INFO: [ app_init ] --START--
INFO: Run Behavior\BuildLiteBehavior [ RunTime:0.000023s ]
INFO: [ app_init ] --END-- [ RunTime:0.000458s ]
INFO: [ app_begin ] --START--
INFO: Run Behavior\ReadHtmlCacheBehavior [ RunTime:0.000627s ]
INFO: [ app_begin ] --END-- [ RunTime:0.000719s ]
SQL: SHOW COLUMNS FROM `uhouse_rent_condo` [ RunTime:0.0011s ]
SQL: select *
             from uhouse_housing
             where rent_housing='纪念小区'
              [ RunTime:0.0028s ]

[ 2017-07-21T10:22:42+08:00 ] 127.0.0.1 /uhouse/index.php?c=index&a=info
INFO: [ app_init ] --START--
INFO: Run Behavior\BuildLiteBehavior [ RunTime:0.000025s ]
INFO: [ app_init ] --END-- [ RunTime:0.000544s ]
INFO: [ app_begin ] --START--
INFO: Run Behavior\ReadHtmlCacheBehavior [ RunTime:0.000673s ]
INFO: [ app_begin ] --END-- [ RunTime:0.000760s ]
SQL: SHOW COLUMNS FROM `uhouse_rent_condo` [ RunTime:0.0010s ]
SQL: select *
             from uhouse_rent_condo
             where rent_housing='纪念小区'
             order by (rent_condo_price/rent_condo_area)
              [ RunTime:0.0078s ]

[ 2017-07-21T15:02:18+08:00 ] 127.0.0.1 /uhouse/index.php?c=map&a=map
INFO: [ app_init ] --START--
INFO: Run Behavior\BuildLiteBehavior [ RunTime:0.000025s ]
INFO: [ app_init ] --END-- [ RunTime:0.000560s ]
INFO: [ app_begin ] --START--
INFO: Run Behavior\ReadHtmlCacheBehavior [ RunTime:0.000683s ]
INFO: [ app_begin ] --END-- [ RunTime:0.000786s ]
INFO: [ view_parse ] --START--
INFO: [ template_filter ] --START--
INFO: Run Behavior\ContentReplaceBehavior [ RunTime:0.000119s ]
INFO: [ template_filter ] --END-- [ RunTime:0.000237s ]
NOTIC: [8] Undefined variable: info F:\wamp64\www\uhouse\Application\Runtime\Cache\Home\4ab6e022dc50d23c5411a3afa21abe7a.php 第 314 行.
INFO: Run Behavior\ParseTemplateBehavior [ RunTime:0.009747s ]
INFO: [ view_parse ] --END-- [ RunTime:0.009857s ]
INFO: [ view_filter ] --START--
INFO: Run Behavior\WriteHtmlCacheBehavior [ RunTime:0.000519s ]
INFO: [ view_filter ] --END-- [ RunTime:0.000623s ]
INFO: [ app_end ] --START--
INFO: Run Behavior\ShowPageTraceBehavior [ RunTime:0.000678s ]
INFO: [ app_end ] --END-- [ RunTime:0.000784s ]

[ 2017-07-21T15:02:19+08:00 ] 127.0.0.1 /uhouse/index.php?c=index&a=marker
INFO: [ app_init ] --START--
INFO: Run Behavior\BuildLiteBehavior [ RunTime:0.000038s ]
INFO: [ app_init ] --END-- [ RunTime:0.000660s ]
INFO: [ app_begin ] --START--
INFO: Run Behavior\ReadHtmlCacheBehavior [ RunTime:0.000666s ]
INFO: [ app_begin ] --END-- [ RunTime:0.000763s ]
SQL: SHOW COLUMNS FROM `uhouse_housing` [ RunTime:0.0018s ]
SQL: select rent_housing
    	     from uhouse_housing
    	     limit 1000 [ RunTime:0.0021s ]

[ 2017-07-21T15:03:35+08:00 ] 127.0.0.1 /uhouse/index.php?c=map&a=map
INFO: [ app_init ] --START--
INFO: Run Behavior\BuildLiteBehavior [ RunTime:0.000023s ]
INFO: [ app_init ] --END-- [ RunTime:0.000559s ]
INFO: [ app_begin ] --START--
INFO: Run Behavior\ReadHtmlCacheBehavior [ RunTime:0.000641s ]
INFO: [ app_begin ] --END-- [ RunTime:0.000745s ]
INFO: [ view_parse ] --START--
INFO: [ template_filter ] --START--
INFO: Run Behavior\ContentReplaceBehavior [ RunTime:0.000097s ]
INFO: [ template_filter ] --END-- [ RunTime:0.000205s ]
NOTIC: [8] Undefined variable: info F:\wamp64\www\uhouse\Application\Runtime\Cache\Home\4ab6e022dc50d23c5411a3afa21abe7a.php 第 314 行.
INFO: Run Behavior\ParseTemplateBehavior [ RunTime:0.010536s ]
INFO: [ view_parse ] --END-- [ RunTime:0.010657s ]
INFO: [ view_filter ] --START--
INFO: Run Behavior\WriteHtmlCacheBehavior [ RunTime:0.000665s ]
INFO: [ view_filter ] --END-- [ RunTime:0.000774s ]
INFO: [ app_end ] --START--
INFO: Run Behavior\ShowPageTraceBehavior [ RunTime:0.000724s ]
INFO: [ app_end ] --END-- [ RunTime:0.000837s ]

[ 2017-07-21T15:03:36+08:00 ] 127.0.0.1 /uhouse/index.php?c=index&a=marker
INFO: [ app_init ] --START--
INFO: Run Behavior\BuildLiteBehavior [ RunTime:0.000026s ]
INFO: [ app_init ] --END-- [ RunTime:0.000510s ]
INFO: [ app_begin ] --START--
INFO: Run Behavior\ReadHtmlCacheBehavior [ RunTime:0.000667s ]
INFO: [ app_begin ] --END-- [ RunTime:0.000767s ]
SQL: SHOW COLUMNS FROM `uhouse_housing` [ RunTime:0.0013s ]
SQL: select rent_housing
    	     from uhouse_housing
    	     limit 1000 [ RunTime:0.0059s ]

[ 2017-07-21T15:03:40+08:00 ] 127.0.0.1 /uhouse/index.php?c=index&a=housing
INFO: [ app_init ] --START--
INFO: Run Behavior\BuildLiteBehavior [ RunTime:0.000025s ]
INFO: [ app_init ] --END-- [ RunTime:0.000560s ]
INFO: [ app_begin ] --START--
INFO: Run Behavior\ReadHtmlCacheBehavior [ RunTime:0.000659s ]
INFO: [ app_begin ] --END-- [ RunTime:0.000769s ]
SQL: SHOW COLUMNS FROM `uhouse_rent_condo` [ RunTime:0.0010s ]
SQL: select *
             from uhouse_housing
             where rent_housing='运光小区'
              [ RunTime:0.0033s ]

[ 2017-07-21T15:03:40+08:00 ] 127.0.0.1 /uhouse/index.php?c=index&a=info
INFO: [ app_init ] --START--
INFO: Run Behavior\BuildLiteBehavior [ RunTime:0.000025s ]
INFO: [ app_init ] --END-- [ RunTime:0.000545s ]
INFO: [ app_begin ] --START--
INFO: Run Behavior\ReadHtmlCacheBehavior [ RunTime:0.000716s ]
INFO: [ app_begin ] --END-- [ RunTime:0.000832s ]
SQL: SHOW COLUMNS FROM `uhouse_rent_condo` [ RunTime:0.0007s ]
SQL: select *
             from uhouse_rent_condo
             where rent_housing='运光小区'
             order by (rent_condo_price/rent_condo_area)
              [ RunTime:0.0093s ]

[ 2017-07-21T15:03:46+08:00 ] 127.0.0.1 /uhouse/index.php?c=index&a=housing
INFO: [ app_init ] --START--
INFO: Run Behavior\BuildLiteBehavior [ RunTime:0.000028s ]
INFO: [ app_init ] --END-- [ RunTime:0.000687s ]
INFO: [ app_begin ] --START--
INFO: Run Behavior\ReadHtmlCacheBehavior [ RunTime:0.000831s ]
INFO: [ app_begin ] --END-- [ RunTime:0.000948s ]
SQL: SHOW COLUMNS FROM `uhouse_rent_condo` [ RunTime:0.0008s ]
SQL: select *
             from uhouse_housing
             where rent_housing='纪念小区'
              [ RunTime:0.0032s ]

[ 2017-07-21T15:03:46+08:00 ] 127.0.0.1 /uhouse/index.php?c=index&a=info
INFO: [ app_init ] --START--
INFO: Run Behavior\BuildLiteBehavior [ RunTime:0.000030s ]
INFO: [ app_init ] --END-- [ RunTime:0.000684s ]
INFO: [ app_begin ] --START--
INFO: Run Behavior\ReadHtmlCacheBehavior [ RunTime:0.000697s ]
INFO: [ app_begin ] --END-- [ RunTime:0.000784s ]
SQL: SHOW COLUMNS FROM `uhouse_rent_condo` [ RunTime:0.0013s ]
SQL: select *
             from uhouse_rent_condo
             where rent_housing='纪念小区'
             order by (rent_condo_price/rent_condo_area)
              [ RunTime:0.0081s ]

[ 2017-07-21T15:09:38+08:00 ] 127.0.0.1 /uhouse/index.php?c=map&a=map
INFO: [ app_init ] --START--
INFO: Run Behavior\BuildLiteBehavior [ RunTime:0.000025s ]
INFO: [ app_init ] --END-- [ RunTime:0.000511s ]
INFO: [ app_begin ] --START--
INFO: Run Behavior\ReadHtmlCacheBehavior [ RunTime:0.001012s ]
INFO: [ app_begin ] --END-- [ RunTime:0.001156s ]
INFO: [ view_parse ] --START--
INFO: [ template_filter ] --START--
INFO: Run Behavior\ContentReplaceBehavior [ RunTime:0.000159s ]
INFO: [ template_filter ] --END-- [ RunTime:0.000289s ]
NOTIC: [8] Undefined variable: info F:\wamp64\www\uhouse\Application\Runtime\Cache\Home\4ab6e022dc50d23c5411a3afa21abe7a.php 第 314 行.
INFO: Run Behavior\ParseTemplateBehavior [ RunTime:0.009378s ]
INFO: [ view_parse ] --END-- [ RunTime:0.009487s ]
INFO: [ view_filter ] --START--
INFO: Run Behavior\WriteHtmlCacheBehavior [ RunTime:0.000536s ]
INFO: [ view_filter ] --END-- [ RunTime:0.000633s ]
INFO: [ app_end ] --START--
INFO: Run Behavior\ShowPageTraceBehavior [ RunTime:0.000750s ]
INFO: [ app_end ] --END-- [ RunTime:0.000876s ]

[ 2017-07-21T15:09:39+08:00 ] 127.0.0.1 /uhouse/index.php?c=index&a=marker
INFO: [ app_init ] --START--
INFO: Run Behavior\BuildLiteBehavior [ RunTime:0.000042s ]
INFO: [ app_init ] --END-- [ RunTime:0.000731s ]
INFO: [ app_begin ] --START--
INFO: Run Behavior\ReadHtmlCacheBehavior [ RunTime:0.000712s ]
INFO: [ app_begin ] --END-- [ RunTime:0.000827s ]
SQL: SHOW COLUMNS FROM `uhouse_housing` [ RunTime:0.0009s ]
SQL: select rent_housing
    	     from uhouse_housing
    	     limit 1000 [ RunTime:0.0020s ]

[ 2017-07-21T15:09:50+08:00 ] 127.0.0.1 /uhouse/index.php?c=index&a=housing
INFO: [ app_init ] --START--
INFO: Run Behavior\BuildLiteBehavior [ RunTime:0.000029s ]
INFO: [ app_init ] --END-- [ RunTime:0.000728s ]
INFO: [ app_begin ] --START--
INFO: Run Behavior\ReadHtmlCacheBehavior [ RunTime:0.000877s ]
INFO: [ app_begin ] --END-- [ RunTime:0.000999s ]
SQL: SHOW COLUMNS FROM `uhouse_rent_condo` [ RunTime:0.0008s ]
SQL: select *
             from uhouse_housing
             where rent_housing='纪念小区'
              [ RunTime:0.0035s ]

[ 2017-07-21T15:09:50+08:00 ] 127.0.0.1 /uhouse/index.php?c=index&a=info
INFO: [ app_init ] --START--
INFO: Run Behavior\BuildLiteBehavior [ RunTime:0.000025s ]
INFO: [ app_init ] --END-- [ RunTime:0.000542s ]
INFO: [ app_begin ] --START--
INFO: Run Behavior\ReadHtmlCacheBehavior [ RunTime:0.000639s ]
INFO: [ app_begin ] --END-- [ RunTime:0.000747s ]
SQL: SHOW COLUMNS FROM `uhouse_rent_condo` [ RunTime:0.0006s ]
SQL: select *
             from uhouse_rent_condo
             where rent_housing='纪念小区'
             order by (rent_condo_price/rent_condo_area)
              [ RunTime:0.0090s ]

[ 2017-07-21T15:09:53+08:00 ] 127.0.0.1 /uhouse/index.php?c=index&a=housing
INFO: [ app_init ] --START--
INFO: Run Behavior\BuildLiteBehavior [ RunTime:0.000031s ]
INFO: [ app_init ] --END-- [ RunTime:0.000647s ]
INFO: [ app_begin ] --START--
INFO: Run Behavior\ReadHtmlCacheBehavior [ RunTime:0.000851s ]
INFO: [ app_begin ] --END-- [ RunTime:0.000974s ]
SQL: SHOW COLUMNS FROM `uhouse_rent_condo` [ RunTime:0.0007s ]
SQL: select *
             from uhouse_housing
             where rent_housing='运光小区'
              [ RunTime:0.0034s ]

[ 2017-07-21T15:09:53+08:00 ] 127.0.0.1 /uhouse/index.php?c=index&a=info
INFO: [ app_init ] --START--
INFO: Run Behavior\BuildLiteBehavior [ RunTime:0.000021s ]
INFO: [ app_init ] --END-- [ RunTime:0.000514s ]
INFO: [ app_begin ] --START--
INFO: Run Behavior\ReadHtmlCacheBehavior [ RunTime:0.000672s ]
INFO: [ app_begin ] --END-- [ RunTime:0.000782s ]
SQL: SHOW COLUMNS FROM `uhouse_rent_condo` [ RunTime:0.0009s ]
SQL: select *
             from uhouse_rent_condo
             where rent_housing='运光小区'
             order by (rent_condo_price/rent_condo_area)
              [ RunTime:0.0081s ]

[ 2017-07-21T15:10:32+08:00 ] 127.0.0.1 /uhouse/index.php?c=map&a=map
INFO: [ app_init ] --START--
INFO: Run Behavior\BuildLiteBehavior [ RunTime:0.000025s ]
INFO: [ app_init ] --END-- [ RunTime:0.000489s ]
INFO: [ app_begin ] --START--
INFO: Run Behavior\ReadHtmlCacheBehavior [ RunTime:0.000538s ]
INFO: [ app_begin ] --END-- [ RunTime:0.000649s ]
INFO: [ view_parse ] --START--
INFO: [ template_filter ] --START--
INFO: Run Behavior\ContentReplaceBehavior [ RunTime:0.000098s ]
INFO: [ template_filter ] --END-- [ RunTime:0.000212s ]
NOTIC: [8] Undefined variable: info F:\wamp64\www\uhouse\Application\Runtime\Cache\Home\4ab6e022dc50d23c5411a3afa21abe7a.php 第 314 行.
INFO: Run Behavior\ParseTemplateBehavior [ RunTime:0.008068s ]
INFO: [ view_parse ] --END-- [ RunTime:0.008167s ]
INFO: [ view_filter ] --START--
INFO: Run Behavior\WriteHtmlCacheBehavior [ RunTime:0.000395s ]
INFO: [ view_filter ] --END-- [ RunTime:0.000489s ]
INFO: [ app_end ] --START--
INFO: Run Behavior\ShowPageTraceBehavior [ RunTime:0.000571s ]
INFO: [ app_end ] --END-- [ RunTime:0.000676s ]

[ 2017-07-21T15:10:33+08:00 ] 127.0.0.1 /uhouse/index.php?c=index&a=marker
INFO: [ app_init ] --START--
INFO: Run Behavior\BuildLiteBehavior [ RunTime:0.000026s ]
INFO: [ app_init ] --END-- [ RunTime:0.000449s ]
INFO: [ app_begin ] --START--
INFO: Run Behavior\ReadHtmlCacheBehavior [ RunTime:0.000471s ]
INFO: [ app_begin ] --END-- [ RunTime:0.000567s ]
SQL: SHOW COLUMNS FROM `uhouse_housing` [ RunTime:0.0008s ]
SQL: select rent_housing
    	     from uhouse_housing
    	     limit 1000 [ RunTime:0.0021s ]

[ 2017-07-21T15:10:39+08:00 ] 127.0.0.1 /uhouse/index.php?c=index&a=housing
INFO: [ app_init ] --START--
INFO: Run Behavior\BuildLiteBehavior [ RunTime:0.000025s ]
INFO: [ app_init ] --END-- [ RunTime:0.000506s ]
INFO: [ app_begin ] --START--
INFO: Run Behavior\ReadHtmlCacheBehavior [ RunTime:0.000476s ]
INFO: [ app_begin ] --END-- [ RunTime:0.000567s ]
SQL: SHOW COLUMNS FROM `uhouse_rent_condo` [ RunTime:0.0006s ]
SQL: select *
             from uhouse_housing
             where rent_housing='纪念小区'
              [ RunTime:0.0030s ]

[ 2017-07-21T15:10:40+08:00 ] 127.0.0.1 /uhouse/index.php?c=index&a=info
INFO: [ app_init ] --START--
INFO: Run Behavior\BuildLiteBehavior [ RunTime:0.000041s ]
INFO: [ app_init ] --END-- [ RunTime:0.000619s ]
INFO: [ app_begin ] --START--
INFO: Run Behavior\ReadHtmlCacheBehavior [ RunTime:0.000469s ]
INFO: [ app_begin ] --END-- [ RunTime:0.000582s ]
SQL: SHOW COLUMNS FROM `uhouse_rent_condo` [ RunTime:0.0008s ]
SQL: select *
             from uhouse_rent_condo
             where rent_housing='纪念小区'
             order by (rent_condo_price/rent_condo_area)
              [ RunTime:0.0079s ]

[ 2017-07-21T15:52:22+08:00 ] 127.0.0.1 /uhouse/index.php/c=map&a=map
INFO: [ app_init ] --START--
INFO: Run Behavior\BuildLiteBehavior [ RunTime:0.000054s ]
INFO: [ app_init ] --END-- [ RunTime:0.001298s ]
INFO: [ app_begin ] --START--
INFO: Run Behavior\ReadHtmlCacheBehavior [ RunTime:0.001383s ]
INFO: [ app_begin ] --END-- [ RunTime:0.001642s ]
ERR: 无法加载控制器:C=map&a=map

[ 2017-07-21T15:52:34+08:00 ] 127.0.0.1 /uhouse/index.php/
INFO: [ app_init ] --START--
INFO: Run Behavior\BuildLiteBehavior [ RunTime:0.000032s ]
INFO: [ app_init ] --END-- [ RunTime:0.000612s ]
INFO: [ app_begin ] --START--
INFO: Run Behavior\ReadHtmlCacheBehavior [ RunTime:0.000607s ]
INFO: [ app_begin ] --END-- [ RunTime:0.000747s ]
INFO: [ view_parse ] --START--
INFO: [ template_filter ] --START--
INFO: Run Behavior\ContentReplaceBehavior [ RunTime:0.000090s ]
INFO: [ template_filter ] --END-- [ RunTime:0.000244s ]
INFO: Run Behavior\ParseTemplateBehavior [ RunTime:0.007489s ]
INFO: [ view_parse ] --END-- [ RunTime:0.007650s ]
INFO: [ view_filter ] --START--
INFO: Run Behavior\WriteHtmlCacheBehavior [ RunTime:0.000566s ]
INFO: [ view_filter ] --END-- [ RunTime:0.000704s ]
INFO: [ app_end ] --START--
INFO: Run Behavior\ShowPageTraceBehavior [ RunTime:0.000784s ]
INFO: [ app_end ] --END-- [ RunTime:0.000925s ]

[ 2017-07-21T15:52:36+08:00 ] 127.0.0.1 /uhouse/index.php?c=map&a=map
INFO: [ app_init ] --START--
INFO: Run Behavior\BuildLiteBehavior [ RunTime:0.000025s ]
INFO: [ app_init ] --END-- [ RunTime:0.000437s ]
INFO: [ app_begin ] --START--
INFO: Run Behavior\ReadHtmlCacheBehavior [ RunTime:0.000477s ]
INFO: [ app_begin ] --END-- [ RunTime:0.000582s ]
INFO: [ view_parse ] --START--
INFO: [ template_filter ] --START--
INFO: Run Behavior\ContentReplaceBehavior [ RunTime:0.000112s ]
INFO: [ template_filter ] --END-- [ RunTime:0.000261s ]
NOTIC: [8] Undefined variable: info F:\wamp64\www\uhouse\Application\Runtime\Cache\Home\4ab6e022dc50d23c5411a3afa21abe7a.php 第 314 行.
INFO: Run Behavior\ParseTemplateBehavior [ RunTime:0.008480s ]
INFO: [ view_parse ] --END-- [ RunTime:0.008599s ]
INFO: [ view_filter ] --START--
INFO: Run Behavior\WriteHtmlCacheBehavior [ RunTime:0.000347s ]
INFO: [ view_filter ] --END-- [ RunTime:0.000453s ]
INFO: [ app_end ] --START--
INFO: Run Behavior\ShowPageTraceBehavior [ RunTime:0.000499s ]
INFO: [ app_end ] --END-- [ RunTime:0.000609s ]

[ 2017-07-21T15:52:37+08:00 ] 127.0.0.1 /uhouse/index.php?c=index&a=marker
INFO: [ app_init ] --START--
INFO: Run Behavior\BuildLiteBehavior [ RunTime:0.000053s ]
INFO: [ app_init ] --END-- [ RunTime:0.000603s ]
INFO: [ app_begin ] --START--
INFO: Run Behavior\ReadHtmlCacheBehavior [ RunTime:0.000486s ]
INFO: [ app_begin ] --END-- [ RunTime:0.000583s ]
SQL: SHOW COLUMNS FROM `uhouse_housing` [ RunTime:0.0018s ]
SQL: select rent_housing
    	     from uhouse_housing
    	     limit 1000 [ RunTime:0.0022s ]

[ 2017-07-21T15:52:52+08:00 ] 127.0.0.1 /uhouse/index.php?c=index&a=housing
INFO: [ app_init ] --START--
INFO: Run Behavior\BuildLiteBehavior [ RunTime:0.000030s ]
INFO: [ app_init ] --END-- [ RunTime:0.000667s ]
INFO: [ app_begin ] --START--
INFO: Run Behavior\ReadHtmlCacheBehavior [ RunTime:0.000593s ]
INFO: [ app_begin ] --END-- [ RunTime:0.000708s ]
SQL: SHOW COLUMNS FROM `uhouse_rent_condo` [ RunTime:0.0011s ]
SQL: select *
             from uhouse_housing
             where rent_housing='纪念小区'
              [ RunTime:0.0037s ]

[ 2017-07-21T15:52:52+08:00 ] 127.0.0.1 /uhouse/index.php?c=index&a=info
INFO: [ app_init ] --START--
INFO: Run Behavior\BuildLiteBehavior [ RunTime:0.000055s ]
INFO: [ app_init ] --END-- [ RunTime:0.001071s ]
INFO: [ app_begin ] --START--
INFO: Run Behavior\ReadHtmlCacheBehavior [ RunTime:0.000738s ]
INFO: [ app_begin ] --END-- [ RunTime:0.000887s ]
SQL: SHOW COLUMNS FROM `uhouse_rent_condo` [ RunTime:0.0013s ]
SQL: select *
             from uhouse_rent_condo
             where rent_housing='纪念小区'
             order by (rent_condo_price/rent_condo_area)
              [ RunTime:0.0122s ]

[ 2017-07-21T23:58:42+08:00 ] 127.0.0.1 /uhouse/
INFO: [ app_init ] --START--
INFO: Run Behavior\BuildLiteBehavior [ RunTime:0.000023s ]
INFO: [ app_init ] --END-- [ RunTime:0.000512s ]
INFO: [ app_begin ] --START--
INFO: Run Behavior\ReadHtmlCacheBehavior [ RunTime:0.000577s ]
INFO: [ app_begin ] --END-- [ RunTime:0.000680s ]
INFO: [ view_parse ] --START--
INFO: [ template_filter ] --START--
INFO: Run Behavior\ContentReplaceBehavior [ RunTime:0.000065s ]
INFO: [ template_filter ] --END-- [ RunTime:0.000174s ]
INFO: Run Behavior\ParseTemplateBehavior [ RunTime:0.016859s ]
INFO: [ view_parse ] --END-- [ RunTime:0.016988s ]
INFO: [ view_filter ] --START--
INFO: Run Behavior\WriteHtmlCacheBehavior [ RunTime:0.000484s ]
INFO: [ view_filter ] --END-- [ RunTime:0.000577s ]
INFO: [ app_end ] --START--
INFO: Run Behavior\ShowPageTraceBehavior [ RunTime:0.000605s ]
INFO: [ app_end ] --END-- [ RunTime:0.000742s ]

