[ 2017-07-22T10:18:54+08:00 ] 127.0.0.1 /uhouse/index.php
INFO: [ app_init ] --START--
INFO: Run Behavior\BuildLiteBehavior [ RunTime:0.000033s ]
INFO: [ app_init ] --END-- [ RunTime:0.000705s ]
INFO: [ app_begin ] --START--
INFO: Run Behavior\ReadHtmlCacheBehavior [ RunTime:0.000914s ]
INFO: [ app_begin ] --END-- [ RunTime:0.001076s ]
INFO: [ view_parse ] --START--
INFO: [ template_filter ] --START--
INFO: Run Behavior\ContentReplaceBehavior [ RunTime:0.000270s ]
INFO: [ template_filter ] --END-- [ RunTime:0.000709s ]
INFO: Run Behavior\ParseTemplateBehavior [ RunTime:0.062806s ]
INFO: [ view_parse ] --END-- [ RunTime:0.063280s ]
INFO: [ view_filter ] --START--
INFO: Run Behavior\WriteHtmlCacheBehavior [ RunTime:0.002434s ]
INFO: [ view_filter ] --END-- [ RunTime:0.002863s ]
INFO: [ app_end ] --START--
INFO: Run Behavior\ShowPageTraceBehavior [ RunTime:0.002767s ]
INFO: [ app_end ] --END-- [ RunTime:0.003242s ]

[ 2017-07-22T10:19:01+08:00 ] 127.0.0.1 /uhouse/index.php?c=map&a=map
INFO: [ app_init ] --START--
INFO: Run Behavior\BuildLiteBehavior [ RunTime:0.000025s ]
INFO: [ app_init ] --END-- [ RunTime:0.000587s ]
INFO: [ app_begin ] --START--
INFO: Run Behavior\ReadHtmlCacheBehavior [ RunTime:0.000687s ]
INFO: [ app_begin ] --END-- [ RunTime:0.000801s ]
INFO: [ view_parse ] --START--
INFO: [ template_filter ] --START--
INFO: Run Behavior\ContentReplaceBehavior [ RunTime:0.000105s ]
INFO: [ template_filter ] --END-- [ RunTime:0.000225s ]
NOTIC: [8] Undefined variable: info F:\wamp64\www\uhouse\Application\Runtime\Cache\Home\4ab6e022dc50d23c5411a3afa21abe7a.php 第 314 行.
INFO: Run Behavior\ParseTemplateBehavior [ RunTime:0.015974s ]
INFO: [ view_parse ] --END-- [ RunTime:0.016098s ]
INFO: [ view_filter ] --START--
INFO: Run Behavior\WriteHtmlCacheBehavior [ RunTime:0.000563s ]
INFO: [ view_filter ] --END-- [ RunTime:0.000657s ]
INFO: [ app_end ] --START--
INFO: Run Behavior\ShowPageTraceBehavior [ RunTime:0.000710s ]
INFO: [ app_end ] --END-- [ RunTime:0.000824s ]

[ 2017-07-22T10:19:08+08:00 ] 127.0.0.1 /uhouse/index.php?c=index&a=marker
INFO: [ app_init ] --START--
INFO: Run Behavior\BuildLiteBehavior [ RunTime:0.000029s ]
INFO: [ app_init ] --END-- [ RunTime:0.000541s ]
INFO: [ app_begin ] --START--
INFO: Run Behavior\ReadHtmlCacheBehavior [ RunTime:0.000713s ]
INFO: [ app_begin ] --END-- [ RunTime:0.000812s ]
SQL: SHOW COLUMNS FROM `uhouse_housing` [ RunTime:0.0012s ]
SQL: select rent_housing
    	     from uhouse_housing
    	     limit 1000 [ RunTime:0.0267s ]

[ 2017-07-22T10:19:25+08:00 ] 127.0.0.1 /uhouse/index.php?c=index&a=housing
INFO: [ app_init ] --START--
INFO: Run Behavior\BuildLiteBehavior [ RunTime:0.000023s ]
INFO: [ app_init ] --END-- [ RunTime:0.000513s ]
INFO: [ app_begin ] --START--
INFO: Run Behavior\ReadHtmlCacheBehavior [ RunTime:0.000636s ]
INFO: [ app_begin ] --END-- [ RunTime:0.000728s ]
SQL: SHOW COLUMNS FROM `uhouse_rent_condo` [ RunTime:0.0009s ]
SQL: select *
             from uhouse_housing
             where rent_housing='纪念小区'
              [ RunTime:0.0028s ]

[ 2017-07-22T10:19:25+08:00 ] 127.0.0.1 /uhouse/index.php?c=index&a=info
INFO: [ app_init ] --START--
INFO: Run Behavior\BuildLiteBehavior [ RunTime:0.000027s ]
INFO: [ app_init ] --END-- [ RunTime:0.000542s ]
INFO: [ app_begin ] --START--
INFO: Run Behavior\ReadHtmlCacheBehavior [ RunTime:0.000666s ]
INFO: [ app_begin ] --END-- [ RunTime:0.000761s ]
SQL: SHOW COLUMNS FROM `uhouse_rent_condo` [ RunTime:0.0008s ]
SQL: select *
             from uhouse_rent_condo
             where rent_housing='纪念小区'
             order by (rent_condo_price/rent_condo_area)
              [ RunTime:0.0897s ]

[ 2017-07-22T10:24:18+08:00 ] 127.0.0.1 /uhouse/index.php?c=map&a=map
INFO: [ app_init ] --START--
INFO: Run Behavior\BuildLiteBehavior [ RunTime:0.000024s ]
INFO: [ app_init ] --END-- [ RunTime:0.000544s ]
INFO: [ app_begin ] --START--
INFO: Run Behavior\ReadHtmlCacheBehavior [ RunTime:0.000700s ]
INFO: [ app_begin ] --END-- [ RunTime:0.000821s ]
INFO: [ view_parse ] --START--
INFO: [ template_filter ] --START--
INFO: Run Behavior\ContentReplaceBehavior [ RunTime:0.000104s ]
INFO: [ template_filter ] --END-- [ RunTime:0.000220s ]
NOTIC: [8] Undefined variable: info F:\wamp64\www\uhouse\Application\Runtime\Cache\Home\4ab6e022dc50d23c5411a3afa21abe7a.php 第 314 行.
INFO: Run Behavior\ParseTemplateBehavior [ RunTime:0.010089s ]
INFO: [ view_parse ] --END-- [ RunTime:0.010218s ]
INFO: [ view_filter ] --START--
INFO: Run Behavior\WriteHtmlCacheBehavior [ RunTime:0.001233s ]
INFO: [ view_filter ] --END-- [ RunTime:0.001357s ]
INFO: [ app_end ] --START--
INFO: Run Behavior\ShowPageTraceBehavior [ RunTime:0.001118s ]
INFO: [ app_end ] --END-- [ RunTime:0.001289s ]

[ 2017-07-22T10:24:18+08:00 ] 127.0.0.1 /uhouse/index.php?c=index&a=marker
INFO: [ app_init ] --START--
INFO: Run Behavior\BuildLiteBehavior [ RunTime:0.000026s ]
INFO: [ app_init ] --END-- [ RunTime:0.000500s ]
INFO: [ app_begin ] --START--
INFO: Run Behavior\ReadHtmlCacheBehavior [ RunTime:0.000691s ]
INFO: [ app_begin ] --END-- [ RunTime:0.000798s ]
SQL: SHOW COLUMNS FROM `uhouse_housing` [ RunTime:0.0011s ]
SQL: select rent_housing
    	     from uhouse_housing
    	     limit 1000 [ RunTime:0.0019s ]

[ 2017-07-22T10:24:33+08:00 ] 127.0.0.1 /uhouse/index.php?c=index&a=housing
INFO: [ app_init ] --START--
INFO: Run Behavior\BuildLiteBehavior [ RunTime:0.000025s ]
INFO: [ app_init ] --END-- [ RunTime:0.000523s ]
INFO: [ app_begin ] --START--
INFO: Run Behavior\ReadHtmlCacheBehavior [ RunTime:0.000706s ]
INFO: [ app_begin ] --END-- [ RunTime:0.000808s ]
SQL: SHOW COLUMNS FROM `uhouse_rent_condo` [ RunTime:0.0008s ]
SQL: select *
             from uhouse_housing
             where rent_housing='纪念小区'
              [ RunTime:0.0031s ]

[ 2017-07-22T10:24:33+08:00 ] 127.0.0.1 /uhouse/index.php?c=index&a=info
INFO: [ app_init ] --START--
INFO: Run Behavior\BuildLiteBehavior [ RunTime:0.000022s ]
INFO: [ app_init ] --END-- [ RunTime:0.000467s ]
INFO: [ app_begin ] --START--
INFO: Run Behavior\ReadHtmlCacheBehavior [ RunTime:0.000626s ]
INFO: [ app_begin ] --END-- [ RunTime:0.000717s ]
SQL: SHOW COLUMNS FROM `uhouse_rent_condo` [ RunTime:0.0008s ]
SQL: select *
             from uhouse_rent_condo
             where rent_housing='纪念小区'
             order by (rent_condo_price/rent_condo_area)
              [ RunTime:0.0078s ]

[ 2017-07-22T10:27:31+08:00 ] 127.0.0.1 /uhouse/index.php?c=map&a=map
INFO: [ app_init ] --START--
INFO: Run Behavior\BuildLiteBehavior [ RunTime:0.000024s ]
INFO: [ app_init ] --END-- [ RunTime:0.000484s ]
INFO: [ app_begin ] --START--
INFO: Run Behavior\ReadHtmlCacheBehavior [ RunTime:0.000530s ]
INFO: [ app_begin ] --END-- [ RunTime:0.000633s ]
INFO: [ view_parse ] --START--
INFO: [ template_filter ] --START--
INFO: Run Behavior\ContentReplaceBehavior [ RunTime:0.000177s ]
INFO: [ template_filter ] --END-- [ RunTime:0.000366s ]
NOTIC: [8] Undefined variable: info F:\wamp64\www\uhouse\Application\Runtime\Cache\Home\4ab6e022dc50d23c5411a3afa21abe7a.php 第 314 行.
INFO: Run Behavior\ParseTemplateBehavior [ RunTime:0.008243s ]
INFO: [ view_parse ] --END-- [ RunTime:0.008349s ]
INFO: [ view_filter ] --START--
INFO: Run Behavior\WriteHtmlCacheBehavior [ RunTime:0.000449s ]
INFO: [ view_filter ] --END-- [ RunTime:0.000550s ]
INFO: [ app_end ] --START--
INFO: Run Behavior\ShowPageTraceBehavior [ RunTime:0.000507s ]
INFO: [ app_end ] --END-- [ RunTime:0.000609s ]

[ 2017-07-22T10:27:31+08:00 ] 127.0.0.1 /uhouse/index.php?c=index&a=marker
INFO: [ app_init ] --START--
INFO: Run Behavior\BuildLiteBehavior [ RunTime:0.000026s ]
INFO: [ app_init ] --END-- [ RunTime:0.000456s ]
INFO: [ app_begin ] --START--
INFO: Run Behavior\ReadHtmlCacheBehavior [ RunTime:0.000436s ]
INFO: [ app_begin ] --END-- [ RunTime:0.000527s ]
SQL: SHOW COLUMNS FROM `uhouse_housing` [ RunTime:0.0010s ]
SQL: select rent_housing
    	     from uhouse_housing
    	     limit 1000 [ RunTime:0.0028s ]

[ 2017-07-22T10:27:40+08:00 ] 127.0.0.1 /uhouse/index.php?c=index&a=housing
INFO: [ app_init ] --START--
INFO: Run Behavior\BuildLiteBehavior [ RunTime:0.000021s ]
INFO: [ app_init ] --END-- [ RunTime:0.000436s ]
INFO: [ app_begin ] --START--
INFO: Run Behavior\ReadHtmlCacheBehavior [ RunTime:0.000439s ]
INFO: [ app_begin ] --END-- [ RunTime:0.000532s ]
SQL: SHOW COLUMNS FROM `uhouse_rent_condo` [ RunTime:0.0206s ]
SQL: select *
             from uhouse_housing
             where rent_housing='纪念小区'
              [ RunTime:0.0030s ]

[ 2017-07-22T10:27:40+08:00 ] 127.0.0.1 /uhouse/index.php?c=index&a=info
INFO: [ app_init ] --START--
INFO: Run Behavior\BuildLiteBehavior [ RunTime:0.000021s ]
INFO: [ app_init ] --END-- [ RunTime:0.000417s ]
INFO: [ app_begin ] --START--
INFO: Run Behavior\ReadHtmlCacheBehavior [ RunTime:0.000468s ]
INFO: [ app_begin ] --END-- [ RunTime:0.000562s ]
SQL: SHOW COLUMNS FROM `uhouse_rent_condo` [ RunTime:0.0008s ]
SQL: select *
             from uhouse_rent_condo
             where rent_housing='纪念小区'
             order by (rent_condo_price/rent_condo_area)
              [ RunTime:0.0079s ]

[ 2017-07-22T10:27:43+08:00 ] 127.0.0.1 /uhouse/index.php?c=index&a=housing
INFO: [ app_init ] --START--
INFO: Run Behavior\BuildLiteBehavior [ RunTime:0.000023s ]
INFO: [ app_init ] --END-- [ RunTime:0.000518s ]
INFO: [ app_begin ] --START--
INFO: Run Behavior\ReadHtmlCacheBehavior [ RunTime:0.000479s ]
INFO: [ app_begin ] --END-- [ RunTime:0.000568s ]
SQL: SHOW COLUMNS FROM `uhouse_rent_condo` [ RunTime:0.0008s ]
SQL: select *
             from uhouse_housing
             where rent_housing='纪念小区'
              [ RunTime:0.0031s ]

[ 2017-07-22T10:27:43+08:00 ] 127.0.0.1 /uhouse/index.php?c=index&a=info
INFO: [ app_init ] --START--
INFO: Run Behavior\BuildLiteBehavior [ RunTime:0.000021s ]
INFO: [ app_init ] --END-- [ RunTime:0.000450s ]
INFO: [ app_begin ] --START--
INFO: Run Behavior\ReadHtmlCacheBehavior [ RunTime:0.000453s ]
INFO: [ app_begin ] --END-- [ RunTime:0.000543s ]
SQL: SHOW COLUMNS FROM `uhouse_rent_condo` [ RunTime:0.0007s ]
SQL: select *
             from uhouse_rent_condo
             where rent_housing='纪念小区'
             order by (rent_condo_price/rent_condo_area)
              [ RunTime:0.0079s ]

[ 2017-07-22T10:28:41+08:00 ] 127.0.0.1 /uhouse/index.php?c=map&a=map
INFO: [ app_init ] --START--
INFO: Run Behavior\BuildLiteBehavior [ RunTime:0.000025s ]
INFO: [ app_init ] --END-- [ RunTime:0.000479s ]
INFO: [ app_begin ] --START--
INFO: Run Behavior\ReadHtmlCacheBehavior [ RunTime:0.000526s ]
INFO: [ app_begin ] --END-- [ RunTime:0.000647s ]
INFO: [ view_parse ] --START--
INFO: [ template_filter ] --START--
INFO: Run Behavior\ContentReplaceBehavior [ RunTime:0.000156s ]
INFO: [ template_filter ] --END-- [ RunTime:0.000374s ]
NOTIC: [8] Undefined variable: info F:\wamp64\www\uhouse\Application\Runtime\Cache\Home\4ab6e022dc50d23c5411a3afa21abe7a.php 第 314 行.
INFO: Run Behavior\ParseTemplateBehavior [ RunTime:0.008874s ]
INFO: [ view_parse ] --END-- [ RunTime:0.008991s ]
INFO: [ view_filter ] --START--
INFO: Run Behavior\WriteHtmlCacheBehavior [ RunTime:0.000439s ]
INFO: [ view_filter ] --END-- [ RunTime:0.000536s ]
INFO: [ app_end ] --START--
INFO: Run Behavior\ShowPageTraceBehavior [ RunTime:0.000562s ]
INFO: [ app_end ] --END-- [ RunTime:0.000672s ]

[ 2017-07-22T10:28:41+08:00 ] 127.0.0.1 /uhouse/index.php?c=index&a=marker
INFO: [ app_init ] --START--
INFO: Run Behavior\BuildLiteBehavior [ RunTime:0.000040s ]
INFO: [ app_init ] --END-- [ RunTime:0.000790s ]
INFO: [ app_begin ] --START--
INFO: Run Behavior\ReadHtmlCacheBehavior [ RunTime:0.000551s ]
INFO: [ app_begin ] --END-- [ RunTime:0.000670s ]
SQL: SHOW COLUMNS FROM `uhouse_housing` [ RunTime:0.0008s ]
SQL: select rent_housing
    	     from uhouse_housing
    	     limit 1000 [ RunTime:0.0018s ]

[ 2017-07-22T10:28:48+08:00 ] 127.0.0.1 /uhouse/index.php?c=index&a=housing
INFO: [ app_init ] --START--
INFO: Run Behavior\BuildLiteBehavior [ RunTime:0.000028s ]
INFO: [ app_init ] --END-- [ RunTime:0.000643s ]
INFO: [ app_begin ] --START--
INFO: Run Behavior\ReadHtmlCacheBehavior [ RunTime:0.000652s ]
INFO: [ app_begin ] --END-- [ RunTime:0.000747s ]
SQL: SHOW COLUMNS FROM `uhouse_rent_condo` [ RunTime:0.0008s ]
SQL: select *
             from uhouse_housing
             where rent_housing='纪念小区'
              [ RunTime:0.0033s ]

[ 2017-07-22T10:28:48+08:00 ] 127.0.0.1 /uhouse/index.php?c=index&a=info
INFO: [ app_init ] --START--
INFO: Run Behavior\BuildLiteBehavior [ RunTime:0.000030s ]
INFO: [ app_init ] --END-- [ RunTime:0.000690s ]
INFO: [ app_begin ] --START--
INFO: Run Behavior\ReadHtmlCacheBehavior [ RunTime:0.000889s ]
INFO: [ app_begin ] --END-- [ RunTime:0.001011s ]
SQL: SHOW COLUMNS FROM `uhouse_rent_condo` [ RunTime:0.0008s ]
SQL: select *
             from uhouse_rent_condo
             where rent_housing='纪念小区'
             order by (rent_condo_price/rent_condo_area)
              [ RunTime:0.0108s ]

[ 2017-07-22T10:41:19+08:00 ] 127.0.0.1 /uhouse/index.php?c=map&a=map
INFO: [ app_init ] --START--
INFO: Run Behavior\BuildLiteBehavior [ RunTime:0.000032s ]
INFO: [ app_init ] --END-- [ RunTime:0.000707s ]
INFO: [ app_begin ] --START--
INFO: Run Behavior\ReadHtmlCacheBehavior [ RunTime:0.000998s ]
INFO: [ app_begin ] --END-- [ RunTime:0.001200s ]
INFO: [ view_parse ] --START--
INFO: [ template_filter ] --START--
INFO: Run Behavior\ContentReplaceBehavior [ RunTime:0.000126s ]
INFO: [ template_filter ] --END-- [ RunTime:0.000303s ]
NOTIC: [8] Undefined variable: info F:\wamp64\www\uhouse\Application\Runtime\Cache\Home\4ab6e022dc50d23c5411a3afa21abe7a.php 第 314 行.
INFO: Run Behavior\ParseTemplateBehavior [ RunTime:0.012102s ]
INFO: [ view_parse ] --END-- [ RunTime:0.012241s ]
INFO: [ view_filter ] --START--
INFO: Run Behavior\WriteHtmlCacheBehavior [ RunTime:0.000719s ]
INFO: [ view_filter ] --END-- [ RunTime:0.000855s ]
INFO: [ app_end ] --START--
INFO: Run Behavior\ShowPageTraceBehavior [ RunTime:0.000931s ]
INFO: [ app_end ] --END-- [ RunTime:0.001085s ]

[ 2017-07-22T10:41:19+08:00 ] 127.0.0.1 /uhouse/index.php?c=index&a=marker
INFO: [ app_init ] --START--
INFO: Run Behavior\BuildLiteBehavior [ RunTime:0.000023s ]
INFO: [ app_init ] --END-- [ RunTime:0.000491s ]
INFO: [ app_begin ] --START--
INFO: Run Behavior\ReadHtmlCacheBehavior [ RunTime:0.000701s ]
INFO: [ app_begin ] --END-- [ RunTime:0.000813s ]
SQL: SHOW COLUMNS FROM `uhouse_housing` [ RunTime:0.0008s ]
SQL: select rent_housing
    	     from uhouse_housing
    	     limit 1000 [ RunTime:0.0022s ]

[ 2017-07-22T10:41:27+08:00 ] 127.0.0.1 /uhouse/index.php?c=index&a=housing
INFO: [ app_init ] --START--
INFO: Run Behavior\BuildLiteBehavior [ RunTime:0.000028s ]
INFO: [ app_init ] --END-- [ RunTime:0.000578s ]
INFO: [ app_begin ] --START--
INFO: Run Behavior\ReadHtmlCacheBehavior [ RunTime:0.000711s ]
INFO: [ app_begin ] --END-- [ RunTime:0.000838s ]
SQL: SHOW COLUMNS FROM `uhouse_rent_condo` [ RunTime:0.0007s ]
SQL: select *
             from uhouse_housing
             where rent_housing='纪念小区'
              [ RunTime:0.0029s ]

[ 2017-07-22T10:41:27+08:00 ] 127.0.0.1 /uhouse/index.php?c=index&a=info
INFO: [ app_init ] --START--
INFO: Run Behavior\BuildLiteBehavior [ RunTime:0.000022s ]
INFO: [ app_init ] --END-- [ RunTime:0.000465s ]
INFO: [ app_begin ] --START--
INFO: Run Behavior\ReadHtmlCacheBehavior [ RunTime:0.000624s ]
INFO: [ app_begin ] --END-- [ RunTime:0.000722s ]
SQL: SHOW COLUMNS FROM `uhouse_rent_condo` [ RunTime:0.0006s ]
SQL: select *
             from uhouse_rent_condo
             where rent_housing='纪念小区'
             order by (rent_condo_price/rent_condo_area)
              [ RunTime:0.0080s ]

[ 2017-07-22T10:43:43+08:00 ] 127.0.0.1 /uhouse/index.php?c=map&a=map
INFO: [ app_init ] --START--
INFO: Run Behavior\BuildLiteBehavior [ RunTime:0.000025s ]
INFO: [ app_init ] --END-- [ RunTime:0.000517s ]
INFO: [ app_begin ] --START--
INFO: Run Behavior\ReadHtmlCacheBehavior [ RunTime:0.000885s ]
INFO: [ app_begin ] --END-- [ RunTime:0.001082s ]
INFO: [ view_parse ] --START--
INFO: [ template_filter ] --START--
INFO: Run Behavior\ContentReplaceBehavior [ RunTime:0.000099s ]
INFO: [ template_filter ] --END-- [ RunTime:0.000209s ]
NOTIC: [8] Undefined variable: info F:\wamp64\www\uhouse\Application\Runtime\Cache\Home\4ab6e022dc50d23c5411a3afa21abe7a.php 第 318 行.
INFO: Run Behavior\ParseTemplateBehavior [ RunTime:0.008602s ]
INFO: [ view_parse ] --END-- [ RunTime:0.008719s ]
INFO: [ view_filter ] --START--
INFO: Run Behavior\WriteHtmlCacheBehavior [ RunTime:0.000549s ]
INFO: [ view_filter ] --END-- [ RunTime:0.000645s ]
INFO: [ app_end ] --START--
INFO: Run Behavior\ShowPageTraceBehavior [ RunTime:0.000748s ]
INFO: [ app_end ] --END-- [ RunTime:0.000865s ]

[ 2017-07-22T10:43:44+08:00 ] 127.0.0.1 /uhouse/index.php?c=index&a=marker
INFO: [ app_init ] --START--
INFO: Run Behavior\BuildLiteBehavior [ RunTime:0.000025s ]
INFO: [ app_init ] --END-- [ RunTime:0.000495s ]
INFO: [ app_begin ] --START--
INFO: Run Behavior\ReadHtmlCacheBehavior [ RunTime:0.001000s ]
INFO: [ app_begin ] --END-- [ RunTime:0.001296s ]
SQL: SHOW COLUMNS FROM `uhouse_housing` [ RunTime:0.0008s ]
SQL: select rent_housing
    	     from uhouse_housing
    	     limit 1000 [ RunTime:0.0020s ]

[ 2017-07-22T10:43:52+08:00 ] 127.0.0.1 /uhouse/index.php?c=index&a=housing
INFO: [ app_init ] --START--
INFO: Run Behavior\BuildLiteBehavior [ RunTime:0.000025s ]
INFO: [ app_init ] --END-- [ RunTime:0.000509s ]
INFO: [ app_begin ] --START--
INFO: Run Behavior\ReadHtmlCacheBehavior [ RunTime:0.000543s ]
INFO: [ app_begin ] --END-- [ RunTime:0.000631s ]
SQL: SHOW COLUMNS FROM `uhouse_rent_condo` [ RunTime:0.0007s ]
SQL: select *
             from uhouse_housing
             where rent_housing='纪念小区'
              [ RunTime:0.0030s ]

[ 2017-07-22T10:43:52+08:00 ] 127.0.0.1 /uhouse/index.php?c=index&a=info
INFO: [ app_init ] --START--
INFO: Run Behavior\BuildLiteBehavior [ RunTime:0.000028s ]
INFO: [ app_init ] --END-- [ RunTime:0.000599s ]
INFO: [ app_begin ] --START--
INFO: Run Behavior\ReadHtmlCacheBehavior [ RunTime:0.000504s ]
INFO: [ app_begin ] --END-- [ RunTime:0.000602s ]
SQL: SHOW COLUMNS FROM `uhouse_rent_condo` [ RunTime:0.0006s ]
SQL: select *
             from uhouse_rent_condo
             where rent_housing='纪念小区'
             order by (rent_condo_price/rent_condo_area)
              [ RunTime:0.0085s ]

