[ 2017-07-24T00:46:36+08:00 ] 127.0.0.1 /uhouse/admin.php?c=Renter&a=liked
INFO: [ app_init ] --START--
INFO: Run Behavior\BuildLiteBehavior [ RunTime:0.000027s ]
INFO: [ app_init ] --END-- [ RunTime:0.000624s ]
INFO: [ app_begin ] --START--
INFO: Run Behavior\ReadHtmlCacheBehavior [ RunTime:0.025096s ]
INFO: [ app_begin ] --END-- [ RunTime:0.025247s ]
SQL: SHOW COLUMNS FROM `uhouse_like` [ RunTime:0.0016s ]
SQL: SELECT * FROM `uhouse_like` WHERE ( username="1547554745" )  [ RunTime:0.0007s ]
INFO: [ view_parse ] --START--
INFO: [ template_filter ] --START--
INFO: Run Behavior\ContentReplaceBehavior [ RunTime:0.000113s ]
INFO: [ template_filter ] --END-- [ RunTime:0.000226s ]
SQL: SHOW COLUMNS FROM `uhouse_renter` [ RunTime:0.0013s ]
SQL: SELECT * FROM `uhouse_renter` WHERE ( username="1547554745" ) LIMIT 1   [ RunTime:0.0003s ]
INFO: Run Behavior\ParseTemplateBehavior [ RunTime:0.024887s ]
INFO: [ view_parse ] --END-- [ RunTime:0.025036s ]
INFO: [ view_filter ] --START--
INFO: Run Behavior\WriteHtmlCacheBehavior [ RunTime:0.000816s ]
INFO: [ view_filter ] --END-- [ RunTime:0.000960s ]
NOTIC: [2] Cannot modify header information - headers already sent by (output started at F:\wamp64\www\uhouse\ThinkPHP\Common\functions.php:850) F:\wamp64\www\uhouse\ThinkPHP\Library\Think\View.class.php 第 91 行.
NOTIC: [2] Cannot modify header information - headers already sent by (output started at F:\wamp64\www\uhouse\ThinkPHP\Common\functions.php:850) F:\wamp64\www\uhouse\ThinkPHP\Library\Think\View.class.php 第 92 行.
NOTIC: [2] Cannot modify header information - headers already sent by (output started at F:\wamp64\www\uhouse\ThinkPHP\Common\functions.php:850) F:\wamp64\www\uhouse\ThinkPHP\Library\Think\View.class.php 第 93 行.
INFO: [ app_end ] --START--
INFO: Run Behavior\ShowPageTraceBehavior [ RunTime:0.000913s ]
INFO: [ app_end ] --END-- [ RunTime:0.001035s ]

[ 2017-07-24T00:53:19+08:00 ] 127.0.0.1 /uhouse/admin.php?c=Renter&a=liked
INFO: [ app_init ] --START--
INFO: Run Behavior\BuildLiteBehavior [ RunTime:0.000028s ]
INFO: [ app_init ] --END-- [ RunTime:0.000604s ]
INFO: [ app_begin ] --START--
INFO: Run Behavior\ReadHtmlCacheBehavior [ RunTime:0.000801s ]
INFO: [ app_begin ] --END-- [ RunTime:0.000943s ]
SQL: SHOW COLUMNS FROM `uhouse_like` [ RunTime:0.0008s ]
SQL: SHOW COLUMNS FROM `uhouse_rent_condo` [ RunTime:0.0007s ]
SQL: SELECT * FROM `uhouse_like` WHERE ( username="1547554745" )  [ RunTime:0.0003s ]
SQL: SELECT * FROM `uhouse_rent_condo` WHERE ( rent_condo_id="10466" ) LIMIT 1   [ RunTime:0.0621s ]
SQL: SELECT * FROM `uhouse_rent_condo` WHERE ( rent_condo_id="4439" ) LIMIT 1   [ RunTime:0.0061s ]
SQL: SELECT * FROM `uhouse_rent_condo` WHERE ( rent_condo_id="13391" ) LIMIT 1   [ RunTime:0.0054s ]
SQL: SELECT * FROM `uhouse_rent_condo` WHERE ( rent_condo_id="11927" ) LIMIT 1   [ RunTime:0.0006s ]
SQL: SELECT * FROM `uhouse_rent_condo` WHERE ( rent_condo_id="7140" ) LIMIT 1   [ RunTime:0.0055s ]
SQL: SELECT * FROM `uhouse_rent_condo` WHERE ( rent_condo_id="8803" ) LIMIT 1   [ RunTime:0.0016s ]
SQL: SELECT * FROM `uhouse_rent_condo` WHERE ( rent_condo_id="23231" ) LIMIT 1   [ RunTime:0.0005s ]
INFO: [ view_parse ] --START--
INFO: [ template_filter ] --START--
INFO: Run Behavior\ContentReplaceBehavior [ RunTime:0.000138s ]
INFO: [ template_filter ] --END-- [ RunTime:0.000290s ]
SQL: SHOW COLUMNS FROM `uhouse_renter` [ RunTime:0.0009s ]
SQL: SELECT * FROM `uhouse_renter` WHERE ( username="1547554745" ) LIMIT 1   [ RunTime:0.0005s ]
INFO: Run Behavior\ParseTemplateBehavior [ RunTime:0.013848s ]
INFO: [ view_parse ] --END-- [ RunTime:0.014006s ]
INFO: [ view_filter ] --START--
INFO: Run Behavior\WriteHtmlCacheBehavior [ RunTime:0.000813s ]
INFO: [ view_filter ] --END-- [ RunTime:0.000944s ]
NOTIC: [2] Cannot modify header information - headers already sent by (output started at F:\wamp64\www\uhouse\ThinkPHP\Common\functions.php:850) F:\wamp64\www\uhouse\ThinkPHP\Library\Think\View.class.php 第 91 行.
NOTIC: [2] Cannot modify header information - headers already sent by (output started at F:\wamp64\www\uhouse\ThinkPHP\Common\functions.php:850) F:\wamp64\www\uhouse\ThinkPHP\Library\Think\View.class.php 第 92 行.
NOTIC: [2] Cannot modify header information - headers already sent by (output started at F:\wamp64\www\uhouse\ThinkPHP\Common\functions.php:850) F:\wamp64\www\uhouse\ThinkPHP\Library\Think\View.class.php 第 93 行.
INFO: [ app_end ] --START--
INFO: Run Behavior\ShowPageTraceBehavior [ RunTime:0.001089s ]
INFO: [ app_end ] --END-- [ RunTime:0.001255s ]

[ 2017-07-24T01:00:53+08:00 ] 127.0.0.1 /uhouse/admin.php?c=Renter&a=liked
INFO: [ app_init ] --START--
INFO: Run Behavior\BuildLiteBehavior [ RunTime:0.000027s ]
INFO: [ app_init ] --END-- [ RunTime:0.000575s ]
INFO: [ app_begin ] --START--
INFO: Run Behavior\ReadHtmlCacheBehavior [ RunTime:0.000841s ]
INFO: [ app_begin ] --END-- [ RunTime:0.000984s ]
SQL: SHOW COLUMNS FROM `uhouse_like` [ RunTime:0.0010s ]
SQL: SHOW COLUMNS FROM `uhouse_rent_condo` [ RunTime:0.0009s ]
SQL: SELECT * FROM `uhouse_like` WHERE ( username="1547554745" )  [ RunTime:0.0004s ]
SQL: SELECT * FROM `uhouse_rent_condo` WHERE ( rent_condo_id="10466" ) LIMIT 1   [ RunTime:0.0004s ]
SQL: SELECT * FROM `uhouse_rent_condo` WHERE ( rent_condo_id="4439" ) LIMIT 1   [ RunTime:0.0003s ]
SQL: SELECT * FROM `uhouse_rent_condo` WHERE ( rent_condo_id="13391" ) LIMIT 1   [ RunTime:0.0003s ]
SQL: SELECT * FROM `uhouse_rent_condo` WHERE ( rent_condo_id="11927" ) LIMIT 1   [ RunTime:0.0002s ]
SQL: SELECT * FROM `uhouse_rent_condo` WHERE ( rent_condo_id="7140" ) LIMIT 1   [ RunTime:0.0003s ]
SQL: SELECT * FROM `uhouse_rent_condo` WHERE ( rent_condo_id="8803" ) LIMIT 1   [ RunTime:0.0003s ]
SQL: SELECT * FROM `uhouse_rent_condo` WHERE ( rent_condo_id="23231" ) LIMIT 1   [ RunTime:0.0004s ]
INFO: [ view_parse ] --START--
INFO: [ template_filter ] --START--
INFO: Run Behavior\ContentReplaceBehavior [ RunTime:0.000111s ]
INFO: [ template_filter ] --END-- [ RunTime:0.000235s ]
SQL: SHOW COLUMNS FROM `uhouse_renter` [ RunTime:0.0007s ]
SQL: SELECT * FROM `uhouse_renter` WHERE ( username="1547554745" ) LIMIT 1   [ RunTime:0.0004s ]
NOTIC: [8] Undefined index: house_id F:\wamp64\www\uhouse\Application\Runtime\Cache\Admin\2f2e4570f41b2917574d7c37c9c5c7ba.php 第 183 行.
NOTIC: [8] Undefined index: house_id F:\wamp64\www\uhouse\Application\Runtime\Cache\Admin\2f2e4570f41b2917574d7c37c9c5c7ba.php 第 183 行.
NOTIC: [8] Undefined index: house_id F:\wamp64\www\uhouse\Application\Runtime\Cache\Admin\2f2e4570f41b2917574d7c37c9c5c7ba.php 第 183 行.
NOTIC: [8] Undefined index: house_id F:\wamp64\www\uhouse\Application\Runtime\Cache\Admin\2f2e4570f41b2917574d7c37c9c5c7ba.php 第 183 行.
NOTIC: [8] Undefined index: house_id F:\wamp64\www\uhouse\Application\Runtime\Cache\Admin\2f2e4570f41b2917574d7c37c9c5c7ba.php 第 183 行.
NOTIC: [8] Undefined index: house_id F:\wamp64\www\uhouse\Application\Runtime\Cache\Admin\2f2e4570f41b2917574d7c37c9c5c7ba.php 第 183 行.
NOTIC: [8] Undefined index: house_id F:\wamp64\www\uhouse\Application\Runtime\Cache\Admin\2f2e4570f41b2917574d7c37c9c5c7ba.php 第 183 行.
INFO: Run Behavior\ParseTemplateBehavior [ RunTime:0.013498s ]
INFO: [ view_parse ] --END-- [ RunTime:0.013633s ]
INFO: [ view_filter ] --START--
INFO: Run Behavior\WriteHtmlCacheBehavior [ RunTime:0.000720s ]
INFO: [ view_filter ] --END-- [ RunTime:0.000840s ]
INFO: [ app_end ] --START--
INFO: Run Behavior\ShowPageTraceBehavior [ RunTime:0.000772s ]
INFO: [ app_end ] --END-- [ RunTime:0.000881s ]

[ 2017-07-24T01:01:19+08:00 ] 127.0.0.1 /uhouse/admin.php?c=Renter&a=liked
INFO: [ app_init ] --START--
INFO: Run Behavior\BuildLiteBehavior [ RunTime:0.000027s ]
INFO: [ app_init ] --END-- [ RunTime:0.000519s ]
INFO: [ app_begin ] --START--
INFO: Run Behavior\ReadHtmlCacheBehavior [ RunTime:0.000722s ]
INFO: [ app_begin ] --END-- [ RunTime:0.000849s ]
SQL: SHOW COLUMNS FROM `uhouse_like` [ RunTime:0.0009s ]
SQL: SHOW COLUMNS FROM `uhouse_rent_condo` [ RunTime:0.0006s ]
SQL: SELECT * FROM `uhouse_like` WHERE ( username="1547554745" )  [ RunTime:0.0004s ]
SQL: SELECT * FROM `uhouse_rent_condo` WHERE ( rent_condo_id="10466" ) LIMIT 1   [ RunTime:0.0003s ]
SQL: SELECT * FROM `uhouse_rent_condo` WHERE ( rent_condo_id="4439" ) LIMIT 1   [ RunTime:0.0003s ]
SQL: SELECT * FROM `uhouse_rent_condo` WHERE ( rent_condo_id="13391" ) LIMIT 1   [ RunTime:0.0003s ]
SQL: SELECT * FROM `uhouse_rent_condo` WHERE ( rent_condo_id="11927" ) LIMIT 1   [ RunTime:0.0003s ]
SQL: SELECT * FROM `uhouse_rent_condo` WHERE ( rent_condo_id="7140" ) LIMIT 1   [ RunTime:0.0003s ]
SQL: SELECT * FROM `uhouse_rent_condo` WHERE ( rent_condo_id="8803" ) LIMIT 1   [ RunTime:0.0003s ]
SQL: SELECT * FROM `uhouse_rent_condo` WHERE ( rent_condo_id="23231" ) LIMIT 1   [ RunTime:0.0003s ]
INFO: [ view_parse ] --START--
INFO: [ template_filter ] --START--
INFO: Run Behavior\ContentReplaceBehavior [ RunTime:0.000112s ]
INFO: [ template_filter ] --END-- [ RunTime:0.000227s ]
SQL: SHOW COLUMNS FROM `uhouse_renter` [ RunTime:0.0010s ]
SQL: SELECT * FROM `uhouse_renter` WHERE ( username="1547554745" ) LIMIT 1   [ RunTime:0.0004s ]
NOTIC: [8] Undefined index: house_id F:\wamp64\www\uhouse\Application\Runtime\Cache\Admin\2f2e4570f41b2917574d7c37c9c5c7ba.php 第 183 行.
NOTIC: [8] Undefined index: house_id F:\wamp64\www\uhouse\Application\Runtime\Cache\Admin\2f2e4570f41b2917574d7c37c9c5c7ba.php 第 183 行.
NOTIC: [8] Undefined index: house_id F:\wamp64\www\uhouse\Application\Runtime\Cache\Admin\2f2e4570f41b2917574d7c37c9c5c7ba.php 第 183 行.
NOTIC: [8] Undefined index: house_id F:\wamp64\www\uhouse\Application\Runtime\Cache\Admin\2f2e4570f41b2917574d7c37c9c5c7ba.php 第 183 行.
NOTIC: [8] Undefined index: house_id F:\wamp64\www\uhouse\Application\Runtime\Cache\Admin\2f2e4570f41b2917574d7c37c9c5c7ba.php 第 183 行.
NOTIC: [8] Undefined index: house_id F:\wamp64\www\uhouse\Application\Runtime\Cache\Admin\2f2e4570f41b2917574d7c37c9c5c7ba.php 第 183 行.
NOTIC: [8] Undefined index: house_id F:\wamp64\www\uhouse\Application\Runtime\Cache\Admin\2f2e4570f41b2917574d7c37c9c5c7ba.php 第 183 行.
INFO: Run Behavior\ParseTemplateBehavior [ RunTime:0.013500s ]
INFO: [ view_parse ] --END-- [ RunTime:0.013673s ]
INFO: [ view_filter ] --START--
INFO: Run Behavior\WriteHtmlCacheBehavior [ RunTime:0.000794s ]
INFO: [ view_filter ] --END-- [ RunTime:0.000910s ]
INFO: [ app_end ] --START--
INFO: Run Behavior\ShowPageTraceBehavior [ RunTime:0.000821s ]
INFO: [ app_end ] --END-- [ RunTime:0.000955s ]

[ 2017-07-24T01:02:19+08:00 ] 127.0.0.1 /uhouse/admin.php?c=Renter&a=liked
INFO: [ app_init ] --START--
INFO: Run Behavior\BuildLiteBehavior [ RunTime:0.000033s ]
INFO: [ app_init ] --END-- [ RunTime:0.000680s ]
INFO: [ app_begin ] --START--
INFO: Run Behavior\ReadHtmlCacheBehavior [ RunTime:0.000905s ]
INFO: [ app_begin ] --END-- [ RunTime:0.001064s ]
SQL: SHOW COLUMNS FROM `uhouse_like` [ RunTime:0.0008s ]
SQL: SHOW COLUMNS FROM `uhouse_rent_condo` [ RunTime:0.0007s ]
SQL: SELECT * FROM `uhouse_like` WHERE ( username="1547554745" )  [ RunTime:0.0004s ]
SQL: SELECT * FROM `uhouse_rent_condo` WHERE ( rent_condo_id="10466" ) LIMIT 1   [ RunTime:0.0005s ]
SQL: SELECT * FROM `uhouse_rent_condo` WHERE ( rent_condo_id="4439" ) LIMIT 1   [ RunTime:0.0003s ]
SQL: SELECT * FROM `uhouse_rent_condo` WHERE ( rent_condo_id="13391" ) LIMIT 1   [ RunTime:0.0004s ]
SQL: SELECT * FROM `uhouse_rent_condo` WHERE ( rent_condo_id="11927" ) LIMIT 1   [ RunTime:0.0003s ]
SQL: SELECT * FROM `uhouse_rent_condo` WHERE ( rent_condo_id="7140" ) LIMIT 1   [ RunTime:0.0003s ]
SQL: SELECT * FROM `uhouse_rent_condo` WHERE ( rent_condo_id="8803" ) LIMIT 1   [ RunTime:0.0003s ]
SQL: SELECT * FROM `uhouse_rent_condo` WHERE ( rent_condo_id="23231" ) LIMIT 1   [ RunTime:0.0003s ]
INFO: [ view_parse ] --START--
INFO: [ template_filter ] --START--
INFO: Run Behavior\ContentReplaceBehavior [ RunTime:0.000156s ]
INFO: [ template_filter ] --END-- [ RunTime:0.000325s ]
SQL: SHOW COLUMNS FROM `uhouse_renter` [ RunTime:0.0008s ]
SQL: SELECT * FROM `uhouse_renter` WHERE ( username="1547554745" ) LIMIT 1   [ RunTime:0.0004s ]
NOTIC: [8] Undefined index: house_id F:\wamp64\www\uhouse\Application\Runtime\Cache\Admin\2f2e4570f41b2917574d7c37c9c5c7ba.php 第 183 行.
NOTIC: [8] Undefined index: house_id F:\wamp64\www\uhouse\Application\Runtime\Cache\Admin\2f2e4570f41b2917574d7c37c9c5c7ba.php 第 183 行.
NOTIC: [8] Undefined index: house_id F:\wamp64\www\uhouse\Application\Runtime\Cache\Admin\2f2e4570f41b2917574d7c37c9c5c7ba.php 第 183 行.
NOTIC: [8] Undefined index: house_id F:\wamp64\www\uhouse\Application\Runtime\Cache\Admin\2f2e4570f41b2917574d7c37c9c5c7ba.php 第 183 行.
NOTIC: [8] Undefined index: house_id F:\wamp64\www\uhouse\Application\Runtime\Cache\Admin\2f2e4570f41b2917574d7c37c9c5c7ba.php 第 183 行.
NOTIC: [8] Undefined index: house_id F:\wamp64\www\uhouse\Application\Runtime\Cache\Admin\2f2e4570f41b2917574d7c37c9c5c7ba.php 第 183 行.
NOTIC: [8] Undefined index: house_id F:\wamp64\www\uhouse\Application\Runtime\Cache\Admin\2f2e4570f41b2917574d7c37c9c5c7ba.php 第 183 行.
INFO: Run Behavior\ParseTemplateBehavior [ RunTime:0.017698s ]
INFO: [ view_parse ] --END-- [ RunTime:0.017851s ]
INFO: [ view_filter ] --START--
INFO: Run Behavior\WriteHtmlCacheBehavior [ RunTime:0.000801s ]
INFO: [ view_filter ] --END-- [ RunTime:0.000928s ]
INFO: [ app_end ] --START--
INFO: Run Behavior\ShowPageTraceBehavior [ RunTime:0.000934s ]
INFO: [ app_end ] --END-- [ RunTime:0.001080s ]

[ 2017-07-24T01:02:51+08:00 ] 127.0.0.1 /uhouse/admin.php?c=Renter&a=liked
INFO: [ app_init ] --START--
INFO: Run Behavior\BuildLiteBehavior [ RunTime:0.000026s ]
INFO: [ app_init ] --END-- [ RunTime:0.000498s ]
INFO: [ app_begin ] --START--
INFO: Run Behavior\ReadHtmlCacheBehavior [ RunTime:0.000559s ]
INFO: [ app_begin ] --END-- [ RunTime:0.000668s ]
SQL: SHOW COLUMNS FROM `uhouse_like` [ RunTime:0.0007s ]
SQL: SHOW COLUMNS FROM `uhouse_rent_condo` [ RunTime:0.0006s ]
SQL: SELECT * FROM `uhouse_like` WHERE ( username="1547554745" )  [ RunTime:0.0004s ]
SQL: SELECT * FROM `uhouse_rent_condo` WHERE ( rent_condo_id="10466" ) LIMIT 1   [ RunTime:0.0005s ]
SQL: SELECT * FROM `uhouse_rent_condo` WHERE ( rent_condo_id="4439" ) LIMIT 1   [ RunTime:0.0003s ]
SQL: SELECT * FROM `uhouse_rent_condo` WHERE ( rent_condo_id="13391" ) LIMIT 1   [ RunTime:0.0003s ]
SQL: SELECT * FROM `uhouse_rent_condo` WHERE ( rent_condo_id="11927" ) LIMIT 1   [ RunTime:0.0003s ]
SQL: SELECT * FROM `uhouse_rent_condo` WHERE ( rent_condo_id="7140" ) LIMIT 1   [ RunTime:0.0004s ]
SQL: SELECT * FROM `uhouse_rent_condo` WHERE ( rent_condo_id="8803" ) LIMIT 1   [ RunTime:0.0003s ]
SQL: SELECT * FROM `uhouse_rent_condo` WHERE ( rent_condo_id="23231" ) LIMIT 1   [ RunTime:0.0003s ]
INFO: [ view_parse ] --START--
INFO: [ template_filter ] --START--
INFO: Run Behavior\ContentReplaceBehavior [ RunTime:0.000101s ]
INFO: [ template_filter ] --END-- [ RunTime:0.000244s ]
SQL: SHOW COLUMNS FROM `uhouse_renter` [ RunTime:0.0008s ]
SQL: SELECT * FROM `uhouse_renter` WHERE ( username="1547554745" ) LIMIT 1   [ RunTime:0.0004s ]
NOTIC: [8] Undefined index: house_id F:\wamp64\www\uhouse\Application\Runtime\Cache\Admin\2f2e4570f41b2917574d7c37c9c5c7ba.php 第 183 行.
NOTIC: [8] Undefined index: house_id F:\wamp64\www\uhouse\Application\Runtime\Cache\Admin\2f2e4570f41b2917574d7c37c9c5c7ba.php 第 183 行.
NOTIC: [8] Undefined index: house_id F:\wamp64\www\uhouse\Application\Runtime\Cache\Admin\2f2e4570f41b2917574d7c37c9c5c7ba.php 第 183 行.
NOTIC: [8] Undefined index: house_id F:\wamp64\www\uhouse\Application\Runtime\Cache\Admin\2f2e4570f41b2917574d7c37c9c5c7ba.php 第 183 行.
NOTIC: [8] Undefined index: house_id F:\wamp64\www\uhouse\Application\Runtime\Cache\Admin\2f2e4570f41b2917574d7c37c9c5c7ba.php 第 183 行.
NOTIC: [8] Undefined index: house_id F:\wamp64\www\uhouse\Application\Runtime\Cache\Admin\2f2e4570f41b2917574d7c37c9c5c7ba.php 第 183 行.
NOTIC: [8] Undefined index: house_id F:\wamp64\www\uhouse\Application\Runtime\Cache\Admin\2f2e4570f41b2917574d7c37c9c5c7ba.php 第 183 行.
INFO: Run Behavior\ParseTemplateBehavior [ RunTime:0.013148s ]
INFO: [ view_parse ] --END-- [ RunTime:0.013270s ]
INFO: [ view_filter ] --START--
INFO: Run Behavior\WriteHtmlCacheBehavior [ RunTime:0.000544s ]
INFO: [ view_filter ] --END-- [ RunTime:0.000645s ]
INFO: [ app_end ] --START--
INFO: Run Behavior\ShowPageTraceBehavior [ RunTime:0.000773s ]
INFO: [ app_end ] --END-- [ RunTime:0.000952s ]

[ 2017-07-24T10:48:15+08:00 ] 127.0.0.1 /uhouse/admin.php?c=Renter&a=check
INFO: [ app_init ] --START--
INFO: Run Behavior\BuildLiteBehavior [ RunTime:0.000030s ]
INFO: [ app_init ] --END-- [ RunTime:0.000691s ]
INFO: [ app_begin ] --START--
INFO: Run Behavior\ReadHtmlCacheBehavior [ RunTime:0.000898s ]
INFO: [ app_begin ] --END-- [ RunTime:0.001024s ]
NOTIC: [8] Undefined index: adminRenter F:\wamp64\www\uhouse\Application\Common\Common\function.php 第 132 行.

[ 2017-07-24T10:48:15+08:00 ] 127.0.0.1 /uhouse/admin.php?c=Renterlogin
INFO: [ app_init ] --START--
INFO: Run Behavior\BuildLiteBehavior [ RunTime:0.000044s ]
INFO: [ app_init ] --END-- [ RunTime:0.000951s ]
INFO: [ app_begin ] --START--
INFO: Run Behavior\ReadHtmlCacheBehavior [ RunTime:0.001275s ]
INFO: [ app_begin ] --END-- [ RunTime:0.001497s ]
INFO: [ view_parse ] --START--
INFO: [ template_filter ] --START--
INFO: Run Behavior\ContentReplaceBehavior [ RunTime:0.000075s ]
INFO: [ template_filter ] --END-- [ RunTime:0.000195s ]
INFO: Run Behavior\ParseTemplateBehavior [ RunTime:0.011908s ]
INFO: [ view_parse ] --END-- [ RunTime:0.012055s ]
INFO: [ view_filter ] --START--
INFO: Run Behavior\WriteHtmlCacheBehavior [ RunTime:0.000564s ]
INFO: [ view_filter ] --END-- [ RunTime:0.000669s ]
INFO: [ app_end ] --START--
INFO: Run Behavior\ShowPageTraceBehavior [ RunTime:0.000735s ]
INFO: [ app_end ] --END-- [ RunTime:0.000850s ]

[ 2017-07-24T10:48:27+08:00 ] 127.0.0.1 /uhouse/admin.php?c=Renter&a=check
INFO: [ app_init ] --START--
INFO: Run Behavior\BuildLiteBehavior [ RunTime:0.000031s ]
INFO: [ app_init ] --END-- [ RunTime:0.000684s ]
INFO: [ app_begin ] --START--
INFO: Run Behavior\ReadHtmlCacheBehavior [ RunTime:0.000866s ]
INFO: [ app_begin ] --END-- [ RunTime:0.000987s ]
NOTIC: [8] Undefined index: adminRenter F:\wamp64\www\uhouse\Application\Common\Common\function.php 第 132 行.

[ 2017-07-24T10:48:27+08:00 ] 127.0.0.1 /uhouse/admin.php?c=Renterlogin
INFO: [ app_init ] --START--
INFO: Run Behavior\BuildLiteBehavior [ RunTime:0.000027s ]
INFO: [ app_init ] --END-- [ RunTime:0.000608s ]
INFO: [ app_begin ] --START--
INFO: Run Behavior\ReadHtmlCacheBehavior [ RunTime:0.000692s ]
INFO: [ app_begin ] --END-- [ RunTime:0.000815s ]
INFO: [ view_parse ] --START--
INFO: [ template_filter ] --START--
INFO: Run Behavior\ContentReplaceBehavior [ RunTime:0.000151s ]
INFO: [ template_filter ] --END-- [ RunTime:0.000373s ]
INFO: Run Behavior\ParseTemplateBehavior [ RunTime:0.009673s ]
INFO: [ view_parse ] --END-- [ RunTime:0.009825s ]
INFO: [ view_filter ] --START--
INFO: Run Behavior\WriteHtmlCacheBehavior [ RunTime:0.000578s ]
INFO: [ view_filter ] --END-- [ RunTime:0.000679s ]
INFO: [ app_end ] --START--
INFO: Run Behavior\ShowPageTraceBehavior [ RunTime:0.000684s ]
INFO: [ app_end ] --END-- [ RunTime:0.000799s ]

[ 2017-07-24T10:49:48+08:00 ] 127.0.0.1 /uhouse/admin.php?c=Renter&a=check
INFO: [ app_init ] --START--
INFO: Run Behavior\BuildLiteBehavior [ RunTime:0.000032s ]
INFO: [ app_init ] --END-- [ RunTime:0.000703s ]
INFO: [ app_begin ] --START--
INFO: Run Behavior\ReadHtmlCacheBehavior [ RunTime:0.000892s ]
INFO: [ app_begin ] --END-- [ RunTime:0.001017s ]
NOTIC: [8] Undefined index: adminRenter F:\wamp64\www\uhouse\Application\Common\Common\function.php 第 132 行.

[ 2017-07-24T10:49:48+08:00 ] 127.0.0.1 /uhouse/admin.php?c=Renterlogin
INFO: [ app_init ] --START--
INFO: Run Behavior\BuildLiteBehavior [ RunTime:0.000062s ]
INFO: [ app_init ] --END-- [ RunTime:0.001286s ]
INFO: [ app_begin ] --START--
INFO: Run Behavior\ReadHtmlCacheBehavior [ RunTime:0.000797s ]
INFO: [ app_begin ] --END-- [ RunTime:0.000934s ]
INFO: [ view_parse ] --START--
INFO: [ template_filter ] --START--
INFO: Run Behavior\ContentReplaceBehavior [ RunTime:0.000076s ]
INFO: [ template_filter ] --END-- [ RunTime:0.000214s ]
INFO: Run Behavior\ParseTemplateBehavior [ RunTime:0.008801s ]
INFO: [ view_parse ] --END-- [ RunTime:0.008915s ]
INFO: [ view_filter ] --START--
INFO: Run Behavior\WriteHtmlCacheBehavior [ RunTime:0.000578s ]
INFO: [ view_filter ] --END-- [ RunTime:0.000673s ]
INFO: [ app_end ] --START--
INFO: Run Behavior\ShowPageTraceBehavior [ RunTime:0.000696s ]
INFO: [ app_end ] --END-- [ RunTime:0.000803s ]

[ 2017-07-24T10:50:32+08:00 ] 127.0.0.1 /uhouse/admin.php?c=Renter&a=check
INFO: [ app_init ] --START--
INFO: Run Behavior\BuildLiteBehavior [ RunTime:0.000033s ]
INFO: [ app_init ] --END-- [ RunTime:0.000659s ]
INFO: [ app_begin ] --START--
INFO: Run Behavior\ReadHtmlCacheBehavior [ RunTime:0.000892s ]
INFO: [ app_begin ] --END-- [ RunTime:0.001017s ]
NOTIC: [8] Undefined index: adminRenter F:\wamp64\www\uhouse\Application\Common\Common\function.php 第 132 行.

[ 2017-07-24T10:50:37+08:00 ] 127.0.0.1 /uhouse/admin.php?c=Renterlogin
INFO: [ app_init ] --START--
INFO: Run Behavior\BuildLiteBehavior [ RunTime:0.000030s ]
INFO: [ app_init ] --END-- [ RunTime:0.000689s ]
INFO: [ app_begin ] --START--
INFO: Run Behavior\ReadHtmlCacheBehavior [ RunTime:0.000893s ]
INFO: [ app_begin ] --END-- [ RunTime:0.001048s ]
INFO: [ view_parse ] --START--
INFO: [ template_filter ] --START--
INFO: Run Behavior\ContentReplaceBehavior [ RunTime:0.000084s ]
INFO: [ template_filter ] --END-- [ RunTime:0.000238s ]
INFO: Run Behavior\ParseTemplateBehavior [ RunTime:0.007176s ]
INFO: [ view_parse ] --END-- [ RunTime:0.007347s ]
INFO: [ view_filter ] --START--
INFO: Run Behavior\WriteHtmlCacheBehavior [ RunTime:0.000580s ]
INFO: [ view_filter ] --END-- [ RunTime:0.000671s ]
INFO: [ app_end ] --START--
INFO: Run Behavior\ShowPageTraceBehavior [ RunTime:0.000698s ]
INFO: [ app_end ] --END-- [ RunTime:0.000833s ]

[ 2017-07-24T10:50:44+08:00 ] 127.0.0.1 /uhouse/admin.php?c=Renterlogin&a=check
INFO: [ app_init ] --START--
INFO: Run Behavior\BuildLiteBehavior [ RunTime:0.000030s ]
INFO: [ app_init ] --END-- [ RunTime:0.000695s ]
INFO: [ app_begin ] --START--
INFO: Run Behavior\ReadHtmlCacheBehavior [ RunTime:0.000873s ]
INFO: [ app_begin ] --END-- [ RunTime:0.000995s ]
SQL: SHOW COLUMNS FROM `uhouse_renter` [ RunTime:0.0007s ]
SQL: SELECT * FROM `uhouse_renter` WHERE ( username="1547554745" ) LIMIT 1   [ RunTime:0.0004s ]

[ 2017-07-24T10:50:46+08:00 ] 127.0.0.1 /uhouse/admin.php?c=Renter
INFO: [ app_init ] --START--
INFO: Run Behavior\BuildLiteBehavior [ RunTime:0.000032s ]
INFO: [ app_init ] --END-- [ RunTime:0.000740s ]
INFO: [ app_begin ] --START--
INFO: Run Behavior\ReadHtmlCacheBehavior [ RunTime:0.000919s ]
INFO: [ app_begin ] --END-- [ RunTime:0.001065s ]
INFO: [ view_parse ] --START--
INFO: [ template_filter ] --START--
INFO: Run Behavior\ContentReplaceBehavior [ RunTime:0.000084s ]
INFO: [ template_filter ] --END-- [ RunTime:0.000205s ]
SQL: SHOW COLUMNS FROM `uhouse_renter` [ RunTime:0.0007s ]
SQL: SELECT * FROM `uhouse_renter` WHERE ( username="1547554745" ) LIMIT 1   [ RunTime:0.0004s ]
INFO: Run Behavior\ParseTemplateBehavior [ RunTime:0.036306s ]
INFO: [ view_parse ] --END-- [ RunTime:0.036442s ]
INFO: [ view_filter ] --START--
INFO: Run Behavior\WriteHtmlCacheBehavior [ RunTime:0.000797s ]
INFO: [ view_filter ] --END-- [ RunTime:0.000924s ]
INFO: [ app_end ] --START--
INFO: Run Behavior\ShowPageTraceBehavior [ RunTime:0.000827s ]
INFO: [ app_end ] --END-- [ RunTime:0.000960s ]

[ 2017-07-24T10:50:49+08:00 ] 127.0.0.1 /uhouse/admin.php?c=Renter&a=liked
INFO: [ app_init ] --START--
INFO: Run Behavior\BuildLiteBehavior [ RunTime:0.000030s ]
INFO: [ app_init ] --END-- [ RunTime:0.000709s ]
INFO: [ app_begin ] --START--
INFO: Run Behavior\ReadHtmlCacheBehavior [ RunTime:0.000872s ]
INFO: [ app_begin ] --END-- [ RunTime:0.001029s ]
SQL: SHOW COLUMNS FROM `uhouse_like` [ RunTime:0.0006s ]
SQL: SHOW COLUMNS FROM `uhouse_rent_condo` [ RunTime:0.0006s ]
SQL: SELECT * FROM `uhouse_like` WHERE ( username="1547554745" )  [ RunTime:0.0003s ]
SQL: SELECT * FROM `uhouse_rent_condo` WHERE ( rent_condo_id="10466" ) LIMIT 1   [ RunTime:0.0004s ]
SQL: SELECT * FROM `uhouse_rent_condo` WHERE ( rent_condo_id="4439" ) LIMIT 1   [ RunTime:0.0005s ]
SQL: SELECT * FROM `uhouse_rent_condo` WHERE ( rent_condo_id="13391" ) LIMIT 1   [ RunTime:0.0003s ]
SQL: SELECT * FROM `uhouse_rent_condo` WHERE ( rent_condo_id="11927" ) LIMIT 1   [ RunTime:0.0003s ]
SQL: SELECT * FROM `uhouse_rent_condo` WHERE ( rent_condo_id="7140" ) LIMIT 1   [ RunTime:0.0003s ]
SQL: SELECT * FROM `uhouse_rent_condo` WHERE ( rent_condo_id="8803" ) LIMIT 1   [ RunTime:0.0003s ]
SQL: SELECT * FROM `uhouse_rent_condo` WHERE ( rent_condo_id="23231" ) LIMIT 1   [ RunTime:0.0003s ]
INFO: [ view_parse ] --START--
INFO: [ template_filter ] --START--
INFO: Run Behavior\ContentReplaceBehavior [ RunTime:0.000094s ]
INFO: [ template_filter ] --END-- [ RunTime:0.000193s ]
SQL: SHOW COLUMNS FROM `uhouse_renter` [ RunTime:0.0007s ]
SQL: SELECT * FROM `uhouse_renter` WHERE ( username="1547554745" ) LIMIT 1   [ RunTime:0.0004s ]
NOTIC: [8] Undefined index: house_id F:\wamp64\www\uhouse\Application\Runtime\Cache\Admin\2f2e4570f41b2917574d7c37c9c5c7ba.php 第 183 行.
NOTIC: [8] Undefined index: house_id F:\wamp64\www\uhouse\Application\Runtime\Cache\Admin\2f2e4570f41b2917574d7c37c9c5c7ba.php 第 183 行.
NOTIC: [8] Undefined index: house_id F:\wamp64\www\uhouse\Application\Runtime\Cache\Admin\2f2e4570f41b2917574d7c37c9c5c7ba.php 第 183 行.
NOTIC: [8] Undefined index: house_id F:\wamp64\www\uhouse\Application\Runtime\Cache\Admin\2f2e4570f41b2917574d7c37c9c5c7ba.php 第 183 行.
NOTIC: [8] Undefined index: house_id F:\wamp64\www\uhouse\Application\Runtime\Cache\Admin\2f2e4570f41b2917574d7c37c9c5c7ba.php 第 183 行.
NOTIC: [8] Undefined index: house_id F:\wamp64\www\uhouse\Application\Runtime\Cache\Admin\2f2e4570f41b2917574d7c37c9c5c7ba.php 第 183 行.
NOTIC: [8] Undefined index: house_id F:\wamp64\www\uhouse\Application\Runtime\Cache\Admin\2f2e4570f41b2917574d7c37c9c5c7ba.php 第 183 行.
INFO: Run Behavior\ParseTemplateBehavior [ RunTime:0.012361s ]
INFO: [ view_parse ] --END-- [ RunTime:0.012501s ]
INFO: [ view_filter ] --START--
INFO: Run Behavior\WriteHtmlCacheBehavior [ RunTime:0.000656s ]
INFO: [ view_filter ] --END-- [ RunTime:0.000780s ]
INFO: [ app_end ] --START--
INFO: Run Behavior\ShowPageTraceBehavior [ RunTime:0.000742s ]
INFO: [ app_end ] --END-- [ RunTime:0.000855s ]

[ 2017-07-24T10:56:30+08:00 ] 127.0.0.1 /uhouse/admin.php?c=Renter&a=liked
INFO: [ app_init ] --START--
INFO: Run Behavior\BuildLiteBehavior [ RunTime:0.000031s ]
INFO: [ app_init ] --END-- [ RunTime:0.000678s ]
INFO: [ app_begin ] --START--
INFO: Run Behavior\ReadHtmlCacheBehavior [ RunTime:0.001118s ]
INFO: [ app_begin ] --END-- [ RunTime:0.001324s ]
SQL: SHOW COLUMNS FROM `uhouse_like` [ RunTime:0.0009s ]
SQL: SHOW COLUMNS FROM `uhouse_rent_condo` [ RunTime:0.0006s ]
SQL: SELECT * FROM `uhouse_like` WHERE ( username="1547554745" )  [ RunTime:0.0004s ]
SQL: SELECT * FROM `uhouse_rent_condo` WHERE ( rent_condo_id="10466" ) LIMIT 1   [ RunTime:0.0004s ]
SQL: SELECT * FROM `uhouse_rent_condo` WHERE ( rent_condo_id="4439" ) LIMIT 1   [ RunTime:0.0003s ]
SQL: SELECT * FROM `uhouse_rent_condo` WHERE ( rent_condo_id="13391" ) LIMIT 1   [ RunTime:0.0003s ]
SQL: SELECT * FROM `uhouse_rent_condo` WHERE ( rent_condo_id="11927" ) LIMIT 1   [ RunTime:0.0003s ]
SQL: SELECT * FROM `uhouse_rent_condo` WHERE ( rent_condo_id="7140" ) LIMIT 1   [ RunTime:0.0003s ]
SQL: SELECT * FROM `uhouse_rent_condo` WHERE ( rent_condo_id="8803" ) LIMIT 1   [ RunTime:0.0003s ]
SQL: SELECT * FROM `uhouse_rent_condo` WHERE ( rent_condo_id="23231" ) LIMIT 1   [ RunTime:0.0003s ]
INFO: [ view_parse ] --START--
INFO: [ template_filter ] --START--
INFO: Run Behavior\ContentReplaceBehavior [ RunTime:0.000101s ]
INFO: [ template_filter ] --END-- [ RunTime:0.000207s ]
SQL: SHOW COLUMNS FROM `uhouse_renter` [ RunTime:0.0006s ]
SQL: SELECT * FROM `uhouse_renter` WHERE ( username="1547554745" ) LIMIT 1   [ RunTime:0.0003s ]
INFO: Run Behavior\ParseTemplateBehavior [ RunTime:0.012562s ]
INFO: [ view_parse ] --END-- [ RunTime:0.012705s ]
INFO: [ view_filter ] --START--
INFO: Run Behavior\WriteHtmlCacheBehavior [ RunTime:0.000746s ]
INFO: [ view_filter ] --END-- [ RunTime:0.000858s ]
INFO: [ app_end ] --START--
INFO: Run Behavior\ShowPageTraceBehavior [ RunTime:0.000783s ]
INFO: [ app_end ] --END-- [ RunTime:0.000893s ]

[ 2017-07-24T11:16:40+08:00 ] 127.0.0.1 /uhouse/admin.php?c=Renter&a=liked
INFO: [ app_init ] --START--
INFO: Run Behavior\BuildLiteBehavior [ RunTime:0.000040s ]
INFO: [ app_init ] --END-- [ RunTime:0.000691s ]
INFO: [ app_begin ] --START--
INFO: Run Behavior\ReadHtmlCacheBehavior [ RunTime:0.000955s ]
INFO: [ app_begin ] --END-- [ RunTime:0.001121s ]
SQL: SHOW COLUMNS FROM `uhouse_like` [ RunTime:0.0009s ]
SQL: SHOW COLUMNS FROM `uhouse_rent_condo` [ RunTime:0.0005s ]
SQL: SELECT * FROM `uhouse_like` WHERE ( username="1547554745" )  [ RunTime:0.0005s ]
SQL: SELECT * FROM `uhouse_rent_condo` WHERE ( rent_condo_id="10466" ) LIMIT 1   [ RunTime:0.0003s ]
SQL: SELECT * FROM `uhouse_rent_condo` WHERE ( rent_condo_id="4439" ) LIMIT 1   [ RunTime:0.0003s ]
SQL: SELECT * FROM `uhouse_rent_condo` WHERE ( rent_condo_id="13391" ) LIMIT 1   [ RunTime:0.0003s ]
SQL: SELECT * FROM `uhouse_rent_condo` WHERE ( rent_condo_id="11927" ) LIMIT 1   [ RunTime:0.0003s ]
SQL: SELECT * FROM `uhouse_rent_condo` WHERE ( rent_condo_id="7140" ) LIMIT 1   [ RunTime:0.0003s ]
SQL: SELECT * FROM `uhouse_rent_condo` WHERE ( rent_condo_id="8803" ) LIMIT 1   [ RunTime:0.0003s ]
SQL: SELECT * FROM `uhouse_rent_condo` WHERE ( rent_condo_id="23231" ) LIMIT 1   [ RunTime:0.0003s ]
INFO: [ view_parse ] --START--
INFO: [ template_filter ] --START--
INFO: Run Behavior\ContentReplaceBehavior [ RunTime:0.000108s ]
INFO: [ template_filter ] --END-- [ RunTime:0.000222s ]
SQL: SHOW COLUMNS FROM `uhouse_renter` [ RunTime:0.0007s ]
SQL: SELECT * FROM `uhouse_renter` WHERE ( username="1547554745" ) LIMIT 1   [ RunTime:0.0004s ]
INFO: Run Behavior\ParseTemplateBehavior [ RunTime:0.012437s ]
INFO: [ view_parse ] --END-- [ RunTime:0.012580s ]
INFO: [ view_filter ] --START--
INFO: Run Behavior\WriteHtmlCacheBehavior [ RunTime:0.000701s ]
INFO: [ view_filter ] --END-- [ RunTime:0.000825s ]
INFO: [ app_end ] --START--
INFO: Run Behavior\ShowPageTraceBehavior [ RunTime:0.000762s ]
INFO: [ app_end ] --END-- [ RunTime:0.000893s ]

[ 2017-07-24T11:16:44+08:00 ] 127.0.0.1 /uhouse/admin.php?c=Renter&a=delete
INFO: [ app_init ] --START--
INFO: Run Behavior\BuildLiteBehavior [ RunTime:0.000029s ]
INFO: [ app_init ] --END-- [ RunTime:0.000528s ]
INFO: [ app_begin ] --START--
INFO: Run Behavior\ReadHtmlCacheBehavior [ RunTime:0.000657s ]
INFO: [ app_begin ] --END-- [ RunTime:0.000749s ]
SQL: SHOW COLUMNS FROM `uhouse_like` [ RunTime:0.0015s ]
SQL: SHOW COLUMNS FROM `uhouse_rent_condo` [ RunTime:0.0011s ]
SQL: UPDATE `uhouse_like` SET `status`='-1' WHERE `username` = '1547554745' AND `rent_condo_id` = '' [ RunTime:0.0004s ]

[ 2017-07-24T11:17:29+08:00 ] 127.0.0.1 /uhouse/admin.php?c=Renter&a=liked
INFO: [ app_init ] --START--
INFO: Run Behavior\BuildLiteBehavior [ RunTime:0.000025s ]
INFO: [ app_init ] --END-- [ RunTime:0.000553s ]
INFO: [ app_begin ] --START--
INFO: Run Behavior\ReadHtmlCacheBehavior [ RunTime:0.000964s ]
INFO: [ app_begin ] --END-- [ RunTime:0.001119s ]
SQL: SHOW COLUMNS FROM `uhouse_like` [ RunTime:0.0006s ]
SQL: SHOW COLUMNS FROM `uhouse_rent_condo` [ RunTime:0.0005s ]
SQL: SELECT * FROM `uhouse_like` WHERE ( username="1547554745" )  [ RunTime:0.0004s ]
SQL: SELECT * FROM `uhouse_rent_condo` WHERE ( rent_condo_id="10466" ) LIMIT 1   [ RunTime:0.0004s ]
SQL: SELECT * FROM `uhouse_rent_condo` WHERE ( rent_condo_id="4439" ) LIMIT 1   [ RunTime:0.0003s ]
SQL: SELECT * FROM `uhouse_rent_condo` WHERE ( rent_condo_id="13391" ) LIMIT 1   [ RunTime:0.0003s ]
SQL: SELECT * FROM `uhouse_rent_condo` WHERE ( rent_condo_id="11927" ) LIMIT 1   [ RunTime:0.0003s ]
SQL: SELECT * FROM `uhouse_rent_condo` WHERE ( rent_condo_id="7140" ) LIMIT 1   [ RunTime:0.0003s ]
SQL: SELECT * FROM `uhouse_rent_condo` WHERE ( rent_condo_id="8803" ) LIMIT 1   [ RunTime:0.0003s ]
SQL: SELECT * FROM `uhouse_rent_condo` WHERE ( rent_condo_id="23231" ) LIMIT 1   [ RunTime:0.0003s ]
INFO: [ view_parse ] --START--
INFO: [ template_filter ] --START--
INFO: Run Behavior\ContentReplaceBehavior [ RunTime:0.000099s ]
INFO: [ template_filter ] --END-- [ RunTime:0.000197s ]
SQL: SHOW COLUMNS FROM `uhouse_renter` [ RunTime:0.0006s ]
SQL: SELECT * FROM `uhouse_renter` WHERE ( username="1547554745" ) LIMIT 1   [ RunTime:0.0003s ]
INFO: Run Behavior\ParseTemplateBehavior [ RunTime:0.012200s ]
INFO: [ view_parse ] --END-- [ RunTime:0.012342s ]
INFO: [ view_filter ] --START--
INFO: Run Behavior\WriteHtmlCacheBehavior [ RunTime:0.000658s ]
INFO: [ view_filter ] --END-- [ RunTime:0.000780s ]
INFO: [ app_end ] --START--
INFO: Run Behavior\ShowPageTraceBehavior [ RunTime:0.000738s ]
INFO: [ app_end ] --END-- [ RunTime:0.000868s ]

[ 2017-07-24T11:17:31+08:00 ] 127.0.0.1 /uhouse/admin.php?c=Renter&a=delete
INFO: [ app_init ] --START--
INFO: Run Behavior\BuildLiteBehavior [ RunTime:0.000026s ]
INFO: [ app_init ] --END-- [ RunTime:0.000569s ]
INFO: [ app_begin ] --START--
INFO: Run Behavior\ReadHtmlCacheBehavior [ RunTime:0.000702s ]
INFO: [ app_begin ] --END-- [ RunTime:0.000799s ]
SQL: SHOW COLUMNS FROM `uhouse_like` [ RunTime:0.0009s ]
SQL: SHOW COLUMNS FROM `uhouse_rent_condo` [ RunTime:0.0008s ]
SQL: UPDATE `uhouse_like` SET `status`='-1' WHERE `username` = '1547554745' AND `rent_condo_id` = '' [ RunTime:0.0004s ]

[ 2017-07-24T11:18:25+08:00 ] 127.0.0.1 /uhouse/admin.php?c=Renter&a=liked
INFO: [ app_init ] --START--
INFO: Run Behavior\BuildLiteBehavior [ RunTime:0.000023s ]
INFO: [ app_init ] --END-- [ RunTime:0.000524s ]
INFO: [ app_begin ] --START--
INFO: Run Behavior\ReadHtmlCacheBehavior [ RunTime:0.000702s ]
INFO: [ app_begin ] --END-- [ RunTime:0.000812s ]
SQL: SHOW COLUMNS FROM `uhouse_like` [ RunTime:0.0008s ]
SQL: SHOW COLUMNS FROM `uhouse_rent_condo` [ RunTime:0.0006s ]
SQL: SELECT * FROM `uhouse_like` WHERE ( username="1547554745" )  [ RunTime:0.0004s ]
SQL: SELECT * FROM `uhouse_rent_condo` WHERE ( rent_condo_id="10466" ) LIMIT 1   [ RunTime:0.0004s ]
SQL: SELECT * FROM `uhouse_rent_condo` WHERE ( rent_condo_id="4439" ) LIMIT 1   [ RunTime:0.0003s ]
SQL: SELECT * FROM `uhouse_rent_condo` WHERE ( rent_condo_id="13391" ) LIMIT 1   [ RunTime:0.0003s ]
SQL: SELECT * FROM `uhouse_rent_condo` WHERE ( rent_condo_id="11927" ) LIMIT 1   [ RunTime:0.0003s ]
SQL: SELECT * FROM `uhouse_rent_condo` WHERE ( rent_condo_id="7140" ) LIMIT 1   [ RunTime:0.0003s ]
SQL: SELECT * FROM `uhouse_rent_condo` WHERE ( rent_condo_id="8803" ) LIMIT 1   [ RunTime:0.0003s ]
SQL: SELECT * FROM `uhouse_rent_condo` WHERE ( rent_condo_id="23231" ) LIMIT 1   [ RunTime:0.0003s ]
INFO: [ view_parse ] --START--
INFO: [ template_filter ] --START--
INFO: Run Behavior\ContentReplaceBehavior [ RunTime:0.000098s ]
INFO: [ template_filter ] --END-- [ RunTime:0.000199s ]
SQL: SHOW COLUMNS FROM `uhouse_renter` [ RunTime:0.0007s ]
SQL: SELECT * FROM `uhouse_renter` WHERE ( username="1547554745" ) LIMIT 1   [ RunTime:0.0004s ]
INFO: Run Behavior\ParseTemplateBehavior [ RunTime:0.012679s ]
INFO: [ view_parse ] --END-- [ RunTime:0.012818s ]
INFO: [ view_filter ] --START--
INFO: Run Behavior\WriteHtmlCacheBehavior [ RunTime:0.000730s ]
INFO: [ view_filter ] --END-- [ RunTime:0.000853s ]
INFO: [ app_end ] --START--
INFO: Run Behavior\ShowPageTraceBehavior [ RunTime:0.000920s ]
INFO: [ app_end ] --END-- [ RunTime:0.001064s ]

[ 2017-07-24T11:18:27+08:00 ] 127.0.0.1 /uhouse/admin.php?c=Renter&a=delete
INFO: [ app_init ] --START--
INFO: Run Behavior\BuildLiteBehavior [ RunTime:0.000028s ]
INFO: [ app_init ] --END-- [ RunTime:0.000524s ]
INFO: [ app_begin ] --START--
INFO: Run Behavior\ReadHtmlCacheBehavior [ RunTime:0.000711s ]
INFO: [ app_begin ] --END-- [ RunTime:0.000809s ]
SQL: SHOW COLUMNS FROM `uhouse_like` [ RunTime:0.0007s ]
SQL: SHOW COLUMNS FROM `uhouse_rent_condo` [ RunTime:0.0005s ]
SQL: UPDATE `uhouse_like` SET `status`='-1' WHERE `username` = '1547554745' AND `rent_condo_id` = '' [ RunTime:0.0007s ]

[ 2017-07-24T11:19:09+08:00 ] 127.0.0.1 /uhouse/admin.php?c=Renter&a=liked
INFO: [ app_init ] --START--
INFO: Run Behavior\BuildLiteBehavior [ RunTime:0.000031s ]
INFO: [ app_init ] --END-- [ RunTime:0.000692s ]
INFO: [ app_begin ] --START--
INFO: Run Behavior\ReadHtmlCacheBehavior [ RunTime:0.000923s ]
INFO: [ app_begin ] --END-- [ RunTime:0.001082s ]
SQL: SHOW COLUMNS FROM `uhouse_like` [ RunTime:0.0008s ]
SQL: SHOW COLUMNS FROM `uhouse_rent_condo` [ RunTime:0.0006s ]
SQL: SELECT * FROM `uhouse_like` WHERE ( username="1547554745" )  [ RunTime:0.0004s ]
SQL: SELECT * FROM `uhouse_rent_condo` WHERE ( rent_condo_id="10466" ) LIMIT 1   [ RunTime:0.0004s ]
SQL: SELECT * FROM `uhouse_rent_condo` WHERE ( rent_condo_id="4439" ) LIMIT 1   [ RunTime:0.0003s ]
SQL: SELECT * FROM `uhouse_rent_condo` WHERE ( rent_condo_id="13391" ) LIMIT 1   [ RunTime:0.0003s ]
SQL: SELECT * FROM `uhouse_rent_condo` WHERE ( rent_condo_id="11927" ) LIMIT 1   [ RunTime:0.0003s ]
SQL: SELECT * FROM `uhouse_rent_condo` WHERE ( rent_condo_id="7140" ) LIMIT 1   [ RunTime:0.0003s ]
SQL: SELECT * FROM `uhouse_rent_condo` WHERE ( rent_condo_id="8803" ) LIMIT 1   [ RunTime:0.0003s ]
SQL: SELECT * FROM `uhouse_rent_condo` WHERE ( rent_condo_id="23231" ) LIMIT 1   [ RunTime:0.0004s ]
INFO: [ view_parse ] --START--
INFO: [ template_filter ] --START--
INFO: Run Behavior\ContentReplaceBehavior [ RunTime:0.000148s ]
INFO: [ template_filter ] --END-- [ RunTime:0.000296s ]
SQL: SHOW COLUMNS FROM `uhouse_renter` [ RunTime:0.0009s ]
SQL: SELECT * FROM `uhouse_renter` WHERE ( username="1547554745" ) LIMIT 1   [ RunTime:0.0004s ]
INFO: Run Behavior\ParseTemplateBehavior [ RunTime:0.015850s ]
INFO: [ view_parse ] --END-- [ RunTime:0.016001s ]
INFO: [ view_filter ] --START--
INFO: Run Behavior\WriteHtmlCacheBehavior [ RunTime:0.000732s ]
INFO: [ view_filter ] --END-- [ RunTime:0.000855s ]
INFO: [ app_end ] --START--
INFO: Run Behavior\ShowPageTraceBehavior [ RunTime:0.000927s ]
INFO: [ app_end ] --END-- [ RunTime:0.001084s ]

[ 2017-07-24T11:19:11+08:00 ] 127.0.0.1 /uhouse/admin.php?c=Renter&a=delete
INFO: [ app_init ] --START--
INFO: Run Behavior\BuildLiteBehavior [ RunTime:0.000028s ]
INFO: [ app_init ] --END-- [ RunTime:0.000782s ]
INFO: [ app_begin ] --START--
INFO: Run Behavior\ReadHtmlCacheBehavior [ RunTime:0.000718s ]
INFO: [ app_begin ] --END-- [ RunTime:0.000826s ]
SQL: SHOW COLUMNS FROM `uhouse_like` [ RunTime:0.0006s ]
SQL: SHOW COLUMNS FROM `uhouse_rent_condo` [ RunTime:0.0005s ]
SQL: UPDATE `uhouse_like` SET `status`='-1' WHERE `username` = '1547554745' AND `rent_condo_id` = '' [ RunTime:0.0003s ]

[ 2017-07-24T11:19:48+08:00 ] 127.0.0.1 /uhouse/admin.php?c=Renter&a=liked
INFO: [ app_init ] --START--
INFO: Run Behavior\BuildLiteBehavior [ RunTime:0.000034s ]
INFO: [ app_init ] --END-- [ RunTime:0.000697s ]
INFO: [ app_begin ] --START--
INFO: Run Behavior\ReadHtmlCacheBehavior [ RunTime:0.000896s ]
INFO: [ app_begin ] --END-- [ RunTime:0.001043s ]
SQL: SHOW COLUMNS FROM `uhouse_like` [ RunTime:0.0007s ]
SQL: SHOW COLUMNS FROM `uhouse_rent_condo` [ RunTime:0.0007s ]
SQL: SELECT * FROM `uhouse_like` WHERE ( username="1547554745" )  [ RunTime:0.0004s ]
SQL: SELECT * FROM `uhouse_rent_condo` WHERE ( rent_condo_id="10466" ) LIMIT 1   [ RunTime:0.0004s ]
SQL: SELECT * FROM `uhouse_rent_condo` WHERE ( rent_condo_id="4439" ) LIMIT 1   [ RunTime:0.0003s ]
SQL: SELECT * FROM `uhouse_rent_condo` WHERE ( rent_condo_id="13391" ) LIMIT 1   [ RunTime:0.0003s ]
SQL: SELECT * FROM `uhouse_rent_condo` WHERE ( rent_condo_id="11927" ) LIMIT 1   [ RunTime:0.0003s ]
SQL: SELECT * FROM `uhouse_rent_condo` WHERE ( rent_condo_id="7140" ) LIMIT 1   [ RunTime:0.0003s ]
SQL: SELECT * FROM `uhouse_rent_condo` WHERE ( rent_condo_id="8803" ) LIMIT 1   [ RunTime:0.0003s ]
SQL: SELECT * FROM `uhouse_rent_condo` WHERE ( rent_condo_id="23231" ) LIMIT 1   [ RunTime:0.0004s ]
INFO: [ view_parse ] --START--
INFO: [ template_filter ] --START--
INFO: Run Behavior\ContentReplaceBehavior [ RunTime:0.000131s ]
INFO: [ template_filter ] --END-- [ RunTime:0.000284s ]
SQL: SHOW COLUMNS FROM `uhouse_renter` [ RunTime:0.0008s ]
SQL: SELECT * FROM `uhouse_renter` WHERE ( username="1547554745" ) LIMIT 1   [ RunTime:0.0004s ]
INFO: Run Behavior\ParseTemplateBehavior [ RunTime:0.015775s ]
INFO: [ view_parse ] --END-- [ RunTime:0.015922s ]
INFO: [ view_filter ] --START--
INFO: Run Behavior\WriteHtmlCacheBehavior [ RunTime:0.000741s ]
INFO: [ view_filter ] --END-- [ RunTime:0.000864s ]
INFO: [ app_end ] --START--
INFO: Run Behavior\ShowPageTraceBehavior [ RunTime:0.000930s ]
INFO: [ app_end ] --END-- [ RunTime:0.001075s ]

[ 2017-07-24T11:19:51+08:00 ] 127.0.0.1 /uhouse/admin.php?c=Renter&a=delete
INFO: [ app_init ] --START--
INFO: Run Behavior\BuildLiteBehavior [ RunTime:0.000025s ]
INFO: [ app_init ] --END-- [ RunTime:0.000564s ]
INFO: [ app_begin ] --START--
INFO: Run Behavior\ReadHtmlCacheBehavior [ RunTime:0.000695s ]
INFO: [ app_begin ] --END-- [ RunTime:0.000789s ]
SQL: SHOW COLUMNS FROM `uhouse_like` [ RunTime:0.0006s ]
SQL: SHOW COLUMNS FROM `uhouse_rent_condo` [ RunTime:0.0006s ]
SQL: UPDATE `uhouse_like` SET `status`='-1' WHERE `username` = '1547554745' AND `rent_condo_id` = '11927' [ RunTime:0.0417s ]

[ 2017-07-24T11:19:52+08:00 ] 127.0.0.1 /uhouse/admin.php?c=Renter&a=liked
INFO: [ app_init ] --START--
INFO: Run Behavior\BuildLiteBehavior [ RunTime:0.000026s ]
INFO: [ app_init ] --END-- [ RunTime:0.000509s ]
INFO: [ app_begin ] --START--
INFO: Run Behavior\ReadHtmlCacheBehavior [ RunTime:0.000723s ]
INFO: [ app_begin ] --END-- [ RunTime:0.000846s ]
SQL: SHOW COLUMNS FROM `uhouse_like` [ RunTime:0.0007s ]
SQL: SHOW COLUMNS FROM `uhouse_rent_condo` [ RunTime:0.0006s ]
SQL: SELECT * FROM `uhouse_like` WHERE ( username="1547554745" )  [ RunTime:0.0004s ]
SQL: SELECT * FROM `uhouse_rent_condo` WHERE ( rent_condo_id="10466" ) LIMIT 1   [ RunTime:0.0004s ]
SQL: SELECT * FROM `uhouse_rent_condo` WHERE ( rent_condo_id="4439" ) LIMIT 1   [ RunTime:0.0003s ]
SQL: SELECT * FROM `uhouse_rent_condo` WHERE ( rent_condo_id="13391" ) LIMIT 1   [ RunTime:0.0003s ]
SQL: SELECT * FROM `uhouse_rent_condo` WHERE ( rent_condo_id="11927" ) LIMIT 1   [ RunTime:0.0003s ]
SQL: SELECT * FROM `uhouse_rent_condo` WHERE ( rent_condo_id="7140" ) LIMIT 1   [ RunTime:0.0003s ]
SQL: SELECT * FROM `uhouse_rent_condo` WHERE ( rent_condo_id="8803" ) LIMIT 1   [ RunTime:0.0003s ]
SQL: SELECT * FROM `uhouse_rent_condo` WHERE ( rent_condo_id="23231" ) LIMIT 1   [ RunTime:0.0003s ]
INFO: [ view_parse ] --START--
INFO: [ template_filter ] --START--
INFO: Run Behavior\ContentReplaceBehavior [ RunTime:0.000099s ]
INFO: [ template_filter ] --END-- [ RunTime:0.000211s ]
SQL: SHOW COLUMNS FROM `uhouse_renter` [ RunTime:0.0008s ]
SQL: SELECT * FROM `uhouse_renter` WHERE ( username="1547554745" ) LIMIT 1   [ RunTime:0.0003s ]
INFO: Run Behavior\ParseTemplateBehavior [ RunTime:0.012604s ]
INFO: [ view_parse ] --END-- [ RunTime:0.012745s ]
INFO: [ view_filter ] --START--
INFO: Run Behavior\WriteHtmlCacheBehavior [ RunTime:0.000727s ]
INFO: [ view_filter ] --END-- [ RunTime:0.000847s ]
INFO: [ app_end ] --START--
INFO: Run Behavior\ShowPageTraceBehavior [ RunTime:0.000792s ]
INFO: [ app_end ] --END-- [ RunTime:0.000918s ]

[ 2017-07-24T11:23:38+08:00 ] 127.0.0.1 /uhouse/admin.php?c=Login
INFO: [ app_init ] --START--
INFO: Run Behavior\BuildLiteBehavior [ RunTime:0.000047s ]
INFO: [ app_init ] --END-- [ RunTime:0.000977s ]
INFO: [ app_begin ] --START--
INFO: Run Behavior\ReadHtmlCacheBehavior [ RunTime:0.001258s ]
INFO: [ app_begin ] --END-- [ RunTime:0.001475s ]
INFO: [ view_parse ] --START--
INFO: [ template_filter ] --START--
INFO: Run Behavior\ContentReplaceBehavior [ RunTime:0.000126s ]
INFO: [ template_filter ] --END-- [ RunTime:0.000339s ]
INFO: Run Behavior\ParseTemplateBehavior [ RunTime:0.021859s ]
INFO: [ view_parse ] --END-- [ RunTime:0.022069s ]
INFO: [ view_filter ] --START--
INFO: Run Behavior\WriteHtmlCacheBehavior [ RunTime:0.000957s ]
INFO: [ view_filter ] --END-- [ RunTime:0.001130s ]
INFO: [ app_end ] --START--
INFO: Run Behavior\ShowPageTraceBehavior [ RunTime:0.001291s ]
INFO: [ app_end ] --END-- [ RunTime:0.001486s ]

[ 2017-07-24T11:23:47+08:00 ] 127.0.0.1 /uhouse/admin.php?c=Renterlogin
INFO: [ app_init ] --START--
INFO: Run Behavior\BuildLiteBehavior [ RunTime:0.000038s ]
INFO: [ app_init ] --END-- [ RunTime:0.000599s ]
INFO: [ app_begin ] --START--
INFO: Run Behavior\ReadHtmlCacheBehavior [ RunTime:0.000717s ]
INFO: [ app_begin ] --END-- [ RunTime:0.000851s ]
NOTIC: [8] Undefined variable: sing_path F:\wamp64\www\uhouse\ThinkPHP\Common\functions.php 第 991 行.
NOTIC: [8] Undefined variable: module F:\wamp64\www\uhouse\ThinkPHP\Common\functions.php 第 994 行.
NOTIC: [8] Undefined variable: var F:\wamp64\www\uhouse\ThinkPHP\Common\functions.php 第 997 行.
NOTIC: [2] array_reverse() expects parameter 1 to be array, null given F:\wamp64\www\uhouse\ThinkPHP\Common\functions.php 第 997 行.
NOTIC: [2] http_build_query(): Parameter 1 expected to be Array or Object.  Incorrect value given F:\wamp64\www\uhouse\ThinkPHP\Common\functions.php 第 997 行.

[ 2017-07-24T11:23:47+08:00 ] 127.0.0.1 /uhouse/admin.php?&c=Renter
INFO: [ app_init ] --START--
INFO: Run Behavior\BuildLiteBehavior [ RunTime:0.000024s ]
INFO: [ app_init ] --END-- [ RunTime:0.000505s ]
INFO: [ app_begin ] --START--
INFO: Run Behavior\ReadHtmlCacheBehavior [ RunTime:0.000659s ]
INFO: [ app_begin ] --END-- [ RunTime:0.000772s ]
INFO: [ view_parse ] --START--
INFO: [ template_filter ] --START--
INFO: Run Behavior\ContentReplaceBehavior [ RunTime:0.000086s ]
INFO: [ template_filter ] --END-- [ RunTime:0.000206s ]
SQL: SHOW COLUMNS FROM `uhouse_renter` [ RunTime:0.0007s ]
SQL: SELECT * FROM `uhouse_renter` WHERE ( username="1547554745" ) LIMIT 1   [ RunTime:0.0003s ]
INFO: Run Behavior\ParseTemplateBehavior [ RunTime:0.025656s ]
INFO: [ view_parse ] --END-- [ RunTime:0.025761s ]
INFO: [ view_filter ] --START--
INFO: Run Behavior\WriteHtmlCacheBehavior [ RunTime:0.000602s ]
INFO: [ view_filter ] --END-- [ RunTime:0.000713s ]
INFO: [ app_end ] --START--
INFO: Run Behavior\ShowPageTraceBehavior [ RunTime:0.000673s ]
INFO: [ app_end ] --END-- [ RunTime:0.000776s ]

[ 2017-07-24T11:23:51+08:00 ] 127.0.0.1 /uhouse/admin.php?c=Renterlogin&a=loginout
INFO: [ app_init ] --START--
INFO: Run Behavior\BuildLiteBehavior [ RunTime:0.000027s ]
INFO: [ app_init ] --END-- [ RunTime:0.000551s ]
INFO: [ app_begin ] --START--
INFO: Run Behavior\ReadHtmlCacheBehavior [ RunTime:0.000692s ]
INFO: [ app_begin ] --END-- [ RunTime:0.000822s ]
NOTIC: [8] Undefined variable: sing_path F:\wamp64\www\uhouse\ThinkPHP\Common\functions.php 第 991 行.
NOTIC: [8] Undefined variable: module F:\wamp64\www\uhouse\ThinkPHP\Common\functions.php 第 994 行.
NOTIC: [8] Undefined variable: var F:\wamp64\www\uhouse\ThinkPHP\Common\functions.php 第 997 行.
NOTIC: [2] array_reverse() expects parameter 1 to be array, null given F:\wamp64\www\uhouse\ThinkPHP\Common\functions.php 第 997 行.
NOTIC: [2] http_build_query(): Parameter 1 expected to be Array or Object.  Incorrect value given F:\wamp64\www\uhouse\ThinkPHP\Common\functions.php 第 997 行.

[ 2017-07-24T11:23:51+08:00 ] 127.0.0.1 /uhouse/admin.php?&c=Renterlogin
INFO: [ app_init ] --START--
INFO: Run Behavior\BuildLiteBehavior [ RunTime:0.000024s ]
INFO: [ app_init ] --END-- [ RunTime:0.000539s ]
INFO: [ app_begin ] --START--
INFO: Run Behavior\ReadHtmlCacheBehavior [ RunTime:0.000700s ]
INFO: [ app_begin ] --END-- [ RunTime:0.000814s ]
INFO: [ view_parse ] --START--
INFO: [ template_filter ] --START--
INFO: Run Behavior\ContentReplaceBehavior [ RunTime:0.000068s ]
INFO: [ template_filter ] --END-- [ RunTime:0.000177s ]
INFO: Run Behavior\ParseTemplateBehavior [ RunTime:0.005944s ]
INFO: [ view_parse ] --END-- [ RunTime:0.006055s ]
INFO: [ view_filter ] --START--
INFO: Run Behavior\WriteHtmlCacheBehavior [ RunTime:0.000584s ]
INFO: [ view_filter ] --END-- [ RunTime:0.000679s ]
INFO: [ app_end ] --START--
INFO: Run Behavior\ShowPageTraceBehavior [ RunTime:0.000720s ]
INFO: [ app_end ] --END-- [ RunTime:0.000825s ]

[ 2017-07-24T11:25:45+08:00 ] 127.0.0.1 /uhouse/admin.php?c=Renterlogin&a=check
INFO: [ app_init ] --START--
INFO: Run Behavior\BuildLiteBehavior [ RunTime:0.000024s ]
INFO: [ app_init ] --END-- [ RunTime:0.000461s ]
INFO: [ app_begin ] --START--
INFO: Run Behavior\ReadHtmlCacheBehavior [ RunTime:0.000682s ]
INFO: [ app_begin ] --END-- [ RunTime:0.000776s ]
SQL: SHOW COLUMNS FROM `uhouse_renter` [ RunTime:0.0008s ]
SQL: SELECT * FROM `uhouse_renter` WHERE ( username="1547554745" ) LIMIT 1   [ RunTime:0.0004s ]

[ 2017-07-24T11:25:46+08:00 ] 127.0.0.1 /uhouse/admin.php?c=Renter
INFO: [ app_init ] --START--
INFO: Run Behavior\BuildLiteBehavior [ RunTime:0.000031s ]
INFO: [ app_init ] --END-- [ RunTime:0.000682s ]
INFO: [ app_begin ] --START--
INFO: Run Behavior\ReadHtmlCacheBehavior [ RunTime:0.001182s ]
INFO: [ app_begin ] --END-- [ RunTime:0.001339s ]
INFO: [ view_parse ] --START--
INFO: [ template_filter ] --START--
INFO: Run Behavior\ContentReplaceBehavior [ RunTime:0.000112s ]
INFO: [ template_filter ] --END-- [ RunTime:0.000252s ]
SQL: SHOW COLUMNS FROM `uhouse_renter` [ RunTime:0.0006s ]
SQL: SELECT * FROM `uhouse_renter` WHERE ( username="1547554745" ) LIMIT 1   [ RunTime:0.0003s ]
INFO: Run Behavior\ParseTemplateBehavior [ RunTime:0.029261s ]
INFO: [ view_parse ] --END-- [ RunTime:0.029382s ]
INFO: [ view_filter ] --START--
INFO: Run Behavior\WriteHtmlCacheBehavior [ RunTime:0.000700s ]
INFO: [ view_filter ] --END-- [ RunTime:0.000796s ]
INFO: [ app_end ] --START--
INFO: Run Behavior\ShowPageTraceBehavior [ RunTime:0.000723s ]
INFO: [ app_end ] --END-- [ RunTime:0.000838s ]

[ 2017-07-24T11:25:50+08:00 ] 127.0.0.1 /uhouse/admin.php?c=Renterlogin&a=loginout
INFO: [ app_init ] --START--
INFO: Run Behavior\BuildLiteBehavior [ RunTime:0.000034s ]
INFO: [ app_init ] --END-- [ RunTime:0.000827s ]
INFO: [ app_begin ] --START--
INFO: Run Behavior\ReadHtmlCacheBehavior [ RunTime:0.000885s ]
INFO: [ app_begin ] --END-- [ RunTime:0.001039s ]
NOTIC: [8] Undefined variable: sing_path F:\wamp64\www\uhouse\ThinkPHP\Common\functions.php 第 991 行.
NOTIC: [8] Undefined variable: module F:\wamp64\www\uhouse\ThinkPHP\Common\functions.php 第 994 行.
NOTIC: [8] Undefined variable: var F:\wamp64\www\uhouse\ThinkPHP\Common\functions.php 第 997 行.
NOTIC: [2] array_reverse() expects parameter 1 to be array, null given F:\wamp64\www\uhouse\ThinkPHP\Common\functions.php 第 997 行.
NOTIC: [2] http_build_query(): Parameter 1 expected to be Array or Object.  Incorrect value given F:\wamp64\www\uhouse\ThinkPHP\Common\functions.php 第 997 行.

[ 2017-07-24T11:25:50+08:00 ] 127.0.0.1 /uhouse/admin.php?&c=Renterlogin
INFO: [ app_init ] --START--
INFO: Run Behavior\BuildLiteBehavior [ RunTime:0.000028s ]
INFO: [ app_init ] --END-- [ RunTime:0.000650s ]
INFO: [ app_begin ] --START--
INFO: Run Behavior\ReadHtmlCacheBehavior [ RunTime:0.000913s ]
INFO: [ app_begin ] --END-- [ RunTime:0.001064s ]
INFO: [ view_parse ] --START--
INFO: [ template_filter ] --START--
INFO: Run Behavior\ContentReplaceBehavior [ RunTime:0.000090s ]
INFO: [ template_filter ] --END-- [ RunTime:0.000231s ]
INFO: Run Behavior\ParseTemplateBehavior [ RunTime:0.007648s ]
INFO: [ view_parse ] --END-- [ RunTime:0.007785s ]
INFO: [ view_filter ] --START--
INFO: Run Behavior\WriteHtmlCacheBehavior [ RunTime:0.000690s ]
INFO: [ view_filter ] --END-- [ RunTime:0.000813s ]
INFO: [ app_end ] --START--
INFO: Run Behavior\ShowPageTraceBehavior [ RunTime:0.000927s ]
INFO: [ app_end ] --END-- [ RunTime:0.001093s ]

[ 2017-07-24T11:26:34+08:00 ] 127.0.0.1 /uhouse/admin.php?&c=Renterlogin
INFO: [ app_init ] --START--
INFO: Run Behavior\BuildLiteBehavior [ RunTime:0.000031s ]
INFO: [ app_init ] --END-- [ RunTime:0.000627s ]
INFO: [ app_begin ] --START--
INFO: Run Behavior\ReadHtmlCacheBehavior [ RunTime:0.000986s ]
INFO: [ app_begin ] --END-- [ RunTime:0.001292s ]
INFO: [ view_parse ] --START--
INFO: [ template_filter ] --START--
INFO: Run Behavior\ContentReplaceBehavior [ RunTime:0.000089s ]
INFO: [ template_filter ] --END-- [ RunTime:0.000232s ]
INFO: Run Behavior\ParseTemplateBehavior [ RunTime:0.007448s ]
INFO: [ view_parse ] --END-- [ RunTime:0.007596s ]
INFO: [ view_filter ] --START--
INFO: Run Behavior\WriteHtmlCacheBehavior [ RunTime:0.000699s ]
INFO: [ view_filter ] --END-- [ RunTime:0.000823s ]
INFO: [ app_end ] --START--
INFO: Run Behavior\ShowPageTraceBehavior [ RunTime:0.000907s ]
INFO: [ app_end ] --END-- [ RunTime:0.001046s ]

[ 2017-07-24T11:26:42+08:00 ] 127.0.0.1 /uhouse/admin.php?c=Renterlogin&a=check
INFO: [ app_init ] --START--
INFO: Run Behavior\BuildLiteBehavior [ RunTime:0.000032s ]
INFO: [ app_init ] --END-- [ RunTime:0.000635s ]
INFO: [ app_begin ] --START--
INFO: Run Behavior\ReadHtmlCacheBehavior [ RunTime:0.000908s ]
INFO: [ app_begin ] --END-- [ RunTime:0.001046s ]
SQL: SHOW COLUMNS FROM `uhouse_renter` [ RunTime:0.0009s ]
SQL: SELECT * FROM `uhouse_renter` WHERE ( username="1547554745" ) LIMIT 1   [ RunTime:0.0004s ]

[ 2017-07-24T11:45:38+08:00 ] 127.0.0.1 /uhouse/admin.php?c=Renter
INFO: [ app_init ] --START--
INFO: Run Behavior\BuildLiteBehavior [ RunTime:0.000028s ]
INFO: [ app_init ] --END-- [ RunTime:0.000716s ]
INFO: [ app_begin ] --START--
INFO: Run Behavior\ReadHtmlCacheBehavior [ RunTime:0.000686s ]
INFO: [ app_begin ] --END-- [ RunTime:0.000806s ]
INFO: [ view_parse ] --START--
INFO: [ template_filter ] --START--
INFO: Run Behavior\ContentReplaceBehavior [ RunTime:0.000081s ]
INFO: [ template_filter ] --END-- [ RunTime:0.000186s ]
SQL: SHOW COLUMNS FROM `uhouse_renter` [ RunTime:0.0007s ]
SQL: SELECT * FROM `uhouse_renter` WHERE ( username="1547554745" ) LIMIT 1   [ RunTime:0.0004s ]
INFO: Run Behavior\ParseTemplateBehavior [ RunTime:0.026851s ]
INFO: [ view_parse ] --END-- [ RunTime:0.026971s ]
INFO: [ view_filter ] --START--
INFO: Run Behavior\WriteHtmlCacheBehavior [ RunTime:0.000760s ]
INFO: [ view_filter ] --END-- [ RunTime:0.000887s ]
INFO: [ app_end ] --START--
INFO: Run Behavior\ShowPageTraceBehavior [ RunTime:0.001232s ]
INFO: [ app_end ] --END-- [ RunTime:0.001449s ]

[ 2017-07-24T11:45:45+08:00 ] 127.0.0.1 /uhouse/admin.php?c=Renter
INFO: [ app_init ] --START--
INFO: Run Behavior\BuildLiteBehavior [ RunTime:0.000024s ]
INFO: [ app_init ] --END-- [ RunTime:0.000548s ]
INFO: [ app_begin ] --START--
INFO: Run Behavior\ReadHtmlCacheBehavior [ RunTime:0.000735s ]
INFO: [ app_begin ] --END-- [ RunTime:0.000847s ]
INFO: [ view_parse ] --START--
INFO: [ template_filter ] --START--
INFO: Run Behavior\ContentReplaceBehavior [ RunTime:0.000085s ]
INFO: [ template_filter ] --END-- [ RunTime:0.000197s ]
SQL: SHOW COLUMNS FROM `uhouse_renter` [ RunTime:0.0006s ]
SQL: SELECT * FROM `uhouse_renter` WHERE ( username="1547554745" ) LIMIT 1   [ RunTime:0.0003s ]
INFO: Run Behavior\ParseTemplateBehavior [ RunTime:0.019415s ]
INFO: [ view_parse ] --END-- [ RunTime:0.019520s ]
INFO: [ view_filter ] --START--
INFO: Run Behavior\WriteHtmlCacheBehavior [ RunTime:0.000667s ]
INFO: [ view_filter ] --END-- [ RunTime:0.000764s ]
INFO: [ app_end ] --START--
INFO: Run Behavior\ShowPageTraceBehavior [ RunTime:0.000799s ]
INFO: [ app_end ] --END-- [ RunTime:0.000945s ]

[ 2017-07-24T11:45:51+08:00 ] 127.0.0.1 /uhouse/admin.php?c=Renter
INFO: [ app_init ] --START--
INFO: Run Behavior\BuildLiteBehavior [ RunTime:0.000025s ]
INFO: [ app_init ] --END-- [ RunTime:0.000519s ]
INFO: [ app_begin ] --START--
INFO: Run Behavior\ReadHtmlCacheBehavior [ RunTime:0.000641s ]
INFO: [ app_begin ] --END-- [ RunTime:0.000759s ]
INFO: [ view_parse ] --START--
INFO: [ template_filter ] --START--
INFO: Run Behavior\ContentReplaceBehavior [ RunTime:0.000081s ]
INFO: [ template_filter ] --END-- [ RunTime:0.000211s ]
SQL: SHOW COLUMNS FROM `uhouse_renter` [ RunTime:0.0006s ]
SQL: SELECT * FROM `uhouse_renter` WHERE ( username="1547554745" ) LIMIT 1   [ RunTime:0.0003s ]
INFO: Run Behavior\ParseTemplateBehavior [ RunTime:0.016289s ]
INFO: [ view_parse ] --END-- [ RunTime:0.016397s ]
INFO: [ view_filter ] --START--
INFO: Run Behavior\WriteHtmlCacheBehavior [ RunTime:0.000636s ]
INFO: [ view_filter ] --END-- [ RunTime:0.000733s ]
INFO: [ app_end ] --START--
INFO: Run Behavior\ShowPageTraceBehavior [ RunTime:0.000679s ]
INFO: [ app_end ] --END-- [ RunTime:0.000785s ]

[ 2017-07-24T11:46:31+08:00 ] 127.0.0.1 /uhouse/admin.php?c=Renter
INFO: [ app_init ] --START--
INFO: Run Behavior\BuildLiteBehavior [ RunTime:0.000026s ]
INFO: [ app_init ] --END-- [ RunTime:0.000568s ]
INFO: [ app_begin ] --START--
INFO: Run Behavior\ReadHtmlCacheBehavior [ RunTime:0.000698s ]
INFO: [ app_begin ] --END-- [ RunTime:0.000817s ]
INFO: [ view_parse ] --START--
INFO: [ template_filter ] --START--
INFO: Run Behavior\ContentReplaceBehavior [ RunTime:0.000088s ]
INFO: [ template_filter ] --END-- [ RunTime:0.000199s ]
SQL: SHOW COLUMNS FROM `uhouse_renter` [ RunTime:0.0008s ]
SQL: SELECT * FROM `uhouse_renter` WHERE ( username="1547554745" ) LIMIT 1   [ RunTime:0.0004s ]
INFO: Run Behavior\ParseTemplateBehavior [ RunTime:0.028640s ]
INFO: [ view_parse ] --END-- [ RunTime:0.028766s ]
INFO: [ view_filter ] --START--
INFO: Run Behavior\WriteHtmlCacheBehavior [ RunTime:0.000819s ]
INFO: [ view_filter ] --END-- [ RunTime:0.000925s ]
INFO: [ app_end ] --START--
INFO: Run Behavior\ShowPageTraceBehavior [ RunTime:0.000746s ]
INFO: [ app_end ] --END-- [ RunTime:0.000849s ]

[ 2017-07-24T11:46:33+08:00 ] 127.0.0.1 /uhouse/admin.php?c=Renterlogin&a=loginout
INFO: [ app_init ] --START--
INFO: Run Behavior\BuildLiteBehavior [ RunTime:0.000024s ]
INFO: [ app_init ] --END-- [ RunTime:0.000560s ]
INFO: [ app_begin ] --START--
INFO: Run Behavior\ReadHtmlCacheBehavior [ RunTime:0.000713s ]
INFO: [ app_begin ] --END-- [ RunTime:0.000826s ]
NOTIC: [8] Undefined variable: sing_path F:\wamp64\www\uhouse\ThinkPHP\Common\functions.php 第 991 行.
NOTIC: [8] Undefined variable: module F:\wamp64\www\uhouse\ThinkPHP\Common\functions.php 第 994 行.
NOTIC: [8] Undefined variable: var F:\wamp64\www\uhouse\ThinkPHP\Common\functions.php 第 997 行.
NOTIC: [2] array_reverse() expects parameter 1 to be array, null given F:\wamp64\www\uhouse\ThinkPHP\Common\functions.php 第 997 行.
NOTIC: [2] http_build_query(): Parameter 1 expected to be Array or Object.  Incorrect value given F:\wamp64\www\uhouse\ThinkPHP\Common\functions.php 第 997 行.

[ 2017-07-24T11:46:33+08:00 ] 127.0.0.1 /uhouse/admin.php?&c=Renterlogin
INFO: [ app_init ] --START--
INFO: Run Behavior\BuildLiteBehavior [ RunTime:0.000020s ]
INFO: [ app_init ] --END-- [ RunTime:0.000495s ]
INFO: [ app_begin ] --START--
INFO: Run Behavior\ReadHtmlCacheBehavior [ RunTime:0.000682s ]
INFO: [ app_begin ] --END-- [ RunTime:0.000790s ]
INFO: [ view_parse ] --START--
INFO: [ template_filter ] --START--
INFO: Run Behavior\ContentReplaceBehavior [ RunTime:0.000068s ]
INFO: [ template_filter ] --END-- [ RunTime:0.000176s ]
INFO: Run Behavior\ParseTemplateBehavior [ RunTime:0.006296s ]
INFO: [ view_parse ] --END-- [ RunTime:0.006416s ]
INFO: [ view_filter ] --START--
INFO: Run Behavior\WriteHtmlCacheBehavior [ RunTime:0.000536s ]
INFO: [ view_filter ] --END-- [ RunTime:0.000634s ]
INFO: [ app_end ] --START--
INFO: Run Behavior\ShowPageTraceBehavior [ RunTime:0.000694s ]
INFO: [ app_end ] --END-- [ RunTime:0.000799s ]

[ 2017-07-24T11:46:59+08:00 ] 127.0.0.1 /uhouse/admin.php?c=Renter&a=check
INFO: [ app_init ] --START--
INFO: Run Behavior\BuildLiteBehavior [ RunTime:0.000031s ]
INFO: [ app_init ] --END-- [ RunTime:0.000658s ]
INFO: [ app_begin ] --START--
INFO: Run Behavior\ReadHtmlCacheBehavior [ RunTime:0.000904s ]
INFO: [ app_begin ] --END-- [ RunTime:0.001027s ]
NOTIC: [8] Undefined index: adminRenter F:\wamp64\www\uhouse\Application\Common\Common\function.php 第 132 行.

[ 2017-07-24T11:47:14+08:00 ] 127.0.0.1 /uhouse/admin.php?c=Renterlogin
INFO: [ app_init ] --START--
INFO: Run Behavior\BuildLiteBehavior [ RunTime:0.000031s ]
INFO: [ app_init ] --END-- [ RunTime:0.000597s ]
INFO: [ app_begin ] --START--
INFO: Run Behavior\ReadHtmlCacheBehavior [ RunTime:0.000700s ]
INFO: [ app_begin ] --END-- [ RunTime:0.000828s ]
INFO: [ view_parse ] --START--
INFO: [ template_filter ] --START--
INFO: Run Behavior\ContentReplaceBehavior [ RunTime:0.000079s ]
INFO: [ template_filter ] --END-- [ RunTime:0.000243s ]
INFO: Run Behavior\ParseTemplateBehavior [ RunTime:0.006193s ]
INFO: [ view_parse ] --END-- [ RunTime:0.006353s ]
INFO: [ view_filter ] --START--
INFO: Run Behavior\WriteHtmlCacheBehavior [ RunTime:0.001116s ]
INFO: [ view_filter ] --END-- [ RunTime:0.001278s ]
INFO: [ app_end ] --START--
INFO: Run Behavior\ShowPageTraceBehavior [ RunTime:0.000807s ]
INFO: [ app_end ] --END-- [ RunTime:0.000937s ]

[ 2017-07-24T11:50:55+08:00 ] 127.0.0.1 /uhouse/admin.php?c=Renterlogin
INFO: [ app_init ] --START--
INFO: Run Behavior\BuildLiteBehavior [ RunTime:0.000024s ]
INFO: [ app_init ] --END-- [ RunTime:0.000490s ]
INFO: [ app_begin ] --START--
INFO: Run Behavior\ReadHtmlCacheBehavior [ RunTime:0.000694s ]
INFO: [ app_begin ] --END-- [ RunTime:0.000819s ]
INFO: [ view_parse ] --START--
INFO: [ template_filter ] --START--
INFO: Run Behavior\ContentReplaceBehavior [ RunTime:0.000142s ]
INFO: [ template_filter ] --END-- [ RunTime:0.000326s ]
INFO: Run Behavior\ParseTemplateBehavior [ RunTime:0.007122s ]
INFO: [ view_parse ] --END-- [ RunTime:0.007308s ]
INFO: [ view_filter ] --START--
INFO: Run Behavior\WriteHtmlCacheBehavior [ RunTime:0.000507s ]
INFO: [ view_filter ] --END-- [ RunTime:0.000608s ]
INFO: [ app_end ] --START--
INFO: Run Behavior\ShowPageTraceBehavior [ RunTime:0.000654s ]
INFO: [ app_end ] --END-- [ RunTime:0.000759s ]

[ 2017-07-24T11:51:06+08:00 ] 127.0.0.1 /uhouse/admin.php?c=Renterlogin&a=check
INFO: [ app_init ] --START--
INFO: Run Behavior\BuildLiteBehavior [ RunTime:0.000035s ]
INFO: [ app_init ] --END-- [ RunTime:0.000726s ]
INFO: [ app_begin ] --START--
INFO: Run Behavior\ReadHtmlCacheBehavior [ RunTime:0.000687s ]
INFO: [ app_begin ] --END-- [ RunTime:0.000792s ]
SQL: SHOW COLUMNS FROM `uhouse_renter` [ RunTime:0.0009s ]
SQL: SELECT * FROM `uhouse_renter` WHERE ( username="1547554745" ) LIMIT 1   [ RunTime:0.0003s ]

[ 2017-07-24T11:52:08+08:00 ] 127.0.0.1 /uhouse/admin.php?c=Renter
INFO: [ app_init ] --START--
INFO: Run Behavior\BuildLiteBehavior [ RunTime:0.000033s ]
INFO: [ app_init ] --END-- [ RunTime:0.000677s ]
INFO: [ app_begin ] --START--
INFO: Run Behavior\ReadHtmlCacheBehavior [ RunTime:0.000842s ]
INFO: [ app_begin ] --END-- [ RunTime:0.000980s ]
INFO: [ view_parse ] --START--
INFO: [ template_filter ] --START--
INFO: Run Behavior\ContentReplaceBehavior [ RunTime:0.000260s ]
INFO: [ template_filter ] --END-- [ RunTime:0.000653s ]
SQL: SHOW COLUMNS FROM `uhouse_renter` [ RunTime:0.0008s ]
SQL: SELECT * FROM `uhouse_renter` WHERE ( username="1547554745" ) LIMIT 1   [ RunTime:0.0004s ]
INFO: Run Behavior\ParseTemplateBehavior [ RunTime:0.035038s ]
INFO: [ view_parse ] --END-- [ RunTime:0.035166s ]
INFO: [ view_filter ] --START--
INFO: Run Behavior\WriteHtmlCacheBehavior [ RunTime:0.000840s ]
INFO: [ view_filter ] --END-- [ RunTime:0.000963s ]
INFO: [ app_end ] --START--
INFO: Run Behavior\ShowPageTraceBehavior [ RunTime:0.000959s ]
INFO: [ app_end ] --END-- [ RunTime:0.001084s ]

[ 2017-07-24T11:52:09+08:00 ] 127.0.0.1 /uhouse/admin.php?c=person&a=renter
INFO: [ app_init ] --START--
INFO: Run Behavior\BuildLiteBehavior [ RunTime:0.000033s ]
INFO: [ app_init ] --END-- [ RunTime:0.000685s ]
INFO: [ app_begin ] --START--
INFO: Run Behavior\ReadHtmlCacheBehavior [ RunTime:0.000887s ]
INFO: [ app_begin ] --END-- [ RunTime:0.001022s ]
SQL: SHOW COLUMNS FROM `uhouse_renter` [ RunTime:0.0007s ]
SQL: SELECT * FROM `uhouse_renter` WHERE ( username="1547554745" ) LIMIT 1   [ RunTime:0.0003s ]
INFO: [ view_parse ] --START--
INFO: [ template_filter ] --START--
INFO: Run Behavior\ContentReplaceBehavior [ RunTime:0.000262s ]
INFO: [ template_filter ] --END-- [ RunTime:0.000547s ]
SQL: SELECT * FROM `uhouse_renter` WHERE ( username="1547554745" ) LIMIT 1   [ RunTime:0.0008s ]
INFO: Run Behavior\ParseTemplateBehavior [ RunTime:0.034116s ]
INFO: [ view_parse ] --END-- [ RunTime:0.034323s ]
INFO: [ view_filter ] --START--
INFO: Run Behavior\WriteHtmlCacheBehavior [ RunTime:0.001498s ]
INFO: [ view_filter ] --END-- [ RunTime:0.001760s ]
INFO: [ app_end ] --START--
INFO: Run Behavior\ShowPageTraceBehavior [ RunTime:0.001844s ]
INFO: [ app_end ] --END-- [ RunTime:0.002130s ]

[ 2017-07-24T11:52:11+08:00 ] 127.0.0.1 /uhouse/admin.php?c=Renterlogin&a=loginout
INFO: [ app_init ] --START--
INFO: Run Behavior\BuildLiteBehavior [ RunTime:0.000032s ]
INFO: [ app_init ] --END-- [ RunTime:0.000611s ]
INFO: [ app_begin ] --START--
INFO: Run Behavior\ReadHtmlCacheBehavior [ RunTime:0.000852s ]
INFO: [ app_begin ] --END-- [ RunTime:0.000992s ]
NOTIC: [8] Undefined variable: sing_path F:\wamp64\www\uhouse\ThinkPHP\Common\functions.php 第 991 行.
NOTIC: [8] Undefined variable: module F:\wamp64\www\uhouse\ThinkPHP\Common\functions.php 第 994 行.
NOTIC: [8] Undefined variable: var F:\wamp64\www\uhouse\ThinkPHP\Common\functions.php 第 997 行.
NOTIC: [2] array_reverse() expects parameter 1 to be array, null given F:\wamp64\www\uhouse\ThinkPHP\Common\functions.php 第 997 行.
NOTIC: [2] http_build_query(): Parameter 1 expected to be Array or Object.  Incorrect value given F:\wamp64\www\uhouse\ThinkPHP\Common\functions.php 第 997 行.

[ 2017-07-24T11:52:11+08:00 ] 127.0.0.1 /uhouse/admin.php?&c=Renterlogin
INFO: [ app_init ] --START--
INFO: Run Behavior\BuildLiteBehavior [ RunTime:0.000021s ]
INFO: [ app_init ] --END-- [ RunTime:0.000443s ]
INFO: [ app_begin ] --START--
INFO: Run Behavior\ReadHtmlCacheBehavior [ RunTime:0.000617s ]
INFO: [ app_begin ] --END-- [ RunTime:0.000719s ]
INFO: [ view_parse ] --START--
INFO: [ template_filter ] --START--
INFO: Run Behavior\ContentReplaceBehavior [ RunTime:0.000121s ]
INFO: [ template_filter ] --END-- [ RunTime:0.000260s ]
INFO: Run Behavior\ParseTemplateBehavior [ RunTime:0.006198s ]
INFO: [ view_parse ] --END-- [ RunTime:0.006307s ]
INFO: [ view_filter ] --START--
INFO: Run Behavior\WriteHtmlCacheBehavior [ RunTime:0.000554s ]
INFO: [ view_filter ] --END-- [ RunTime:0.000644s ]
INFO: [ app_end ] --START--
INFO: Run Behavior\ShowPageTraceBehavior [ RunTime:0.000733s ]
INFO: [ app_end ] --END-- [ RunTime:0.000828s ]

[ 2017-07-24T12:03:24+08:00 ] 127.0.0.1 /uhouse/admin.php?c=Renter
INFO: [ app_init ] --START--
INFO: Run Behavior\BuildLiteBehavior [ RunTime:0.000066s ]
INFO: [ app_init ] --END-- [ RunTime:0.001238s ]
INFO: [ app_begin ] --START--
INFO: Run Behavior\ReadHtmlCacheBehavior [ RunTime:0.000563s ]
INFO: [ app_begin ] --END-- [ RunTime:0.000688s ]
NOTIC: [8] Undefined variable: sing_path F:\wamp64\www\uhouse\ThinkPHP\Common\functions.php 第 991 行.
NOTIC: [8] Undefined variable: module F:\wamp64\www\uhouse\ThinkPHP\Common\functions.php 第 994 行.
NOTIC: [8] Undefined variable: var F:\wamp64\www\uhouse\ThinkPHP\Common\functions.php 第 997 行.
NOTIC: [2] array_reverse() expects parameter 1 to be array, null given F:\wamp64\www\uhouse\ThinkPHP\Common\functions.php 第 997 行.
NOTIC: [2] http_build_query(): Parameter 1 expected to be Array or Object.  Incorrect value given F:\wamp64\www\uhouse\ThinkPHP\Common\functions.php 第 997 行.

[ 2017-07-24T12:03:24+08:00 ] 127.0.0.1 /uhouse/admin.php?&c=Renterlogin
INFO: [ app_init ] --START--
INFO: Run Behavior\BuildLiteBehavior [ RunTime:0.000026s ]
INFO: [ app_init ] --END-- [ RunTime:0.000453s ]
INFO: [ app_begin ] --START--
INFO: Run Behavior\ReadHtmlCacheBehavior [ RunTime:0.000441s ]
INFO: [ app_begin ] --END-- [ RunTime:0.000543s ]
INFO: [ view_parse ] --START--
INFO: [ template_filter ] --START--
INFO: Run Behavior\ContentReplaceBehavior [ RunTime:0.000076s ]
INFO: [ template_filter ] --END-- [ RunTime:0.000203s ]
INFO: Run Behavior\ParseTemplateBehavior [ RunTime:0.005047s ]
INFO: [ view_parse ] --END-- [ RunTime:0.005158s ]
INFO: [ view_filter ] --START--
INFO: Run Behavior\WriteHtmlCacheBehavior [ RunTime:0.000396s ]
INFO: [ view_filter ] --END-- [ RunTime:0.000489s ]
INFO: [ app_end ] --START--
INFO: Run Behavior\ShowPageTraceBehavior [ RunTime:0.000624s ]
INFO: [ app_end ] --END-- [ RunTime:0.000780s ]

[ 2017-07-24T12:03:36+08:00 ] 127.0.0.1 /uhouse/admin.php?c=Renter&a=check
INFO: [ app_init ] --START--
INFO: Run Behavior\BuildLiteBehavior [ RunTime:0.000038s ]
INFO: [ app_init ] --END-- [ RunTime:0.000642s ]
INFO: [ app_begin ] --START--
INFO: Run Behavior\ReadHtmlCacheBehavior [ RunTime:0.000599s ]
INFO: [ app_begin ] --END-- [ RunTime:0.000721s ]
NOTIC: [8] Undefined index: adminRenter F:\wamp64\www\uhouse\Application\Common\Common\function.php 第 132 行.

[ 2017-07-24T13:13:06+08:00 ] 127.0.0.1 /uhouse/admin.php?c=Renter&a=check
INFO: [ app_init ] --START--
INFO: Run Behavior\BuildLiteBehavior [ RunTime:0.000031s ]
INFO: [ app_init ] --END-- [ RunTime:0.000642s ]
INFO: [ app_begin ] --START--
INFO: Run Behavior\ReadHtmlCacheBehavior [ RunTime:0.000623s ]
INFO: [ app_begin ] --END-- [ RunTime:0.000747s ]
NOTIC: [8] Undefined index: adminRenter F:\wamp64\www\uhouse\Application\Common\Common\function.php 第 132 行.

[ 2017-07-24T13:14:16+08:00 ] 127.0.0.1 /uhouse/admin.php?c=Renterlogin
INFO: [ app_init ] --START--
INFO: Run Behavior\BuildLiteBehavior [ RunTime:0.000029s ]
INFO: [ app_init ] --END-- [ RunTime:0.000555s ]
INFO: [ app_begin ] --START--
INFO: Run Behavior\ReadHtmlCacheBehavior [ RunTime:0.000629s ]
INFO: [ app_begin ] --END-- [ RunTime:0.000782s ]
INFO: [ view_parse ] --START--
INFO: [ template_filter ] --START--
INFO: Run Behavior\ContentReplaceBehavior [ RunTime:0.000095s ]
INFO: [ template_filter ] --END-- [ RunTime:0.000243s ]
INFO: Run Behavior\ParseTemplateBehavior [ RunTime:0.006736s ]
INFO: [ view_parse ] --END-- [ RunTime:0.006896s ]
INFO: [ view_filter ] --START--
INFO: Run Behavior\WriteHtmlCacheBehavior [ RunTime:0.000606s ]
INFO: [ view_filter ] --END-- [ RunTime:0.000742s ]
INFO: [ app_end ] --START--
INFO: Run Behavior\ShowPageTraceBehavior [ RunTime:0.000807s ]
INFO: [ app_end ] --END-- [ RunTime:0.000934s ]

[ 2017-07-24T13:15:13+08:00 ] 127.0.0.1 /uhouse/admin.php?c=Renterlogin&a=check
INFO: [ app_init ] --START--
INFO: Run Behavior\BuildLiteBehavior [ RunTime:0.000030s ]
INFO: [ app_init ] --END-- [ RunTime:0.000698s ]
INFO: [ app_begin ] --START--
INFO: Run Behavior\ReadHtmlCacheBehavior [ RunTime:0.000752s ]
INFO: [ app_begin ] --END-- [ RunTime:0.000886s ]
SQL: SHOW COLUMNS FROM `uhouse_renter` [ RunTime:0.0008s ]
SQL: SELECT * FROM `uhouse_renter` WHERE ( username="1547554745" ) LIMIT 1   [ RunTime:0.0003s ]

[ 2017-07-24T13:15:17+08:00 ] 127.0.0.1 /uhouse/admin.php?c=Renter
INFO: [ app_init ] --START--
INFO: Run Behavior\BuildLiteBehavior [ RunTime:0.000029s ]
INFO: [ app_init ] --END-- [ RunTime:0.000543s ]
INFO: [ app_begin ] --START--
INFO: Run Behavior\ReadHtmlCacheBehavior [ RunTime:0.000444s ]
INFO: [ app_begin ] --END-- [ RunTime:0.000558s ]
INFO: [ view_parse ] --START--
INFO: [ template_filter ] --START--
INFO: Run Behavior\ContentReplaceBehavior [ RunTime:0.000082s ]
INFO: [ template_filter ] --END-- [ RunTime:0.000196s ]
SQL: SHOW COLUMNS FROM `uhouse_renter` [ RunTime:0.0009s ]
SQL: SELECT * FROM `uhouse_renter` WHERE ( username="1547554745" ) LIMIT 1   [ RunTime:0.0004s ]
INFO: Run Behavior\ParseTemplateBehavior [ RunTime:0.026761s ]
INFO: [ view_parse ] --END-- [ RunTime:0.026935s ]
INFO: [ view_filter ] --START--
INFO: Run Behavior\WriteHtmlCacheBehavior [ RunTime:0.000700s ]
INFO: [ view_filter ] --END-- [ RunTime:0.000838s ]
INFO: [ app_end ] --START--
INFO: Run Behavior\ShowPageTraceBehavior [ RunTime:0.000668s ]
INFO: [ app_end ] --END-- [ RunTime:0.000781s ]

[ 2017-07-24T13:16:05+08:00 ] 127.0.0.1 /uhouse/admin.php?c=person&a=renter
INFO: [ app_init ] --START--
INFO: Run Behavior\BuildLiteBehavior [ RunTime:0.000032s ]
INFO: [ app_init ] --END-- [ RunTime:0.000646s ]
INFO: [ app_begin ] --START--
INFO: Run Behavior\ReadHtmlCacheBehavior [ RunTime:0.000694s ]
INFO: [ app_begin ] --END-- [ RunTime:0.000857s ]
SQL: SHOW COLUMNS FROM `uhouse_renter` [ RunTime:0.0007s ]
SQL: SELECT * FROM `uhouse_renter` WHERE ( username="1547554745" ) LIMIT 1   [ RunTime:0.0004s ]
INFO: [ view_parse ] --START--
INFO: [ template_filter ] --START--
INFO: Run Behavior\ContentReplaceBehavior [ RunTime:0.000105s ]
INFO: [ template_filter ] --END-- [ RunTime:0.000212s ]
SQL: SELECT * FROM `uhouse_renter` WHERE ( username="1547554745" ) LIMIT 1   [ RunTime:0.0004s ]
INFO: Run Behavior\ParseTemplateBehavior [ RunTime:0.008647s ]
INFO: [ view_parse ] --END-- [ RunTime:0.008756s ]
INFO: [ view_filter ] --START--
INFO: Run Behavior\WriteHtmlCacheBehavior [ RunTime:0.000514s ]
INFO: [ view_filter ] --END-- [ RunTime:0.000636s ]
INFO: [ app_end ] --START--
INFO: Run Behavior\ShowPageTraceBehavior [ RunTime:0.000756s ]
INFO: [ app_end ] --END-- [ RunTime:0.000890s ]

[ 2017-07-24T13:16:37+08:00 ] 127.0.0.1 /uhouse/admin.php?c=Renter&a=liked
INFO: [ app_init ] --START--
INFO: Run Behavior\BuildLiteBehavior [ RunTime:0.000024s ]
INFO: [ app_init ] --END-- [ RunTime:0.000592s ]
INFO: [ app_begin ] --START--
INFO: Run Behavior\ReadHtmlCacheBehavior [ RunTime:0.000755s ]
INFO: [ app_begin ] --END-- [ RunTime:0.000878s ]
SQL: SHOW COLUMNS FROM `uhouse_like` [ RunTime:0.0009s ]
SQL: SHOW COLUMNS FROM `uhouse_rent_condo` [ RunTime:0.0007s ]
SQL: SELECT * FROM `uhouse_like` WHERE ( username="1547554745" )  [ RunTime:0.0003s ]
SQL: SELECT * FROM `uhouse_rent_condo` WHERE ( rent_condo_id="10466" ) LIMIT 1   [ RunTime:0.0004s ]
SQL: SELECT * FROM `uhouse_rent_condo` WHERE ( rent_condo_id="4439" ) LIMIT 1   [ RunTime:0.0003s ]
SQL: SELECT * FROM `uhouse_rent_condo` WHERE ( rent_condo_id="13391" ) LIMIT 1   [ RunTime:0.0003s ]
SQL: SELECT * FROM `uhouse_rent_condo` WHERE ( rent_condo_id="11927" ) LIMIT 1   [ RunTime:0.0003s ]
SQL: SELECT * FROM `uhouse_rent_condo` WHERE ( rent_condo_id="7140" ) LIMIT 1   [ RunTime:0.0003s ]
SQL: SELECT * FROM `uhouse_rent_condo` WHERE ( rent_condo_id="8803" ) LIMIT 1   [ RunTime:0.0003s ]
SQL: SELECT * FROM `uhouse_rent_condo` WHERE ( rent_condo_id="23231" ) LIMIT 1   [ RunTime:0.0004s ]
INFO: [ view_parse ] --START--
INFO: [ template_filter ] --START--
INFO: Run Behavior\ContentReplaceBehavior [ RunTime:0.000104s ]
INFO: [ template_filter ] --END-- [ RunTime:0.000210s ]
SQL: SHOW COLUMNS FROM `uhouse_renter` [ RunTime:0.0007s ]
SQL: SELECT * FROM `uhouse_renter` WHERE ( username="1547554745" ) LIMIT 1   [ RunTime:0.0003s ]
INFO: Run Behavior\ParseTemplateBehavior [ RunTime:0.013093s ]
INFO: [ view_parse ] --END-- [ RunTime:0.013243s ]
INFO: [ view_filter ] --START--
INFO: Run Behavior\WriteHtmlCacheBehavior [ RunTime:0.000583s ]
INFO: [ view_filter ] --END-- [ RunTime:0.000689s ]
INFO: [ app_end ] --START--
INFO: Run Behavior\ShowPageTraceBehavior [ RunTime:0.000740s ]
INFO: [ app_end ] --END-- [ RunTime:0.000858s ]

[ 2017-07-24T13:17:55+08:00 ] 127.0.0.1 /uhouse/admin.php?c=Renter&a=delete
INFO: [ app_init ] --START--
INFO: Run Behavior\BuildLiteBehavior [ RunTime:0.000030s ]
INFO: [ app_init ] --END-- [ RunTime:0.000687s ]
INFO: [ app_begin ] --START--
INFO: Run Behavior\ReadHtmlCacheBehavior [ RunTime:0.000895s ]
INFO: [ app_begin ] --END-- [ RunTime:0.001037s ]
SQL: SHOW COLUMNS FROM `uhouse_like` [ RunTime:0.0009s ]
SQL: SHOW COLUMNS FROM `uhouse_rent_condo` [ RunTime:0.0007s ]
SQL: UPDATE `uhouse_like` SET `status`='-1' WHERE `username` = '1547554745' AND `rent_condo_id` = '4439' [ RunTime:0.0006s ]

[ 2017-07-24T13:18:30+08:00 ] 127.0.0.1 /uhouse/admin.php?c=Renter&a=recommend
INFO: [ app_init ] --START--
INFO: Run Behavior\BuildLiteBehavior [ RunTime:0.000029s ]
INFO: [ app_init ] --END-- [ RunTime:0.000705s ]
INFO: [ app_begin ] --START--
INFO: Run Behavior\ReadHtmlCacheBehavior [ RunTime:0.000927s ]
INFO: [ app_begin ] --END-- [ RunTime:0.001088s ]
INFO: [ view_parse ] --START--
INFO: [ template_filter ] --START--
INFO: Run Behavior\ContentReplaceBehavior [ RunTime:0.000305s ]
INFO: [ template_filter ] --END-- [ RunTime:0.000647s ]
SQL: SHOW COLUMNS FROM `uhouse_renter` [ RunTime:0.0020s ]
SQL: SELECT * FROM `uhouse_renter` WHERE ( username="1547554745" ) LIMIT 1   [ RunTime:0.0010s ]
INFO: Run Behavior\ParseTemplateBehavior [ RunTime:0.112246s ]
INFO: [ view_parse ] --END-- [ RunTime:0.112492s ]
INFO: [ view_filter ] --START--
INFO: Run Behavior\WriteHtmlCacheBehavior [ RunTime:0.001855s ]
INFO: [ view_filter ] --END-- [ RunTime:0.002171s ]
INFO: [ app_end ] --START--
INFO: Run Behavior\ShowPageTraceBehavior [ RunTime:0.002759s ]
INFO: [ app_end ] --END-- [ RunTime:0.003165s ]

[ 2017-07-24T13:19:34+08:00 ] 127.0.0.1 /uhouse/admin.php?c=Login
INFO: [ app_init ] --START--
INFO: Run Behavior\BuildLiteBehavior [ RunTime:0.000028s ]
INFO: [ app_init ] --END-- [ RunTime:0.000547s ]
INFO: [ app_begin ] --START--
INFO: Run Behavior\ReadHtmlCacheBehavior [ RunTime:0.000697s ]
INFO: [ app_begin ] --END-- [ RunTime:0.000833s ]
INFO: [ view_parse ] --START--
INFO: [ template_filter ] --START--
INFO: Run Behavior\ContentReplaceBehavior [ RunTime:0.000075s ]
INFO: [ template_filter ] --END-- [ RunTime:0.000190s ]
INFO: Run Behavior\ParseTemplateBehavior [ RunTime:0.006366s ]
INFO: [ view_parse ] --END-- [ RunTime:0.006481s ]
INFO: [ view_filter ] --START--
INFO: Run Behavior\WriteHtmlCacheBehavior [ RunTime:0.000484s ]
INFO: [ view_filter ] --END-- [ RunTime:0.000578s ]
INFO: [ app_end ] --START--
INFO: Run Behavior\ShowPageTraceBehavior [ RunTime:0.000649s ]
INFO: [ app_end ] --END-- [ RunTime:0.000756s ]

[ 2017-07-24T13:21:15+08:00 ] 127.0.0.1 /uhouse/admin.php?c=login&a=check
INFO: [ app_init ] --START--
INFO: Run Behavior\BuildLiteBehavior [ RunTime:0.000030s ]
INFO: [ app_init ] --END-- [ RunTime:0.000737s ]
INFO: [ app_begin ] --START--
INFO: Run Behavior\ReadHtmlCacheBehavior [ RunTime:0.000905s ]
INFO: [ app_begin ] --END-- [ RunTime:0.001027s ]
SQL: SHOW COLUMNS FROM `uhouse_user` [ RunTime:0.0010s ]
SQL: SELECT * FROM `uhouse_user` WHERE ( username="admin" ) LIMIT 1   [ RunTime:0.0006s ]

[ 2017-07-24T13:21:17+08:00 ] 127.0.0.1 /uhouse/admin.php?c=index
INFO: [ app_init ] --START--
INFO: Run Behavior\BuildLiteBehavior [ RunTime:0.000031s ]
INFO: [ app_init ] --END-- [ RunTime:0.000715s ]
INFO: [ app_begin ] --START--
INFO: Run Behavior\ReadHtmlCacheBehavior [ RunTime:0.000875s ]
INFO: [ app_begin ] --END-- [ RunTime:0.001023s ]
INFO: [ view_parse ] --START--
INFO: [ template_filter ] --START--
INFO: Run Behavior\ContentReplaceBehavior [ RunTime:0.000117s ]
INFO: [ template_filter ] --END-- [ RunTime:0.000265s ]
SQL: SHOW COLUMNS FROM `uhouse_user` [ RunTime:0.0008s ]
SQL: SELECT * FROM `uhouse_user` WHERE ( username="admin" ) LIMIT 1   [ RunTime:0.0005s ]
INFO: Run Behavior\ParseTemplateBehavior [ RunTime:0.046828s ]
INFO: [ view_parse ] --END-- [ RunTime:0.046968s ]
INFO: [ view_filter ] --START--
INFO: Run Behavior\WriteHtmlCacheBehavior [ RunTime:0.000828s ]
INFO: [ view_filter ] --END-- [ RunTime:0.000957s ]
INFO: [ app_end ] --START--
INFO: Run Behavior\ShowPageTraceBehavior [ RunTime:0.000975s ]
INFO: [ app_end ] --END-- [ RunTime:0.001123s ]

[ 2017-07-24T13:21:40+08:00 ] 127.0.0.1 /uhouse/admin.php?c=person
INFO: [ app_init ] --START--
INFO: Run Behavior\BuildLiteBehavior [ RunTime:0.000053s ]
INFO: [ app_init ] --END-- [ RunTime:0.001145s ]
INFO: [ app_begin ] --START--
INFO: Run Behavior\ReadHtmlCacheBehavior [ RunTime:0.001881s ]
INFO: [ app_begin ] --END-- [ RunTime:0.002242s ]
SQL: SHOW COLUMNS FROM `uhouse_user` [ RunTime:0.0008s ]
SQL: SELECT * FROM `uhouse_user` WHERE ( username="admin" ) LIMIT 1   [ RunTime:0.0005s ]
INFO: [ view_parse ] --START--
INFO: [ template_filter ] --START--
INFO: Run Behavior\ContentReplaceBehavior [ RunTime:0.000133s ]
INFO: [ template_filter ] --END-- [ RunTime:0.000269s ]
SQL: SELECT * FROM `uhouse_user` WHERE ( username="admin" ) LIMIT 1   [ RunTime:0.0005s ]
INFO: Run Behavior\ParseTemplateBehavior [ RunTime:0.020532s ]
INFO: [ view_parse ] --END-- [ RunTime:0.020667s ]
INFO: [ view_filter ] --START--
INFO: Run Behavior\WriteHtmlCacheBehavior [ RunTime:0.000824s ]
INFO: [ view_filter ] --END-- [ RunTime:0.000951s ]
INFO: [ app_end ] --START--
INFO: Run Behavior\ShowPageTraceBehavior [ RunTime:0.000967s ]
INFO: [ app_end ] --END-- [ RunTime:0.001127s ]

[ 2017-07-24T13:21:51+08:00 ] 127.0.0.1 /uhouse/admin.php?c=person&a=renter
INFO: [ app_init ] --START--
INFO: Run Behavior\BuildLiteBehavior [ RunTime:0.000032s ]
INFO: [ app_init ] --END-- [ RunTime:0.000689s ]
INFO: [ app_begin ] --START--
INFO: Run Behavior\ReadHtmlCacheBehavior [ RunTime:0.002060s ]
INFO: [ app_begin ] --END-- [ RunTime:0.002260s ]
SQL: SHOW COLUMNS FROM `uhouse_renter` [ RunTime:0.0008s ]
SQL: SELECT * FROM `uhouse_renter` WHERE ( username="1547554745" ) LIMIT 1   [ RunTime:0.0003s ]
INFO: [ view_parse ] --START--
INFO: [ template_filter ] --START--
INFO: Run Behavior\ContentReplaceBehavior [ RunTime:0.000098s ]
INFO: [ template_filter ] --END-- [ RunTime:0.000195s ]
SQL: SELECT * FROM `uhouse_renter` WHERE ( username="1547554745" ) LIMIT 1   [ RunTime:0.0005s ]
INFO: Run Behavior\ParseTemplateBehavior [ RunTime:0.009284s ]
INFO: [ view_parse ] --END-- [ RunTime:0.009403s ]
INFO: [ view_filter ] --START--
INFO: Run Behavior\WriteHtmlCacheBehavior [ RunTime:0.000569s ]
INFO: [ view_filter ] --END-- [ RunTime:0.000667s ]
INFO: [ app_end ] --START--
INFO: Run Behavior\ShowPageTraceBehavior [ RunTime:0.000721s ]
INFO: [ app_end ] --END-- [ RunTime:0.000854s ]

[ 2017-07-24T13:22:03+08:00 ] 127.0.0.1 /uhouse/admin.php?c=Renter&a=liked
INFO: [ app_init ] --START--
INFO: Run Behavior\BuildLiteBehavior [ RunTime:0.000034s ]
INFO: [ app_init ] --END-- [ RunTime:0.000737s ]
INFO: [ app_begin ] --START--
INFO: Run Behavior\ReadHtmlCacheBehavior [ RunTime:0.001025s ]
INFO: [ app_begin ] --END-- [ RunTime:0.001179s ]
SQL: SHOW COLUMNS FROM `uhouse_like` [ RunTime:0.0006s ]
SQL: SHOW COLUMNS FROM `uhouse_rent_condo` [ RunTime:0.0004s ]
SQL: SELECT * FROM `uhouse_like` WHERE ( username="1547554745" )  [ RunTime:0.0003s ]
SQL: SELECT * FROM `uhouse_rent_condo` WHERE ( rent_condo_id="10466" ) LIMIT 1   [ RunTime:0.0004s ]
SQL: SELECT * FROM `uhouse_rent_condo` WHERE ( rent_condo_id="4439" ) LIMIT 1   [ RunTime:0.0003s ]
SQL: SELECT * FROM `uhouse_rent_condo` WHERE ( rent_condo_id="13391" ) LIMIT 1   [ RunTime:0.0003s ]
SQL: SELECT * FROM `uhouse_rent_condo` WHERE ( rent_condo_id="11927" ) LIMIT 1   [ RunTime:0.0003s ]
SQL: SELECT * FROM `uhouse_rent_condo` WHERE ( rent_condo_id="7140" ) LIMIT 1   [ RunTime:0.0003s ]
SQL: SELECT * FROM `uhouse_rent_condo` WHERE ( rent_condo_id="8803" ) LIMIT 1   [ RunTime:0.0003s ]
SQL: SELECT * FROM `uhouse_rent_condo` WHERE ( rent_condo_id="23231" ) LIMIT 1   [ RunTime:0.0003s ]
INFO: [ view_parse ] --START--
INFO: [ template_filter ] --START--
INFO: Run Behavior\ContentReplaceBehavior [ RunTime:0.000098s ]
INFO: [ template_filter ] --END-- [ RunTime:0.000204s ]
SQL: SHOW COLUMNS FROM `uhouse_renter` [ RunTime:0.0007s ]
SQL: SELECT * FROM `uhouse_renter` WHERE ( username="1547554745" ) LIMIT 1   [ RunTime:0.0004s ]
INFO: Run Behavior\ParseTemplateBehavior [ RunTime:0.012989s ]
INFO: [ view_parse ] --END-- [ RunTime:0.013112s ]
INFO: [ view_filter ] --START--
INFO: Run Behavior\WriteHtmlCacheBehavior [ RunTime:0.000767s ]
INFO: [ view_filter ] --END-- [ RunTime:0.000892s ]
INFO: [ app_end ] --START--
INFO: Run Behavior\ShowPageTraceBehavior [ RunTime:0.000898s ]
INFO: [ app_end ] --END-- [ RunTime:0.001025s ]

[ 2017-07-24T13:22:07+08:00 ] 127.0.0.1 /uhouse/admin.php?c=landlord&a=release
INFO: [ app_init ] --START--
INFO: Run Behavior\BuildLiteBehavior [ RunTime:0.000032s ]
INFO: [ app_init ] --END-- [ RunTime:0.000708s ]
INFO: [ app_begin ] --START--
INFO: Run Behavior\ReadHtmlCacheBehavior [ RunTime:0.000698s ]
INFO: [ app_begin ] --END-- [ RunTime:0.000815s ]
INFO: [ view_parse ] --START--
INFO: [ template_filter ] --START--
INFO: Run Behavior\ContentReplaceBehavior [ RunTime:0.000182s ]
INFO: [ template_filter ] --END-- [ RunTime:0.000335s ]
SQL: SHOW COLUMNS FROM `uhouse_user` [ RunTime:0.0008s ]
SQL: SELECT * FROM `uhouse_user` WHERE ( username="admin" ) LIMIT 1   [ RunTime:0.0004s ]
INFO: Run Behavior\ParseTemplateBehavior [ RunTime:0.037111s ]
INFO: [ view_parse ] --END-- [ RunTime:0.037256s ]
INFO: [ view_filter ] --START--
INFO: Run Behavior\WriteHtmlCacheBehavior [ RunTime:0.000835s ]
INFO: [ view_filter ] --END-- [ RunTime:0.000961s ]
INFO: [ app_end ] --START--
INFO: Run Behavior\ShowPageTraceBehavior [ RunTime:0.000857s ]
INFO: [ app_end ] --END-- [ RunTime:0.000984s ]

[ 2017-07-24T13:22:52+08:00 ] 127.0.0.1 /uhouse/admin.php?c=landlord
INFO: [ app_init ] --START--
INFO: Run Behavior\BuildLiteBehavior [ RunTime:0.000034s ]
INFO: [ app_init ] --END-- [ RunTime:0.000717s ]
INFO: [ app_begin ] --START--
INFO: Run Behavior\ReadHtmlCacheBehavior [ RunTime:0.000921s ]
INFO: [ app_begin ] --END-- [ RunTime:0.001080s ]
SQL: SHOW COLUMNS FROM `uhouse_landlord` [ RunTime:0.0010s ]
SQL: SELECT * FROM `uhouse_landlord` WHERE `username` = 'admin' AND `status` = 1  [ RunTime:0.0104s ]
NOTIC: [8] Undefined index: p F:\wamp64\www\uhouse\Application\Admin\Controller\LandlordController.class.php 第 17 行.
NOTIC: [8] Undefined index: pageSize F:\wamp64\www\uhouse\Application\Admin\Controller\LandlordController.class.php 第 18 行.
SQL: SELECT * FROM `uhouse_landlord` WHERE `username` = 'admin' AND `status` = 1 ORDER BY house_id desc LIMIT 0,10   [ RunTime:0.0008s ]
SQL: SELECT COUNT(*) AS tp_count FROM `uhouse_landlord` WHERE `username` = 'admin' AND `status` = 1 LIMIT 1   [ RunTime:0.0003s ]
NOTIC: [8] Undefined variable: sing_path F:\wamp64\www\uhouse\ThinkPHP\Common\functions.php 第 991 行.
NOTIC: [8] Undefined variable: sing_path F:\wamp64\www\uhouse\ThinkPHP\Common\functions.php 第 991 行.
INFO: [ view_parse ] --START--
INFO: [ template_filter ] --START--
INFO: Run Behavior\ContentReplaceBehavior [ RunTime:0.000100s ]
INFO: [ template_filter ] --END-- [ RunTime:0.000206s ]
SQL: SHOW COLUMNS FROM `uhouse_user` [ RunTime:0.0007s ]
SQL: SELECT * FROM `uhouse_user` WHERE ( username="admin" ) LIMIT 1   [ RunTime:0.0004s ]
INFO: Run Behavior\ParseTemplateBehavior [ RunTime:0.021084s ]
INFO: [ view_parse ] --END-- [ RunTime:0.021205s ]
INFO: [ view_filter ] --START--
INFO: Run Behavior\WriteHtmlCacheBehavior [ RunTime:0.000721s ]
INFO: [ view_filter ] --END-- [ RunTime:0.000856s ]
INFO: [ app_end ] --START--
INFO: Run Behavior\ShowPageTraceBehavior [ RunTime:0.000766s ]
INFO: [ app_end ] --END-- [ RunTime:0.000889s ]

[ 2017-07-24T13:23:34+08:00 ] 127.0.0.1 /uhouse/admin.php?c=Landlord&a=edit
INFO: [ app_init ] --START--
INFO: Run Behavior\BuildLiteBehavior [ RunTime:0.000023s ]
INFO: [ app_init ] --END-- [ RunTime:0.000583s ]
INFO: [ app_begin ] --START--
INFO: Run Behavior\ReadHtmlCacheBehavior [ RunTime:0.000746s ]
INFO: [ app_begin ] --END-- [ RunTime:0.000836s ]
SQL: SHOW COLUMNS FROM `uhouse_landlord` [ RunTime:0.0009s ]
SQL: SELECT * FROM `uhouse_landlord` WHERE ( house_id="16" ) LIMIT 1   [ RunTime:0.0005s ]

[ 2017-07-24T13:23:35+08:00 ] 127.0.0.1 /uhouse/admin.php?c=Landlord&a=update
INFO: [ app_init ] --START--
INFO: Run Behavior\BuildLiteBehavior [ RunTime:0.000053s ]
INFO: [ app_init ] --END-- [ RunTime:0.000645s ]
INFO: [ app_begin ] --START--
INFO: Run Behavior\ReadHtmlCacheBehavior [ RunTime:0.000682s ]
INFO: [ app_begin ] --END-- [ RunTime:0.000803s ]
SQL: SHOW COLUMNS FROM `uhouse_landlord` [ RunTime:0.0007s ]
SQL: SELECT * FROM `uhouse_landlord` WHERE ( house_id="16" ) LIMIT 1   [ RunTime:0.0004s ]
INFO: [ view_parse ] --START--
INFO: [ template_filter ] --START--
INFO: Run Behavior\ContentReplaceBehavior [ RunTime:0.000121s ]
INFO: [ template_filter ] --END-- [ RunTime:0.000221s ]
SQL: SHOW COLUMNS FROM `uhouse_user` [ RunTime:0.0007s ]
SQL: SELECT * FROM `uhouse_user` WHERE ( username="admin" ) LIMIT 1   [ RunTime:0.0004s ]
INFO: Run Behavior\ParseTemplateBehavior [ RunTime:0.025125s ]
INFO: [ view_parse ] --END-- [ RunTime:0.025287s ]
INFO: [ view_filter ] --START--
INFO: Run Behavior\WriteHtmlCacheBehavior [ RunTime:0.000712s ]
INFO: [ view_filter ] --END-- [ RunTime:0.000839s ]
INFO: [ app_end ] --START--
INFO: Run Behavior\ShowPageTraceBehavior [ RunTime:0.000752s ]
INFO: [ app_end ] --END-- [ RunTime:0.000862s ]

[ 2017-07-24T13:23:48+08:00 ] 127.0.0.1 /uhouse/admin.php?c=landlord
INFO: [ app_init ] --START--
INFO: Run Behavior\BuildLiteBehavior [ RunTime:0.000026s ]
INFO: [ app_init ] --END-- [ RunTime:0.000509s ]
INFO: [ app_begin ] --START--
INFO: Run Behavior\ReadHtmlCacheBehavior [ RunTime:0.000704s ]
INFO: [ app_begin ] --END-- [ RunTime:0.000817s ]
SQL: SHOW COLUMNS FROM `uhouse_landlord` [ RunTime:0.0008s ]
SQL: SELECT * FROM `uhouse_landlord` WHERE `username` = 'admin' AND `status` = 1  [ RunTime:0.0006s ]
NOTIC: [8] Undefined index: p F:\wamp64\www\uhouse\Application\Admin\Controller\LandlordController.class.php 第 17 行.
NOTIC: [8] Undefined index: pageSize F:\wamp64\www\uhouse\Application\Admin\Controller\LandlordController.class.php 第 18 行.
SQL: SELECT * FROM `uhouse_landlord` WHERE `username` = 'admin' AND `status` = 1 ORDER BY house_id desc LIMIT 0,10   [ RunTime:0.0006s ]
SQL: SELECT COUNT(*) AS tp_count FROM `uhouse_landlord` WHERE `username` = 'admin' AND `status` = 1 LIMIT 1   [ RunTime:0.0004s ]
NOTIC: [8] Undefined variable: sing_path F:\wamp64\www\uhouse\ThinkPHP\Common\functions.php 第 991 行.
NOTIC: [8] Undefined variable: sing_path F:\wamp64\www\uhouse\ThinkPHP\Common\functions.php 第 991 行.
INFO: [ view_parse ] --START--
INFO: [ template_filter ] --START--
INFO: Run Behavior\ContentReplaceBehavior [ RunTime:0.000105s ]
INFO: [ template_filter ] --END-- [ RunTime:0.000216s ]
SQL: SHOW COLUMNS FROM `uhouse_user` [ RunTime:0.0007s ]
SQL: SELECT * FROM `uhouse_user` WHERE ( username="admin" ) LIMIT 1   [ RunTime:0.0004s ]
INFO: Run Behavior\ParseTemplateBehavior [ RunTime:0.013652s ]
INFO: [ view_parse ] --END-- [ RunTime:0.013768s ]
INFO: [ view_filter ] --START--
INFO: Run Behavior\WriteHtmlCacheBehavior [ RunTime:0.000778s ]
INFO: [ view_filter ] --END-- [ RunTime:0.000902s ]
INFO: [ app_end ] --START--
INFO: Run Behavior\ShowPageTraceBehavior [ RunTime:0.000817s ]
INFO: [ app_end ] --END-- [ RunTime:0.000938s ]

[ 2017-07-24T13:23:51+08:00 ] 127.0.0.1 /uhouse/admin.php?c=landlord&a=prepare
INFO: [ app_init ] --START--
INFO: Run Behavior\BuildLiteBehavior [ RunTime:0.000027s ]
INFO: [ app_init ] --END-- [ RunTime:0.000590s ]
INFO: [ app_begin ] --START--
INFO: Run Behavior\ReadHtmlCacheBehavior [ RunTime:0.000710s ]
INFO: [ app_begin ] --END-- [ RunTime:0.000814s ]
SQL: SHOW COLUMNS FROM `uhouse_landlord` [ RunTime:0.0008s ]
SQL: SELECT * FROM `uhouse_landlord` WHERE ( house_id="18" ) LIMIT 1   [ RunTime:0.0005s ]

[ 2017-07-24T13:23:51+08:00 ] 127.0.0.1 /uhouse/admin.php?c=landlord&a=detail
INFO: [ app_init ] --START--
INFO: Run Behavior\BuildLiteBehavior [ RunTime:0.000025s ]
INFO: [ app_init ] --END-- [ RunTime:0.000490s ]
INFO: [ app_begin ] --START--
INFO: Run Behavior\ReadHtmlCacheBehavior [ RunTime:0.000630s ]
INFO: [ app_begin ] --END-- [ RunTime:0.000743s ]
SQL: SHOW COLUMNS FROM `uhouse_landlord` [ RunTime:0.0007s ]
SQL: SELECT * FROM `uhouse_landlord` WHERE ( house_id="18" ) LIMIT 1   [ RunTime:0.0004s ]
SQL: SHOW COLUMNS FROM `uhouse_user` [ RunTime:0.0007s ]
SQL: SELECT * FROM `uhouse_user` WHERE ( username="admin" ) LIMIT 1   [ RunTime:0.0004s ]
INFO: [ view_parse ] --START--
INFO: [ template_filter ] --START--
INFO: Run Behavior\ContentReplaceBehavior [ RunTime:0.000097s ]
INFO: [ template_filter ] --END-- [ RunTime:0.000202s ]
INFO: Run Behavior\ParseTemplateBehavior [ RunTime:0.024548s ]
INFO: [ view_parse ] --END-- [ RunTime:0.024656s ]
INFO: [ view_filter ] --START--
INFO: Run Behavior\WriteHtmlCacheBehavior [ RunTime:0.000513s ]
INFO: [ view_filter ] --END-- [ RunTime:0.000608s ]
INFO: [ app_end ] --START--
INFO: Run Behavior\ShowPageTraceBehavior [ RunTime:0.000793s ]
INFO: [ app_end ] --END-- [ RunTime:0.000929s ]

[ 2017-07-24T13:23:57+08:00 ] 127.0.0.1 /uhouse/admin.php?c=landlord&a=prepare
INFO: [ app_init ] --START--
INFO: Run Behavior\BuildLiteBehavior [ RunTime:0.000030s ]
INFO: [ app_init ] --END-- [ RunTime:0.000661s ]
INFO: [ app_begin ] --START--
INFO: Run Behavior\ReadHtmlCacheBehavior [ RunTime:0.000882s ]
INFO: [ app_begin ] --END-- [ RunTime:0.001004s ]
SQL: SHOW COLUMNS FROM `uhouse_landlord` [ RunTime:0.0008s ]
SQL: SELECT * FROM `uhouse_landlord` WHERE ( house_id="17" ) LIMIT 1   [ RunTime:0.0004s ]

[ 2017-07-24T13:23:57+08:00 ] 127.0.0.1 /uhouse/admin.php?c=landlord&a=detail
INFO: [ app_init ] --START--
INFO: Run Behavior\BuildLiteBehavior [ RunTime:0.000030s ]
INFO: [ app_init ] --END-- [ RunTime:0.000573s ]
INFO: [ app_begin ] --START--
INFO: Run Behavior\ReadHtmlCacheBehavior [ RunTime:0.000695s ]
INFO: [ app_begin ] --END-- [ RunTime:0.000820s ]
SQL: SHOW COLUMNS FROM `uhouse_landlord` [ RunTime:0.0007s ]
SQL: SELECT * FROM `uhouse_landlord` WHERE ( house_id="17" ) LIMIT 1   [ RunTime:0.0004s ]
SQL: SHOW COLUMNS FROM `uhouse_user` [ RunTime:0.0007s ]
SQL: SELECT * FROM `uhouse_user` WHERE ( username="admin" ) LIMIT 1   [ RunTime:0.0004s ]
INFO: [ view_parse ] --START--
INFO: [ template_filter ] --START--
INFO: Run Behavior\ContentReplaceBehavior [ RunTime:0.000097s ]
INFO: [ template_filter ] --END-- [ RunTime:0.000212s ]
INFO: Run Behavior\ParseTemplateBehavior [ RunTime:0.008899s ]
INFO: [ view_parse ] --END-- [ RunTime:0.009014s ]
INFO: [ view_filter ] --START--
INFO: Run Behavior\WriteHtmlCacheBehavior [ RunTime:0.000506s ]
INFO: [ view_filter ] --END-- [ RunTime:0.000602s ]
INFO: [ app_end ] --START--
INFO: Run Behavior\ShowPageTraceBehavior [ RunTime:0.001369s ]
INFO: [ app_end ] --END-- [ RunTime:0.001548s ]

[ 2017-07-24T13:24:01+08:00 ] 127.0.0.1 /uhouse/admin.php?c=landlord&a=prepare
INFO: [ app_init ] --START--
INFO: Run Behavior\BuildLiteBehavior [ RunTime:0.000030s ]
INFO: [ app_init ] --END-- [ RunTime:0.000689s ]
INFO: [ app_begin ] --START--
INFO: Run Behavior\ReadHtmlCacheBehavior [ RunTime:0.000898s ]
INFO: [ app_begin ] --END-- [ RunTime:0.001018s ]
SQL: SHOW COLUMNS FROM `uhouse_landlord` [ RunTime:0.0008s ]
SQL: SELECT * FROM `uhouse_landlord` WHERE ( house_id="15" ) LIMIT 1   [ RunTime:0.0004s ]

[ 2017-07-24T13:24:01+08:00 ] 127.0.0.1 /uhouse/admin.php?c=landlord&a=detail
INFO: [ app_init ] --START--
INFO: Run Behavior\BuildLiteBehavior [ RunTime:0.000025s ]
INFO: [ app_init ] --END-- [ RunTime:0.000470s ]
INFO: [ app_begin ] --START--
INFO: Run Behavior\ReadHtmlCacheBehavior [ RunTime:0.000641s ]
INFO: [ app_begin ] --END-- [ RunTime:0.000755s ]
SQL: SHOW COLUMNS FROM `uhouse_landlord` [ RunTime:0.0008s ]
SQL: SELECT * FROM `uhouse_landlord` WHERE ( house_id="15" ) LIMIT 1   [ RunTime:0.0010s ]
SQL: SHOW COLUMNS FROM `uhouse_user` [ RunTime:0.0007s ]
SQL: SELECT * FROM `uhouse_user` WHERE ( username="admin" ) LIMIT 1   [ RunTime:0.0003s ]
INFO: [ view_parse ] --START--
INFO: [ template_filter ] --START--
INFO: Run Behavior\ContentReplaceBehavior [ RunTime:0.000101s ]
INFO: [ template_filter ] --END-- [ RunTime:0.000210s ]
INFO: Run Behavior\ParseTemplateBehavior [ RunTime:0.008594s ]
INFO: [ view_parse ] --END-- [ RunTime:0.008704s ]
INFO: [ view_filter ] --START--
INFO: Run Behavior\WriteHtmlCacheBehavior [ RunTime:0.000492s ]
INFO: [ view_filter ] --END-- [ RunTime:0.000587s ]
INFO: [ app_end ] --START--
INFO: Run Behavior\ShowPageTraceBehavior [ RunTime:0.000670s ]
INFO: [ app_end ] --END-- [ RunTime:0.000784s ]

[ 2017-07-24T17:26:46+08:00 ] 127.0.0.1 /uhouse/admin.php
INFO: [ app_init ] --START--
INFO: Run Behavior\BuildLiteBehavior [ RunTime:0.000075s ]
INFO: [ app_init ] --END-- [ RunTime:0.001234s ]
INFO: [ app_begin ] --START--
INFO: Run Behavior\ReadHtmlCacheBehavior [ RunTime:0.001622s ]
INFO: [ app_begin ] --END-- [ RunTime:0.001830s ]
INFO: [ view_parse ] --START--
INFO: [ template_filter ] --START--
INFO: Run Behavior\ContentReplaceBehavior [ RunTime:0.000157s ]
INFO: [ template_filter ] --END-- [ RunTime:0.000351s ]
SQL: SHOW COLUMNS FROM `uhouse_user` [ RunTime:0.0032s ]
SQL: SELECT * FROM `uhouse_user` WHERE ( username="admin" ) LIMIT 1   [ RunTime:0.0011s ]
INFO: Run Behavior\ParseTemplateBehavior [ RunTime:0.084742s ]
INFO: [ view_parse ] --END-- [ RunTime:0.084935s ]
INFO: [ view_filter ] --START--
INFO: Run Behavior\WriteHtmlCacheBehavior [ RunTime:0.001327s ]
INFO: [ view_filter ] --END-- [ RunTime:0.001501s ]
INFO: [ app_end ] --START--
INFO: Run Behavior\ShowPageTraceBehavior [ RunTime:0.001555s ]
INFO: [ app_end ] --END-- [ RunTime:0.001737s ]

[ 2017-07-24T21:20:57+08:00 ] 127.0.0.1 /uhouse/admin.php
INFO: [ app_init ] --START--
INFO: Run Behavior\BuildLiteBehavior [ RunTime:0.000106s ]
INFO: [ app_init ] --END-- [ RunTime:0.002081s ]
INFO: [ app_begin ] --START--
INFO: Run Behavior\ReadHtmlCacheBehavior [ RunTime:0.035948s ]
INFO: [ app_begin ] --END-- [ RunTime:0.036129s ]
INFO: [ view_parse ] --START--
INFO: [ template_filter ] --START--
INFO: Run Behavior\ContentReplaceBehavior [ RunTime:0.000344s ]
INFO: [ template_filter ] --END-- [ RunTime:0.000770s ]
SQL: SHOW COLUMNS FROM `uhouse_user` [ RunTime:0.0043s ]
SQL: SELECT * FROM `uhouse_user` WHERE ( username="admin" ) LIMIT 1   [ RunTime:0.0012s ]
INFO: Run Behavior\ParseTemplateBehavior [ RunTime:0.096584s ]
INFO: [ view_parse ] --END-- [ RunTime:0.096905s ]
INFO: [ view_filter ] --START--
INFO: Run Behavior\WriteHtmlCacheBehavior [ RunTime:0.001496s ]
INFO: [ view_filter ] --END-- [ RunTime:0.001725s ]
INFO: [ app_end ] --START--
INFO: Run Behavior\ShowPageTraceBehavior [ RunTime:0.001684s ]
INFO: [ app_end ] --END-- [ RunTime:0.001906s ]

[ 2017-07-24T21:35:19+08:00 ] 127.0.0.1 /uhouse/admin.php
INFO: [ app_init ] --START--
INFO: Run Behavior\BuildLiteBehavior [ RunTime:0.000025s ]
INFO: [ app_init ] --END-- [ RunTime:0.000650s ]
INFO: [ app_begin ] --START--
INFO: Run Behavior\ReadHtmlCacheBehavior [ RunTime:0.000930s ]
INFO: [ app_begin ] --END-- [ RunTime:0.001032s ]
INFO: [ view_parse ] --START--
INFO: [ template_filter ] --START--
INFO: Run Behavior\ContentReplaceBehavior [ RunTime:0.000086s ]
INFO: [ template_filter ] --END-- [ RunTime:0.000196s ]
SQL: SHOW COLUMNS FROM `uhouse_user` [ RunTime:0.0011s ]
SQL: SELECT * FROM `uhouse_user` WHERE ( username="admin" ) LIMIT 1   [ RunTime:0.0006s ]
INFO: Run Behavior\ParseTemplateBehavior [ RunTime:0.035111s ]
INFO: [ view_parse ] --END-- [ RunTime:0.035241s ]
INFO: [ view_filter ] --START--
INFO: Run Behavior\WriteHtmlCacheBehavior [ RunTime:0.000956s ]
INFO: [ view_filter ] --END-- [ RunTime:0.001075s ]
INFO: [ app_end ] --START--
INFO: Run Behavior\ShowPageTraceBehavior [ RunTime:0.000983s ]
INFO: [ app_end ] --END-- [ RunTime:0.001100s ]

