[ 2017-07-23T11:15:33+08:00 ] 127.0.0.1 /uhouse/admin.php?&c=index
INFO: [ app_init ] --START--
INFO: Run Behavior\BuildLiteBehavior [ RunTime:0.000058s ]
INFO: [ app_init ] --END-- [ RunTime:0.001320s ]
INFO: [ app_begin ] --START--
INFO: Run Behavior\ReadHtmlCacheBehavior [ RunTime:0.001397s ]
INFO: [ app_begin ] --END-- [ RunTime:0.001650s ]
NOTIC: [8] Undefined variable: sing_path F:\wamp64\www\uhouse\ThinkPHP\Common\functions.php 第 991 行.
NOTIC: [8] Undefined variable: module F:\wamp64\www\uhouse\ThinkPHP\Common\functions.php 第 994 行.
NOTIC: [8] Undefined variable: var F:\wamp64\www\uhouse\ThinkPHP\Common\functions.php 第 997 行.
NOTIC: [2] array_reverse() expects parameter 1 to be array, null given F:\wamp64\www\uhouse\ThinkPHP\Common\functions.php 第 997 行.
NOTIC: [2] http_build_query(): Parameter 1 expected to be Array or Object.  Incorrect value given F:\wamp64\www\uhouse\ThinkPHP\Common\functions.php 第 997 行.

[ 2017-07-23T11:15:33+08:00 ] 127.0.0.1 /uhouse/admin.php?&c=Login
INFO: [ app_init ] --START--
INFO: Run Behavior\BuildLiteBehavior [ RunTime:0.000026s ]
INFO: [ app_init ] --END-- [ RunTime:0.000490s ]
INFO: [ app_begin ] --START--
INFO: Run Behavior\ReadHtmlCacheBehavior [ RunTime:0.000552s ]
INFO: [ app_begin ] --END-- [ RunTime:0.000669s ]
INFO: [ view_parse ] --START--
INFO: [ template_filter ] --START--
INFO: Run Behavior\ContentReplaceBehavior [ RunTime:0.000350s ]
INFO: [ template_filter ] --END-- [ RunTime:0.000785s ]
INFO: Run Behavior\ParseTemplateBehavior [ RunTime:0.121580s ]
INFO: [ view_parse ] --END-- [ RunTime:0.122018s ]
INFO: [ view_filter ] --START--
INFO: Run Behavior\WriteHtmlCacheBehavior [ RunTime:0.001692s ]
INFO: [ view_filter ] --END-- [ RunTime:0.002087s ]
INFO: [ app_end ] --START--
INFO: Run Behavior\ShowPageTraceBehavior [ RunTime:0.002190s ]
INFO: [ app_end ] --END-- [ RunTime:0.002618s ]

[ 2017-07-23T11:15:41+08:00 ] 127.0.0.1 /uhouse/admin.php?c=login&a=check
INFO: [ app_init ] --START--
INFO: Run Behavior\BuildLiteBehavior [ RunTime:0.000031s ]
INFO: [ app_init ] --END-- [ RunTime:0.000624s ]
INFO: [ app_begin ] --START--
INFO: Run Behavior\ReadHtmlCacheBehavior [ RunTime:0.000619s ]
INFO: [ app_begin ] --END-- [ RunTime:0.000743s ]
SQL: SHOW COLUMNS FROM `uhouse_user` [ RunTime:0.0023s ]
SQL: SELECT * FROM `uhouse_user` WHERE ( username="admin" ) LIMIT 1   [ RunTime:0.0008s ]

[ 2017-07-23T11:15:42+08:00 ] 127.0.0.1 /uhouse/admin.php?c=index
INFO: [ app_init ] --START--
INFO: Run Behavior\BuildLiteBehavior [ RunTime:0.000033s ]
INFO: [ app_init ] --END-- [ RunTime:0.000657s ]
INFO: [ app_begin ] --START--
INFO: Run Behavior\ReadHtmlCacheBehavior [ RunTime:0.000655s ]
INFO: [ app_begin ] --END-- [ RunTime:0.000795s ]
INFO: [ view_parse ] --START--
INFO: [ template_filter ] --START--
INFO: Run Behavior\ContentReplaceBehavior [ RunTime:0.000109s ]
INFO: [ template_filter ] --END-- [ RunTime:0.000256s ]
SQL: SHOW COLUMNS FROM `uhouse_user` [ RunTime:0.0027s ]
SQL: SELECT * FROM `uhouse_user` WHERE ( username="admin" ) LIMIT 1   [ RunTime:0.0014s ]
INFO: Run Behavior\ParseTemplateBehavior [ RunTime:0.047478s ]
INFO: [ view_parse ] --END-- [ RunTime:0.047761s ]
INFO: [ view_filter ] --START--
INFO: Run Behavior\WriteHtmlCacheBehavior [ RunTime:0.001845s ]
INFO: [ view_filter ] --END-- [ RunTime:0.002247s ]
INFO: [ app_end ] --START--
INFO: Run Behavior\ShowPageTraceBehavior [ RunTime:0.002169s ]
INFO: [ app_end ] --END-- [ RunTime:0.002646s ]

[ 2017-07-23T11:15:47+08:00 ] 127.0.0.1 /uhouse/admin.php?c=person
INFO: [ app_init ] --START--
INFO: Run Behavior\BuildLiteBehavior [ RunTime:0.000034s ]
INFO: [ app_init ] --END-- [ RunTime:0.000591s ]
INFO: [ app_begin ] --START--
INFO: Run Behavior\ReadHtmlCacheBehavior [ RunTime:0.000617s ]
INFO: [ app_begin ] --END-- [ RunTime:0.000761s ]
SQL: SHOW COLUMNS FROM `uhouse_user` [ RunTime:0.0009s ]
SQL: SELECT * FROM `uhouse_user` WHERE ( username="admin" ) LIMIT 1   [ RunTime:0.0005s ]
INFO: [ view_parse ] --START--
INFO: [ template_filter ] --START--
INFO: Run Behavior\ContentReplaceBehavior [ RunTime:0.000133s ]
INFO: [ template_filter ] --END-- [ RunTime:0.000270s ]
SQL: SELECT * FROM `uhouse_user` WHERE ( username="admin" ) LIMIT 1   [ RunTime:0.0005s ]
INFO: Run Behavior\ParseTemplateBehavior [ RunTime:0.016553s ]
INFO: [ view_parse ] --END-- [ RunTime:0.016684s ]
INFO: [ view_filter ] --START--
INFO: Run Behavior\WriteHtmlCacheBehavior [ RunTime:0.000584s ]
INFO: [ view_filter ] --END-- [ RunTime:0.000709s ]
INFO: [ app_end ] --START--
INFO: Run Behavior\ShowPageTraceBehavior [ RunTime:0.000681s ]
INFO: [ app_end ] --END-- [ RunTime:0.000821s ]

[ 2017-07-23T11:15:50+08:00 ] 127.0.0.1 /uhouse/admin.php?c=landlord&a=release
INFO: [ app_init ] --START--
INFO: Run Behavior\BuildLiteBehavior [ RunTime:0.000031s ]
INFO: [ app_init ] --END-- [ RunTime:0.000640s ]
INFO: [ app_begin ] --START--
INFO: Run Behavior\ReadHtmlCacheBehavior [ RunTime:0.000652s ]
INFO: [ app_begin ] --END-- [ RunTime:0.000789s ]
INFO: [ view_parse ] --START--
INFO: [ template_filter ] --START--
INFO: Run Behavior\ContentReplaceBehavior [ RunTime:0.000175s ]
INFO: [ template_filter ] --END-- [ RunTime:0.000316s ]
SQL: SHOW COLUMNS FROM `uhouse_user` [ RunTime:0.0009s ]
SQL: SELECT * FROM `uhouse_user` WHERE ( username="admin" ) LIMIT 1   [ RunTime:0.0004s ]
INFO: Run Behavior\ParseTemplateBehavior [ RunTime:0.043382s ]
INFO: [ view_parse ] --END-- [ RunTime:0.043513s ]
INFO: [ view_filter ] --START--
INFO: Run Behavior\WriteHtmlCacheBehavior [ RunTime:0.000693s ]
INFO: [ view_filter ] --END-- [ RunTime:0.000818s ]
INFO: [ app_end ] --START--
INFO: Run Behavior\ShowPageTraceBehavior [ RunTime:0.000672s ]
INFO: [ app_end ] --END-- [ RunTime:0.000813s ]

[ 2017-07-23T11:15:53+08:00 ] 127.0.0.1 /uhouse/admin.php?c=landlord
INFO: [ app_init ] --START--
INFO: Run Behavior\BuildLiteBehavior [ RunTime:0.000031s ]
INFO: [ app_init ] --END-- [ RunTime:0.000641s ]
INFO: [ app_begin ] --START--
INFO: Run Behavior\ReadHtmlCacheBehavior [ RunTime:0.000681s ]
INFO: [ app_begin ] --END-- [ RunTime:0.000822s ]
SQL: SHOW COLUMNS FROM `uhouse_landlord` [ RunTime:0.0010s ]
SQL: SELECT * FROM `uhouse_landlord` WHERE `username` = 'admin' AND `status` = 1  [ RunTime:0.0007s ]
NOTIC: [8] Undefined index: p F:\wamp64\www\uhouse\Application\Admin\Controller\LandlordController.class.php 第 17 行.
NOTIC: [8] Undefined index: pageSize F:\wamp64\www\uhouse\Application\Admin\Controller\LandlordController.class.php 第 18 行.
SQL: SELECT * FROM `uhouse_landlord` WHERE `username` = 'admin' AND `status` = 1 ORDER BY house_id desc LIMIT 0,10   [ RunTime:0.0007s ]
SQL: SELECT COUNT(*) AS tp_count FROM `uhouse_landlord` WHERE `username` = 'admin' AND `status` = 1 LIMIT 1   [ RunTime:0.0005s ]
NOTIC: [8] Undefined variable: sing_path F:\wamp64\www\uhouse\ThinkPHP\Common\functions.php 第 991 行.
NOTIC: [8] Undefined variable: sing_path F:\wamp64\www\uhouse\ThinkPHP\Common\functions.php 第 991 行.
INFO: [ view_parse ] --START--
INFO: [ template_filter ] --START--
INFO: Run Behavior\ContentReplaceBehavior [ RunTime:0.000132s ]
INFO: [ template_filter ] --END-- [ RunTime:0.000271s ]
SQL: SHOW COLUMNS FROM `uhouse_user` [ RunTime:0.0008s ]
SQL: SELECT * FROM `uhouse_user` WHERE ( username="admin" ) LIMIT 1   [ RunTime:0.0004s ]
INFO: Run Behavior\ParseTemplateBehavior [ RunTime:0.015098s ]
INFO: [ view_parse ] --END-- [ RunTime:0.015234s ]
INFO: [ view_filter ] --START--
INFO: Run Behavior\WriteHtmlCacheBehavior [ RunTime:0.000553s ]
INFO: [ view_filter ] --END-- [ RunTime:0.000679s ]
INFO: [ app_end ] --START--
INFO: Run Behavior\ShowPageTraceBehavior [ RunTime:0.000696s ]
INFO: [ app_end ] --END-- [ RunTime:0.000836s ]

[ 2017-07-23T11:15:57+08:00 ] 127.0.0.1 /uhouse/admin.php?c=Landlord&a=edit
INFO: [ app_init ] --START--
INFO: Run Behavior\BuildLiteBehavior [ RunTime:0.000032s ]
INFO: [ app_init ] --END-- [ RunTime:0.000654s ]
INFO: [ app_begin ] --START--
INFO: Run Behavior\ReadHtmlCacheBehavior [ RunTime:0.000633s ]
INFO: [ app_begin ] --END-- [ RunTime:0.000750s ]
SQL: SHOW COLUMNS FROM `uhouse_landlord` [ RunTime:0.0009s ]
SQL: SELECT * FROM `uhouse_landlord` WHERE ( house_id="16" ) LIMIT 1   [ RunTime:0.0004s ]

[ 2017-07-23T11:15:58+08:00 ] 127.0.0.1 /uhouse/admin.php?c=Landlord&a=update
INFO: [ app_init ] --START--
INFO: Run Behavior\BuildLiteBehavior [ RunTime:0.000034s ]
INFO: [ app_init ] --END-- [ RunTime:0.000672s ]
INFO: [ app_begin ] --START--
INFO: Run Behavior\ReadHtmlCacheBehavior [ RunTime:0.000668s ]
INFO: [ app_begin ] --END-- [ RunTime:0.000812s ]
SQL: SHOW COLUMNS FROM `uhouse_landlord` [ RunTime:0.0010s ]
SQL: SELECT * FROM `uhouse_landlord` WHERE ( house_id="16" ) LIMIT 1   [ RunTime:0.0005s ]
INFO: [ view_parse ] --START--
INFO: [ template_filter ] --START--
INFO: Run Behavior\ContentReplaceBehavior [ RunTime:0.000162s ]
INFO: [ template_filter ] --END-- [ RunTime:0.000299s ]
SQL: SHOW COLUMNS FROM `uhouse_user` [ RunTime:0.0009s ]
SQL: SELECT * FROM `uhouse_user` WHERE ( username="admin" ) LIMIT 1   [ RunTime:0.0004s ]
INFO: Run Behavior\ParseTemplateBehavior [ RunTime:0.023279s ]
INFO: [ view_parse ] --END-- [ RunTime:0.023410s ]
INFO: [ view_filter ] --START--
INFO: Run Behavior\WriteHtmlCacheBehavior [ RunTime:0.000606s ]
INFO: [ view_filter ] --END-- [ RunTime:0.000733s ]
INFO: [ app_end ] --START--
INFO: Run Behavior\ShowPageTraceBehavior [ RunTime:0.000659s ]
INFO: [ app_end ] --END-- [ RunTime:0.000798s ]

[ 2017-07-23T11:16:04+08:00 ] 127.0.0.1 /uhouse/admin.php?c=landlord
INFO: [ app_init ] --START--
INFO: Run Behavior\BuildLiteBehavior [ RunTime:0.000035s ]
INFO: [ app_init ] --END-- [ RunTime:0.000668s ]
INFO: [ app_begin ] --START--
INFO: Run Behavior\ReadHtmlCacheBehavior [ RunTime:0.000664s ]
INFO: [ app_begin ] --END-- [ RunTime:0.000811s ]
SQL: SHOW COLUMNS FROM `uhouse_landlord` [ RunTime:0.0011s ]
SQL: SELECT * FROM `uhouse_landlord` WHERE `username` = 'admin' AND `status` = 1  [ RunTime:0.0008s ]
NOTIC: [8] Undefined index: p F:\wamp64\www\uhouse\Application\Admin\Controller\LandlordController.class.php 第 17 行.
NOTIC: [8] Undefined index: pageSize F:\wamp64\www\uhouse\Application\Admin\Controller\LandlordController.class.php 第 18 行.
SQL: SELECT * FROM `uhouse_landlord` WHERE `username` = 'admin' AND `status` = 1 ORDER BY house_id desc LIMIT 0,10   [ RunTime:0.0010s ]
SQL: SELECT COUNT(*) AS tp_count FROM `uhouse_landlord` WHERE `username` = 'admin' AND `status` = 1 LIMIT 1   [ RunTime:0.0005s ]
NOTIC: [8] Undefined variable: sing_path F:\wamp64\www\uhouse\ThinkPHP\Common\functions.php 第 991 行.
NOTIC: [8] Undefined variable: sing_path F:\wamp64\www\uhouse\ThinkPHP\Common\functions.php 第 991 行.
INFO: [ view_parse ] --START--
INFO: [ template_filter ] --START--
INFO: Run Behavior\ContentReplaceBehavior [ RunTime:0.000130s ]
INFO: [ template_filter ] --END-- [ RunTime:0.000268s ]
SQL: SHOW COLUMNS FROM `uhouse_user` [ RunTime:0.0009s ]
SQL: SELECT * FROM `uhouse_user` WHERE ( username="admin" ) LIMIT 1   [ RunTime:0.0004s ]
INFO: Run Behavior\ParseTemplateBehavior [ RunTime:0.015486s ]
INFO: [ view_parse ] --END-- [ RunTime:0.015621s ]
INFO: [ view_filter ] --START--
INFO: Run Behavior\WriteHtmlCacheBehavior [ RunTime:0.000682s ]
INFO: [ view_filter ] --END-- [ RunTime:0.000816s ]
INFO: [ app_end ] --START--
INFO: Run Behavior\ShowPageTraceBehavior [ RunTime:0.000685s ]
INFO: [ app_end ] --END-- [ RunTime:0.000825s ]

[ 2017-07-23T11:16:09+08:00 ] 127.0.0.1 /uhouse/admin.php?c=landlord&a=prepare
INFO: [ app_init ] --START--
INFO: Run Behavior\BuildLiteBehavior [ RunTime:0.000032s ]
INFO: [ app_init ] --END-- [ RunTime:0.000647s ]
INFO: [ app_begin ] --START--
INFO: Run Behavior\ReadHtmlCacheBehavior [ RunTime:0.000617s ]
INFO: [ app_begin ] --END-- [ RunTime:0.000739s ]
SQL: SHOW COLUMNS FROM `uhouse_landlord` [ RunTime:0.0009s ]
SQL: SELECT * FROM `uhouse_landlord` WHERE ( house_id="16" ) LIMIT 1   [ RunTime:0.0005s ]

[ 2017-07-23T11:16:10+08:00 ] 127.0.0.1 /uhouse/admin.php?c=landlord&a=detail
INFO: [ app_init ] --START--
INFO: Run Behavior\BuildLiteBehavior [ RunTime:0.000065s ]
INFO: [ app_init ] --END-- [ RunTime:0.001260s ]
INFO: [ app_begin ] --START--
INFO: Run Behavior\ReadHtmlCacheBehavior [ RunTime:0.001321s ]
INFO: [ app_begin ] --END-- [ RunTime:0.001611s ]
SQL: SHOW COLUMNS FROM `uhouse_landlord` [ RunTime:0.0012s ]
SQL: SELECT * FROM `uhouse_landlord` WHERE ( house_id="16" ) LIMIT 1   [ RunTime:0.0006s ]
SQL: SHOW COLUMNS FROM `uhouse_user` [ RunTime:0.0009s ]
SQL: SELECT * FROM `uhouse_user` WHERE ( username="admin" ) LIMIT 1   [ RunTime:0.0005s ]
INFO: [ view_parse ] --START--
INFO: [ template_filter ] --START--
INFO: Run Behavior\ContentReplaceBehavior [ RunTime:0.000298s ]
INFO: [ template_filter ] --END-- [ RunTime:0.000480s ]
INFO: Run Behavior\ParseTemplateBehavior [ RunTime:0.015597s ]
INFO: [ view_parse ] --END-- [ RunTime:0.015782s ]
INFO: [ view_filter ] --START--
INFO: Run Behavior\WriteHtmlCacheBehavior [ RunTime:0.000761s ]
INFO: [ view_filter ] --END-- [ RunTime:0.000927s ]
INFO: [ app_end ] --START--
INFO: Run Behavior\ShowPageTraceBehavior [ RunTime:0.000841s ]
INFO: [ app_end ] --END-- [ RunTime:0.001024s ]

[ 2017-07-23T11:18:03+08:00 ] 127.0.0.1 /uhouse/admin.php?c=landlord&a=detail
INFO: [ app_init ] --START--
INFO: Run Behavior\BuildLiteBehavior [ RunTime:0.000036s ]
INFO: [ app_init ] --END-- [ RunTime:0.000759s ]
INFO: [ app_begin ] --START--
INFO: Run Behavior\ReadHtmlCacheBehavior [ RunTime:0.000739s ]
INFO: [ app_begin ] --END-- [ RunTime:0.000879s ]
SQL: SHOW COLUMNS FROM `uhouse_landlord` [ RunTime:0.0012s ]
SQL: SELECT * FROM `uhouse_landlord` WHERE ( house_id="16" ) LIMIT 1   [ RunTime:0.0005s ]
SQL: SHOW COLUMNS FROM `uhouse_user` [ RunTime:0.0007s ]
SQL: SELECT * FROM `uhouse_user` WHERE ( username="admin" ) LIMIT 1   [ RunTime:0.0004s ]
INFO: [ view_parse ] --START--
INFO: [ template_filter ] --START--
INFO: Run Behavior\ContentReplaceBehavior [ RunTime:0.000137s ]
INFO: [ template_filter ] --END-- [ RunTime:0.000268s ]
INFO: Run Behavior\ParseTemplateBehavior [ RunTime:0.011164s ]
INFO: [ view_parse ] --END-- [ RunTime:0.011314s ]
INFO: [ view_filter ] --START--
INFO: Run Behavior\WriteHtmlCacheBehavior [ RunTime:0.000609s ]
INFO: [ view_filter ] --END-- [ RunTime:0.000742s ]
INFO: [ app_end ] --START--
INFO: Run Behavior\ShowPageTraceBehavior [ RunTime:0.000771s ]
INFO: [ app_end ] --END-- [ RunTime:0.000921s ]

[ 2017-07-23T11:18:05+08:00 ] 127.0.0.1 /uhouse/admin.php?c=landlord&a=detail
INFO: [ app_init ] --START--
INFO: Run Behavior\BuildLiteBehavior [ RunTime:0.000032s ]
INFO: [ app_init ] --END-- [ RunTime:0.000652s ]
INFO: [ app_begin ] --START--
INFO: Run Behavior\ReadHtmlCacheBehavior [ RunTime:0.000658s ]
INFO: [ app_begin ] --END-- [ RunTime:0.000799s ]
SQL: SHOW COLUMNS FROM `uhouse_landlord` [ RunTime:0.0010s ]
SQL: SELECT * FROM `uhouse_landlord` WHERE ( house_id="16" ) LIMIT 1   [ RunTime:0.0004s ]
SQL: SHOW COLUMNS FROM `uhouse_user` [ RunTime:0.0007s ]
SQL: SELECT * FROM `uhouse_user` WHERE ( username="admin" ) LIMIT 1   [ RunTime:0.0004s ]
INFO: [ view_parse ] --START--
INFO: [ template_filter ] --START--
INFO: Run Behavior\ContentReplaceBehavior [ RunTime:0.000142s ]
INFO: [ template_filter ] --END-- [ RunTime:0.000292s ]
INFO: Run Behavior\ParseTemplateBehavior [ RunTime:0.011018s ]
INFO: [ view_parse ] --END-- [ RunTime:0.011269s ]
INFO: [ view_filter ] --START--
INFO: Run Behavior\WriteHtmlCacheBehavior [ RunTime:0.000945s ]
INFO: [ view_filter ] --END-- [ RunTime:0.001213s ]
INFO: [ app_end ] --START--
INFO: Run Behavior\ShowPageTraceBehavior [ RunTime:0.000849s ]
INFO: [ app_end ] --END-- [ RunTime:0.001051s ]

[ 2017-07-23T11:18:07+08:00 ] 127.0.0.1 /uhouse/admin.php?c=landlord&a=detail
INFO: [ app_init ] --START--
INFO: Run Behavior\BuildLiteBehavior [ RunTime:0.000031s ]
INFO: [ app_init ] --END-- [ RunTime:0.000654s ]
INFO: [ app_begin ] --START--
INFO: Run Behavior\ReadHtmlCacheBehavior [ RunTime:0.000611s ]
INFO: [ app_begin ] --END-- [ RunTime:0.000754s ]
SQL: SHOW COLUMNS FROM `uhouse_landlord` [ RunTime:0.0009s ]
SQL: SELECT * FROM `uhouse_landlord` WHERE ( house_id="16" ) LIMIT 1   [ RunTime:0.0005s ]
SQL: SHOW COLUMNS FROM `uhouse_user` [ RunTime:0.0006s ]
SQL: SELECT * FROM `uhouse_user` WHERE ( username="admin" ) LIMIT 1   [ RunTime:0.0004s ]
INFO: [ view_parse ] --START--
INFO: [ template_filter ] --START--
INFO: Run Behavior\ContentReplaceBehavior [ RunTime:0.000133s ]
INFO: [ template_filter ] --END-- [ RunTime:0.000263s ]
INFO: Run Behavior\ParseTemplateBehavior [ RunTime:0.010719s ]
INFO: [ view_parse ] --END-- [ RunTime:0.010862s ]
INFO: [ view_filter ] --START--
INFO: Run Behavior\WriteHtmlCacheBehavior [ RunTime:0.000591s ]
INFO: [ view_filter ] --END-- [ RunTime:0.000725s ]
INFO: [ app_end ] --START--
INFO: Run Behavior\ShowPageTraceBehavior [ RunTime:0.000640s ]
INFO: [ app_end ] --END-- [ RunTime:0.000781s ]

[ 2017-07-23T11:18:38+08:00 ] 127.0.0.1 /uhouse/admin.php?c=landlord&a=detail
INFO: [ app_init ] --START--
INFO: Run Behavior\BuildLiteBehavior [ RunTime:0.000038s ]
INFO: [ app_init ] --END-- [ RunTime:0.000747s ]
INFO: [ app_begin ] --START--
INFO: Run Behavior\ReadHtmlCacheBehavior [ RunTime:0.000797s ]
INFO: [ app_begin ] --END-- [ RunTime:0.000945s ]
SQL: SHOW COLUMNS FROM `uhouse_landlord` [ RunTime:0.0010s ]
SQL: SELECT * FROM `uhouse_landlord` WHERE ( house_id="16" ) LIMIT 1   [ RunTime:0.0005s ]
SQL: SHOW COLUMNS FROM `uhouse_user` [ RunTime:0.0006s ]
SQL: SELECT * FROM `uhouse_user` WHERE ( username="admin" ) LIMIT 1   [ RunTime:0.0004s ]
INFO: [ view_parse ] --START--
INFO: [ template_filter ] --START--
INFO: Run Behavior\ContentReplaceBehavior [ RunTime:0.000142s ]
INFO: [ template_filter ] --END-- [ RunTime:0.000293s ]
INFO: Run Behavior\ParseTemplateBehavior [ RunTime:0.012098s ]
INFO: [ view_parse ] --END-- [ RunTime:0.012241s ]
INFO: [ view_filter ] --START--
INFO: Run Behavior\WriteHtmlCacheBehavior [ RunTime:0.000764s ]
INFO: [ view_filter ] --END-- [ RunTime:0.000891s ]
INFO: [ app_end ] --START--
INFO: Run Behavior\ShowPageTraceBehavior [ RunTime:0.000751s ]
INFO: [ app_end ] --END-- [ RunTime:0.000891s ]

[ 2017-07-23T11:18:40+08:00 ] 127.0.0.1 /uhouse/admin.php?c=landlord&a=detail
INFO: [ app_init ] --START--
INFO: Run Behavior\BuildLiteBehavior [ RunTime:0.000032s ]
INFO: [ app_init ] --END-- [ RunTime:0.000651s ]
INFO: [ app_begin ] --START--
INFO: Run Behavior\ReadHtmlCacheBehavior [ RunTime:0.000661s ]
INFO: [ app_begin ] --END-- [ RunTime:0.000804s ]
SQL: SHOW COLUMNS FROM `uhouse_landlord` [ RunTime:0.0008s ]
SQL: SELECT * FROM `uhouse_landlord` WHERE ( house_id="16" ) LIMIT 1   [ RunTime:0.0005s ]
SQL: SHOW COLUMNS FROM `uhouse_user` [ RunTime:0.0005s ]
SQL: SELECT * FROM `uhouse_user` WHERE ( username="admin" ) LIMIT 1   [ RunTime:0.0004s ]
INFO: [ view_parse ] --START--
INFO: [ template_filter ] --START--
INFO: Run Behavior\ContentReplaceBehavior [ RunTime:0.000149s ]
INFO: [ template_filter ] --END-- [ RunTime:0.000295s ]
INFO: Run Behavior\ParseTemplateBehavior [ RunTime:0.010835s ]
INFO: [ view_parse ] --END-- [ RunTime:0.010973s ]
INFO: [ view_filter ] --START--
INFO: Run Behavior\WriteHtmlCacheBehavior [ RunTime:0.000577s ]
INFO: [ view_filter ] --END-- [ RunTime:0.000701s ]
INFO: [ app_end ] --START--
INFO: Run Behavior\ShowPageTraceBehavior [ RunTime:0.000629s ]
INFO: [ app_end ] --END-- [ RunTime:0.000767s ]

[ 2017-07-23T11:18:42+08:00 ] 127.0.0.1 /uhouse/admin.php?c=landlord&a=detail
INFO: [ app_init ] --START--
INFO: Run Behavior\BuildLiteBehavior [ RunTime:0.000033s ]
INFO: [ app_init ] --END-- [ RunTime:0.000712s ]
INFO: [ app_begin ] --START--
INFO: Run Behavior\ReadHtmlCacheBehavior [ RunTime:0.001075s ]
INFO: [ app_begin ] --END-- [ RunTime:0.001288s ]
SQL: SHOW COLUMNS FROM `uhouse_landlord` [ RunTime:0.0009s ]
SQL: SELECT * FROM `uhouse_landlord` WHERE ( house_id="16" ) LIMIT 1   [ RunTime:0.0005s ]
SQL: SHOW COLUMNS FROM `uhouse_user` [ RunTime:0.0006s ]
SQL: SELECT * FROM `uhouse_user` WHERE ( username="admin" ) LIMIT 1   [ RunTime:0.0004s ]
INFO: [ view_parse ] --START--
INFO: [ template_filter ] --START--
INFO: Run Behavior\ContentReplaceBehavior [ RunTime:0.000143s ]
INFO: [ template_filter ] --END-- [ RunTime:0.000292s ]
INFO: Run Behavior\ParseTemplateBehavior [ RunTime:0.012196s ]
INFO: [ view_parse ] --END-- [ RunTime:0.012338s ]
INFO: [ view_filter ] --START--
INFO: Run Behavior\WriteHtmlCacheBehavior [ RunTime:0.000583s ]
INFO: [ view_filter ] --END-- [ RunTime:0.000708s ]
INFO: [ app_end ] --START--
INFO: Run Behavior\ShowPageTraceBehavior [ RunTime:0.000646s ]
INFO: [ app_end ] --END-- [ RunTime:0.000782s ]

[ 2017-07-23T11:18:44+08:00 ] 127.0.0.1 /uhouse/admin.php?c=landlord&a=detail
INFO: [ app_init ] --START--
INFO: Run Behavior\BuildLiteBehavior [ RunTime:0.000030s ]
INFO: [ app_init ] --END-- [ RunTime:0.000649s ]
INFO: [ app_begin ] --START--
INFO: Run Behavior\ReadHtmlCacheBehavior [ RunTime:0.000685s ]
INFO: [ app_begin ] --END-- [ RunTime:0.000861s ]
SQL: SHOW COLUMNS FROM `uhouse_landlord` [ RunTime:0.0009s ]
SQL: SELECT * FROM `uhouse_landlord` WHERE ( house_id="16" ) LIMIT 1   [ RunTime:0.0004s ]
SQL: SHOW COLUMNS FROM `uhouse_user` [ RunTime:0.0006s ]
SQL: SELECT * FROM `uhouse_user` WHERE ( username="admin" ) LIMIT 1   [ RunTime:0.0003s ]
INFO: [ view_parse ] --START--
INFO: [ template_filter ] --START--
INFO: Run Behavior\ContentReplaceBehavior [ RunTime:0.000140s ]
INFO: [ template_filter ] --END-- [ RunTime:0.000284s ]
INFO: Run Behavior\ParseTemplateBehavior [ RunTime:0.011245s ]
INFO: [ view_parse ] --END-- [ RunTime:0.011400s ]
INFO: [ view_filter ] --START--
INFO: Run Behavior\WriteHtmlCacheBehavior [ RunTime:0.000555s ]
INFO: [ view_filter ] --END-- [ RunTime:0.000683s ]
INFO: [ app_end ] --START--
INFO: Run Behavior\ShowPageTraceBehavior [ RunTime:0.000681s ]
INFO: [ app_end ] --END-- [ RunTime:0.000821s ]

[ 2017-07-23T11:18:46+08:00 ] 127.0.0.1 /uhouse/admin.php?c=landlord&a=detail
INFO: [ app_init ] --START--
INFO: Run Behavior\BuildLiteBehavior [ RunTime:0.000030s ]
INFO: [ app_init ] --END-- [ RunTime:0.000643s ]
INFO: [ app_begin ] --START--
INFO: Run Behavior\ReadHtmlCacheBehavior [ RunTime:0.000653s ]
INFO: [ app_begin ] --END-- [ RunTime:0.000798s ]
SQL: SHOW COLUMNS FROM `uhouse_landlord` [ RunTime:0.0009s ]
SQL: SELECT * FROM `uhouse_landlord` WHERE ( house_id="16" ) LIMIT 1   [ RunTime:0.0004s ]
SQL: SHOW COLUMNS FROM `uhouse_user` [ RunTime:0.0006s ]
SQL: SELECT * FROM `uhouse_user` WHERE ( username="admin" ) LIMIT 1   [ RunTime:0.0003s ]
INFO: [ view_parse ] --START--
INFO: [ template_filter ] --START--
INFO: Run Behavior\ContentReplaceBehavior [ RunTime:0.000141s ]
INFO: [ template_filter ] --END-- [ RunTime:0.000287s ]
INFO: Run Behavior\ParseTemplateBehavior [ RunTime:0.011315s ]
INFO: [ view_parse ] --END-- [ RunTime:0.011456s ]
INFO: [ view_filter ] --START--
INFO: Run Behavior\WriteHtmlCacheBehavior [ RunTime:0.000550s ]
INFO: [ view_filter ] --END-- [ RunTime:0.000675s ]
INFO: [ app_end ] --START--
INFO: Run Behavior\ShowPageTraceBehavior [ RunTime:0.000658s ]
INFO: [ app_end ] --END-- [ RunTime:0.000799s ]

[ 2017-07-23T11:18:47+08:00 ] 127.0.0.1 /uhouse/admin.php?c=landlord&a=detail
INFO: [ app_init ] --START--
INFO: Run Behavior\BuildLiteBehavior [ RunTime:0.000032s ]
INFO: [ app_init ] --END-- [ RunTime:0.000605s ]
INFO: [ app_begin ] --START--
INFO: Run Behavior\ReadHtmlCacheBehavior [ RunTime:0.000664s ]
INFO: [ app_begin ] --END-- [ RunTime:0.000809s ]
SQL: SHOW COLUMNS FROM `uhouse_landlord` [ RunTime:0.0008s ]
SQL: SELECT * FROM `uhouse_landlord` WHERE ( house_id="16" ) LIMIT 1   [ RunTime:0.0004s ]
SQL: SHOW COLUMNS FROM `uhouse_user` [ RunTime:0.0006s ]
SQL: SELECT * FROM `uhouse_user` WHERE ( username="admin" ) LIMIT 1   [ RunTime:0.0005s ]
INFO: [ view_parse ] --START--
INFO: [ template_filter ] --START--
INFO: Run Behavior\ContentReplaceBehavior [ RunTime:0.000139s ]
INFO: [ template_filter ] --END-- [ RunTime:0.000280s ]
INFO: Run Behavior\ParseTemplateBehavior [ RunTime:0.010891s ]
INFO: [ view_parse ] --END-- [ RunTime:0.011030s ]
INFO: [ view_filter ] --START--
INFO: Run Behavior\WriteHtmlCacheBehavior [ RunTime:0.000621s ]
INFO: [ view_filter ] --END-- [ RunTime:0.000750s ]
INFO: [ app_end ] --START--
INFO: Run Behavior\ShowPageTraceBehavior [ RunTime:0.000655s ]
INFO: [ app_end ] --END-- [ RunTime:0.000794s ]

[ 2017-07-23T11:18:48+08:00 ] 127.0.0.1 /uhouse/admin.php?c=landlord&a=detail
INFO: [ app_init ] --START--
INFO: Run Behavior\BuildLiteBehavior [ RunTime:0.000035s ]
INFO: [ app_init ] --END-- [ RunTime:0.000627s ]
INFO: [ app_begin ] --START--
INFO: Run Behavior\ReadHtmlCacheBehavior [ RunTime:0.000645s ]
INFO: [ app_begin ] --END-- [ RunTime:0.000799s ]
SQL: SHOW COLUMNS FROM `uhouse_landlord` [ RunTime:0.0008s ]
SQL: SELECT * FROM `uhouse_landlord` WHERE ( house_id="16" ) LIMIT 1   [ RunTime:0.0004s ]
SQL: SHOW COLUMNS FROM `uhouse_user` [ RunTime:0.0005s ]
SQL: SELECT * FROM `uhouse_user` WHERE ( username="admin" ) LIMIT 1   [ RunTime:0.0003s ]
INFO: [ view_parse ] --START--
INFO: [ template_filter ] --START--
INFO: Run Behavior\ContentReplaceBehavior [ RunTime:0.000142s ]
INFO: [ template_filter ] --END-- [ RunTime:0.000289s ]
INFO: Run Behavior\ParseTemplateBehavior [ RunTime:0.010907s ]
INFO: [ view_parse ] --END-- [ RunTime:0.011050s ]
INFO: [ view_filter ] --START--
INFO: Run Behavior\WriteHtmlCacheBehavior [ RunTime:0.000585s ]
INFO: [ view_filter ] --END-- [ RunTime:0.000717s ]
INFO: [ app_end ] --START--
INFO: Run Behavior\ShowPageTraceBehavior [ RunTime:0.000646s ]
INFO: [ app_end ] --END-- [ RunTime:0.000785s ]

[ 2017-07-23T11:18:49+08:00 ] 127.0.0.1 /uhouse/admin.php?c=landlord&a=detail
INFO: [ app_init ] --START--
INFO: Run Behavior\BuildLiteBehavior [ RunTime:0.000031s ]
INFO: [ app_init ] --END-- [ RunTime:0.000642s ]
INFO: [ app_begin ] --START--
INFO: Run Behavior\ReadHtmlCacheBehavior [ RunTime:0.000648s ]
INFO: [ app_begin ] --END-- [ RunTime:0.000783s ]
SQL: SHOW COLUMNS FROM `uhouse_landlord` [ RunTime:0.0008s ]
SQL: SELECT * FROM `uhouse_landlord` WHERE ( house_id="16" ) LIMIT 1   [ RunTime:0.0004s ]
SQL: SHOW COLUMNS FROM `uhouse_user` [ RunTime:0.0006s ]
SQL: SELECT * FROM `uhouse_user` WHERE ( username="admin" ) LIMIT 1   [ RunTime:0.0003s ]
INFO: [ view_parse ] --START--
INFO: [ template_filter ] --START--
INFO: Run Behavior\ContentReplaceBehavior [ RunTime:0.000139s ]
INFO: [ template_filter ] --END-- [ RunTime:0.000286s ]
INFO: Run Behavior\ParseTemplateBehavior [ RunTime:0.011516s ]
INFO: [ view_parse ] --END-- [ RunTime:0.011655s ]
INFO: [ view_filter ] --START--
INFO: Run Behavior\WriteHtmlCacheBehavior [ RunTime:0.000592s ]
INFO: [ view_filter ] --END-- [ RunTime:0.000719s ]
INFO: [ app_end ] --START--
INFO: Run Behavior\ShowPageTraceBehavior [ RunTime:0.000783s ]
INFO: [ app_end ] --END-- [ RunTime:0.000990s ]

[ 2017-07-23T11:19:05+08:00 ] 127.0.0.1 /uhouse/admin.php?c=landlord&a=detail
INFO: [ app_init ] --START--
INFO: Run Behavior\BuildLiteBehavior [ RunTime:0.000031s ]
INFO: [ app_init ] --END-- [ RunTime:0.000643s ]
INFO: [ app_begin ] --START--
INFO: Run Behavior\ReadHtmlCacheBehavior [ RunTime:0.001753s ]
INFO: [ app_begin ] --END-- [ RunTime:0.002036s ]
SQL: SHOW COLUMNS FROM `uhouse_landlord` [ RunTime:0.0008s ]
SQL: SELECT * FROM `uhouse_landlord` WHERE ( house_id="16" ) LIMIT 1   [ RunTime:0.0004s ]
SQL: SHOW COLUMNS FROM `uhouse_user` [ RunTime:0.0006s ]
SQL: SELECT * FROM `uhouse_user` WHERE ( username="admin" ) LIMIT 1   [ RunTime:0.0004s ]
INFO: [ view_parse ] --START--
INFO: [ template_filter ] --START--
INFO: Run Behavior\ContentReplaceBehavior [ RunTime:0.000131s ]
INFO: [ template_filter ] --END-- [ RunTime:0.000271s ]
INFO: Run Behavior\ParseTemplateBehavior [ RunTime:0.010368s ]
INFO: [ view_parse ] --END-- [ RunTime:0.010507s ]
INFO: [ view_filter ] --START--
INFO: Run Behavior\WriteHtmlCacheBehavior [ RunTime:0.000574s ]
INFO: [ view_filter ] --END-- [ RunTime:0.000701s ]
INFO: [ app_end ] --START--
INFO: Run Behavior\ShowPageTraceBehavior [ RunTime:0.000691s ]
INFO: [ app_end ] --END-- [ RunTime:0.000834s ]

[ 2017-07-23T11:21:40+08:00 ] 127.0.0.1 /uhouse/admin.php?c=login&a=loginout
INFO: [ app_init ] --START--
INFO: Run Behavior\BuildLiteBehavior [ RunTime:0.000035s ]
INFO: [ app_init ] --END-- [ RunTime:0.000685s ]
INFO: [ app_begin ] --START--
INFO: Run Behavior\ReadHtmlCacheBehavior [ RunTime:0.000884s ]
INFO: [ app_begin ] --END-- [ RunTime:0.001033s ]
NOTIC: [8] Undefined variable: sing_path F:\wamp64\www\uhouse\ThinkPHP\Common\functions.php 第 991 行.
NOTIC: [8] Undefined variable: module F:\wamp64\www\uhouse\ThinkPHP\Common\functions.php 第 994 行.
NOTIC: [8] Undefined variable: var F:\wamp64\www\uhouse\ThinkPHP\Common\functions.php 第 997 行.
NOTIC: [2] array_reverse() expects parameter 1 to be array, null given F:\wamp64\www\uhouse\ThinkPHP\Common\functions.php 第 997 行.
NOTIC: [2] http_build_query(): Parameter 1 expected to be Array or Object.  Incorrect value given F:\wamp64\www\uhouse\ThinkPHP\Common\functions.php 第 997 行.

[ 2017-07-23T11:21:40+08:00 ] 127.0.0.1 /uhouse/admin.php?&c=login
INFO: [ app_init ] --START--
INFO: Run Behavior\BuildLiteBehavior [ RunTime:0.000088s ]
INFO: [ app_init ] --END-- [ RunTime:0.001961s ]
INFO: [ app_begin ] --START--
INFO: Run Behavior\ReadHtmlCacheBehavior [ RunTime:0.002653s ]
INFO: [ app_begin ] --END-- [ RunTime:0.003120s ]
INFO: [ view_parse ] --START--
INFO: [ template_filter ] --START--
INFO: Run Behavior\ContentReplaceBehavior [ RunTime:0.000271s ]
INFO: [ template_filter ] --END-- [ RunTime:0.000710s ]
INFO: Run Behavior\ParseTemplateBehavior [ RunTime:0.024033s ]
INFO: [ view_parse ] --END-- [ RunTime:0.024484s ]
INFO: [ view_filter ] --START--
INFO: Run Behavior\WriteHtmlCacheBehavior [ RunTime:0.002027s ]
INFO: [ view_filter ] --END-- [ RunTime:0.002436s ]
INFO: [ app_end ] --START--
INFO: Run Behavior\ShowPageTraceBehavior [ RunTime:0.002655s ]
INFO: [ app_end ] --END-- [ RunTime:0.003093s ]

[ 2017-07-23T11:21:42+08:00 ] 127.0.0.1 /uhouse/admin.php?c=landlord&a=detail
INFO: [ app_init ] --START--
INFO: Run Behavior\BuildLiteBehavior [ RunTime:0.000033s ]
INFO: [ app_init ] --END-- [ RunTime:0.000672s ]
INFO: [ app_begin ] --START--
INFO: Run Behavior\ReadHtmlCacheBehavior [ RunTime:0.000815s ]
INFO: [ app_begin ] --END-- [ RunTime:0.000963s ]
NOTIC: [8] Undefined index: adminUser F:\wamp64\www\uhouse\Application\Common\Common\function.php 第 55 行.
SQL: SHOW COLUMNS FROM `uhouse_landlord` [ RunTime:0.0009s ]
SQL: SELECT * FROM `uhouse_landlord` WHERE ( house_id="16" ) LIMIT 1   [ RunTime:0.0005s ]
SQL: SHOW COLUMNS FROM `uhouse_user` [ RunTime:0.0007s ]
SQL: SELECT * FROM `uhouse_user` WHERE ( username="" ) LIMIT 1   [ RunTime:0.0003s ]
NOTIC: 建议使用E方法替代throw_exception

[ 2017-07-23T11:56:50+08:00 ] 127.0.0.1 /uhouse/admin.php
INFO: [ app_init ] --START--
INFO: Run Behavior\BuildLiteBehavior [ RunTime:0.000034s ]
INFO: [ app_init ] --END-- [ RunTime:0.000713s ]
INFO: [ app_begin ] --START--
INFO: Run Behavior\ReadHtmlCacheBehavior [ RunTime:0.001006s ]
INFO: [ app_begin ] --END-- [ RunTime:0.001208s ]
NOTIC: [8] Undefined variable: sing_path F:\wamp64\www\uhouse\ThinkPHP\Common\functions.php 第 991 行.
NOTIC: [8] Undefined variable: module F:\wamp64\www\uhouse\ThinkPHP\Common\functions.php 第 994 行.
NOTIC: [8] Undefined variable: var F:\wamp64\www\uhouse\ThinkPHP\Common\functions.php 第 997 行.
NOTIC: [2] array_reverse() expects parameter 1 to be array, null given F:\wamp64\www\uhouse\ThinkPHP\Common\functions.php 第 997 行.
NOTIC: [2] http_build_query(): Parameter 1 expected to be Array or Object.  Incorrect value given F:\wamp64\www\uhouse\ThinkPHP\Common\functions.php 第 997 行.

[ 2017-07-23T11:56:50+08:00 ] 127.0.0.1 /uhouse/admin.php?&c=Login
INFO: [ app_init ] --START--
INFO: Run Behavior\BuildLiteBehavior [ RunTime:0.000057s ]
INFO: [ app_init ] --END-- [ RunTime:0.001291s ]
INFO: [ app_begin ] --START--
INFO: Run Behavior\ReadHtmlCacheBehavior [ RunTime:0.001773s ]
INFO: [ app_begin ] --END-- [ RunTime:0.002099s ]
INFO: [ view_parse ] --START--
INFO: [ template_filter ] --START--
INFO: Run Behavior\ContentReplaceBehavior [ RunTime:0.000190s ]
INFO: [ template_filter ] --END-- [ RunTime:0.000464s ]
INFO: Run Behavior\ParseTemplateBehavior [ RunTime:0.033043s ]
INFO: [ view_parse ] --END-- [ RunTime:0.033335s ]
INFO: [ view_filter ] --START--
INFO: Run Behavior\WriteHtmlCacheBehavior [ RunTime:0.001246s ]
INFO: [ view_filter ] --END-- [ RunTime:0.001499s ]
INFO: [ app_end ] --START--
INFO: Run Behavior\ShowPageTraceBehavior [ RunTime:0.001715s ]
INFO: [ app_end ] --END-- [ RunTime:0.001979s ]

[ 2017-07-23T11:56:56+08:00 ] 127.0.0.1 /uhouse/admin.php?c=login&a=check
INFO: [ app_init ] --START--
INFO: Run Behavior\BuildLiteBehavior [ RunTime:0.000034s ]
INFO: [ app_init ] --END-- [ RunTime:0.000758s ]
INFO: [ app_begin ] --START--
INFO: Run Behavior\ReadHtmlCacheBehavior [ RunTime:0.000884s ]
INFO: [ app_begin ] --END-- [ RunTime:0.001017s ]
SQL: SHOW COLUMNS FROM `uhouse_user` [ RunTime:0.0010s ]
SQL: SELECT * FROM `uhouse_user` WHERE ( username="admin" ) LIMIT 1   [ RunTime:0.0006s ]

[ 2017-07-23T11:56:58+08:00 ] 127.0.0.1 /uhouse/admin.php?c=index
INFO: [ app_init ] --START--
INFO: Run Behavior\BuildLiteBehavior [ RunTime:0.000031s ]
INFO: [ app_init ] --END-- [ RunTime:0.000551s ]
INFO: [ app_begin ] --START--
INFO: Run Behavior\ReadHtmlCacheBehavior [ RunTime:0.000748s ]
INFO: [ app_begin ] --END-- [ RunTime:0.000876s ]
INFO: [ view_parse ] --START--
INFO: [ template_filter ] --START--
INFO: Run Behavior\ContentReplaceBehavior [ RunTime:0.000082s ]
INFO: [ template_filter ] --END-- [ RunTime:0.000194s ]
SQL: SHOW COLUMNS FROM `uhouse_user` [ RunTime:0.0008s ]
SQL: SELECT * FROM `uhouse_user` WHERE ( username="admin" ) LIMIT 1   [ RunTime:0.0004s ]
INFO: Run Behavior\ParseTemplateBehavior [ RunTime:0.048451s ]
INFO: [ view_parse ] --END-- [ RunTime:0.048575s ]
INFO: [ view_filter ] --START--
INFO: Run Behavior\WriteHtmlCacheBehavior [ RunTime:0.000766s ]
INFO: [ view_filter ] --END-- [ RunTime:0.000887s ]
INFO: [ app_end ] --START--
INFO: Run Behavior\ShowPageTraceBehavior [ RunTime:0.000826s ]
INFO: [ app_end ] --END-- [ RunTime:0.000951s ]

[ 2017-07-23T11:57:02+08:00 ] 127.0.0.1 /uhouse/admin.php?c=landlord
INFO: [ app_init ] --START--
INFO: Run Behavior\BuildLiteBehavior [ RunTime:0.000133s ]
INFO: [ app_init ] --END-- [ RunTime:0.002233s ]
INFO: [ app_begin ] --START--
INFO: Run Behavior\ReadHtmlCacheBehavior [ RunTime:0.002808s ]
INFO: [ app_begin ] --END-- [ RunTime:0.003302s ]
SQL: SHOW COLUMNS FROM `uhouse_landlord` [ RunTime:0.0018s ]
SQL: SELECT * FROM `uhouse_landlord` WHERE `username` = 'admin' AND `status` = 1  [ RunTime:0.0014s ]
NOTIC: [8] Undefined index: p F:\wamp64\www\uhouse\Application\Admin\Controller\LandlordController.class.php 第 17 行.
NOTIC: [8] Undefined index: pageSize F:\wamp64\www\uhouse\Application\Admin\Controller\LandlordController.class.php 第 18 行.
SQL: SELECT * FROM `uhouse_landlord` WHERE `username` = 'admin' AND `status` = 1 ORDER BY house_id desc LIMIT 0,10   [ RunTime:0.0015s ]
SQL: SELECT COUNT(*) AS tp_count FROM `uhouse_landlord` WHERE `username` = 'admin' AND `status` = 1 LIMIT 1   [ RunTime:0.0009s ]
NOTIC: [8] Undefined variable: sing_path F:\wamp64\www\uhouse\ThinkPHP\Common\functions.php 第 991 行.
NOTIC: [8] Undefined variable: sing_path F:\wamp64\www\uhouse\ThinkPHP\Common\functions.php 第 991 行.
INFO: [ view_parse ] --START--
INFO: [ template_filter ] --START--
INFO: Run Behavior\ContentReplaceBehavior [ RunTime:0.000303s ]
INFO: [ template_filter ] --END-- [ RunTime:0.000641s ]
SQL: SHOW COLUMNS FROM `uhouse_user` [ RunTime:0.0013s ]
SQL: SELECT * FROM `uhouse_user` WHERE ( username="admin" ) LIMIT 1   [ RunTime:0.0007s ]
INFO: Run Behavior\ParseTemplateBehavior [ RunTime:0.044369s ]
INFO: [ view_parse ] --END-- [ RunTime:0.044640s ]
INFO: [ view_filter ] --START--
INFO: Run Behavior\WriteHtmlCacheBehavior [ RunTime:0.001367s ]
INFO: [ view_filter ] --END-- [ RunTime:0.001621s ]
INFO: [ app_end ] --START--
INFO: Run Behavior\ShowPageTraceBehavior [ RunTime:0.001867s ]
INFO: [ app_end ] --END-- [ RunTime:0.002143s ]

[ 2017-07-23T11:57:05+08:00 ] 127.0.0.1 /uhouse/admin.php?c=landlord&a=prepare
INFO: [ app_init ] --START--
INFO: Run Behavior\BuildLiteBehavior [ RunTime:0.000025s ]
INFO: [ app_init ] --END-- [ RunTime:0.000559s ]
INFO: [ app_begin ] --START--
INFO: Run Behavior\ReadHtmlCacheBehavior [ RunTime:0.000675s ]
INFO: [ app_begin ] --END-- [ RunTime:0.000765s ]
SQL: SHOW COLUMNS FROM `uhouse_landlord` [ RunTime:0.0011s ]
SQL: SELECT * FROM `uhouse_landlord` WHERE ( house_id="15" ) LIMIT 1   [ RunTime:0.0004s ]

[ 2017-07-23T11:57:05+08:00 ] 127.0.0.1 /uhouse/admin.php?c=landlord&a=detail
INFO: [ app_init ] --START--
INFO: Run Behavior\BuildLiteBehavior [ RunTime:0.000028s ]
INFO: [ app_init ] --END-- [ RunTime:0.000541s ]
INFO: [ app_begin ] --START--
INFO: Run Behavior\ReadHtmlCacheBehavior [ RunTime:0.000729s ]
INFO: [ app_begin ] --END-- [ RunTime:0.000872s ]
SQL: SHOW COLUMNS FROM `uhouse_landlord` [ RunTime:0.0006s ]
SQL: SELECT * FROM `uhouse_landlord` WHERE ( house_id="15" ) LIMIT 1   [ RunTime:0.0004s ]
SQL: SHOW COLUMNS FROM `uhouse_user` [ RunTime:0.0013s ]
SQL: SELECT * FROM `uhouse_user` WHERE ( username="admin" ) LIMIT 1   [ RunTime:0.0005s ]
INFO: [ view_parse ] --START--
INFO: [ template_filter ] --START--
INFO: Run Behavior\ContentReplaceBehavior [ RunTime:0.000100s ]
INFO: [ template_filter ] --END-- [ RunTime:0.000214s ]
INFO: Run Behavior\ParseTemplateBehavior [ RunTime:0.023741s ]
INFO: [ view_parse ] --END-- [ RunTime:0.023902s ]
INFO: [ view_filter ] --START--
INFO: Run Behavior\WriteHtmlCacheBehavior [ RunTime:0.000599s ]
INFO: [ view_filter ] --END-- [ RunTime:0.000710s ]
INFO: [ app_end ] --START--
INFO: Run Behavior\ShowPageTraceBehavior [ RunTime:0.000721s ]
INFO: [ app_end ] --END-- [ RunTime:0.000837s ]

[ 2017-07-23T17:54:18+08:00 ] 127.0.0.1 /uhouse/admin.php?c=Renter&a=check
INFO: [ app_init ] --START--
INFO: Run Behavior\BuildLiteBehavior [ RunTime:0.000034s ]
INFO: [ app_init ] --END-- [ RunTime:0.000502s ]
INFO: [ app_begin ] --START--
INFO: Run Behavior\ReadHtmlCacheBehavior [ RunTime:0.000666s ]
INFO: [ app_begin ] --END-- [ RunTime:0.000755s ]
NOTIC: [8] Undefined index: adminRenter F:\wamp64\www\uhouse\Application\Common\Common\function.php 第 132 行.

[ 2017-07-23T17:56:30+08:00 ] 127.0.0.1 /uhouse/admin.php?c=Renter&a=check
INFO: [ app_init ] --START--
INFO: Run Behavior\BuildLiteBehavior [ RunTime:0.000024s ]
INFO: [ app_init ] --END-- [ RunTime:0.000475s ]
INFO: [ app_begin ] --START--
INFO: Run Behavior\ReadHtmlCacheBehavior [ RunTime:0.000601s ]
INFO: [ app_begin ] --END-- [ RunTime:0.000696s ]
NOTIC: [8] Undefined index: adminRenter F:\wamp64\www\uhouse\Application\Common\Common\function.php 第 132 行.
NOTIC: [8] Undefined index: rent_condo_id F:\wamp64\www\uhouse\Application\Admin\Controller\RenterController.class.php 第 23 行.

[ 2017-07-23T17:57:05+08:00 ] 127.0.0.1 /uhouse/admin.php?c=Renter&a=check
INFO: [ app_init ] --START--
INFO: Run Behavior\BuildLiteBehavior [ RunTime:0.000035s ]
INFO: [ app_init ] --END-- [ RunTime:0.000703s ]
INFO: [ app_begin ] --START--
INFO: Run Behavior\ReadHtmlCacheBehavior [ RunTime:0.000888s ]
INFO: [ app_begin ] --END-- [ RunTime:0.001012s ]
NOTIC: [8] Undefined index: adminRenter F:\wamp64\www\uhouse\Application\Common\Common\function.php 第 132 行.
NOTIC: [8] Undefined index: rent_condo_id F:\wamp64\www\uhouse\Application\Admin\Controller\RenterController.class.php 第 23 行.

[ 2017-07-23T17:57:31+08:00 ] 127.0.0.1 /uhouse/admin.php?c=Renter&a=check
INFO: [ app_init ] --START--
INFO: Run Behavior\BuildLiteBehavior [ RunTime:0.000024s ]
INFO: [ app_init ] --END-- [ RunTime:0.000460s ]
INFO: [ app_begin ] --START--
INFO: Run Behavior\ReadHtmlCacheBehavior [ RunTime:0.000607s ]
INFO: [ app_begin ] --END-- [ RunTime:0.000697s ]
NOTIC: [8] Undefined index: adminRenter F:\wamp64\www\uhouse\Application\Common\Common\function.php 第 132 行.
NOTIC: [8] Undefined index: rent_condo_id F:\wamp64\www\uhouse\Application\Admin\Controller\RenterController.class.php 第 23 行.

[ 2017-07-23T18:01:01+08:00 ] 127.0.0.1 /uhouse/admin.php?c=Renter&a=check
INFO: [ app_init ] --START--
INFO: Run Behavior\BuildLiteBehavior [ RunTime:0.000028s ]
INFO: [ app_init ] --END-- [ RunTime:0.000593s ]
INFO: [ app_begin ] --START--
INFO: Run Behavior\ReadHtmlCacheBehavior [ RunTime:0.000649s ]
INFO: [ app_begin ] --END-- [ RunTime:0.000742s ]
NOTIC: [8] Undefined index: adminRenter F:\wamp64\www\uhouse\Application\Common\Common\function.php 第 132 行.
NOTIC: [8] Undefined index: rent_condo_id F:\wamp64\www\uhouse\Application\Admin\Controller\RenterController.class.php 第 23 行.

[ 2017-07-23T18:01:50+08:00 ] 127.0.0.1 /uhouse/admin.php?c=Renter&a=check
INFO: [ app_init ] --START--
INFO: Run Behavior\BuildLiteBehavior [ RunTime:0.000028s ]
INFO: [ app_init ] --END-- [ RunTime:0.000546s ]
INFO: [ app_begin ] --START--
INFO: Run Behavior\ReadHtmlCacheBehavior [ RunTime:0.000662s ]
INFO: [ app_begin ] --END-- [ RunTime:0.000766s ]
NOTIC: [8] Undefined index: adminRenter F:\wamp64\www\uhouse\Application\Common\Common\function.php 第 132 行.
NOTIC: [8] Undefined index: rent_condo_id F:\wamp64\www\uhouse\Application\Admin\Controller\RenterController.class.php 第 23 行.
NOTIC: 建议使用E方法替代throw_exception

[ 2017-07-23T18:04:16+08:00 ] 127.0.0.1 /uhouse/admin.php?c=Renter&a=check
INFO: [ app_init ] --START--
INFO: Run Behavior\BuildLiteBehavior [ RunTime:0.000067s ]
INFO: [ app_init ] --END-- [ RunTime:0.001116s ]
INFO: [ app_begin ] --START--
INFO: Run Behavior\ReadHtmlCacheBehavior [ RunTime:0.000650s ]
INFO: [ app_begin ] --END-- [ RunTime:0.000751s ]
NOTIC: [8] Undefined index: adminRenter F:\wamp64\www\uhouse\Application\Common\Common\function.php 第 132 行.
NOTIC: [8] Undefined index: rent_condo_id F:\wamp64\www\uhouse\Application\Admin\Controller\RenterController.class.php 第 23 行.
NOTIC: 建议使用E方法替代throw_exception

[ 2017-07-23T18:31:44+08:00 ] 127.0.0.1 /uhouse/admin.php?c=Renter&a=check
INFO: [ app_init ] --START--
INFO: Run Behavior\BuildLiteBehavior [ RunTime:0.000025s ]
INFO: [ app_init ] --END-- [ RunTime:0.000492s ]
INFO: [ app_begin ] --START--
INFO: Run Behavior\ReadHtmlCacheBehavior [ RunTime:0.000647s ]
INFO: [ app_begin ] --END-- [ RunTime:0.000740s ]
NOTIC: [8] Undefined index: adminRenter F:\wamp64\www\uhouse\Application\Common\Common\function.php 第 132 行.

[ 2017-07-23T18:31:45+08:00 ] 127.0.0.1 /uhouse/admin.php?c=Renterlogin
INFO: [ app_init ] --START--
INFO: Run Behavior\BuildLiteBehavior [ RunTime:0.000027s ]
INFO: [ app_init ] --END-- [ RunTime:0.000634s ]
INFO: [ app_begin ] --START--
INFO: Run Behavior\ReadHtmlCacheBehavior [ RunTime:0.000881s ]
INFO: [ app_begin ] --END-- [ RunTime:0.001012s ]
INFO: [ view_parse ] --START--
INFO: [ template_filter ] --START--
INFO: Run Behavior\ContentReplaceBehavior [ RunTime:0.000071s ]
INFO: [ template_filter ] --END-- [ RunTime:0.000188s ]
INFO: Run Behavior\ParseTemplateBehavior [ RunTime:0.019712s ]
INFO: [ view_parse ] --END-- [ RunTime:0.019837s ]
INFO: [ view_filter ] --START--
INFO: Run Behavior\WriteHtmlCacheBehavior [ RunTime:0.000522s ]
INFO: [ view_filter ] --END-- [ RunTime:0.000620s ]
INFO: [ app_end ] --START--
INFO: Run Behavior\ShowPageTraceBehavior [ RunTime:0.000668s ]
INFO: [ app_end ] --END-- [ RunTime:0.000769s ]

[ 2017-07-23T18:31:59+08:00 ] 127.0.0.1 /uhouse/admin.php?c=Renter&a=check
INFO: [ app_init ] --START--
INFO: Run Behavior\BuildLiteBehavior [ RunTime:0.000026s ]
INFO: [ app_init ] --END-- [ RunTime:0.000506s ]
INFO: [ app_begin ] --START--
INFO: Run Behavior\ReadHtmlCacheBehavior [ RunTime:0.000612s ]
INFO: [ app_begin ] --END-- [ RunTime:0.000704s ]
NOTIC: [8] Undefined index: adminRenter F:\wamp64\www\uhouse\Application\Common\Common\function.php 第 132 行.

[ 2017-07-23T18:31:59+08:00 ] 127.0.0.1 /uhouse/admin.php?c=Renterlogin
INFO: [ app_init ] --START--
INFO: Run Behavior\BuildLiteBehavior [ RunTime:0.000033s ]
INFO: [ app_init ] --END-- [ RunTime:0.000859s ]
INFO: [ app_begin ] --START--
INFO: Run Behavior\ReadHtmlCacheBehavior [ RunTime:0.000790s ]
INFO: [ app_begin ] --END-- [ RunTime:0.000927s ]
INFO: [ view_parse ] --START--
INFO: [ template_filter ] --START--
INFO: Run Behavior\ContentReplaceBehavior [ RunTime:0.000069s ]
INFO: [ template_filter ] --END-- [ RunTime:0.000174s ]
INFO: Run Behavior\ParseTemplateBehavior [ RunTime:0.005906s ]
INFO: [ view_parse ] --END-- [ RunTime:0.006018s ]
INFO: [ view_filter ] --START--
INFO: Run Behavior\WriteHtmlCacheBehavior [ RunTime:0.000504s ]
INFO: [ view_filter ] --END-- [ RunTime:0.000601s ]
INFO: [ app_end ] --START--
INFO: Run Behavior\ShowPageTraceBehavior [ RunTime:0.000673s ]
INFO: [ app_end ] --END-- [ RunTime:0.000771s ]

[ 2017-07-23T18:39:58+08:00 ] 127.0.0.1 /uhouse/admin.php?c=Renter&a=check
INFO: [ app_init ] --START--
INFO: Run Behavior\BuildLiteBehavior [ RunTime:0.000032s ]
INFO: [ app_init ] --END-- [ RunTime:0.000716s ]
INFO: [ app_begin ] --START--
INFO: Run Behavior\ReadHtmlCacheBehavior [ RunTime:0.000856s ]
INFO: [ app_begin ] --END-- [ RunTime:0.001020s ]
NOTIC: [8] Undefined index: adminRenter F:\wamp64\www\uhouse\Application\Common\Common\function.php 第 132 行.

[ 2017-07-23T18:39:58+08:00 ] 127.0.0.1 /uhouse/admin.php?c=Renterlogin
INFO: [ app_init ] --START--
INFO: Run Behavior\BuildLiteBehavior [ RunTime:0.000028s ]
INFO: [ app_init ] --END-- [ RunTime:0.000544s ]
INFO: [ app_begin ] --START--
INFO: Run Behavior\ReadHtmlCacheBehavior [ RunTime:0.000718s ]
INFO: [ app_begin ] --END-- [ RunTime:0.000846s ]
INFO: [ view_parse ] --START--
INFO: [ template_filter ] --START--
INFO: Run Behavior\ContentReplaceBehavior [ RunTime:0.000075s ]
INFO: [ template_filter ] --END-- [ RunTime:0.000198s ]
INFO: Run Behavior\ParseTemplateBehavior [ RunTime:0.006821s ]
INFO: [ view_parse ] --END-- [ RunTime:0.006943s ]
INFO: [ view_filter ] --START--
INFO: Run Behavior\WriteHtmlCacheBehavior [ RunTime:0.000580s ]
INFO: [ view_filter ] --END-- [ RunTime:0.000682s ]
INFO: [ app_end ] --START--
INFO: Run Behavior\ShowPageTraceBehavior [ RunTime:0.000723s ]
INFO: [ app_end ] --END-- [ RunTime:0.000829s ]

[ 2017-07-23T18:40:06+08:00 ] 127.0.0.1 /uhouse/admin.php?c=Renterlogin&a=check
INFO: [ app_init ] --START--
INFO: Run Behavior\BuildLiteBehavior [ RunTime:0.000032s ]
INFO: [ app_init ] --END-- [ RunTime:0.000701s ]
INFO: [ app_begin ] --START--
INFO: Run Behavior\ReadHtmlCacheBehavior [ RunTime:0.000980s ]
INFO: [ app_begin ] --END-- [ RunTime:0.001121s ]
SQL: SHOW COLUMNS FROM `uhouse_renter` [ RunTime:0.0009s ]
SQL: SELECT * FROM `uhouse_renter` WHERE ( username="admin" ) LIMIT 1   [ RunTime:0.0003s ]

[ 2017-07-23T18:40:08+08:00 ] 127.0.0.1 /uhouse/admin.php?c=Renter
INFO: [ app_init ] --START--
INFO: Run Behavior\BuildLiteBehavior [ RunTime:0.000033s ]
INFO: [ app_init ] --END-- [ RunTime:0.000643s ]
INFO: [ app_begin ] --START--
INFO: Run Behavior\ReadHtmlCacheBehavior [ RunTime:0.000873s ]
INFO: [ app_begin ] --END-- [ RunTime:0.001021s ]
INFO: [ view_parse ] --START--
INFO: [ template_filter ] --START--
INFO: Run Behavior\ContentReplaceBehavior [ RunTime:0.000114s ]
INFO: [ template_filter ] --END-- [ RunTime:0.000263s ]
SQL: SHOW COLUMNS FROM `uhouse_renter` [ RunTime:0.0007s ]
SQL: SELECT * FROM `uhouse_renter` WHERE ( username="admin" ) LIMIT 1   [ RunTime:0.0004s ]
INFO: Run Behavior\ParseTemplateBehavior [ RunTime:0.050334s ]
INFO: [ view_parse ] --END-- [ RunTime:0.050471s ]
INFO: [ view_filter ] --START--
INFO: Run Behavior\WriteHtmlCacheBehavior [ RunTime:0.000748s ]
INFO: [ view_filter ] --END-- [ RunTime:0.000880s ]
INFO: [ app_end ] --START--
INFO: Run Behavior\ShowPageTraceBehavior [ RunTime:0.000880s ]
INFO: [ app_end ] --END-- [ RunTime:0.001011s ]

[ 2017-07-23T18:40:19+08:00 ] 127.0.0.1 /uhouse/admin.php?c=Renterlogin&a=check
INFO: [ app_init ] --START--
INFO: Run Behavior\BuildLiteBehavior [ RunTime:0.000026s ]
INFO: [ app_init ] --END-- [ RunTime:0.000507s ]
INFO: [ app_begin ] --START--
INFO: Run Behavior\ReadHtmlCacheBehavior [ RunTime:0.000816s ]
INFO: [ app_begin ] --END-- [ RunTime:0.000934s ]
SQL: SHOW COLUMNS FROM `uhouse_renter` [ RunTime:0.0007s ]
SQL: SELECT * FROM `uhouse_renter` WHERE ( username="1547554745" ) LIMIT 1   [ RunTime:0.0003s ]

[ 2017-07-23T18:40:20+08:00 ] 127.0.0.1 /uhouse/admin.php?c=Renter
INFO: [ app_init ] --START--
INFO: Run Behavior\BuildLiteBehavior [ RunTime:0.000026s ]
INFO: [ app_init ] --END-- [ RunTime:0.000517s ]
INFO: [ app_begin ] --START--
INFO: Run Behavior\ReadHtmlCacheBehavior [ RunTime:0.000673s ]
INFO: [ app_begin ] --END-- [ RunTime:0.000789s ]
INFO: [ view_parse ] --START--
INFO: [ template_filter ] --START--
INFO: Run Behavior\ContentReplaceBehavior [ RunTime:0.000111s ]
INFO: [ template_filter ] --END-- [ RunTime:0.000234s ]
SQL: SHOW COLUMNS FROM `uhouse_renter` [ RunTime:0.0007s ]
SQL: SELECT * FROM `uhouse_renter` WHERE ( username="1547554745" ) LIMIT 1   [ RunTime:0.0003s ]
INFO: Run Behavior\ParseTemplateBehavior [ RunTime:0.028289s ]
INFO: [ view_parse ] --END-- [ RunTime:0.028417s ]
INFO: [ view_filter ] --START--
INFO: Run Behavior\WriteHtmlCacheBehavior [ RunTime:0.000646s ]
INFO: [ view_filter ] --END-- [ RunTime:0.000752s ]
INFO: [ app_end ] --START--
INFO: Run Behavior\ShowPageTraceBehavior [ RunTime:0.000730s ]
INFO: [ app_end ] --END-- [ RunTime:0.000841s ]

[ 2017-07-23T18:40:33+08:00 ] 127.0.0.1 /uhouse/admin.php?c=Renter&a=check
INFO: [ app_init ] --START--
INFO: Run Behavior\BuildLiteBehavior [ RunTime:0.000025s ]
INFO: [ app_init ] --END-- [ RunTime:0.000549s ]
INFO: [ app_begin ] --START--
INFO: Run Behavior\ReadHtmlCacheBehavior [ RunTime:0.000693s ]
INFO: [ app_begin ] --END-- [ RunTime:0.000787s ]
SQL: SHOW COLUMNS FROM `uhouse_like` [ RunTime:0.0011s ]
SQL: INSERT INTO `uhouse_like` (`rent_condo_id`,`status`,`username`) VALUES ('10466','1','1547554745') [ RunTime:0.0006s ]

[ 2017-07-23T19:08:45+08:00 ] 127.0.0.1 /uhouse/admin.php?c=Renter&a=check
INFO: [ app_init ] --START--
INFO: Run Behavior\BuildLiteBehavior [ RunTime:0.000025s ]
INFO: [ app_init ] --END-- [ RunTime:0.000546s ]
INFO: [ app_begin ] --START--
INFO: Run Behavior\ReadHtmlCacheBehavior [ RunTime:0.000678s ]
INFO: [ app_begin ] --END-- [ RunTime:0.000772s ]
SQL: SHOW COLUMNS FROM `uhouse_like` [ RunTime:0.0015s ]
SQL: INSERT INTO `uhouse_like` (`rent_condo_id`,`status`,`username`) VALUES ('4439','1','1547554745') [ RunTime:0.0005s ]

[ 2017-07-23T19:14:33+08:00 ] 127.0.0.1 /uhouse/admin.php?c=Renter&a=check
INFO: [ app_init ] --START--
INFO: Run Behavior\BuildLiteBehavior [ RunTime:0.000025s ]
INFO: [ app_init ] --END-- [ RunTime:0.000468s ]
INFO: [ app_begin ] --START--
INFO: Run Behavior\ReadHtmlCacheBehavior [ RunTime:0.000534s ]
INFO: [ app_begin ] --END-- [ RunTime:0.000625s ]
SQL: SHOW COLUMNS FROM `uhouse_like` [ RunTime:0.0011s ]
SQL: INSERT INTO `uhouse_like` (`rent_condo_id`,`status`,`username`) VALUES ('13391','1','1547554745') [ RunTime:0.0004s ]

[ 2017-07-23T19:14:39+08:00 ] 127.0.0.1 /uhouse/admin.php?c=Renter&a=check
INFO: [ app_init ] --START--
INFO: Run Behavior\BuildLiteBehavior [ RunTime:0.000026s ]
INFO: [ app_init ] --END-- [ RunTime:0.000498s ]
INFO: [ app_begin ] --START--
INFO: Run Behavior\ReadHtmlCacheBehavior [ RunTime:0.000461s ]
INFO: [ app_begin ] --END-- [ RunTime:0.000551s ]
SQL: SHOW COLUMNS FROM `uhouse_like` [ RunTime:0.0011s ]
SQL: INSERT INTO `uhouse_like` (`rent_condo_id`,`status`,`username`) VALUES ('11927','1','1547554745') [ RunTime:0.0003s ]

[ 2017-07-23T19:19:22+08:00 ] 127.0.0.1 /uhouse/admin.php?c=Renter&a=check
INFO: [ app_init ] --START--
INFO: Run Behavior\BuildLiteBehavior [ RunTime:0.000170s ]
INFO: [ app_init ] --END-- [ RunTime:0.001133s ]
INFO: [ app_begin ] --START--
INFO: Run Behavior\ReadHtmlCacheBehavior [ RunTime:0.000736s ]
INFO: [ app_begin ] --END-- [ RunTime:0.000882s ]
SQL: SHOW COLUMNS FROM `uhouse_like` [ RunTime:0.0008s ]
SQL: INSERT INTO `uhouse_like` (`rent_condo_id`,`status`,`username`) VALUES ('4439','1','1547554745') [ RunTime:0.0003s ]

[ 2017-07-23T19:20:10+08:00 ] 127.0.0.1 /uhouse/admin.php?c=Renter&a=check
INFO: [ app_init ] --START--
INFO: Run Behavior\BuildLiteBehavior [ RunTime:0.000024s ]
INFO: [ app_init ] --END-- [ RunTime:0.000484s ]
INFO: [ app_begin ] --START--
INFO: Run Behavior\ReadHtmlCacheBehavior [ RunTime:0.000446s ]
INFO: [ app_begin ] --END-- [ RunTime:0.000537s ]
SQL: SHOW COLUMNS FROM `uhouse_like` [ RunTime:0.0010s ]
SQL: INSERT INTO `uhouse_like` (`rent_condo_id`,`status`,`username`) VALUES ('4439','1','1547554745') [ RunTime:0.0003s ]

[ 2017-07-23T19:24:14+08:00 ] 127.0.0.1 /uhouse/admin.php?c=Renter&a=check
INFO: [ app_init ] --START--
INFO: Run Behavior\BuildLiteBehavior [ RunTime:0.000023s ]
INFO: [ app_init ] --END-- [ RunTime:0.000469s ]
INFO: [ app_begin ] --START--
INFO: Run Behavior\ReadHtmlCacheBehavior [ RunTime:0.000816s ]
INFO: [ app_begin ] --END-- [ RunTime:0.001017s ]
SQL: SHOW COLUMNS FROM `uhouse_like` [ RunTime:0.0011s ]
SQL: INSERT INTO `uhouse_like` (`rent_condo_id`,`status`,`username`) VALUES ('8803','1','1547554745') [ RunTime:0.0003s ]

[ 2017-07-23T19:24:19+08:00 ] 127.0.0.1 /uhouse/admin.php?c=Renter&a=check
INFO: [ app_init ] --START--
INFO: Run Behavior\BuildLiteBehavior [ RunTime:0.000065s ]
INFO: [ app_init ] --END-- [ RunTime:0.000804s ]
INFO: [ app_begin ] --START--
INFO: Run Behavior\ReadHtmlCacheBehavior [ RunTime:0.000791s ]
INFO: [ app_begin ] --END-- [ RunTime:0.000948s ]
SQL: SHOW COLUMNS FROM `uhouse_like` [ RunTime:0.0006s ]
SQL: INSERT INTO `uhouse_like` (`rent_condo_id`,`status`,`username`) VALUES ('7140','1','1547554745') [ RunTime:0.0003s ]

[ 2017-07-23T22:12:32+08:00 ] 127.0.0.1 /uhouse/admin.php?c=Renter&a=check
INFO: [ app_init ] --START--
INFO: Run Behavior\BuildLiteBehavior [ RunTime:0.000097s ]
INFO: [ app_init ] --END-- [ RunTime:0.002683s ]
INFO: [ app_begin ] --START--
INFO: Run Behavior\ReadHtmlCacheBehavior [ RunTime:0.001882s ]
INFO: [ app_begin ] --END-- [ RunTime:0.002163s ]
SQL: SHOW COLUMNS FROM `uhouse_like` [ RunTime:0.0046s ]
SQL: INSERT INTO `uhouse_like` (`rent_condo_id`,`status`,`username`) VALUES ('23231','1','1547554745') [ RunTime:0.0012s ]

[ 2017-07-23T22:23:13+08:00 ] 127.0.0.1 /uhouse/admin.php?c=Renter
INFO: [ app_init ] --START--
INFO: Run Behavior\BuildLiteBehavior [ RunTime:0.000025s ]
INFO: [ app_init ] --END-- [ RunTime:0.000454s ]
INFO: [ app_begin ] --START--
INFO: Run Behavior\ReadHtmlCacheBehavior [ RunTime:0.000523s ]
INFO: [ app_begin ] --END-- [ RunTime:0.000631s ]
INFO: [ view_parse ] --START--
INFO: [ template_filter ] --START--
INFO: Run Behavior\ContentReplaceBehavior [ RunTime:0.000098s ]
INFO: [ template_filter ] --END-- [ RunTime:0.000241s ]
SQL: SHOW COLUMNS FROM `uhouse_renter` [ RunTime:0.0010s ]
SQL: SELECT * FROM `uhouse_renter` WHERE ( username="1547554745" ) LIMIT 1   [ RunTime:0.0004s ]
INFO: Run Behavior\ParseTemplateBehavior [ RunTime:0.037474s ]
INFO: [ view_parse ] --END-- [ RunTime:0.037585s ]
INFO: [ view_filter ] --START--
INFO: Run Behavior\WriteHtmlCacheBehavior [ RunTime:0.000705s ]
INFO: [ view_filter ] --END-- [ RunTime:0.000816s ]
INFO: [ app_end ] --START--
INFO: Run Behavior\ShowPageTraceBehavior [ RunTime:0.000707s ]
INFO: [ app_end ] --END-- [ RunTime:0.000839s ]

[ 2017-07-23T22:23:17+08:00 ] 127.0.0.1 /uhouse/admin.php?c=Renter&a=liked
INFO: [ app_init ] --START--
INFO: Run Behavior\BuildLiteBehavior [ RunTime:0.000023s ]
INFO: [ app_init ] --END-- [ RunTime:0.000507s ]
INFO: [ app_begin ] --START--
INFO: Run Behavior\ReadHtmlCacheBehavior [ RunTime:0.000458s ]
INFO: [ app_begin ] --END-- [ RunTime:0.000561s ]
SQL: SHOW COLUMNS FROM `uhouse_like` [ RunTime:0.0014s ]
SQL: SELECT * FROM `uhouse_like` INNER JOIN uhouse_rent_condo ON uhouse_like.rent_condo_id=uhouse_rent_condo.rent_condo_id   [ RunTime:0.0909s ]
INFO: [ view_parse ] --START--
INFO: [ template_filter ] --START--
INFO: Run Behavior\ContentReplaceBehavior [ RunTime:0.000210s ]
INFO: [ template_filter ] --END-- [ RunTime:0.000467s ]
SQL: SHOW COLUMNS FROM `uhouse_renter` [ RunTime:0.0012s ]
SQL: SELECT * FROM `uhouse_renter` WHERE ( username="1547554745" ) LIMIT 1   [ RunTime:0.0007s ]
INFO: Run Behavior\ParseTemplateBehavior [ RunTime:0.030080s ]
INFO: [ view_parse ] --END-- [ RunTime:0.030307s ]
INFO: [ view_filter ] --START--
INFO: Run Behavior\WriteHtmlCacheBehavior [ RunTime:0.000909s ]
INFO: [ view_filter ] --END-- [ RunTime:0.001130s ]
INFO: [ app_end ] --START--
INFO: Run Behavior\ShowPageTraceBehavior [ RunTime:0.001048s ]
INFO: [ app_end ] --END-- [ RunTime:0.001267s ]

[ 2017-07-23T22:24:04+08:00 ] 127.0.0.1 /uhouse/admin.php?c=Renter&a=liked
INFO: [ app_init ] --START--
INFO: Run Behavior\BuildLiteBehavior [ RunTime:0.000035s ]
INFO: [ app_init ] --END-- [ RunTime:0.000636s ]
INFO: [ app_begin ] --START--
INFO: Run Behavior\ReadHtmlCacheBehavior [ RunTime:0.000673s ]
INFO: [ app_begin ] --END-- [ RunTime:0.000818s ]
SQL: SHOW COLUMNS FROM `uhouse_like` [ RunTime:0.0009s ]
SQL: SELECT * FROM `uhouse_like` INNER JOIN uhouse_rent_condo ON uhouse_like.rent_condo_id=uhouse_rent_condo.rent_condo_id   [ RunTime:0.0007s ]
INFO: [ view_parse ] --START--
INFO: [ template_filter ] --START--
INFO: Run Behavior\ContentReplaceBehavior [ RunTime:0.000101s ]
INFO: [ template_filter ] --END-- [ RunTime:0.000208s ]
SQL: SHOW COLUMNS FROM `uhouse_renter` [ RunTime:0.0009s ]
SQL: SELECT * FROM `uhouse_renter` WHERE ( username="1547554745" ) LIMIT 1   [ RunTime:0.0003s ]
INFO: Run Behavior\ParseTemplateBehavior [ RunTime:0.010205s ]
INFO: [ view_parse ] --END-- [ RunTime:0.010327s ]
INFO: [ view_filter ] --START--
INFO: Run Behavior\WriteHtmlCacheBehavior [ RunTime:0.000579s ]
INFO: [ view_filter ] --END-- [ RunTime:0.000682s ]
INFO: [ app_end ] --START--
INFO: Run Behavior\ShowPageTraceBehavior [ RunTime:0.000570s ]
INFO: [ app_end ] --END-- [ RunTime:0.000679s ]

[ 2017-07-23T23:05:22+08:00 ] 127.0.0.1 /uhouse/admin.php?c=Renter&a=liked
INFO: [ app_init ] --START--
INFO: Run Behavior\BuildLiteBehavior [ RunTime:0.000029s ]
INFO: [ app_init ] --END-- [ RunTime:0.000677s ]
INFO: [ app_begin ] --START--
INFO: Run Behavior\ReadHtmlCacheBehavior [ RunTime:0.000684s ]
INFO: [ app_begin ] --END-- [ RunTime:0.000798s ]
SQL: SHOW COLUMNS FROM `uhouse_like` [ RunTime:0.0024s ]
SQL: SELECT * FROM `uhouse_like` WHERE ( username="1547554745" )  [ RunTime:0.0005s ]
INFO: [ view_parse ] --START--
INFO: [ template_filter ] --START--
INFO: Run Behavior\ContentReplaceBehavior [ RunTime:0.000140s ]
INFO: [ template_filter ] --END-- [ RunTime:0.000294s ]
SQL: SHOW COLUMNS FROM `uhouse_renter` [ RunTime:0.0010s ]
SQL: SELECT * FROM `uhouse_renter` WHERE ( username="1547554745" ) LIMIT 1   [ RunTime:0.0004s ]
INFO: Run Behavior\ParseTemplateBehavior [ RunTime:0.017127s ]
INFO: [ view_parse ] --END-- [ RunTime:0.017236s ]
INFO: [ view_filter ] --START--
INFO: Run Behavior\WriteHtmlCacheBehavior [ RunTime:0.000909s ]
INFO: [ view_filter ] --END-- [ RunTime:0.001014s ]
INFO: [ app_end ] --START--
INFO: Run Behavior\ShowPageTraceBehavior [ RunTime:0.000798s ]
INFO: [ app_end ] --END-- [ RunTime:0.000910s ]

[ 2017-07-23T23:07:07+08:00 ] 127.0.0.1 /uhouse/admin.php?c=Renter&a=liked
INFO: [ app_init ] --START--
INFO: Run Behavior\BuildLiteBehavior [ RunTime:0.000034s ]
INFO: [ app_init ] --END-- [ RunTime:0.000612s ]
INFO: [ app_begin ] --START--
INFO: Run Behavior\ReadHtmlCacheBehavior [ RunTime:0.000649s ]
INFO: [ app_begin ] --END-- [ RunTime:0.000791s ]
SQL: SHOW COLUMNS FROM `uhouse_like` [ RunTime:0.0013s ]
SQL: SELECT * FROM `uhouse_like` WHERE ( username="1547554745" )  [ RunTime:0.0004s ]
INFO: [ view_parse ] --START--
INFO: [ template_filter ] --START--
INFO: Run Behavior\ContentReplaceBehavior [ RunTime:0.000110s ]
INFO: [ template_filter ] --END-- [ RunTime:0.000234s ]
SQL: SHOW COLUMNS FROM `uhouse_renter` [ RunTime:0.0008s ]
SQL: SELECT * FROM `uhouse_renter` WHERE ( username="1547554745" ) LIMIT 1   [ RunTime:0.0003s ]
INFO: Run Behavior\ParseTemplateBehavior [ RunTime:0.010920s ]
INFO: [ view_parse ] --END-- [ RunTime:0.011034s ]
INFO: [ view_filter ] --START--
INFO: Run Behavior\WriteHtmlCacheBehavior [ RunTime:0.000448s ]
INFO: [ view_filter ] --END-- [ RunTime:0.000543s ]
NOTIC: [2] Cannot modify header information - headers already sent by (output started at F:\wamp64\www\uhouse\ThinkPHP\Common\functions.php:850) F:\wamp64\www\uhouse\ThinkPHP\Library\Think\View.class.php 第 91 行.
NOTIC: [2] Cannot modify header information - headers already sent by (output started at F:\wamp64\www\uhouse\ThinkPHP\Common\functions.php:850) F:\wamp64\www\uhouse\ThinkPHP\Library\Think\View.class.php 第 92 行.
NOTIC: [2] Cannot modify header information - headers already sent by (output started at F:\wamp64\www\uhouse\ThinkPHP\Common\functions.php:850) F:\wamp64\www\uhouse\ThinkPHP\Library\Think\View.class.php 第 93 行.
INFO: [ app_end ] --START--
INFO: Run Behavior\ShowPageTraceBehavior [ RunTime:0.000507s ]
INFO: [ app_end ] --END-- [ RunTime:0.000614s ]

[ 2017-07-23T23:13:00+08:00 ] 127.0.0.1 /uhouse/admin.php?c=Renter&a=liked
INFO: [ app_init ] --START--
INFO: Run Behavior\BuildLiteBehavior [ RunTime:0.000025s ]
INFO: [ app_init ] --END-- [ RunTime:0.000525s ]
INFO: [ app_begin ] --START--
INFO: Run Behavior\ReadHtmlCacheBehavior [ RunTime:0.000605s ]
INFO: [ app_begin ] --END-- [ RunTime:0.000711s ]
SQL: SHOW COLUMNS FROM `uhouse_like` [ RunTime:0.0010s ]
SQL: SELECT * FROM `uhouse_like` WHERE ( username="1547554745" )  [ RunTime:0.0003s ]
INFO: [ view_parse ] --START--
INFO: [ template_filter ] --START--
INFO: Run Behavior\ContentReplaceBehavior [ RunTime:0.000103s ]
INFO: [ template_filter ] --END-- [ RunTime:0.000213s ]
SQL: SHOW COLUMNS FROM `uhouse_renter` [ RunTime:0.0008s ]
SQL: SELECT * FROM `uhouse_renter` WHERE ( username="1547554745" ) LIMIT 1   [ RunTime:0.0004s ]
INFO: Run Behavior\ParseTemplateBehavior [ RunTime:0.011133s ]
INFO: [ view_parse ] --END-- [ RunTime:0.011248s ]
INFO: [ view_filter ] --START--
INFO: Run Behavior\WriteHtmlCacheBehavior [ RunTime:0.000594s ]
INFO: [ view_filter ] --END-- [ RunTime:0.000698s ]
NOTIC: [2] Cannot modify header information - headers already sent by (output started at F:\wamp64\www\uhouse\ThinkPHP\Common\functions.php:850) F:\wamp64\www\uhouse\ThinkPHP\Library\Think\View.class.php 第 91 行.
NOTIC: [2] Cannot modify header information - headers already sent by (output started at F:\wamp64\www\uhouse\ThinkPHP\Common\functions.php:850) F:\wamp64\www\uhouse\ThinkPHP\Library\Think\View.class.php 第 92 行.
NOTIC: [2] Cannot modify header information - headers already sent by (output started at F:\wamp64\www\uhouse\ThinkPHP\Common\functions.php:850) F:\wamp64\www\uhouse\ThinkPHP\Library\Think\View.class.php 第 93 行.
INFO: [ app_end ] --START--
INFO: Run Behavior\ShowPageTraceBehavior [ RunTime:0.000607s ]
INFO: [ app_end ] --END-- [ RunTime:0.000712s ]

[ 2017-07-23T23:13:30+08:00 ] 127.0.0.1 /uhouse/admin.php?c=Renter&a=liked
INFO: [ app_init ] --START--
INFO: Run Behavior\BuildLiteBehavior [ RunTime:0.000035s ]
INFO: [ app_init ] --END-- [ RunTime:0.000620s ]
INFO: [ app_begin ] --START--
INFO: Run Behavior\ReadHtmlCacheBehavior [ RunTime:0.000664s ]
INFO: [ app_begin ] --END-- [ RunTime:0.000807s ]
SQL: SHOW COLUMNS FROM `uhouse_like` [ RunTime:0.0009s ]
SQL: SELECT * FROM `uhouse_like` WHERE ( username="1547554745" )  [ RunTime:0.0003s ]
NOTIC: [8] Undefined index: size F:\wamp64\www\uhouse\Application\Admin\Controller\RenterController.class.php 第 17 行.
INFO: [ view_parse ] --START--
INFO: [ template_filter ] --START--
INFO: Run Behavior\ContentReplaceBehavior [ RunTime:0.000119s ]
INFO: [ template_filter ] --END-- [ RunTime:0.000239s ]
SQL: SHOW COLUMNS FROM `uhouse_renter` [ RunTime:0.0008s ]
SQL: SELECT * FROM `uhouse_renter` WHERE ( username="1547554745" ) LIMIT 1   [ RunTime:0.0004s ]
INFO: Run Behavior\ParseTemplateBehavior [ RunTime:0.010074s ]
INFO: [ view_parse ] --END-- [ RunTime:0.010206s ]
INFO: [ view_filter ] --START--
INFO: Run Behavior\WriteHtmlCacheBehavior [ RunTime:0.000610s ]
INFO: [ view_filter ] --END-- [ RunTime:0.000738s ]
INFO: [ app_end ] --START--
INFO: Run Behavior\ShowPageTraceBehavior [ RunTime:0.000721s ]
INFO: [ app_end ] --END-- [ RunTime:0.000852s ]

[ 2017-07-23T23:13:42+08:00 ] 127.0.0.1 /uhouse/admin.php?c=Renter&a=liked
INFO: [ app_init ] --START--
INFO: Run Behavior\BuildLiteBehavior [ RunTime:0.000033s ]
INFO: [ app_init ] --END-- [ RunTime:0.000685s ]
INFO: [ app_begin ] --START--
INFO: Run Behavior\ReadHtmlCacheBehavior [ RunTime:0.001173s ]
INFO: [ app_begin ] --END-- [ RunTime:0.001381s ]
SQL: SHOW COLUMNS FROM `uhouse_like` [ RunTime:0.0008s ]
SQL: SELECT * FROM `uhouse_like` WHERE ( username="1547554745" )  [ RunTime:0.0004s ]
INFO: [ view_parse ] --START--
INFO: [ template_filter ] --START--
INFO: Run Behavior\ContentReplaceBehavior [ RunTime:0.000106s ]
INFO: [ template_filter ] --END-- [ RunTime:0.000235s ]
SQL: SHOW COLUMNS FROM `uhouse_renter` [ RunTime:0.0009s ]
SQL: SELECT * FROM `uhouse_renter` WHERE ( username="1547554745" ) LIMIT 1   [ RunTime:0.0004s ]
INFO: Run Behavior\ParseTemplateBehavior [ RunTime:0.011039s ]
INFO: [ view_parse ] --END-- [ RunTime:0.011163s ]
INFO: [ view_filter ] --START--
INFO: Run Behavior\WriteHtmlCacheBehavior [ RunTime:0.000653s ]
INFO: [ view_filter ] --END-- [ RunTime:0.000756s ]
NOTIC: [2] Cannot modify header information - headers already sent by (output started at F:\wamp64\www\uhouse\ThinkPHP\Common\functions.php:850) F:\wamp64\www\uhouse\ThinkPHP\Library\Think\View.class.php 第 91 行.
NOTIC: [2] Cannot modify header information - headers already sent by (output started at F:\wamp64\www\uhouse\ThinkPHP\Common\functions.php:850) F:\wamp64\www\uhouse\ThinkPHP\Library\Think\View.class.php 第 92 行.
NOTIC: [2] Cannot modify header information - headers already sent by (output started at F:\wamp64\www\uhouse\ThinkPHP\Common\functions.php:850) F:\wamp64\www\uhouse\ThinkPHP\Library\Think\View.class.php 第 93 行.
INFO: [ app_end ] --START--
INFO: Run Behavior\ShowPageTraceBehavior [ RunTime:0.000734s ]
INFO: [ app_end ] --END-- [ RunTime:0.000851s ]

[ 2017-07-23T23:15:35+08:00 ] 127.0.0.1 /uhouse/admin.php?c=Renter&a=liked
INFO: [ app_init ] --START--
INFO: Run Behavior\BuildLiteBehavior [ RunTime:0.000030s ]
INFO: [ app_init ] --END-- [ RunTime:0.000710s ]
INFO: [ app_begin ] --START--
INFO: Run Behavior\ReadHtmlCacheBehavior [ RunTime:0.000842s ]
INFO: [ app_begin ] --END-- [ RunTime:0.000979s ]

[ 2017-07-23T23:15:47+08:00 ] 127.0.0.1 /uhouse/admin.php?c=Renter&a=liked
INFO: [ app_init ] --START--
INFO: Run Behavior\BuildLiteBehavior [ RunTime:0.000030s ]
INFO: [ app_init ] --END-- [ RunTime:0.000662s ]
INFO: [ app_begin ] --START--
INFO: Run Behavior\ReadHtmlCacheBehavior [ RunTime:0.000941s ]
INFO: [ app_begin ] --END-- [ RunTime:0.001096s ]
SQL: SHOW COLUMNS FROM `uhouse_like` [ RunTime:0.0013s ]
SQL: SELECT * FROM `uhouse_like` WHERE ( username="1547554745" )  [ RunTime:0.0003s ]
INFO: [ view_parse ] --START--
INFO: [ template_filter ] --START--
INFO: Run Behavior\ContentReplaceBehavior [ RunTime:0.000108s ]
INFO: [ template_filter ] --END-- [ RunTime:0.000219s ]
SQL: SHOW COLUMNS FROM `uhouse_renter` [ RunTime:0.0007s ]
SQL: SELECT * FROM `uhouse_renter` WHERE ( username="1547554745" ) LIMIT 1   [ RunTime:0.0006s ]
INFO: Run Behavior\ParseTemplateBehavior [ RunTime:0.010914s ]
INFO: [ view_parse ] --END-- [ RunTime:0.011035s ]
INFO: [ view_filter ] --START--
INFO: Run Behavior\WriteHtmlCacheBehavior [ RunTime:0.000743s ]
INFO: [ view_filter ] --END-- [ RunTime:0.000870s ]
INFO: [ app_end ] --START--
INFO: Run Behavior\ShowPageTraceBehavior [ RunTime:0.000841s ]
INFO: [ app_end ] --END-- [ RunTime:0.000965s ]

