[ 2017-08-14T19:52:42+08:00 ] 127.0.0.1 /uhouse/admin.php?c=Renterlogin
INFO: [ app_init ] --START--
INFO: Run Behavior\BuildLiteBehavior [ RunTime:0.000151s ]
INFO: [ app_init ] --END-- [ RunTime:0.002239s ]
INFO: [ app_begin ] --START--
INFO: Run Behavior\ReadHtmlCacheBehavior [ RunTime:0.003219s ]
INFO: [ app_begin ] --END-- [ RunTime:0.003837s ]
INFO: [ view_parse ] --START--
INFO: [ template_filter ] --START--
INFO: Run Behavior\ContentReplaceBehavior [ RunTime:0.000162s ]
INFO: [ template_filter ] --END-- [ RunTime:0.000422s ]
INFO: Run Behavior\ParseTemplateBehavior [ RunTime:0.032137s ]
INFO: [ view_parse ] --END-- [ RunTime:0.032510s ]
INFO: [ view_filter ] --START--
INFO: Run Behavior\WriteHtmlCacheBehavior [ RunTime:0.000906s ]
INFO: [ view_filter ] --END-- [ RunTime:0.001171s ]
INFO: [ app_end ] --START--
INFO: Run Behavior\ShowPageTraceBehavior [ RunTime:0.001264s ]
INFO: [ app_end ] --END-- [ RunTime:0.001501s ]

[ 2017-08-14T20:03:51+08:00 ] 127.0.0.1 /uhouse/admin.php?c=Renterlogin
INFO: [ app_init ] --START--
INFO: Run Behavior\BuildLiteBehavior [ RunTime:0.000029s ]
INFO: [ app_init ] --END-- [ RunTime:0.000524s ]
INFO: [ app_begin ] --START--
INFO: Run Behavior\ReadHtmlCacheBehavior [ RunTime:0.000618s ]
INFO: [ app_begin ] --END-- [ RunTime:0.000773s ]
INFO: [ view_parse ] --START--
INFO: [ template_filter ] --START--
INFO: Run Behavior\ContentReplaceBehavior [ RunTime:0.000069s ]
INFO: [ template_filter ] --END-- [ RunTime:0.000211s ]
INFO: Run Behavior\ParseTemplateBehavior [ RunTime:0.005505s ]
INFO: [ view_parse ] --END-- [ RunTime:0.005624s ]
INFO: [ view_filter ] --START--
INFO: Run Behavior\WriteHtmlCacheBehavior [ RunTime:0.000332s ]
INFO: [ view_filter ] --END-- [ RunTime:0.000429s ]
INFO: [ app_end ] --START--
INFO: Run Behavior\ShowPageTraceBehavior [ RunTime:0.000493s ]
INFO: [ app_end ] --END-- [ RunTime:0.000595s ]

[ 2017-08-14T20:04:00+08:00 ] 127.0.0.1 /uhouse/admin.php?c=Renterlogin&a=check
INFO: [ app_init ] --START--
INFO: Run Behavior\BuildLiteBehavior [ RunTime:0.000050s ]
INFO: [ app_init ] --END-- [ RunTime:0.000718s ]
INFO: [ app_begin ] --START--
INFO: Run Behavior\ReadHtmlCacheBehavior [ RunTime:0.000729s ]
INFO: [ app_begin ] --END-- [ RunTime:0.000849s ]
SQL: SHOW COLUMNS FROM `uhouse_renter` [ RunTime:0.0027s ]
SQL: SELECT * FROM `uhouse_renter` WHERE ( username="1547554745" ) LIMIT 1   [ RunTime:0.0433s ]

[ 2017-08-14T20:22:56+08:00 ] 127.0.0.1 /uhouse/admin.php?c=Renter
INFO: [ app_init ] --START--
INFO: Run Behavior\BuildLiteBehavior [ RunTime:0.000047s ]
INFO: [ app_init ] --END-- [ RunTime:0.000689s ]
INFO: [ app_begin ] --START--
INFO: Run Behavior\ReadHtmlCacheBehavior [ RunTime:0.000647s ]
INFO: [ app_begin ] --END-- [ RunTime:0.000807s ]
INFO: [ view_parse ] --START--
INFO: [ template_filter ] --START--
INFO: Run Behavior\ContentReplaceBehavior [ RunTime:0.000140s ]
INFO: [ template_filter ] --END-- [ RunTime:0.000339s ]
SQL: SHOW COLUMNS FROM `uhouse_renter` [ RunTime:0.0024s ]
SQL: SELECT * FROM `uhouse_renter` WHERE ( username="1547554745" ) LIMIT 1   [ RunTime:0.0006s ]
INFO: Run Behavior\ParseTemplateBehavior [ RunTime:0.059644s ]
INFO: [ view_parse ] --END-- [ RunTime:0.059773s ]
INFO: [ view_filter ] --START--
INFO: Run Behavior\WriteHtmlCacheBehavior [ RunTime:0.000573s ]
INFO: [ view_filter ] --END-- [ RunTime:0.000682s ]
INFO: [ app_end ] --START--
INFO: Run Behavior\ShowPageTraceBehavior [ RunTime:0.000604s ]
INFO: [ app_end ] --END-- [ RunTime:0.000709s ]

[ 2017-08-14T20:41:12+08:00 ] 127.0.0.1 /uhouse/admin.php?c=Renterlogin
INFO: [ app_init ] --START--
INFO: Run Behavior\BuildLiteBehavior [ RunTime:0.000100s ]
INFO: [ app_init ] --END-- [ RunTime:0.001859s ]
INFO: [ app_begin ] --START--
INFO: Run Behavior\ReadHtmlCacheBehavior [ RunTime:0.002429s ]
INFO: [ app_begin ] --END-- [ RunTime:0.003062s ]
NOTIC: [8] Undefined variable: sing_path F:\wamp64\www\uhouse\ThinkPHP\Common\functions.php 第 991 行.
NOTIC: [8] Undefined variable: module F:\wamp64\www\uhouse\ThinkPHP\Common\functions.php 第 994 行.
NOTIC: [8] Undefined variable: var F:\wamp64\www\uhouse\ThinkPHP\Common\functions.php 第 997 行.
NOTIC: [2] array_reverse() expects parameter 1 to be array, null given F:\wamp64\www\uhouse\ThinkPHP\Common\functions.php 第 997 行.
NOTIC: [2] http_build_query(): Parameter 1 expected to be Array or Object.  Incorrect value given F:\wamp64\www\uhouse\ThinkPHP\Common\functions.php 第 997 行.

[ 2017-08-14T20:41:12+08:00 ] 127.0.0.1 /uhouse/admin.php?&c=Renter
INFO: [ app_init ] --START--
INFO: Run Behavior\BuildLiteBehavior [ RunTime:0.000050s ]
INFO: [ app_init ] --END-- [ RunTime:0.001261s ]
INFO: [ app_begin ] --START--
INFO: Run Behavior\ReadHtmlCacheBehavior [ RunTime:0.001011s ]
INFO: [ app_begin ] --END-- [ RunTime:0.001256s ]
INFO: [ view_parse ] --START--
INFO: [ template_filter ] --START--
INFO: Run Behavior\ContentReplaceBehavior [ RunTime:0.000198s ]
INFO: [ template_filter ] --END-- [ RunTime:0.000446s ]
SQL: SHOW COLUMNS FROM `uhouse_renter` [ RunTime:0.0030s ]
SQL: SELECT * FROM `uhouse_renter` WHERE ( username="1547554745" ) LIMIT 1   [ RunTime:0.0010s ]
INFO: Run Behavior\ParseTemplateBehavior [ RunTime:0.044904s ]
INFO: [ view_parse ] --END-- [ RunTime:0.045246s ]
INFO: [ view_filter ] --START--
INFO: Run Behavior\WriteHtmlCacheBehavior [ RunTime:0.000940s ]
INFO: [ view_filter ] --END-- [ RunTime:0.001232s ]
INFO: [ app_end ] --START--
INFO: Run Behavior\ShowPageTraceBehavior [ RunTime:0.001147s ]
INFO: [ app_end ] --END-- [ RunTime:0.001373s ]

[ 2017-08-14T20:41:28+08:00 ] 127.0.0.1 /uhouse/admin.php?c=person&a=renter
INFO: [ app_init ] --START--
INFO: Run Behavior\BuildLiteBehavior [ RunTime:0.000026s ]
INFO: [ app_init ] --END-- [ RunTime:0.000493s ]
INFO: [ app_begin ] --START--
INFO: Run Behavior\ReadHtmlCacheBehavior [ RunTime:0.000569s ]
INFO: [ app_begin ] --END-- [ RunTime:0.000675s ]
SQL: SHOW COLUMNS FROM `uhouse_renter` [ RunTime:0.0009s ]
SQL: SELECT * FROM `uhouse_renter` WHERE ( username="1547554745" ) LIMIT 1   [ RunTime:0.0003s ]
INFO: [ view_parse ] --START--
INFO: [ template_filter ] --START--
INFO: Run Behavior\ContentReplaceBehavior [ RunTime:0.000102s ]
INFO: [ template_filter ] --END-- [ RunTime:0.000213s ]
SQL: SELECT * FROM `uhouse_renter` WHERE ( username="1547554745" ) LIMIT 1   [ RunTime:0.0005s ]
INFO: Run Behavior\ParseTemplateBehavior [ RunTime:0.030009s ]
INFO: [ view_parse ] --END-- [ RunTime:0.030136s ]
INFO: [ view_filter ] --START--
INFO: Run Behavior\WriteHtmlCacheBehavior [ RunTime:0.000514s ]
INFO: [ view_filter ] --END-- [ RunTime:0.000638s ]
INFO: [ app_end ] --START--
INFO: Run Behavior\ShowPageTraceBehavior [ RunTime:0.000632s ]
INFO: [ app_end ] --END-- [ RunTime:0.000749s ]

[ 2017-08-14T20:41:56+08:00 ] 127.0.0.1 /uhouse/admin.php?c=person&a=ajaxuploadimage
INFO: [ app_init ] --START--
INFO: Run Behavior\BuildLiteBehavior [ RunTime:0.000092s ]
INFO: [ app_init ] --END-- [ RunTime:0.001811s ]
INFO: [ app_begin ] --START--
INFO: Run Behavior\ReadHtmlCacheBehavior [ RunTime:0.002615s ]
INFO: [ app_begin ] --END-- [ RunTime:0.003190s ]
SQL: SHOW COLUMNS FROM `uhouse_user` [ RunTime:0.0040s ]
SQL: SHOW COLUMNS FROM `uhouse_renter` [ RunTime:0.0030s ]
NOTIC: [8] Use of undefined constant Y - assumed 'Y' F:\wamp64\www\uhouse\Application\Admin\Model\PersonModel.class.php 第 18 行.
NOTIC: [8] Use of undefined constant m - assumed 'm' F:\wamp64\www\uhouse\Application\Admin\Model\PersonModel.class.php 第 18 行.
NOTIC: [8] Use of undefined constant d - assumed 'd' F:\wamp64\www\uhouse\Application\Admin\Model\PersonModel.class.php 第 18 行.
NOTIC: [2] call_user_func() expects parameter 1 to be a valid callback, no array or string given F:\wamp64\www\uhouse\ThinkPHP\Library\Think\Upload.class.php 第 170 行.

[ 2017-08-14T20:41:57+08:00 ] 127.0.0.1 /uhouse/admin.php?c=person&a=checkRenter
INFO: [ app_init ] --START--
INFO: Run Behavior\BuildLiteBehavior [ RunTime:0.000031s ]
INFO: [ app_init ] --END-- [ RunTime:0.000664s ]
INFO: [ app_begin ] --START--
INFO: Run Behavior\ReadHtmlCacheBehavior [ RunTime:0.000894s ]
INFO: [ app_begin ] --END-- [ RunTime:0.001026s ]
SQL: SHOW COLUMNS FROM `uhouse_user` [ RunTime:0.0008s ]
SQL: SHOW COLUMNS FROM `uhouse_renter` [ RunTime:0.0009s ]
NOTIC: [8] Use of undefined constant Y - assumed 'Y' F:\wamp64\www\uhouse\Application\Admin\Model\PersonModel.class.php 第 18 行.
NOTIC: [8] Use of undefined constant m - assumed 'm' F:\wamp64\www\uhouse\Application\Admin\Model\PersonModel.class.php 第 18 行.
NOTIC: [8] Use of undefined constant d - assumed 'd' F:\wamp64\www\uhouse\Application\Admin\Model\PersonModel.class.php 第 18 行.
SQL: UPDATE `uhouse_renter` SET `username`='1547554745',`password`='123456',`realname`='张明亮',`phone`='15801872696',`image`='/uhouse/upload/2017/08/14/59919a9446025.jpg' WHERE ( username="1547554745" ) [ RunTime:0.0609s ]
SQL: SELECT * FROM `uhouse_renter` WHERE ( username="1547554745" ) LIMIT 1   [ RunTime:0.0009s ]
NOTIC: [8] Use of undefined constant ret - assumed 'ret' F:\wamp64\www\uhouse\Application\Admin\Controller\PersonController.class.php 第 123 行.

[ 2017-08-14T20:41:58+08:00 ] 127.0.0.1 /uhouse/admin.php?c=renter
INFO: [ app_init ] --START--
INFO: Run Behavior\BuildLiteBehavior [ RunTime:0.000046s ]
INFO: [ app_init ] --END-- [ RunTime:0.001032s ]
INFO: [ app_begin ] --START--
INFO: Run Behavior\ReadHtmlCacheBehavior [ RunTime:0.000655s ]
INFO: [ app_begin ] --END-- [ RunTime:0.000813s ]
INFO: [ view_parse ] --START--
INFO: [ template_filter ] --START--
INFO: Run Behavior\ContentReplaceBehavior [ RunTime:0.000113s ]
INFO: [ template_filter ] --END-- [ RunTime:0.000254s ]
SQL: SHOW COLUMNS FROM `uhouse_renter` [ RunTime:0.0010s ]
SQL: SELECT * FROM `uhouse_renter` WHERE ( username="1547554745" ) LIMIT 1   [ RunTime:0.0004s ]
INFO: Run Behavior\ParseTemplateBehavior [ RunTime:0.024872s ]
INFO: [ view_parse ] --END-- [ RunTime:0.025009s ]
INFO: [ view_filter ] --START--
INFO: Run Behavior\WriteHtmlCacheBehavior [ RunTime:0.000531s ]
INFO: [ view_filter ] --END-- [ RunTime:0.000657s ]
INFO: [ app_end ] --START--
INFO: Run Behavior\ShowPageTraceBehavior [ RunTime:0.000938s ]
INFO: [ app_end ] --END-- [ RunTime:0.001110s ]

[ 2017-08-14T20:42:03+08:00 ] 127.0.0.1 /uhouse/admin.php?c=Renter&a=recommend
INFO: [ app_init ] --START--
INFO: Run Behavior\BuildLiteBehavior [ RunTime:0.000084s ]
INFO: [ app_init ] --END-- [ RunTime:0.001745s ]
INFO: [ app_begin ] --START--
INFO: Run Behavior\ReadHtmlCacheBehavior [ RunTime:0.002096s ]
INFO: [ app_begin ] --END-- [ RunTime:0.002526s ]
INFO: [ view_parse ] --START--
INFO: [ template_filter ] --START--
INFO: Run Behavior\ContentReplaceBehavior [ RunTime:0.000349s ]
INFO: [ template_filter ] --END-- [ RunTime:0.000740s ]
SQL: SHOW COLUMNS FROM `uhouse_renter` [ RunTime:0.0024s ]
SQL: SELECT * FROM `uhouse_renter` WHERE ( username="1547554745" ) LIMIT 1   [ RunTime:0.0010s ]
INFO: Run Behavior\ParseTemplateBehavior [ RunTime:0.069297s ]
INFO: [ view_parse ] --END-- [ RunTime:0.069658s ]
INFO: [ view_filter ] --START--
INFO: Run Behavior\WriteHtmlCacheBehavior [ RunTime:0.001633s ]
INFO: [ view_filter ] --END-- [ RunTime:0.002014s ]
INFO: [ app_end ] --START--
INFO: Run Behavior\ShowPageTraceBehavior [ RunTime:0.001927s ]
INFO: [ app_end ] --END-- [ RunTime:0.002309s ]

[ 2017-08-14T20:42:05+08:00 ] 127.0.0.1 /uhouse/admin.php?c=Renter&a=liked
INFO: [ app_init ] --START--
INFO: Run Behavior\BuildLiteBehavior [ RunTime:0.000027s ]
INFO: [ app_init ] --END-- [ RunTime:0.000485s ]
INFO: [ app_begin ] --START--
INFO: Run Behavior\ReadHtmlCacheBehavior [ RunTime:0.000486s ]
INFO: [ app_begin ] --END-- [ RunTime:0.000617s ]
SQL: SHOW COLUMNS FROM `uhouse_like` [ RunTime:0.0011s ]
SQL: SHOW COLUMNS FROM `uhouse_rent_condo` [ RunTime:0.0010s ]
SQL: SELECT * FROM `uhouse_like` WHERE ( username="1547554745" )  [ RunTime:0.0004s ]
SQL: SELECT * FROM `uhouse_rent_condo` WHERE ( rent_condo_id="10466" ) LIMIT 1   [ RunTime:0.0097s ]
SQL: SELECT * FROM `uhouse_rent_condo` WHERE ( rent_condo_id="4439" ) LIMIT 1   [ RunTime:0.0009s ]
SQL: SELECT * FROM `uhouse_rent_condo` WHERE ( rent_condo_id="13391" ) LIMIT 1   [ RunTime:0.0005s ]
SQL: SELECT * FROM `uhouse_rent_condo` WHERE ( rent_condo_id="11927" ) LIMIT 1   [ RunTime:0.0003s ]
SQL: SELECT * FROM `uhouse_rent_condo` WHERE ( rent_condo_id="7140" ) LIMIT 1   [ RunTime:0.0004s ]
SQL: SELECT * FROM `uhouse_rent_condo` WHERE ( rent_condo_id="8803" ) LIMIT 1   [ RunTime:0.0004s ]
SQL: SELECT * FROM `uhouse_rent_condo` WHERE ( rent_condo_id="23231" ) LIMIT 1   [ RunTime:0.0004s ]
INFO: [ view_parse ] --START--
INFO: [ template_filter ] --START--
INFO: Run Behavior\ContentReplaceBehavior [ RunTime:0.000134s ]
INFO: [ template_filter ] --END-- [ RunTime:0.000277s ]
SQL: SHOW COLUMNS FROM `uhouse_renter` [ RunTime:0.0011s ]
SQL: SELECT * FROM `uhouse_renter` WHERE ( username="1547554745" ) LIMIT 1   [ RunTime:0.0004s ]
INFO: Run Behavior\ParseTemplateBehavior [ RunTime:0.028163s ]
INFO: [ view_parse ] --END-- [ RunTime:0.028336s ]
INFO: [ view_filter ] --START--
INFO: Run Behavior\WriteHtmlCacheBehavior [ RunTime:0.000471s ]
INFO: [ view_filter ] --END-- [ RunTime:0.000597s ]
INFO: [ app_end ] --START--
INFO: Run Behavior\ShowPageTraceBehavior [ RunTime:0.000630s ]
INFO: [ app_end ] --END-- [ RunTime:0.000767s ]

[ 2017-08-14T20:42:16+08:00 ] 127.0.0.1 /uhouse/admin.php?c=Login
INFO: [ app_init ] --START--
INFO: Run Behavior\BuildLiteBehavior [ RunTime:0.000029s ]
INFO: [ app_init ] --END-- [ RunTime:0.000617s ]
INFO: [ app_begin ] --START--
INFO: Run Behavior\ReadHtmlCacheBehavior [ RunTime:0.000525s ]
INFO: [ app_begin ] --END-- [ RunTime:0.000640s ]
INFO: [ view_parse ] --START--
INFO: [ template_filter ] --START--
INFO: Run Behavior\ContentReplaceBehavior [ RunTime:0.000073s ]
INFO: [ template_filter ] --END-- [ RunTime:0.000191s ]
INFO: Run Behavior\ParseTemplateBehavior [ RunTime:0.020613s ]
INFO: [ view_parse ] --END-- [ RunTime:0.020725s ]
INFO: [ view_filter ] --START--
INFO: Run Behavior\WriteHtmlCacheBehavior [ RunTime:0.000355s ]
INFO: [ view_filter ] --END-- [ RunTime:0.000450s ]
INFO: [ app_end ] --START--
INFO: Run Behavior\ShowPageTraceBehavior [ RunTime:0.000427s ]
INFO: [ app_end ] --END-- [ RunTime:0.000524s ]

[ 2017-08-14T20:42:22+08:00 ] 127.0.0.1 /uhouse/admin.php?c=login&a=check
INFO: [ app_init ] --START--
INFO: Run Behavior\BuildLiteBehavior [ RunTime:0.000031s ]
INFO: [ app_init ] --END-- [ RunTime:0.000637s ]
INFO: [ app_begin ] --START--
INFO: Run Behavior\ReadHtmlCacheBehavior [ RunTime:0.000626s ]
INFO: [ app_begin ] --END-- [ RunTime:0.000744s ]
SQL: SHOW COLUMNS FROM `uhouse_user` [ RunTime:0.0011s ]
SQL: SELECT * FROM `uhouse_user` WHERE ( username="admin" ) LIMIT 1   [ RunTime:0.0278s ]

[ 2017-08-14T20:42:24+08:00 ] 127.0.0.1 /uhouse/admin.php?c=index
INFO: [ app_init ] --START--
INFO: Run Behavior\BuildLiteBehavior [ RunTime:0.000031s ]
INFO: [ app_init ] --END-- [ RunTime:0.000588s ]
INFO: [ app_begin ] --START--
INFO: Run Behavior\ReadHtmlCacheBehavior [ RunTime:0.000517s ]
INFO: [ app_begin ] --END-- [ RunTime:0.000649s ]
INFO: [ view_parse ] --START--
INFO: [ template_filter ] --START--
INFO: Run Behavior\ContentReplaceBehavior [ RunTime:0.000099s ]
INFO: [ template_filter ] --END-- [ RunTime:0.000213s ]
SQL: SHOW COLUMNS FROM `uhouse_user` [ RunTime:0.0021s ]
SQL: SELECT * FROM `uhouse_user` WHERE ( username="admin" ) LIMIT 1   [ RunTime:0.0005s ]
INFO: Run Behavior\ParseTemplateBehavior [ RunTime:0.045186s ]
INFO: [ view_parse ] --END-- [ RunTime:0.045291s ]
INFO: [ view_filter ] --START--
INFO: Run Behavior\WriteHtmlCacheBehavior [ RunTime:0.000622s ]
INFO: [ view_filter ] --END-- [ RunTime:0.000723s ]
INFO: [ app_end ] --START--
INFO: Run Behavior\ShowPageTraceBehavior [ RunTime:0.000498s ]
INFO: [ app_end ] --END-- [ RunTime:0.000602s ]

[ 2017-08-14T20:42:29+08:00 ] 127.0.0.1 /uhouse/admin.php?c=landlord&a=release
INFO: [ app_init ] --START--
INFO: Run Behavior\BuildLiteBehavior [ RunTime:0.000034s ]
INFO: [ app_init ] --END-- [ RunTime:0.000547s ]
INFO: [ app_begin ] --START--
INFO: Run Behavior\ReadHtmlCacheBehavior [ RunTime:0.000639s ]
INFO: [ app_begin ] --END-- [ RunTime:0.000776s ]
INFO: [ view_parse ] --START--
INFO: [ template_filter ] --START--
INFO: Run Behavior\ContentReplaceBehavior [ RunTime:0.000168s ]
INFO: [ template_filter ] --END-- [ RunTime:0.000312s ]
SQL: SHOW COLUMNS FROM `uhouse_user` [ RunTime:0.0010s ]
SQL: SELECT * FROM `uhouse_user` WHERE ( username="admin" ) LIMIT 1   [ RunTime:0.0004s ]
INFO: Run Behavior\ParseTemplateBehavior [ RunTime:0.045436s ]
INFO: [ view_parse ] --END-- [ RunTime:0.045579s ]
INFO: [ view_filter ] --START--
INFO: Run Behavior\WriteHtmlCacheBehavior [ RunTime:0.000622s ]
INFO: [ view_filter ] --END-- [ RunTime:0.000748s ]
INFO: [ app_end ] --START--
INFO: Run Behavior\ShowPageTraceBehavior [ RunTime:0.000687s ]
INFO: [ app_end ] --END-- [ RunTime:0.000851s ]

[ 2017-08-14T20:42:34+08:00 ] 127.0.0.1 /uhouse/admin.php?c=landlord&a=ajaxuploadimage
INFO: [ app_init ] --START--
INFO: Run Behavior\BuildLiteBehavior [ RunTime:0.000093s ]
INFO: [ app_init ] --END-- [ RunTime:0.001799s ]
INFO: [ app_begin ] --START--
INFO: Run Behavior\ReadHtmlCacheBehavior [ RunTime:0.001745s ]
INFO: [ app_begin ] --END-- [ RunTime:0.002222s ]
SQL: SHOW COLUMNS FROM `uhouse_user` [ RunTime:0.0049s ]
SQL: SHOW COLUMNS FROM `uhouse_renter` [ RunTime:0.0036s ]
NOTIC: [8] Use of undefined constant Y - assumed 'Y' F:\wamp64\www\uhouse\Application\Admin\Model\PersonModel.class.php 第 18 行.
NOTIC: [8] Use of undefined constant m - assumed 'm' F:\wamp64\www\uhouse\Application\Admin\Model\PersonModel.class.php 第 18 行.
NOTIC: [8] Use of undefined constant d - assumed 'd' F:\wamp64\www\uhouse\Application\Admin\Model\PersonModel.class.php 第 18 行.
NOTIC: [2] call_user_func() expects parameter 1 to be a valid callback, no array or string given F:\wamp64\www\uhouse\ThinkPHP\Library\Think\Upload.class.php 第 170 行.

[ 2017-08-14T20:42:40+08:00 ] 127.0.0.1 /uhouse/admin.php?c=landlord&a=ajaxuploadimage
INFO: [ app_init ] --START--
INFO: Run Behavior\BuildLiteBehavior [ RunTime:0.000026s ]
INFO: [ app_init ] --END-- [ RunTime:0.000561s ]
INFO: [ app_begin ] --START--
INFO: Run Behavior\ReadHtmlCacheBehavior [ RunTime:0.000853s ]
INFO: [ app_begin ] --END-- [ RunTime:0.000961s ]
SQL: SHOW COLUMNS FROM `uhouse_user` [ RunTime:0.0012s ]
SQL: SHOW COLUMNS FROM `uhouse_renter` [ RunTime:0.0005s ]
NOTIC: [8] Use of undefined constant Y - assumed 'Y' F:\wamp64\www\uhouse\Application\Admin\Model\PersonModel.class.php 第 18 行.
NOTIC: [8] Use of undefined constant m - assumed 'm' F:\wamp64\www\uhouse\Application\Admin\Model\PersonModel.class.php 第 18 行.
NOTIC: [8] Use of undefined constant d - assumed 'd' F:\wamp64\www\uhouse\Application\Admin\Model\PersonModel.class.php 第 18 行.
NOTIC: [2] call_user_func() expects parameter 1 to be a valid callback, no array or string given F:\wamp64\www\uhouse\ThinkPHP\Library\Think\Upload.class.php 第 170 行.

[ 2017-08-14T20:42:47+08:00 ] 127.0.0.1 /uhouse/admin.php?c=landlord
INFO: [ app_init ] --START--
INFO: Run Behavior\BuildLiteBehavior [ RunTime:0.000033s ]
INFO: [ app_init ] --END-- [ RunTime:0.000664s ]
INFO: [ app_begin ] --START--
INFO: Run Behavior\ReadHtmlCacheBehavior [ RunTime:0.000644s ]
INFO: [ app_begin ] --END-- [ RunTime:0.000779s ]
SQL: SHOW COLUMNS FROM `uhouse_landlord` [ RunTime:0.0027s ]
SQL: SELECT * FROM `uhouse_landlord` WHERE `username` = 'admin' AND `status` = 1  [ RunTime:0.0167s ]
NOTIC: [8] Undefined index: p F:\wamp64\www\uhouse\Application\Admin\Controller\LandlordController.class.php 第 17 行.
NOTIC: [8] Undefined index: pageSize F:\wamp64\www\uhouse\Application\Admin\Controller\LandlordController.class.php 第 18 行.
SQL: SELECT * FROM `uhouse_landlord` WHERE `username` = 'admin' AND `status` = 1 ORDER BY house_id desc LIMIT 0,10   [ RunTime:0.0020s ]
SQL: SELECT COUNT(*) AS tp_count FROM `uhouse_landlord` WHERE `username` = 'admin' AND `status` = 1 LIMIT 1   [ RunTime:0.0368s ]
NOTIC: [8] Undefined variable: sing_path F:\wamp64\www\uhouse\ThinkPHP\Common\functions.php 第 991 行.
NOTIC: [8] Undefined variable: sing_path F:\wamp64\www\uhouse\ThinkPHP\Common\functions.php 第 991 行.
INFO: [ view_parse ] --START--
INFO: [ template_filter ] --START--
INFO: Run Behavior\ContentReplaceBehavior [ RunTime:0.000333s ]
INFO: [ template_filter ] --END-- [ RunTime:0.000675s ]
SQL: SHOW COLUMNS FROM `uhouse_user` [ RunTime:0.0022s ]
SQL: SELECT * FROM `uhouse_user` WHERE ( username="admin" ) LIMIT 1   [ RunTime:0.0008s ]
INFO: Run Behavior\ParseTemplateBehavior [ RunTime:0.054265s ]
INFO: [ view_parse ] --END-- [ RunTime:0.054596s ]
INFO: [ view_filter ] --START--
INFO: Run Behavior\WriteHtmlCacheBehavior [ RunTime:0.001009s ]
INFO: [ view_filter ] --END-- [ RunTime:0.001415s ]
INFO: [ app_end ] --START--
INFO: Run Behavior\ShowPageTraceBehavior [ RunTime:0.001487s ]
INFO: [ app_end ] --END-- [ RunTime:0.001850s ]

[ 2017-08-14T20:42:50+08:00 ] 127.0.0.1 /uhouse/admin.php?c=landlord&a=prepare
INFO: [ app_init ] --START--
INFO: Run Behavior\BuildLiteBehavior [ RunTime:0.000032s ]
INFO: [ app_init ] --END-- [ RunTime:0.000611s ]
INFO: [ app_begin ] --START--
INFO: Run Behavior\ReadHtmlCacheBehavior [ RunTime:0.000603s ]
INFO: [ app_begin ] --END-- [ RunTime:0.000727s ]
SQL: SHOW COLUMNS FROM `uhouse_landlord` [ RunTime:0.0012s ]
SQL: SELECT * FROM `uhouse_landlord` WHERE ( house_id="18" ) LIMIT 1   [ RunTime:0.0379s ]

[ 2017-08-14T20:42:52+08:00 ] 127.0.0.1 /uhouse/admin.php?c=landlord&a=detail
INFO: [ app_init ] --START--
INFO: Run Behavior\BuildLiteBehavior [ RunTime:0.000051s ]
INFO: [ app_init ] --END-- [ RunTime:0.000853s ]
INFO: [ app_begin ] --START--
INFO: Run Behavior\ReadHtmlCacheBehavior [ RunTime:0.001305s ]
INFO: [ app_begin ] --END-- [ RunTime:0.001683s ]
SQL: SHOW COLUMNS FROM `uhouse_landlord` [ RunTime:0.0028s ]
SQL: SELECT * FROM `uhouse_landlord` WHERE ( house_id="18" ) LIMIT 1   [ RunTime:0.0010s ]
SQL: SHOW COLUMNS FROM `uhouse_user` [ RunTime:0.0014s ]
SQL: SELECT * FROM `uhouse_user` WHERE ( username="admin" ) LIMIT 1   [ RunTime:0.0006s ]
INFO: [ view_parse ] --START--
INFO: [ template_filter ] --START--
INFO: Run Behavior\ContentReplaceBehavior [ RunTime:0.000101s ]
INFO: [ template_filter ] --END-- [ RunTime:0.000211s ]
INFO: Run Behavior\ParseTemplateBehavior [ RunTime:0.024134s ]
INFO: [ view_parse ] --END-- [ RunTime:0.024312s ]
INFO: [ view_filter ] --START--
INFO: Run Behavior\WriteHtmlCacheBehavior [ RunTime:0.000377s ]
INFO: [ view_filter ] --END-- [ RunTime:0.000491s ]
INFO: [ app_end ] --START--
INFO: Run Behavior\ShowPageTraceBehavior [ RunTime:0.000487s ]
INFO: [ app_end ] --END-- [ RunTime:0.000591s ]

[ 2017-08-14T21:06:19+08:00 ] 127.0.0.1 /uhouse/admin.php?c=landlord&a=release
INFO: [ app_init ] --START--
INFO: Run Behavior\BuildLiteBehavior [ RunTime:0.000041s ]
INFO: [ app_init ] --END-- [ RunTime:0.000791s ]
INFO: [ app_begin ] --START--
INFO: Run Behavior\ReadHtmlCacheBehavior [ RunTime:0.000806s ]
INFO: [ app_begin ] --END-- [ RunTime:0.000999s ]
INFO: [ view_parse ] --START--
INFO: [ template_filter ] --START--
INFO: Run Behavior\ContentReplaceBehavior [ RunTime:0.000220s ]
INFO: [ template_filter ] --END-- [ RunTime:0.000405s ]
SQL: SHOW COLUMNS FROM `uhouse_user` [ RunTime:0.0012s ]
SQL: SELECT * FROM `uhouse_user` WHERE ( username="admin" ) LIMIT 1   [ RunTime:0.0005s ]
INFO: Run Behavior\ParseTemplateBehavior [ RunTime:0.026380s ]
INFO: [ view_parse ] --END-- [ RunTime:0.026572s ]
INFO: [ view_filter ] --START--
INFO: Run Behavior\WriteHtmlCacheBehavior [ RunTime:0.000529s ]
INFO: [ view_filter ] --END-- [ RunTime:0.000654s ]
INFO: [ app_end ] --START--
INFO: Run Behavior\ShowPageTraceBehavior [ RunTime:0.000539s ]
INFO: [ app_end ] --END-- [ RunTime:0.000662s ]

[ 2017-08-14T21:06:22+08:00 ] 127.0.0.1 /uhouse/admin.php?c=landlord&a=ajaxuploadimage
INFO: [ app_init ] --START--
INFO: Run Behavior\BuildLiteBehavior [ RunTime:0.000029s ]
INFO: [ app_init ] --END-- [ RunTime:0.000495s ]
INFO: [ app_begin ] --START--
INFO: Run Behavior\ReadHtmlCacheBehavior [ RunTime:0.000492s ]
INFO: [ app_begin ] --END-- [ RunTime:0.000612s ]
SQL: SHOW COLUMNS FROM `uhouse_user` [ RunTime:0.0006s ]
SQL: SHOW COLUMNS FROM `uhouse_renter` [ RunTime:0.0005s ]
NOTIC: [8] Use of undefined constant Y - assumed 'Y' F:\wamp64\www\uhouse\Application\Admin\Model\PersonModel.class.php 第 18 行.
NOTIC: [8] Use of undefined constant m - assumed 'm' F:\wamp64\www\uhouse\Application\Admin\Model\PersonModel.class.php 第 18 行.
NOTIC: [8] Use of undefined constant d - assumed 'd' F:\wamp64\www\uhouse\Application\Admin\Model\PersonModel.class.php 第 18 行.
NOTIC: [2] call_user_func() expects parameter 1 to be a valid callback, no array or string given F:\wamp64\www\uhouse\ThinkPHP\Library\Think\Upload.class.php 第 170 行.

[ 2017-08-14T21:10:23+08:00 ] 127.0.0.1 /uhouse/admin.php?c=landlord&a=ajaxuploadimage
INFO: [ app_init ] --START--
INFO: Run Behavior\BuildLiteBehavior [ RunTime:0.000034s ]
INFO: [ app_init ] --END-- [ RunTime:0.000637s ]
INFO: [ app_begin ] --START--
INFO: Run Behavior\ReadHtmlCacheBehavior [ RunTime:0.000713s ]
INFO: [ app_begin ] --END-- [ RunTime:0.000856s ]
SQL: SHOW COLUMNS FROM `uhouse_user` [ RunTime:0.0017s ]
SQL: SHOW COLUMNS FROM `uhouse_renter` [ RunTime:0.0009s ]
NOTIC: [8] Use of undefined constant Y - assumed 'Y' F:\wamp64\www\uhouse\Application\Admin\Model\PersonModel.class.php 第 18 行.
NOTIC: [8] Use of undefined constant m - assumed 'm' F:\wamp64\www\uhouse\Application\Admin\Model\PersonModel.class.php 第 18 行.
NOTIC: [8] Use of undefined constant d - assumed 'd' F:\wamp64\www\uhouse\Application\Admin\Model\PersonModel.class.php 第 18 行.
NOTIC: [2] call_user_func() expects parameter 1 to be a valid callback, no array or string given F:\wamp64\www\uhouse\ThinkPHP\Library\Think\Upload.class.php 第 170 行.

[ 2017-08-14T21:13:00+08:00 ] 127.0.0.1 /uhouse/admin.php?c=landlord&a=release
INFO: [ app_init ] --START--
INFO: Run Behavior\BuildLiteBehavior [ RunTime:0.000033s ]
INFO: [ app_init ] --END-- [ RunTime:0.000630s ]
INFO: [ app_begin ] --START--
INFO: Run Behavior\ReadHtmlCacheBehavior [ RunTime:0.000804s ]
INFO: [ app_begin ] --END-- [ RunTime:0.000944s ]
INFO: [ view_parse ] --START--
INFO: [ template_filter ] --START--
INFO: Run Behavior\ContentReplaceBehavior [ RunTime:0.000171s ]
INFO: [ template_filter ] --END-- [ RunTime:0.000328s ]
SQL: SHOW COLUMNS FROM `uhouse_user` [ RunTime:0.0010s ]
SQL: SELECT * FROM `uhouse_user` WHERE ( username="admin" ) LIMIT 1   [ RunTime:0.0005s ]
INFO: Run Behavior\ParseTemplateBehavior [ RunTime:0.040039s ]
INFO: [ view_parse ] --END-- [ RunTime:0.040159s ]
INFO: [ view_filter ] --START--
INFO: Run Behavior\WriteHtmlCacheBehavior [ RunTime:0.000565s ]
INFO: [ view_filter ] --END-- [ RunTime:0.000663s ]
INFO: [ app_end ] --START--
INFO: Run Behavior\ShowPageTraceBehavior [ RunTime:0.000635s ]
INFO: [ app_end ] --END-- [ RunTime:0.000743s ]

[ 2017-08-14T21:13:03+08:00 ] 127.0.0.1 /uhouse/admin.php?c=landlord&a=ajaxuploadimage
INFO: [ app_init ] --START--
INFO: Run Behavior\BuildLiteBehavior [ RunTime:0.000040s ]
INFO: [ app_init ] --END-- [ RunTime:0.000698s ]
INFO: [ app_begin ] --START--
INFO: Run Behavior\ReadHtmlCacheBehavior [ RunTime:0.001124s ]
INFO: [ app_begin ] --END-- [ RunTime:0.001337s ]
SQL: SHOW COLUMNS FROM `uhouse_user` [ RunTime:0.0008s ]
SQL: SHOW COLUMNS FROM `uhouse_renter` [ RunTime:0.0007s ]
NOTIC: [8] Use of undefined constant Y - assumed 'Y' F:\wamp64\www\uhouse\Application\Admin\Model\PersonModel.class.php 第 18 行.
NOTIC: [8] Use of undefined constant m - assumed 'm' F:\wamp64\www\uhouse\Application\Admin\Model\PersonModel.class.php 第 18 行.
NOTIC: [8] Use of undefined constant d - assumed 'd' F:\wamp64\www\uhouse\Application\Admin\Model\PersonModel.class.php 第 18 行.
NOTIC: [2] call_user_func() expects parameter 1 to be a valid callback, no array or string given F:\wamp64\www\uhouse\ThinkPHP\Library\Think\Upload.class.php 第 170 行.

[ 2017-08-14T21:13:07+08:00 ] 127.0.0.1 /uhouse/admin.php?c=landlord&a=ajaxuploadimage
INFO: [ app_init ] --START--
INFO: Run Behavior\BuildLiteBehavior [ RunTime:0.000025s ]
INFO: [ app_init ] --END-- [ RunTime:0.000438s ]
INFO: [ app_begin ] --START--
INFO: Run Behavior\ReadHtmlCacheBehavior [ RunTime:0.000538s ]
INFO: [ app_begin ] --END-- [ RunTime:0.000644s ]
SQL: SHOW COLUMNS FROM `uhouse_user` [ RunTime:0.0009s ]
SQL: SHOW COLUMNS FROM `uhouse_renter` [ RunTime:0.0005s ]
NOTIC: [8] Use of undefined constant Y - assumed 'Y' F:\wamp64\www\uhouse\Application\Admin\Model\PersonModel.class.php 第 18 行.
NOTIC: [8] Use of undefined constant m - assumed 'm' F:\wamp64\www\uhouse\Application\Admin\Model\PersonModel.class.php 第 18 行.
NOTIC: [8] Use of undefined constant d - assumed 'd' F:\wamp64\www\uhouse\Application\Admin\Model\PersonModel.class.php 第 18 行.
NOTIC: [2] call_user_func() expects parameter 1 to be a valid callback, no array or string given F:\wamp64\www\uhouse\ThinkPHP\Library\Think\Upload.class.php 第 170 行.

[ 2017-08-14T21:13:30+08:00 ] 127.0.0.1 /uhouse/admin.php?c=landlord&a=release
INFO: [ app_init ] --START--
INFO: Run Behavior\BuildLiteBehavior [ RunTime:0.000025s ]
INFO: [ app_init ] --END-- [ RunTime:0.000451s ]
INFO: [ app_begin ] --START--
INFO: Run Behavior\ReadHtmlCacheBehavior [ RunTime:0.000693s ]
INFO: [ app_begin ] --END-- [ RunTime:0.000862s ]
INFO: [ view_parse ] --START--
INFO: [ template_filter ] --START--
INFO: Run Behavior\ContentReplaceBehavior [ RunTime:0.000137s ]
INFO: [ template_filter ] --END-- [ RunTime:0.000261s ]
SQL: SHOW COLUMNS FROM `uhouse_user` [ RunTime:0.0011s ]
SQL: SELECT * FROM `uhouse_user` WHERE ( username="admin" ) LIMIT 1   [ RunTime:0.0003s ]
INFO: Run Behavior\ParseTemplateBehavior [ RunTime:0.016787s ]
INFO: [ view_parse ] --END-- [ RunTime:0.016899s ]
INFO: [ view_filter ] --START--
INFO: Run Behavior\WriteHtmlCacheBehavior [ RunTime:0.000564s ]
INFO: [ view_filter ] --END-- [ RunTime:0.000668s ]
INFO: [ app_end ] --START--
INFO: Run Behavior\ShowPageTraceBehavior [ RunTime:0.000626s ]
INFO: [ app_end ] --END-- [ RunTime:0.000792s ]

[ 2017-08-14T21:13:34+08:00 ] 127.0.0.1 /uhouse/admin.php?c=landlord&a=ajaxuploadimage
INFO: [ app_init ] --START--
INFO: Run Behavior\BuildLiteBehavior [ RunTime:0.000027s ]
INFO: [ app_init ] --END-- [ RunTime:0.000493s ]
INFO: [ app_begin ] --START--
INFO: Run Behavior\ReadHtmlCacheBehavior [ RunTime:0.000587s ]
INFO: [ app_begin ] --END-- [ RunTime:0.000696s ]
SQL: SHOW COLUMNS FROM `uhouse_user` [ RunTime:0.0011s ]
SQL: SHOW COLUMNS FROM `uhouse_renter` [ RunTime:0.0006s ]
NOTIC: [8] Use of undefined constant Y - assumed 'Y' F:\wamp64\www\uhouse\Application\Admin\Model\PersonModel.class.php 第 18 行.
NOTIC: [8] Use of undefined constant m - assumed 'm' F:\wamp64\www\uhouse\Application\Admin\Model\PersonModel.class.php 第 18 行.
NOTIC: [8] Use of undefined constant d - assumed 'd' F:\wamp64\www\uhouse\Application\Admin\Model\PersonModel.class.php 第 18 行.
NOTIC: [2] call_user_func() expects parameter 1 to be a valid callback, no array or string given F:\wamp64\www\uhouse\ThinkPHP\Library\Think\Upload.class.php 第 170 行.

[ 2017-08-14T21:13:37+08:00 ] 127.0.0.1 /uhouse/admin.php?c=landlord&a=ajaxuploadimage
INFO: [ app_init ] --START--
INFO: Run Behavior\BuildLiteBehavior [ RunTime:0.000032s ]
INFO: [ app_init ] --END-- [ RunTime:0.000535s ]
INFO: [ app_begin ] --START--
INFO: Run Behavior\ReadHtmlCacheBehavior [ RunTime:0.000612s ]
INFO: [ app_begin ] --END-- [ RunTime:0.000731s ]
SQL: SHOW COLUMNS FROM `uhouse_user` [ RunTime:0.0009s ]
SQL: SHOW COLUMNS FROM `uhouse_renter` [ RunTime:0.0005s ]
NOTIC: [8] Use of undefined constant Y - assumed 'Y' F:\wamp64\www\uhouse\Application\Admin\Model\PersonModel.class.php 第 18 行.
NOTIC: [8] Use of undefined constant m - assumed 'm' F:\wamp64\www\uhouse\Application\Admin\Model\PersonModel.class.php 第 18 行.
NOTIC: [8] Use of undefined constant d - assumed 'd' F:\wamp64\www\uhouse\Application\Admin\Model\PersonModel.class.php 第 18 行.
NOTIC: [2] call_user_func() expects parameter 1 to be a valid callback, no array or string given F:\wamp64\www\uhouse\ThinkPHP\Library\Think\Upload.class.php 第 170 行.

[ 2017-08-14T21:14:10+08:00 ] 127.0.0.1 /uhouse/admin.php?c=landlord&a=release
INFO: [ app_init ] --START--
INFO: Run Behavior\BuildLiteBehavior [ RunTime:0.000026s ]
INFO: [ app_init ] --END-- [ RunTime:0.000563s ]
INFO: [ app_begin ] --START--
INFO: Run Behavior\ReadHtmlCacheBehavior [ RunTime:0.000613s ]
INFO: [ app_begin ] --END-- [ RunTime:0.000735s ]
INFO: [ view_parse ] --START--
INFO: [ template_filter ] --START--
INFO: Run Behavior\ContentReplaceBehavior [ RunTime:0.000279s ]
INFO: [ template_filter ] --END-- [ RunTime:0.000550s ]
SQL: SHOW COLUMNS FROM `uhouse_user` [ RunTime:0.0007s ]
SQL: SELECT * FROM `uhouse_user` WHERE ( username="admin" ) LIMIT 1   [ RunTime:0.0004s ]
INFO: Run Behavior\ParseTemplateBehavior [ RunTime:0.020433s ]
INFO: [ view_parse ] --END-- [ RunTime:0.020543s ]
INFO: [ view_filter ] --START--
INFO: Run Behavior\WriteHtmlCacheBehavior [ RunTime:0.000561s ]
INFO: [ view_filter ] --END-- [ RunTime:0.000661s ]
INFO: [ app_end ] --START--
INFO: Run Behavior\ShowPageTraceBehavior [ RunTime:0.000669s ]
INFO: [ app_end ] --END-- [ RunTime:0.000788s ]

[ 2017-08-14T21:14:13+08:00 ] 127.0.0.1 /uhouse/admin.php?c=landlord&a=ajaxuploadimage
INFO: [ app_init ] --START--
INFO: Run Behavior\BuildLiteBehavior [ RunTime:0.000034s ]
INFO: [ app_init ] --END-- [ RunTime:0.000581s ]
INFO: [ app_begin ] --START--
INFO: Run Behavior\ReadHtmlCacheBehavior [ RunTime:0.000800s ]
INFO: [ app_begin ] --END-- [ RunTime:0.000950s ]
SQL: SHOW COLUMNS FROM `uhouse_user` [ RunTime:0.0008s ]
SQL: SHOW COLUMNS FROM `uhouse_renter` [ RunTime:0.0010s ]
NOTIC: [8] Use of undefined constant Y - assumed 'Y' F:\wamp64\www\uhouse\Application\Admin\Model\PersonModel.class.php 第 18 行.
NOTIC: [8] Use of undefined constant m - assumed 'm' F:\wamp64\www\uhouse\Application\Admin\Model\PersonModel.class.php 第 18 行.
NOTIC: [8] Use of undefined constant d - assumed 'd' F:\wamp64\www\uhouse\Application\Admin\Model\PersonModel.class.php 第 18 行.
NOTIC: [2] call_user_func() expects parameter 1 to be a valid callback, no array or string given F:\wamp64\www\uhouse\ThinkPHP\Library\Think\Upload.class.php 第 170 行.

[ 2017-08-14T21:14:16+08:00 ] 127.0.0.1 /uhouse/admin.php?c=landlord&a=ajaxuploadimage
INFO: [ app_init ] --START--
INFO: Run Behavior\BuildLiteBehavior [ RunTime:0.000026s ]
INFO: [ app_init ] --END-- [ RunTime:0.000750s ]
INFO: [ app_begin ] --START--
INFO: Run Behavior\ReadHtmlCacheBehavior [ RunTime:0.000664s ]
INFO: [ app_begin ] --END-- [ RunTime:0.000822s ]
SQL: SHOW COLUMNS FROM `uhouse_user` [ RunTime:0.0007s ]
SQL: SHOW COLUMNS FROM `uhouse_renter` [ RunTime:0.0005s ]
NOTIC: [8] Use of undefined constant Y - assumed 'Y' F:\wamp64\www\uhouse\Application\Admin\Model\PersonModel.class.php 第 18 行.
NOTIC: [8] Use of undefined constant m - assumed 'm' F:\wamp64\www\uhouse\Application\Admin\Model\PersonModel.class.php 第 18 行.
NOTIC: [8] Use of undefined constant d - assumed 'd' F:\wamp64\www\uhouse\Application\Admin\Model\PersonModel.class.php 第 18 行.
NOTIC: [2] call_user_func() expects parameter 1 to be a valid callback, no array or string given F:\wamp64\www\uhouse\ThinkPHP\Library\Think\Upload.class.php 第 170 行.

[ 2017-08-14T21:14:23+08:00 ] 127.0.0.1 /uhouse/admin.php?c=landlord&a=ajaxuploadimage
INFO: [ app_init ] --START--
INFO: Run Behavior\BuildLiteBehavior [ RunTime:0.000026s ]
INFO: [ app_init ] --END-- [ RunTime:0.000488s ]
INFO: [ app_begin ] --START--
INFO: Run Behavior\ReadHtmlCacheBehavior [ RunTime:0.000580s ]
INFO: [ app_begin ] --END-- [ RunTime:0.000694s ]
SQL: SHOW COLUMNS FROM `uhouse_user` [ RunTime:0.0005s ]
SQL: SHOW COLUMNS FROM `uhouse_renter` [ RunTime:0.0005s ]
NOTIC: [8] Use of undefined constant Y - assumed 'Y' F:\wamp64\www\uhouse\Application\Admin\Model\PersonModel.class.php 第 18 行.
NOTIC: [8] Use of undefined constant m - assumed 'm' F:\wamp64\www\uhouse\Application\Admin\Model\PersonModel.class.php 第 18 行.
NOTIC: [8] Use of undefined constant d - assumed 'd' F:\wamp64\www\uhouse\Application\Admin\Model\PersonModel.class.php 第 18 行.
NOTIC: [2] call_user_func() expects parameter 1 to be a valid callback, no array or string given F:\wamp64\www\uhouse\ThinkPHP\Library\Think\Upload.class.php 第 170 行.

[ 2017-08-14T21:14:26+08:00 ] 127.0.0.1 /uhouse/admin.php?c=landlord&a=ajaxuploadimage
INFO: [ app_init ] --START--
INFO: Run Behavior\BuildLiteBehavior [ RunTime:0.000034s ]
INFO: [ app_init ] --END-- [ RunTime:0.000609s ]
INFO: [ app_begin ] --START--
INFO: Run Behavior\ReadHtmlCacheBehavior [ RunTime:0.000748s ]
INFO: [ app_begin ] --END-- [ RunTime:0.000890s ]
SQL: SHOW COLUMNS FROM `uhouse_user` [ RunTime:0.0007s ]
SQL: SHOW COLUMNS FROM `uhouse_renter` [ RunTime:0.0009s ]
NOTIC: [8] Use of undefined constant Y - assumed 'Y' F:\wamp64\www\uhouse\Application\Admin\Model\PersonModel.class.php 第 18 行.
NOTIC: [8] Use of undefined constant m - assumed 'm' F:\wamp64\www\uhouse\Application\Admin\Model\PersonModel.class.php 第 18 行.
NOTIC: [8] Use of undefined constant d - assumed 'd' F:\wamp64\www\uhouse\Application\Admin\Model\PersonModel.class.php 第 18 行.
NOTIC: [2] call_user_func() expects parameter 1 to be a valid callback, no array or string given F:\wamp64\www\uhouse\ThinkPHP\Library\Think\Upload.class.php 第 170 行.

[ 2017-08-14T21:16:50+08:00 ] 127.0.0.1 /uhouse/admin.php?c=landlord&a=release
INFO: [ app_init ] --START--
INFO: Run Behavior\BuildLiteBehavior [ RunTime:0.000025s ]
INFO: [ app_init ] --END-- [ RunTime:0.000501s ]
INFO: [ app_begin ] --START--
INFO: Run Behavior\ReadHtmlCacheBehavior [ RunTime:0.000635s ]
INFO: [ app_begin ] --END-- [ RunTime:0.000749s ]
INFO: [ view_parse ] --START--
INFO: [ template_filter ] --START--
INFO: Run Behavior\ContentReplaceBehavior [ RunTime:0.000139s ]
INFO: [ template_filter ] --END-- [ RunTime:0.000258s ]
SQL: SHOW COLUMNS FROM `uhouse_user` [ RunTime:0.0013s ]
SQL: SELECT * FROM `uhouse_user` WHERE ( username="admin" ) LIMIT 1   [ RunTime:0.0006s ]
INFO: Run Behavior\ParseTemplateBehavior [ RunTime:0.020254s ]
INFO: [ view_parse ] --END-- [ RunTime:0.020373s ]
INFO: [ view_filter ] --START--
INFO: Run Behavior\WriteHtmlCacheBehavior [ RunTime:0.000726s ]
INFO: [ view_filter ] --END-- [ RunTime:0.000833s ]
INFO: [ app_end ] --START--
INFO: Run Behavior\ShowPageTraceBehavior [ RunTime:0.000719s ]
INFO: [ app_end ] --END-- [ RunTime:0.000856s ]

[ 2017-08-14T21:16:54+08:00 ] 127.0.0.1 /uhouse/admin.php?c=landlord&a=ajaxuploadimage
INFO: [ app_init ] --START--
INFO: Run Behavior\BuildLiteBehavior [ RunTime:0.000046s ]
INFO: [ app_init ] --END-- [ RunTime:0.001036s ]
INFO: [ app_begin ] --START--
INFO: Run Behavior\ReadHtmlCacheBehavior [ RunTime:0.000852s ]
INFO: [ app_begin ] --END-- [ RunTime:0.001041s ]
SQL: SHOW COLUMNS FROM `uhouse_user` [ RunTime:0.0007s ]
SQL: SHOW COLUMNS FROM `uhouse_renter` [ RunTime:0.0015s ]
NOTIC: [8] Use of undefined constant Y - assumed 'Y' F:\wamp64\www\uhouse\Application\Admin\Model\PersonModel.class.php 第 18 行.
NOTIC: [8] Use of undefined constant m - assumed 'm' F:\wamp64\www\uhouse\Application\Admin\Model\PersonModel.class.php 第 18 行.
NOTIC: [8] Use of undefined constant d - assumed 'd' F:\wamp64\www\uhouse\Application\Admin\Model\PersonModel.class.php 第 18 行.
NOTIC: [2] call_user_func() expects parameter 1 to be a valid callback, no array or string given F:\wamp64\www\uhouse\ThinkPHP\Library\Think\Upload.class.php 第 170 行.

[ 2017-08-14T21:16:57+08:00 ] 127.0.0.1 /uhouse/admin.php?c=landlord&a=ajaxuploadimage
INFO: [ app_init ] --START--
INFO: Run Behavior\BuildLiteBehavior [ RunTime:0.000036s ]
INFO: [ app_init ] --END-- [ RunTime:0.000747s ]
INFO: [ app_begin ] --START--
INFO: Run Behavior\ReadHtmlCacheBehavior [ RunTime:0.001160s ]
INFO: [ app_begin ] --END-- [ RunTime:0.001399s ]
SQL: SHOW COLUMNS FROM `uhouse_user` [ RunTime:0.0008s ]
SQL: SHOW COLUMNS FROM `uhouse_renter` [ RunTime:0.0007s ]
NOTIC: [8] Use of undefined constant Y - assumed 'Y' F:\wamp64\www\uhouse\Application\Admin\Model\PersonModel.class.php 第 18 行.
NOTIC: [8] Use of undefined constant m - assumed 'm' F:\wamp64\www\uhouse\Application\Admin\Model\PersonModel.class.php 第 18 行.
NOTIC: [8] Use of undefined constant d - assumed 'd' F:\wamp64\www\uhouse\Application\Admin\Model\PersonModel.class.php 第 18 行.
NOTIC: [2] call_user_func() expects parameter 1 to be a valid callback, no array or string given F:\wamp64\www\uhouse\ThinkPHP\Library\Think\Upload.class.php 第 170 行.

[ 2017-08-14T21:17:09+08:00 ] 127.0.0.1 /uhouse/admin.php?c=landlord&a=ajaxuploadimage
INFO: [ app_init ] --START--
INFO: Run Behavior\BuildLiteBehavior [ RunTime:0.000029s ]
INFO: [ app_init ] --END-- [ RunTime:0.000583s ]
INFO: [ app_begin ] --START--
INFO: Run Behavior\ReadHtmlCacheBehavior [ RunTime:0.000650s ]
INFO: [ app_begin ] --END-- [ RunTime:0.000755s ]
SQL: SHOW COLUMNS FROM `uhouse_user` [ RunTime:0.0008s ]
SQL: SHOW COLUMNS FROM `uhouse_renter` [ RunTime:0.0006s ]
NOTIC: [8] Use of undefined constant Y - assumed 'Y' F:\wamp64\www\uhouse\Application\Admin\Model\PersonModel.class.php 第 18 行.
NOTIC: [8] Use of undefined constant m - assumed 'm' F:\wamp64\www\uhouse\Application\Admin\Model\PersonModel.class.php 第 18 行.
NOTIC: [8] Use of undefined constant d - assumed 'd' F:\wamp64\www\uhouse\Application\Admin\Model\PersonModel.class.php 第 18 行.
NOTIC: [2] call_user_func() expects parameter 1 to be a valid callback, no array or string given F:\wamp64\www\uhouse\ThinkPHP\Library\Think\Upload.class.php 第 170 行.

[ 2017-08-14T21:17:18+08:00 ] 127.0.0.1 /uhouse/admin.php?c=landlord&a=ajaxuploadimage
INFO: [ app_init ] --START--
INFO: Run Behavior\BuildLiteBehavior [ RunTime:0.000033s ]
INFO: [ app_init ] --END-- [ RunTime:0.000670s ]
INFO: [ app_begin ] --START--
INFO: Run Behavior\ReadHtmlCacheBehavior [ RunTime:0.000827s ]
INFO: [ app_begin ] --END-- [ RunTime:0.000969s ]
SQL: SHOW COLUMNS FROM `uhouse_user` [ RunTime:0.0007s ]
SQL: SHOW COLUMNS FROM `uhouse_renter` [ RunTime:0.0006s ]
NOTIC: [8] Use of undefined constant Y - assumed 'Y' F:\wamp64\www\uhouse\Application\Admin\Model\PersonModel.class.php 第 18 行.
NOTIC: [8] Use of undefined constant m - assumed 'm' F:\wamp64\www\uhouse\Application\Admin\Model\PersonModel.class.php 第 18 行.
NOTIC: [8] Use of undefined constant d - assumed 'd' F:\wamp64\www\uhouse\Application\Admin\Model\PersonModel.class.php 第 18 行.
NOTIC: [2] call_user_func() expects parameter 1 to be a valid callback, no array or string given F:\wamp64\www\uhouse\ThinkPHP\Library\Think\Upload.class.php 第 170 行.

[ 2017-08-14T21:17:20+08:00 ] 127.0.0.1 /uhouse/admin.php?c=landlord&a=ajaxuploadimage
INFO: [ app_init ] --START--
INFO: Run Behavior\BuildLiteBehavior [ RunTime:0.000034s ]
INFO: [ app_init ] --END-- [ RunTime:0.000642s ]
INFO: [ app_begin ] --START--
INFO: Run Behavior\ReadHtmlCacheBehavior [ RunTime:0.000633s ]
INFO: [ app_begin ] --END-- [ RunTime:0.000744s ]
SQL: SHOW COLUMNS FROM `uhouse_user` [ RunTime:0.0005s ]
SQL: SHOW COLUMNS FROM `uhouse_renter` [ RunTime:0.0004s ]
NOTIC: [8] Use of undefined constant Y - assumed 'Y' F:\wamp64\www\uhouse\Application\Admin\Model\PersonModel.class.php 第 18 行.
NOTIC: [8] Use of undefined constant m - assumed 'm' F:\wamp64\www\uhouse\Application\Admin\Model\PersonModel.class.php 第 18 行.
NOTIC: [8] Use of undefined constant d - assumed 'd' F:\wamp64\www\uhouse\Application\Admin\Model\PersonModel.class.php 第 18 行.
NOTIC: [2] call_user_func() expects parameter 1 to be a valid callback, no array or string given F:\wamp64\www\uhouse\ThinkPHP\Library\Think\Upload.class.php 第 170 行.

[ 2017-08-14T21:18:49+08:00 ] 127.0.0.1 /uhouse/admin.php?c=landlord&a=release
INFO: [ app_init ] --START--
INFO: Run Behavior\BuildLiteBehavior [ RunTime:0.000026s ]
INFO: [ app_init ] --END-- [ RunTime:0.000472s ]
INFO: [ app_begin ] --START--
INFO: Run Behavior\ReadHtmlCacheBehavior [ RunTime:0.000655s ]
INFO: [ app_begin ] --END-- [ RunTime:0.000758s ]
INFO: [ view_parse ] --START--
INFO: [ template_filter ] --START--
INFO: Run Behavior\ContentReplaceBehavior [ RunTime:0.000129s ]
INFO: [ template_filter ] --END-- [ RunTime:0.000233s ]
SQL: SHOW COLUMNS FROM `uhouse_user` [ RunTime:0.0008s ]
SQL: SELECT * FROM `uhouse_user` WHERE ( username="admin" ) LIMIT 1   [ RunTime:0.0004s ]
INFO: Run Behavior\ParseTemplateBehavior [ RunTime:0.033422s ]
INFO: [ view_parse ] --END-- [ RunTime:0.033524s ]
INFO: [ view_filter ] --START--
INFO: Run Behavior\WriteHtmlCacheBehavior [ RunTime:0.000720s ]
INFO: [ view_filter ] --END-- [ RunTime:0.000835s ]
INFO: [ app_end ] --START--
INFO: Run Behavior\ShowPageTraceBehavior [ RunTime:0.001709s ]
INFO: [ app_end ] --END-- [ RunTime:0.001961s ]

[ 2017-08-14T21:19:05+08:00 ] 127.0.0.1 /uhouse/admin.php?c=landlord&a=ajaxuploadimage
INFO: [ app_init ] --START--
INFO: Run Behavior\BuildLiteBehavior [ RunTime:0.000056s ]
INFO: [ app_init ] --END-- [ RunTime:0.001064s ]
INFO: [ app_begin ] --START--
INFO: Run Behavior\ReadHtmlCacheBehavior [ RunTime:0.001367s ]
INFO: [ app_begin ] --END-- [ RunTime:0.001601s ]
SQL: SHOW COLUMNS FROM `uhouse_user` [ RunTime:0.0008s ]
SQL: SHOW COLUMNS FROM `uhouse_renter` [ RunTime:0.0006s ]
NOTIC: [8] Use of undefined constant Y - assumed 'Y' F:\wamp64\www\uhouse\Application\Admin\Model\PersonModel.class.php 第 18 行.
NOTIC: [8] Use of undefined constant m - assumed 'm' F:\wamp64\www\uhouse\Application\Admin\Model\PersonModel.class.php 第 18 行.
NOTIC: [8] Use of undefined constant d - assumed 'd' F:\wamp64\www\uhouse\Application\Admin\Model\PersonModel.class.php 第 18 行.
NOTIC: [2] call_user_func() expects parameter 1 to be a valid callback, no array or string given F:\wamp64\www\uhouse\ThinkPHP\Library\Think\Upload.class.php 第 170 行.

[ 2017-08-14T21:19:07+08:00 ] 127.0.0.1 /uhouse/admin.php?c=landlord&a=ajaxuploadimage
INFO: [ app_init ] --START--
INFO: Run Behavior\BuildLiteBehavior [ RunTime:0.000026s ]
INFO: [ app_init ] --END-- [ RunTime:0.000465s ]
INFO: [ app_begin ] --START--
INFO: Run Behavior\ReadHtmlCacheBehavior [ RunTime:0.000798s ]
INFO: [ app_begin ] --END-- [ RunTime:0.000961s ]
SQL: SHOW COLUMNS FROM `uhouse_user` [ RunTime:0.0007s ]
SQL: SHOW COLUMNS FROM `uhouse_renter` [ RunTime:0.0020s ]
NOTIC: [8] Use of undefined constant Y - assumed 'Y' F:\wamp64\www\uhouse\Application\Admin\Model\PersonModel.class.php 第 18 行.
NOTIC: [8] Use of undefined constant m - assumed 'm' F:\wamp64\www\uhouse\Application\Admin\Model\PersonModel.class.php 第 18 行.
NOTIC: [8] Use of undefined constant d - assumed 'd' F:\wamp64\www\uhouse\Application\Admin\Model\PersonModel.class.php 第 18 行.
NOTIC: [2] call_user_func() expects parameter 1 to be a valid callback, no array or string given F:\wamp64\www\uhouse\ThinkPHP\Library\Think\Upload.class.php 第 170 行.

[ 2017-08-14T21:19:57+08:00 ] 127.0.0.1 /uhouse/admin.php?c=landlord&a=ajaxuploadimage
INFO: [ app_init ] --START--
INFO: Run Behavior\BuildLiteBehavior [ RunTime:0.000024s ]
INFO: [ app_init ] --END-- [ RunTime:0.000447s ]
INFO: [ app_begin ] --START--
INFO: Run Behavior\ReadHtmlCacheBehavior [ RunTime:0.000756s ]
INFO: [ app_begin ] --END-- [ RunTime:0.000886s ]
SQL: SHOW COLUMNS FROM `uhouse_user` [ RunTime:0.0008s ]
SQL: SHOW COLUMNS FROM `uhouse_renter` [ RunTime:0.0006s ]
NOTIC: [8] Use of undefined constant Y - assumed 'Y' F:\wamp64\www\uhouse\Application\Admin\Model\PersonModel.class.php 第 18 行.
NOTIC: [8] Use of undefined constant m - assumed 'm' F:\wamp64\www\uhouse\Application\Admin\Model\PersonModel.class.php 第 18 行.
NOTIC: [8] Use of undefined constant d - assumed 'd' F:\wamp64\www\uhouse\Application\Admin\Model\PersonModel.class.php 第 18 行.
NOTIC: [2] call_user_func() expects parameter 1 to be a valid callback, no array or string given F:\wamp64\www\uhouse\ThinkPHP\Library\Think\Upload.class.php 第 170 行.

[ 2017-08-14T21:20:01+08:00 ] 127.0.0.1 /uhouse/admin.php?c=landlord&a=ajaxuploadimage
INFO: [ app_init ] --START--
INFO: Run Behavior\BuildLiteBehavior [ RunTime:0.000040s ]
INFO: [ app_init ] --END-- [ RunTime:0.000799s ]
INFO: [ app_begin ] --START--
INFO: Run Behavior\ReadHtmlCacheBehavior [ RunTime:0.001083s ]
INFO: [ app_begin ] --END-- [ RunTime:0.001279s ]
SQL: SHOW COLUMNS FROM `uhouse_user` [ RunTime:0.0007s ]
SQL: SHOW COLUMNS FROM `uhouse_renter` [ RunTime:0.0006s ]
NOTIC: [8] Use of undefined constant Y - assumed 'Y' F:\wamp64\www\uhouse\Application\Admin\Model\PersonModel.class.php 第 18 行.
NOTIC: [8] Use of undefined constant m - assumed 'm' F:\wamp64\www\uhouse\Application\Admin\Model\PersonModel.class.php 第 18 行.
NOTIC: [8] Use of undefined constant d - assumed 'd' F:\wamp64\www\uhouse\Application\Admin\Model\PersonModel.class.php 第 18 行.
NOTIC: [2] call_user_func() expects parameter 1 to be a valid callback, no array or string given F:\wamp64\www\uhouse\ThinkPHP\Library\Think\Upload.class.php 第 170 行.

[ 2017-08-14T21:21:06+08:00 ] 127.0.0.1 /uhouse/admin.php?c=landlord&a=release
INFO: [ app_init ] --START--
INFO: Run Behavior\BuildLiteBehavior [ RunTime:0.000024s ]
INFO: [ app_init ] --END-- [ RunTime:0.000504s ]
INFO: [ app_begin ] --START--
INFO: Run Behavior\ReadHtmlCacheBehavior [ RunTime:0.000578s ]
INFO: [ app_begin ] --END-- [ RunTime:0.000684s ]
INFO: [ view_parse ] --START--
INFO: [ template_filter ] --START--
INFO: Run Behavior\ContentReplaceBehavior [ RunTime:0.000159s ]
INFO: [ template_filter ] --END-- [ RunTime:0.000333s ]
SQL: SHOW COLUMNS FROM `uhouse_user` [ RunTime:0.0010s ]
SQL: SELECT * FROM `uhouse_user` WHERE ( username="admin" ) LIMIT 1   [ RunTime:0.0004s ]
INFO: Run Behavior\ParseTemplateBehavior [ RunTime:0.029111s ]
INFO: [ view_parse ] --END-- [ RunTime:0.029247s ]
INFO: [ view_filter ] --START--
INFO: Run Behavior\WriteHtmlCacheBehavior [ RunTime:0.000589s ]
INFO: [ view_filter ] --END-- [ RunTime:0.000694s ]
INFO: [ app_end ] --START--
INFO: Run Behavior\ShowPageTraceBehavior [ RunTime:0.000650s ]
INFO: [ app_end ] --END-- [ RunTime:0.000763s ]

[ 2017-08-14T21:21:10+08:00 ] 127.0.0.1 /uhouse/admin.php?c=landlord&a=ajaxuploadimage
INFO: [ app_init ] --START--
INFO: Run Behavior\BuildLiteBehavior [ RunTime:0.000028s ]
INFO: [ app_init ] --END-- [ RunTime:0.000552s ]
INFO: [ app_begin ] --START--
INFO: Run Behavior\ReadHtmlCacheBehavior [ RunTime:0.000657s ]
INFO: [ app_begin ] --END-- [ RunTime:0.000818s ]
SQL: SHOW COLUMNS FROM `uhouse_user` [ RunTime:0.0012s ]
SQL: SHOW COLUMNS FROM `uhouse_renter` [ RunTime:0.0009s ]
NOTIC: [8] Use of undefined constant Y - assumed 'Y' F:\wamp64\www\uhouse\Application\Admin\Model\PersonModel.class.php 第 18 行.
NOTIC: [8] Use of undefined constant m - assumed 'm' F:\wamp64\www\uhouse\Application\Admin\Model\PersonModel.class.php 第 18 行.
NOTIC: [8] Use of undefined constant d - assumed 'd' F:\wamp64\www\uhouse\Application\Admin\Model\PersonModel.class.php 第 18 行.
NOTIC: [2] call_user_func() expects parameter 1 to be a valid callback, no array or string given F:\wamp64\www\uhouse\ThinkPHP\Library\Think\Upload.class.php 第 170 行.

[ 2017-08-14T21:21:12+08:00 ] 127.0.0.1 /uhouse/admin.php?c=landlord&a=ajaxuploadimage
INFO: [ app_init ] --START--
INFO: Run Behavior\BuildLiteBehavior [ RunTime:0.000052s ]
INFO: [ app_init ] --END-- [ RunTime:0.000983s ]
INFO: [ app_begin ] --START--
INFO: Run Behavior\ReadHtmlCacheBehavior [ RunTime:0.001156s ]
INFO: [ app_begin ] --END-- [ RunTime:0.001324s ]
SQL: SHOW COLUMNS FROM `uhouse_user` [ RunTime:0.0006s ]
SQL: SHOW COLUMNS FROM `uhouse_renter` [ RunTime:0.0005s ]
NOTIC: [8] Use of undefined constant Y - assumed 'Y' F:\wamp64\www\uhouse\Application\Admin\Model\PersonModel.class.php 第 18 行.
NOTIC: [8] Use of undefined constant m - assumed 'm' F:\wamp64\www\uhouse\Application\Admin\Model\PersonModel.class.php 第 18 行.
NOTIC: [8] Use of undefined constant d - assumed 'd' F:\wamp64\www\uhouse\Application\Admin\Model\PersonModel.class.php 第 18 行.
NOTIC: [2] call_user_func() expects parameter 1 to be a valid callback, no array or string given F:\wamp64\www\uhouse\ThinkPHP\Library\Think\Upload.class.php 第 170 行.

[ 2017-08-14T21:21:27+08:00 ] 127.0.0.1 /uhouse/admin.php?c=landlord&a=release
INFO: [ app_init ] --START--
INFO: Run Behavior\BuildLiteBehavior [ RunTime:0.000026s ]
INFO: [ app_init ] --END-- [ RunTime:0.000469s ]
INFO: [ app_begin ] --START--
INFO: Run Behavior\ReadHtmlCacheBehavior [ RunTime:0.001070s ]
INFO: [ app_begin ] --END-- [ RunTime:0.001432s ]
INFO: [ view_parse ] --START--
INFO: [ template_filter ] --START--
INFO: Run Behavior\ContentReplaceBehavior [ RunTime:0.000321s ]
INFO: [ template_filter ] --END-- [ RunTime:0.000513s ]
SQL: SHOW COLUMNS FROM `uhouse_user` [ RunTime:0.0008s ]
SQL: SELECT * FROM `uhouse_user` WHERE ( username="admin" ) LIMIT 1   [ RunTime:0.0004s ]
INFO: Run Behavior\ParseTemplateBehavior [ RunTime:0.021946s ]
INFO: [ view_parse ] --END-- [ RunTime:0.022100s ]
INFO: [ view_filter ] --START--
INFO: Run Behavior\WriteHtmlCacheBehavior [ RunTime:0.000939s ]
INFO: [ view_filter ] --END-- [ RunTime:0.001127s ]
INFO: [ app_end ] --START--
INFO: Run Behavior\ShowPageTraceBehavior [ RunTime:0.002111s ]
INFO: [ app_end ] --END-- [ RunTime:0.002443s ]

[ 2017-08-14T21:21:31+08:00 ] 127.0.0.1 /uhouse/admin.php?c=landlord&a=ajaxuploadimage
INFO: [ app_init ] --START--
INFO: Run Behavior\BuildLiteBehavior [ RunTime:0.000024s ]
INFO: [ app_init ] --END-- [ RunTime:0.000497s ]
INFO: [ app_begin ] --START--
INFO: Run Behavior\ReadHtmlCacheBehavior [ RunTime:0.000840s ]
INFO: [ app_begin ] --END-- [ RunTime:0.000979s ]
SQL: SHOW COLUMNS FROM `uhouse_user` [ RunTime:0.0018s ]
SQL: SHOW COLUMNS FROM `uhouse_renter` [ RunTime:0.0007s ]
NOTIC: [8] Use of undefined constant Y - assumed 'Y' F:\wamp64\www\uhouse\Application\Admin\Model\PersonModel.class.php 第 18 行.
NOTIC: [8] Use of undefined constant m - assumed 'm' F:\wamp64\www\uhouse\Application\Admin\Model\PersonModel.class.php 第 18 行.
NOTIC: [8] Use of undefined constant d - assumed 'd' F:\wamp64\www\uhouse\Application\Admin\Model\PersonModel.class.php 第 18 行.
NOTIC: [2] call_user_func() expects parameter 1 to be a valid callback, no array or string given F:\wamp64\www\uhouse\ThinkPHP\Library\Think\Upload.class.php 第 170 行.

[ 2017-08-14T21:21:33+08:00 ] 127.0.0.1 /uhouse/admin.php?c=landlord&a=ajaxuploadimage
INFO: [ app_init ] --START--
INFO: Run Behavior\BuildLiteBehavior [ RunTime:0.000033s ]
INFO: [ app_init ] --END-- [ RunTime:0.000658s ]
INFO: [ app_begin ] --START--
INFO: Run Behavior\ReadHtmlCacheBehavior [ RunTime:0.000765s ]
INFO: [ app_begin ] --END-- [ RunTime:0.000905s ]
SQL: SHOW COLUMNS FROM `uhouse_user` [ RunTime:0.0006s ]
SQL: SHOW COLUMNS FROM `uhouse_renter` [ RunTime:0.0008s ]
NOTIC: [8] Use of undefined constant Y - assumed 'Y' F:\wamp64\www\uhouse\Application\Admin\Model\PersonModel.class.php 第 18 行.
NOTIC: [8] Use of undefined constant m - assumed 'm' F:\wamp64\www\uhouse\Application\Admin\Model\PersonModel.class.php 第 18 行.
NOTIC: [8] Use of undefined constant d - assumed 'd' F:\wamp64\www\uhouse\Application\Admin\Model\PersonModel.class.php 第 18 行.
NOTIC: [2] call_user_func() expects parameter 1 to be a valid callback, no array or string given F:\wamp64\www\uhouse\ThinkPHP\Library\Think\Upload.class.php 第 170 行.

[ 2017-08-14T21:21:36+08:00 ] 127.0.0.1 /uhouse/admin.php?c=landlord&a=ajaxuploadimage
INFO: [ app_init ] --START--
INFO: Run Behavior\BuildLiteBehavior [ RunTime:0.000028s ]
INFO: [ app_init ] --END-- [ RunTime:0.000621s ]
INFO: [ app_begin ] --START--
INFO: Run Behavior\ReadHtmlCacheBehavior [ RunTime:0.000642s ]
INFO: [ app_begin ] --END-- [ RunTime:0.000764s ]
SQL: SHOW COLUMNS FROM `uhouse_user` [ RunTime:0.0007s ]
SQL: SHOW COLUMNS FROM `uhouse_renter` [ RunTime:0.0005s ]
NOTIC: [8] Use of undefined constant Y - assumed 'Y' F:\wamp64\www\uhouse\Application\Admin\Model\PersonModel.class.php 第 18 行.
NOTIC: [8] Use of undefined constant m - assumed 'm' F:\wamp64\www\uhouse\Application\Admin\Model\PersonModel.class.php 第 18 行.
NOTIC: [8] Use of undefined constant d - assumed 'd' F:\wamp64\www\uhouse\Application\Admin\Model\PersonModel.class.php 第 18 行.
NOTIC: [2] call_user_func() expects parameter 1 to be a valid callback, no array or string given F:\wamp64\www\uhouse\ThinkPHP\Library\Think\Upload.class.php 第 170 行.

[ 2017-08-14T21:26:04+08:00 ] 127.0.0.1 /uhouse/admin.php?c=landlord&a=release
INFO: [ app_init ] --START--
INFO: Run Behavior\BuildLiteBehavior [ RunTime:0.000026s ]
INFO: [ app_init ] --END-- [ RunTime:0.000701s ]
INFO: [ app_begin ] --START--
INFO: Run Behavior\ReadHtmlCacheBehavior [ RunTime:0.000648s ]
INFO: [ app_begin ] --END-- [ RunTime:0.000768s ]
INFO: [ view_parse ] --START--
INFO: [ template_filter ] --START--
INFO: Run Behavior\ContentReplaceBehavior [ RunTime:0.000145s ]
INFO: [ template_filter ] --END-- [ RunTime:0.000267s ]
SQL: SHOW COLUMNS FROM `uhouse_user` [ RunTime:0.0007s ]
SQL: SELECT * FROM `uhouse_user` WHERE ( username="admin" ) LIMIT 1   [ RunTime:0.0004s ]
INFO: Run Behavior\ParseTemplateBehavior [ RunTime:0.019949s ]
INFO: [ view_parse ] --END-- [ RunTime:0.020065s ]
INFO: [ view_filter ] --START--
INFO: Run Behavior\WriteHtmlCacheBehavior [ RunTime:0.000640s ]
INFO: [ view_filter ] --END-- [ RunTime:0.000743s ]
INFO: [ app_end ] --START--
INFO: Run Behavior\ShowPageTraceBehavior [ RunTime:0.000758s ]
INFO: [ app_end ] --END-- [ RunTime:0.000891s ]

[ 2017-08-14T21:29:04+08:00 ] 127.0.0.1 /uhouse/admin.php?c=landlord&a=release
INFO: [ app_init ] --START--
INFO: Run Behavior\BuildLiteBehavior [ RunTime:0.000026s ]
INFO: [ app_init ] --END-- [ RunTime:0.000498s ]
INFO: [ app_begin ] --START--
INFO: Run Behavior\ReadHtmlCacheBehavior [ RunTime:0.000704s ]
INFO: [ app_begin ] --END-- [ RunTime:0.000855s ]
INFO: [ view_parse ] --START--
INFO: [ template_filter ] --START--
INFO: Run Behavior\ContentReplaceBehavior [ RunTime:0.000286s ]
INFO: [ template_filter ] --END-- [ RunTime:0.000489s ]
SQL: SHOW COLUMNS FROM `uhouse_user` [ RunTime:0.0007s ]
SQL: SELECT * FROM `uhouse_user` WHERE ( username="admin" ) LIMIT 1   [ RunTime:0.0007s ]
INFO: Run Behavior\ParseTemplateBehavior [ RunTime:0.027629s ]
INFO: [ view_parse ] --END-- [ RunTime:0.027815s ]
INFO: [ view_filter ] --START--
INFO: Run Behavior\WriteHtmlCacheBehavior [ RunTime:0.000877s ]
INFO: [ view_filter ] --END-- [ RunTime:0.001033s ]
INFO: [ app_end ] --START--
INFO: Run Behavior\ShowPageTraceBehavior [ RunTime:0.000884s ]
INFO: [ app_end ] --END-- [ RunTime:0.001026s ]

[ 2017-08-14T21:29:08+08:00 ] 127.0.0.1 /uhouse/admin.php?c=landlord&a=ajaxuploadimage
INFO: [ app_init ] --START--
INFO: Run Behavior\BuildLiteBehavior [ RunTime:0.000029s ]
INFO: [ app_init ] --END-- [ RunTime:0.000730s ]
INFO: [ app_begin ] --START--
INFO: Run Behavior\ReadHtmlCacheBehavior [ RunTime:0.000674s ]
INFO: [ app_begin ] --END-- [ RunTime:0.000781s ]
SQL: SHOW COLUMNS FROM `uhouse_user` [ RunTime:0.0006s ]
SQL: SHOW COLUMNS FROM `uhouse_renter` [ RunTime:0.0005s ]
NOTIC: [8] Use of undefined constant Y - assumed 'Y' F:\wamp64\www\uhouse\Application\Admin\Model\PersonModel.class.php 第 18 行.
NOTIC: [8] Use of undefined constant m - assumed 'm' F:\wamp64\www\uhouse\Application\Admin\Model\PersonModel.class.php 第 18 行.
NOTIC: [8] Use of undefined constant d - assumed 'd' F:\wamp64\www\uhouse\Application\Admin\Model\PersonModel.class.php 第 18 行.
NOTIC: [2] call_user_func() expects parameter 1 to be a valid callback, no array or string given F:\wamp64\www\uhouse\ThinkPHP\Library\Think\Upload.class.php 第 170 行.

[ 2017-08-14T21:29:19+08:00 ] 127.0.0.1 /uhouse/admin.php?c=landlord&a=release
INFO: [ app_init ] --START--
INFO: Run Behavior\BuildLiteBehavior [ RunTime:0.000025s ]
INFO: [ app_init ] --END-- [ RunTime:0.000587s ]
INFO: [ app_begin ] --START--
INFO: Run Behavior\ReadHtmlCacheBehavior [ RunTime:0.000693s ]
INFO: [ app_begin ] --END-- [ RunTime:0.000794s ]
INFO: [ view_parse ] --START--
INFO: [ template_filter ] --START--
INFO: Run Behavior\ContentReplaceBehavior [ RunTime:0.000135s ]
INFO: [ template_filter ] --END-- [ RunTime:0.000253s ]
SQL: SHOW COLUMNS FROM `uhouse_user` [ RunTime:0.0012s ]
SQL: SELECT * FROM `uhouse_user` WHERE ( username="admin" ) LIMIT 1   [ RunTime:0.0006s ]
INFO: Run Behavior\ParseTemplateBehavior [ RunTime:0.028485s ]
INFO: [ view_parse ] --END-- [ RunTime:0.028602s ]
INFO: [ view_filter ] --START--
INFO: Run Behavior\WriteHtmlCacheBehavior [ RunTime:0.000806s ]
INFO: [ view_filter ] --END-- [ RunTime:0.000918s ]
INFO: [ app_end ] --START--
INFO: Run Behavior\ShowPageTraceBehavior [ RunTime:0.001014s ]
INFO: [ app_end ] --END-- [ RunTime:0.001209s ]

[ 2017-08-14T21:29:22+08:00 ] 127.0.0.1 /uhouse/admin.php?c=landlord&a=ajaxuploadimage
INFO: [ app_init ] --START--
INFO: Run Behavior\BuildLiteBehavior [ RunTime:0.000026s ]
INFO: [ app_init ] --END-- [ RunTime:0.000530s ]
INFO: [ app_begin ] --START--
INFO: Run Behavior\ReadHtmlCacheBehavior [ RunTime:0.000938s ]
INFO: [ app_begin ] --END-- [ RunTime:0.001194s ]
SQL: SHOW COLUMNS FROM `uhouse_user` [ RunTime:0.0006s ]
SQL: SHOW COLUMNS FROM `uhouse_renter` [ RunTime:0.0005s ]
NOTIC: [8] Use of undefined constant Y - assumed 'Y' F:\wamp64\www\uhouse\Application\Admin\Model\PersonModel.class.php 第 18 行.
NOTIC: [8] Use of undefined constant m - assumed 'm' F:\wamp64\www\uhouse\Application\Admin\Model\PersonModel.class.php 第 18 行.
NOTIC: [8] Use of undefined constant d - assumed 'd' F:\wamp64\www\uhouse\Application\Admin\Model\PersonModel.class.php 第 18 行.
NOTIC: [2] call_user_func() expects parameter 1 to be a valid callback, no array or string given F:\wamp64\www\uhouse\ThinkPHP\Library\Think\Upload.class.php 第 170 行.

[ 2017-08-14T21:29:42+08:00 ] 127.0.0.1 /uhouse/admin.php?c=landlord&a=release
INFO: [ app_init ] --START--
INFO: Run Behavior\BuildLiteBehavior [ RunTime:0.000025s ]
INFO: [ app_init ] --END-- [ RunTime:0.000483s ]
INFO: [ app_begin ] --START--
INFO: Run Behavior\ReadHtmlCacheBehavior [ RunTime:0.001177s ]
INFO: [ app_begin ] --END-- [ RunTime:0.001388s ]
INFO: [ view_parse ] --START--
INFO: [ template_filter ] --START--
INFO: Run Behavior\ContentReplaceBehavior [ RunTime:0.000173s ]
INFO: [ template_filter ] --END-- [ RunTime:0.000338s ]
SQL: SHOW COLUMNS FROM `uhouse_user` [ RunTime:0.0009s ]
SQL: SELECT * FROM `uhouse_user` WHERE ( username="admin" ) LIMIT 1   [ RunTime:0.0004s ]
INFO: Run Behavior\ParseTemplateBehavior [ RunTime:0.028472s ]
INFO: [ view_parse ] --END-- [ RunTime:0.028578s ]
INFO: [ view_filter ] --START--
INFO: Run Behavior\WriteHtmlCacheBehavior [ RunTime:0.000584s ]
INFO: [ view_filter ] --END-- [ RunTime:0.000679s ]
INFO: [ app_end ] --START--
INFO: Run Behavior\ShowPageTraceBehavior [ RunTime:0.000913s ]
INFO: [ app_end ] --END-- [ RunTime:0.001062s ]

[ 2017-08-14T21:29:46+08:00 ] 127.0.0.1 /uhouse/admin.php?c=landlord&a=ajaxuploadimage
INFO: [ app_init ] --START--
INFO: Run Behavior\BuildLiteBehavior [ RunTime:0.000025s ]
INFO: [ app_init ] --END-- [ RunTime:0.000470s ]
INFO: [ app_begin ] --START--
INFO: Run Behavior\ReadHtmlCacheBehavior [ RunTime:0.000813s ]
INFO: [ app_begin ] --END-- [ RunTime:0.001030s ]
SQL: SHOW COLUMNS FROM `uhouse_user` [ RunTime:0.0007s ]
SQL: SHOW COLUMNS FROM `uhouse_renter` [ RunTime:0.0006s ]
NOTIC: [8] Use of undefined constant Y - assumed 'Y' F:\wamp64\www\uhouse\Application\Admin\Model\PersonModel.class.php 第 18 行.
NOTIC: [8] Use of undefined constant m - assumed 'm' F:\wamp64\www\uhouse\Application\Admin\Model\PersonModel.class.php 第 18 行.
NOTIC: [8] Use of undefined constant d - assumed 'd' F:\wamp64\www\uhouse\Application\Admin\Model\PersonModel.class.php 第 18 行.
NOTIC: [2] call_user_func() expects parameter 1 to be a valid callback, no array or string given F:\wamp64\www\uhouse\ThinkPHP\Library\Think\Upload.class.php 第 170 行.

[ 2017-08-14T21:29:51+08:00 ] 127.0.0.1 /uhouse/admin.php?c=landlord&a=ajaxuploadimage
INFO: [ app_init ] --START--
INFO: Run Behavior\BuildLiteBehavior [ RunTime:0.000026s ]
INFO: [ app_init ] --END-- [ RunTime:0.000474s ]
INFO: [ app_begin ] --START--
INFO: Run Behavior\ReadHtmlCacheBehavior [ RunTime:0.000918s ]
INFO: [ app_begin ] --END-- [ RunTime:0.001078s ]
SQL: SHOW COLUMNS FROM `uhouse_user` [ RunTime:0.0007s ]
SQL: SHOW COLUMNS FROM `uhouse_renter` [ RunTime:0.0005s ]
NOTIC: [8] Use of undefined constant Y - assumed 'Y' F:\wamp64\www\uhouse\Application\Admin\Model\PersonModel.class.php 第 18 行.
NOTIC: [8] Use of undefined constant m - assumed 'm' F:\wamp64\www\uhouse\Application\Admin\Model\PersonModel.class.php 第 18 行.
NOTIC: [8] Use of undefined constant d - assumed 'd' F:\wamp64\www\uhouse\Application\Admin\Model\PersonModel.class.php 第 18 行.
NOTIC: [2] call_user_func() expects parameter 1 to be a valid callback, no array or string given F:\wamp64\www\uhouse\ThinkPHP\Library\Think\Upload.class.php 第 170 行.

[ 2017-08-14T21:29:54+08:00 ] 127.0.0.1 /uhouse/admin.php?c=landlord&a=ajaxuploadimage
INFO: [ app_init ] --START--
INFO: Run Behavior\BuildLiteBehavior [ RunTime:0.000025s ]
INFO: [ app_init ] --END-- [ RunTime:0.000511s ]
INFO: [ app_begin ] --START--
INFO: Run Behavior\ReadHtmlCacheBehavior [ RunTime:0.000663s ]
INFO: [ app_begin ] --END-- [ RunTime:0.000769s ]
SQL: SHOW COLUMNS FROM `uhouse_user` [ RunTime:0.0011s ]
SQL: SHOW COLUMNS FROM `uhouse_renter` [ RunTime:0.0010s ]
NOTIC: [8] Use of undefined constant Y - assumed 'Y' F:\wamp64\www\uhouse\Application\Admin\Model\PersonModel.class.php 第 18 行.
NOTIC: [8] Use of undefined constant m - assumed 'm' F:\wamp64\www\uhouse\Application\Admin\Model\PersonModel.class.php 第 18 行.
NOTIC: [8] Use of undefined constant d - assumed 'd' F:\wamp64\www\uhouse\Application\Admin\Model\PersonModel.class.php 第 18 行.
NOTIC: [2] call_user_func() expects parameter 1 to be a valid callback, no array or string given F:\wamp64\www\uhouse\ThinkPHP\Library\Think\Upload.class.php 第 170 行.

[ 2017-08-14T21:29:56+08:00 ] 127.0.0.1 /uhouse/admin.php?c=landlord&a=ajaxuploadimage
INFO: [ app_init ] --START--
INFO: Run Behavior\BuildLiteBehavior [ RunTime:0.000026s ]
INFO: [ app_init ] --END-- [ RunTime:0.000498s ]
INFO: [ app_begin ] --START--
INFO: Run Behavior\ReadHtmlCacheBehavior [ RunTime:0.000617s ]
INFO: [ app_begin ] --END-- [ RunTime:0.000724s ]
SQL: SHOW COLUMNS FROM `uhouse_user` [ RunTime:0.0006s ]
SQL: SHOW COLUMNS FROM `uhouse_renter` [ RunTime:0.0007s ]
NOTIC: [8] Use of undefined constant Y - assumed 'Y' F:\wamp64\www\uhouse\Application\Admin\Model\PersonModel.class.php 第 18 行.
NOTIC: [8] Use of undefined constant m - assumed 'm' F:\wamp64\www\uhouse\Application\Admin\Model\PersonModel.class.php 第 18 行.
NOTIC: [8] Use of undefined constant d - assumed 'd' F:\wamp64\www\uhouse\Application\Admin\Model\PersonModel.class.php 第 18 行.
NOTIC: [2] call_user_func() expects parameter 1 to be a valid callback, no array or string given F:\wamp64\www\uhouse\ThinkPHP\Library\Think\Upload.class.php 第 170 行.

[ 2017-08-14T21:29:58+08:00 ] 127.0.0.1 /uhouse/admin.php?c=landlord&a=release
INFO: [ app_init ] --START--
INFO: Run Behavior\BuildLiteBehavior [ RunTime:0.000034s ]
INFO: [ app_init ] --END-- [ RunTime:0.000555s ]
INFO: [ app_begin ] --START--
INFO: Run Behavior\ReadHtmlCacheBehavior [ RunTime:0.000641s ]
INFO: [ app_begin ] --END-- [ RunTime:0.000748s ]
INFO: [ view_parse ] --START--
INFO: [ template_filter ] --START--
INFO: Run Behavior\ContentReplaceBehavior [ RunTime:0.000133s ]
INFO: [ template_filter ] --END-- [ RunTime:0.000247s ]
SQL: SHOW COLUMNS FROM `uhouse_user` [ RunTime:0.0005s ]
SQL: SELECT * FROM `uhouse_user` WHERE ( username="admin" ) LIMIT 1   [ RunTime:0.0003s ]
INFO: Run Behavior\ParseTemplateBehavior [ RunTime:0.019041s ]
INFO: [ view_parse ] --END-- [ RunTime:0.019150s ]
INFO: [ view_filter ] --START--
INFO: Run Behavior\WriteHtmlCacheBehavior [ RunTime:0.000564s ]
INFO: [ view_filter ] --END-- [ RunTime:0.000659s ]
INFO: [ app_end ] --START--
INFO: Run Behavior\ShowPageTraceBehavior [ RunTime:0.000642s ]
INFO: [ app_end ] --END-- [ RunTime:0.000747s ]

[ 2017-08-14T21:30:07+08:00 ] 127.0.0.1 /uhouse/admin.php?c=landlord&a=ajaxuploadimage
INFO: [ app_init ] --START--
INFO: Run Behavior\BuildLiteBehavior [ RunTime:0.000033s ]
INFO: [ app_init ] --END-- [ RunTime:0.000634s ]
INFO: [ app_begin ] --START--
INFO: Run Behavior\ReadHtmlCacheBehavior [ RunTime:0.000863s ]
INFO: [ app_begin ] --END-- [ RunTime:0.001012s ]
SQL: SHOW COLUMNS FROM `uhouse_user` [ RunTime:0.0007s ]
SQL: SHOW COLUMNS FROM `uhouse_renter` [ RunTime:0.0006s ]
NOTIC: [8] Use of undefined constant Y - assumed 'Y' F:\wamp64\www\uhouse\Application\Admin\Model\PersonModel.class.php 第 18 行.
NOTIC: [8] Use of undefined constant m - assumed 'm' F:\wamp64\www\uhouse\Application\Admin\Model\PersonModel.class.php 第 18 行.
NOTIC: [8] Use of undefined constant d - assumed 'd' F:\wamp64\www\uhouse\Application\Admin\Model\PersonModel.class.php 第 18 行.
NOTIC: [2] call_user_func() expects parameter 1 to be a valid callback, no array or string given F:\wamp64\www\uhouse\ThinkPHP\Library\Think\Upload.class.php 第 170 行.

[ 2017-08-14T21:30:59+08:00 ] 127.0.0.1 /uhouse/admin.php?c=landlord&a=release
INFO: [ app_init ] --START--
INFO: Run Behavior\BuildLiteBehavior [ RunTime:0.000024s ]
INFO: [ app_init ] --END-- [ RunTime:0.000440s ]
INFO: [ app_begin ] --START--
INFO: Run Behavior\ReadHtmlCacheBehavior [ RunTime:0.000631s ]
INFO: [ app_begin ] --END-- [ RunTime:0.000779s ]
INFO: [ view_parse ] --START--
INFO: [ template_filter ] --START--
INFO: Run Behavior\ContentReplaceBehavior [ RunTime:0.000134s ]
INFO: [ template_filter ] --END-- [ RunTime:0.000250s ]
SQL: SHOW COLUMNS FROM `uhouse_user` [ RunTime:0.0007s ]
SQL: SELECT * FROM `uhouse_user` WHERE ( username="admin" ) LIMIT 1   [ RunTime:0.0005s ]
INFO: Run Behavior\ParseTemplateBehavior [ RunTime:0.026943s ]
INFO: [ view_parse ] --END-- [ RunTime:0.027117s ]
INFO: [ view_filter ] --START--
INFO: Run Behavior\WriteHtmlCacheBehavior [ RunTime:0.000881s ]
INFO: [ view_filter ] --END-- [ RunTime:0.001025s ]
INFO: [ app_end ] --START--
INFO: Run Behavior\ShowPageTraceBehavior [ RunTime:0.000906s ]
INFO: [ app_end ] --END-- [ RunTime:0.001060s ]

[ 2017-08-14T21:32:17+08:00 ] 127.0.0.1 /uhouse/admin.php?c=landlord&a=ajaxuploadimage
INFO: [ app_init ] --START--
INFO: Run Behavior\BuildLiteBehavior [ RunTime:0.000053s ]
INFO: [ app_init ] --END-- [ RunTime:0.000788s ]
INFO: [ app_begin ] --START--
INFO: Run Behavior\ReadHtmlCacheBehavior [ RunTime:0.000857s ]
INFO: [ app_begin ] --END-- [ RunTime:0.001020s ]
SQL: SHOW COLUMNS FROM `uhouse_user` [ RunTime:0.0010s ]
SQL: SHOW COLUMNS FROM `uhouse_renter` [ RunTime:0.0010s ]
NOTIC: [8] Use of undefined constant Y - assumed 'Y' F:\wamp64\www\uhouse\Application\Admin\Model\PersonModel.class.php 第 18 行.
NOTIC: [8] Use of undefined constant m - assumed 'm' F:\wamp64\www\uhouse\Application\Admin\Model\PersonModel.class.php 第 18 行.
NOTIC: [8] Use of undefined constant d - assumed 'd' F:\wamp64\www\uhouse\Application\Admin\Model\PersonModel.class.php 第 18 行.
NOTIC: [2] call_user_func() expects parameter 1 to be a valid callback, no array or string given F:\wamp64\www\uhouse\ThinkPHP\Library\Think\Upload.class.php 第 170 行.

[ 2017-08-14T21:32:47+08:00 ] 127.0.0.1 /uhouse/admin.php?c=landlord&a=release
INFO: [ app_init ] --START--
INFO: Run Behavior\BuildLiteBehavior [ RunTime:0.000026s ]
INFO: [ app_init ] --END-- [ RunTime:0.000474s ]
INFO: [ app_begin ] --START--
INFO: Run Behavior\ReadHtmlCacheBehavior [ RunTime:0.000650s ]
INFO: [ app_begin ] --END-- [ RunTime:0.000760s ]
INFO: [ view_parse ] --START--
INFO: [ template_filter ] --START--
INFO: Run Behavior\ContentReplaceBehavior [ RunTime:0.000158s ]
INFO: [ template_filter ] --END-- [ RunTime:0.000298s ]
SQL: SHOW COLUMNS FROM `uhouse_user` [ RunTime:0.0015s ]
SQL: SELECT * FROM `uhouse_user` WHERE ( username="admin" ) LIMIT 1   [ RunTime:0.0004s ]
INFO: Run Behavior\ParseTemplateBehavior [ RunTime:0.023254s ]
INFO: [ view_parse ] --END-- [ RunTime:0.023370s ]
INFO: [ view_filter ] --START--
INFO: Run Behavior\WriteHtmlCacheBehavior [ RunTime:0.000605s ]
INFO: [ view_filter ] --END-- [ RunTime:0.000705s ]
INFO: [ app_end ] --START--
INFO: Run Behavior\ShowPageTraceBehavior [ RunTime:0.000851s ]
INFO: [ app_end ] --END-- [ RunTime:0.000975s ]

[ 2017-08-14T21:33:12+08:00 ] 127.0.0.1 /uhouse/admin.php?c=landlord&a=release
INFO: [ app_init ] --START--
INFO: Run Behavior\BuildLiteBehavior [ RunTime:0.000026s ]
INFO: [ app_init ] --END-- [ RunTime:0.000469s ]
INFO: [ app_begin ] --START--
INFO: Run Behavior\ReadHtmlCacheBehavior [ RunTime:0.000622s ]
INFO: [ app_begin ] --END-- [ RunTime:0.000735s ]
INFO: [ view_parse ] --START--
INFO: [ template_filter ] --START--
INFO: Run Behavior\ContentReplaceBehavior [ RunTime:0.000169s ]
INFO: [ template_filter ] --END-- [ RunTime:0.000296s ]
SQL: SHOW COLUMNS FROM `uhouse_user` [ RunTime:0.0006s ]
SQL: SELECT * FROM `uhouse_user` WHERE ( username="admin" ) LIMIT 1   [ RunTime:0.0003s ]
INFO: Run Behavior\ParseTemplateBehavior [ RunTime:0.017809s ]
INFO: [ view_parse ] --END-- [ RunTime:0.017910s ]
INFO: [ view_filter ] --START--
INFO: Run Behavior\WriteHtmlCacheBehavior [ RunTime:0.000558s ]
INFO: [ view_filter ] --END-- [ RunTime:0.000656s ]
INFO: [ app_end ] --START--
INFO: Run Behavior\ShowPageTraceBehavior [ RunTime:0.000672s ]
INFO: [ app_end ] --END-- [ RunTime:0.000780s ]

[ 2017-08-14T21:33:53+08:00 ] 127.0.0.1 /uhouse/admin.php?c=landlord&a=release
INFO: [ app_init ] --START--
INFO: Run Behavior\BuildLiteBehavior [ RunTime:0.000044s ]
INFO: [ app_init ] --END-- [ RunTime:0.000677s ]
INFO: [ app_begin ] --START--
INFO: Run Behavior\ReadHtmlCacheBehavior [ RunTime:0.000673s ]
INFO: [ app_begin ] --END-- [ RunTime:0.000792s ]
INFO: [ view_parse ] --START--
INFO: [ template_filter ] --START--
INFO: Run Behavior\ContentReplaceBehavior [ RunTime:0.000134s ]
INFO: [ template_filter ] --END-- [ RunTime:0.000246s ]
SQL: SHOW COLUMNS FROM `uhouse_user` [ RunTime:0.0006s ]
SQL: SELECT * FROM `uhouse_user` WHERE ( username="admin" ) LIMIT 1   [ RunTime:0.0003s ]
INFO: Run Behavior\ParseTemplateBehavior [ RunTime:0.017503s ]
INFO: [ view_parse ] --END-- [ RunTime:0.017616s ]
INFO: [ view_filter ] --START--
INFO: Run Behavior\WriteHtmlCacheBehavior [ RunTime:0.000549s ]
INFO: [ view_filter ] --END-- [ RunTime:0.000648s ]
INFO: [ app_end ] --START--
INFO: Run Behavior\ShowPageTraceBehavior [ RunTime:0.000678s ]
INFO: [ app_end ] --END-- [ RunTime:0.000787s ]

[ 2017-08-14T21:36:20+08:00 ] 127.0.0.1 /uhouse/admin.php?c=landlord&a=release
INFO: [ app_init ] --START--
INFO: Run Behavior\BuildLiteBehavior [ RunTime:0.000024s ]
INFO: [ app_init ] --END-- [ RunTime:0.000485s ]
INFO: [ app_begin ] --START--
INFO: Run Behavior\ReadHtmlCacheBehavior [ RunTime:0.000623s ]
INFO: [ app_begin ] --END-- [ RunTime:0.000732s ]
INFO: [ view_parse ] --START--
INFO: [ template_filter ] --START--
INFO: Run Behavior\ContentReplaceBehavior [ RunTime:0.000166s ]
INFO: [ template_filter ] --END-- [ RunTime:0.000315s ]
SQL: SHOW COLUMNS FROM `uhouse_user` [ RunTime:0.0006s ]
SQL: SELECT * FROM `uhouse_user` WHERE ( username="admin" ) LIMIT 1   [ RunTime:0.0004s ]
INFO: Run Behavior\ParseTemplateBehavior [ RunTime:0.019794s ]
INFO: [ view_parse ] --END-- [ RunTime:0.019902s ]
INFO: [ view_filter ] --START--
INFO: Run Behavior\WriteHtmlCacheBehavior [ RunTime:0.000643s ]
INFO: [ view_filter ] --END-- [ RunTime:0.000750s ]
INFO: [ app_end ] --START--
INFO: Run Behavior\ShowPageTraceBehavior [ RunTime:0.001019s ]
INFO: [ app_end ] --END-- [ RunTime:0.001211s ]

[ 2017-08-14T21:36:23+08:00 ] 127.0.0.1 /uhouse/admin.php?c=landlord&a=ajaxuploadimage
INFO: [ app_init ] --START--
INFO: Run Behavior\BuildLiteBehavior [ RunTime:0.000026s ]
INFO: [ app_init ] --END-- [ RunTime:0.000528s ]
INFO: [ app_begin ] --START--
INFO: Run Behavior\ReadHtmlCacheBehavior [ RunTime:0.000639s ]
INFO: [ app_begin ] --END-- [ RunTime:0.000753s ]
SQL: SHOW COLUMNS FROM `uhouse_user` [ RunTime:0.0006s ]
SQL: SHOW COLUMNS FROM `uhouse_renter` [ RunTime:0.0005s ]
NOTIC: [8] Use of undefined constant Y - assumed 'Y' F:\wamp64\www\uhouse\Application\Admin\Model\PersonModel.class.php 第 18 行.
NOTIC: [8] Use of undefined constant m - assumed 'm' F:\wamp64\www\uhouse\Application\Admin\Model\PersonModel.class.php 第 18 行.
NOTIC: [8] Use of undefined constant d - assumed 'd' F:\wamp64\www\uhouse\Application\Admin\Model\PersonModel.class.php 第 18 行.
NOTIC: [2] call_user_func() expects parameter 1 to be a valid callback, no array or string given F:\wamp64\www\uhouse\ThinkPHP\Library\Think\Upload.class.php 第 170 行.

[ 2017-08-14T21:36:27+08:00 ] 127.0.0.1 /uhouse/admin.php?c=landlord&a=ajaxuploadimage
INFO: [ app_init ] --START--
INFO: Run Behavior\BuildLiteBehavior [ RunTime:0.000032s ]
INFO: [ app_init ] --END-- [ RunTime:0.000697s ]
INFO: [ app_begin ] --START--
INFO: Run Behavior\ReadHtmlCacheBehavior [ RunTime:0.000832s ]
INFO: [ app_begin ] --END-- [ RunTime:0.000973s ]
SQL: SHOW COLUMNS FROM `uhouse_user` [ RunTime:0.0007s ]
SQL: SHOW COLUMNS FROM `uhouse_renter` [ RunTime:0.0005s ]
NOTIC: [8] Use of undefined constant Y - assumed 'Y' F:\wamp64\www\uhouse\Application\Admin\Model\PersonModel.class.php 第 18 行.
NOTIC: [8] Use of undefined constant m - assumed 'm' F:\wamp64\www\uhouse\Application\Admin\Model\PersonModel.class.php 第 18 行.
NOTIC: [8] Use of undefined constant d - assumed 'd' F:\wamp64\www\uhouse\Application\Admin\Model\PersonModel.class.php 第 18 行.
NOTIC: [2] call_user_func() expects parameter 1 to be a valid callback, no array or string given F:\wamp64\www\uhouse\ThinkPHP\Library\Think\Upload.class.php 第 170 行.

[ 2017-08-14T21:36:50+08:00 ] 127.0.0.1 /uhouse/admin.php?c=landlord&a=release
INFO: [ app_init ] --START--
INFO: Run Behavior\BuildLiteBehavior [ RunTime:0.000031s ]
INFO: [ app_init ] --END-- [ RunTime:0.000561s ]
INFO: [ app_begin ] --START--
INFO: Run Behavior\ReadHtmlCacheBehavior [ RunTime:0.000621s ]
INFO: [ app_begin ] --END-- [ RunTime:0.000727s ]
INFO: [ view_parse ] --START--
INFO: [ template_filter ] --START--
INFO: Run Behavior\ContentReplaceBehavior [ RunTime:0.000132s ]
INFO: [ template_filter ] --END-- [ RunTime:0.000243s ]
SQL: SHOW COLUMNS FROM `uhouse_user` [ RunTime:0.0008s ]
SQL: SELECT * FROM `uhouse_user` WHERE ( username="admin" ) LIMIT 1   [ RunTime:0.0003s ]
INFO: Run Behavior\ParseTemplateBehavior [ RunTime:0.017127s ]
INFO: [ view_parse ] --END-- [ RunTime:0.017230s ]
INFO: [ view_filter ] --START--
INFO: Run Behavior\WriteHtmlCacheBehavior [ RunTime:0.000604s ]
INFO: [ view_filter ] --END-- [ RunTime:0.000704s ]
INFO: [ app_end ] --START--
INFO: Run Behavior\ShowPageTraceBehavior [ RunTime:0.000738s ]
INFO: [ app_end ] --END-- [ RunTime:0.000852s ]

[ 2017-08-14T21:36:53+08:00 ] 127.0.0.1 /uhouse/admin.php?c=landlord&a=ajaxuploadimage
INFO: [ app_init ] --START--
INFO: Run Behavior\BuildLiteBehavior [ RunTime:0.000025s ]
INFO: [ app_init ] --END-- [ RunTime:0.000455s ]
INFO: [ app_begin ] --START--
INFO: Run Behavior\ReadHtmlCacheBehavior [ RunTime:0.000805s ]
INFO: [ app_begin ] --END-- [ RunTime:0.000930s ]
SQL: SHOW COLUMNS FROM `uhouse_user` [ RunTime:0.0007s ]
SQL: SHOW COLUMNS FROM `uhouse_renter` [ RunTime:0.0006s ]
NOTIC: [8] Use of undefined constant Y - assumed 'Y' F:\wamp64\www\uhouse\Application\Admin\Model\PersonModel.class.php 第 18 行.
NOTIC: [8] Use of undefined constant m - assumed 'm' F:\wamp64\www\uhouse\Application\Admin\Model\PersonModel.class.php 第 18 行.
NOTIC: [8] Use of undefined constant d - assumed 'd' F:\wamp64\www\uhouse\Application\Admin\Model\PersonModel.class.php 第 18 行.
NOTIC: [2] call_user_func() expects parameter 1 to be a valid callback, no array or string given F:\wamp64\www\uhouse\ThinkPHP\Library\Think\Upload.class.php 第 170 行.

[ 2017-08-14T21:36:56+08:00 ] 127.0.0.1 /uhouse/admin.php?c=landlord&a=ajaxuploadimage
INFO: [ app_init ] --START--
INFO: Run Behavior\BuildLiteBehavior [ RunTime:0.000053s ]
INFO: [ app_init ] --END-- [ RunTime:0.001032s ]
INFO: [ app_begin ] --START--
INFO: Run Behavior\ReadHtmlCacheBehavior [ RunTime:0.001422s ]
INFO: [ app_begin ] --END-- [ RunTime:0.001658s ]
SQL: SHOW COLUMNS FROM `uhouse_user` [ RunTime:0.0007s ]
SQL: SHOW COLUMNS FROM `uhouse_renter` [ RunTime:0.0006s ]
NOTIC: [8] Use of undefined constant Y - assumed 'Y' F:\wamp64\www\uhouse\Application\Admin\Model\PersonModel.class.php 第 18 行.
NOTIC: [8] Use of undefined constant m - assumed 'm' F:\wamp64\www\uhouse\Application\Admin\Model\PersonModel.class.php 第 18 行.
NOTIC: [8] Use of undefined constant d - assumed 'd' F:\wamp64\www\uhouse\Application\Admin\Model\PersonModel.class.php 第 18 行.
NOTIC: [2] call_user_func() expects parameter 1 to be a valid callback, no array or string given F:\wamp64\www\uhouse\ThinkPHP\Library\Think\Upload.class.php 第 170 行.

[ 2017-08-14T21:36:58+08:00 ] 127.0.0.1 /uhouse/admin.php?c=landlord&a=ajaxuploadimage
INFO: [ app_init ] --START--
INFO: Run Behavior\BuildLiteBehavior [ RunTime:0.000032s ]
INFO: [ app_init ] --END-- [ RunTime:0.000640s ]
INFO: [ app_begin ] --START--
INFO: Run Behavior\ReadHtmlCacheBehavior [ RunTime:0.000999s ]
INFO: [ app_begin ] --END-- [ RunTime:0.001204s ]
SQL: SHOW COLUMNS FROM `uhouse_user` [ RunTime:0.0006s ]
SQL: SHOW COLUMNS FROM `uhouse_renter` [ RunTime:0.0005s ]
NOTIC: [8] Use of undefined constant Y - assumed 'Y' F:\wamp64\www\uhouse\Application\Admin\Model\PersonModel.class.php 第 18 行.
NOTIC: [8] Use of undefined constant m - assumed 'm' F:\wamp64\www\uhouse\Application\Admin\Model\PersonModel.class.php 第 18 行.
NOTIC: [8] Use of undefined constant d - assumed 'd' F:\wamp64\www\uhouse\Application\Admin\Model\PersonModel.class.php 第 18 行.
NOTIC: [2] call_user_func() expects parameter 1 to be a valid callback, no array or string given F:\wamp64\www\uhouse\ThinkPHP\Library\Think\Upload.class.php 第 170 行.

[ 2017-08-14T21:37:02+08:00 ] 127.0.0.1 /uhouse/admin.php?c=landlord&a=ajaxuploadimage
INFO: [ app_init ] --START--
INFO: Run Behavior\BuildLiteBehavior [ RunTime:0.000028s ]
INFO: [ app_init ] --END-- [ RunTime:0.000499s ]
INFO: [ app_begin ] --START--
INFO: Run Behavior\ReadHtmlCacheBehavior [ RunTime:0.000671s ]
INFO: [ app_begin ] --END-- [ RunTime:0.000778s ]
SQL: SHOW COLUMNS FROM `uhouse_user` [ RunTime:0.0006s ]
SQL: SHOW COLUMNS FROM `uhouse_renter` [ RunTime:0.0005s ]
NOTIC: [8] Use of undefined constant Y - assumed 'Y' F:\wamp64\www\uhouse\Application\Admin\Model\PersonModel.class.php 第 18 行.
NOTIC: [8] Use of undefined constant m - assumed 'm' F:\wamp64\www\uhouse\Application\Admin\Model\PersonModel.class.php 第 18 行.
NOTIC: [8] Use of undefined constant d - assumed 'd' F:\wamp64\www\uhouse\Application\Admin\Model\PersonModel.class.php 第 18 行.
NOTIC: [2] call_user_func() expects parameter 1 to be a valid callback, no array or string given F:\wamp64\www\uhouse\ThinkPHP\Library\Think\Upload.class.php 第 170 行.

[ 2017-08-14T21:37:05+08:00 ] 127.0.0.1 /uhouse/admin.php?c=landlord&a=ajaxuploadimage
INFO: [ app_init ] --START--
INFO: Run Behavior\BuildLiteBehavior [ RunTime:0.000025s ]
INFO: [ app_init ] --END-- [ RunTime:0.000518s ]
INFO: [ app_begin ] --START--
INFO: Run Behavior\ReadHtmlCacheBehavior [ RunTime:0.001326s ]
INFO: [ app_begin ] --END-- [ RunTime:0.001599s ]
SQL: SHOW COLUMNS FROM `uhouse_user` [ RunTime:0.0005s ]
SQL: SHOW COLUMNS FROM `uhouse_renter` [ RunTime:0.0007s ]
NOTIC: [8] Use of undefined constant Y - assumed 'Y' F:\wamp64\www\uhouse\Application\Admin\Model\PersonModel.class.php 第 18 行.
NOTIC: [8] Use of undefined constant m - assumed 'm' F:\wamp64\www\uhouse\Application\Admin\Model\PersonModel.class.php 第 18 行.
NOTIC: [8] Use of undefined constant d - assumed 'd' F:\wamp64\www\uhouse\Application\Admin\Model\PersonModel.class.php 第 18 行.
NOTIC: [2] call_user_func() expects parameter 1 to be a valid callback, no array or string given F:\wamp64\www\uhouse\ThinkPHP\Library\Think\Upload.class.php 第 170 行.

[ 2017-08-14T21:37:07+08:00 ] 127.0.0.1 /uhouse/admin.php?c=landlord&a=ajaxuploadimage
INFO: [ app_init ] --START--
INFO: Run Behavior\BuildLiteBehavior [ RunTime:0.000055s ]
INFO: [ app_init ] --END-- [ RunTime:0.000716s ]
INFO: [ app_begin ] --START--
INFO: Run Behavior\ReadHtmlCacheBehavior [ RunTime:0.000821s ]
INFO: [ app_begin ] --END-- [ RunTime:0.000969s ]
SQL: SHOW COLUMNS FROM `uhouse_user` [ RunTime:0.0007s ]
SQL: SHOW COLUMNS FROM `uhouse_renter` [ RunTime:0.0005s ]
NOTIC: [8] Use of undefined constant Y - assumed 'Y' F:\wamp64\www\uhouse\Application\Admin\Model\PersonModel.class.php 第 18 行.
NOTIC: [8] Use of undefined constant m - assumed 'm' F:\wamp64\www\uhouse\Application\Admin\Model\PersonModel.class.php 第 18 行.
NOTIC: [8] Use of undefined constant d - assumed 'd' F:\wamp64\www\uhouse\Application\Admin\Model\PersonModel.class.php 第 18 行.
NOTIC: [2] call_user_func() expects parameter 1 to be a valid callback, no array or string given F:\wamp64\www\uhouse\ThinkPHP\Library\Think\Upload.class.php 第 170 行.

[ 2017-08-14T21:37:16+08:00 ] 127.0.0.1 /uhouse/admin.php?c=landlord&a=release
INFO: [ app_init ] --START--
INFO: Run Behavior\BuildLiteBehavior [ RunTime:0.000027s ]
INFO: [ app_init ] --END-- [ RunTime:0.000495s ]
INFO: [ app_begin ] --START--
INFO: Run Behavior\ReadHtmlCacheBehavior [ RunTime:0.000664s ]
INFO: [ app_begin ] --END-- [ RunTime:0.000781s ]
INFO: [ view_parse ] --START--
INFO: [ template_filter ] --START--
INFO: Run Behavior\ContentReplaceBehavior [ RunTime:0.000182s ]
INFO: [ template_filter ] --END-- [ RunTime:0.000320s ]
SQL: SHOW COLUMNS FROM `uhouse_user` [ RunTime:0.0010s ]
SQL: SELECT * FROM `uhouse_user` WHERE ( username="admin" ) LIMIT 1   [ RunTime:0.0011s ]
INFO: Run Behavior\ParseTemplateBehavior [ RunTime:0.028144s ]
INFO: [ view_parse ] --END-- [ RunTime:0.028330s ]
INFO: [ view_filter ] --START--
INFO: Run Behavior\WriteHtmlCacheBehavior [ RunTime:0.000991s ]
INFO: [ view_filter ] --END-- [ RunTime:0.001140s ]
INFO: [ app_end ] --START--
INFO: Run Behavior\ShowPageTraceBehavior [ RunTime:0.000799s ]
INFO: [ app_end ] --END-- [ RunTime:0.000926s ]

[ 2017-08-14T21:37:33+08:00 ] 127.0.0.1 /uhouse/admin.php?c=landlord&a=release
INFO: [ app_init ] --START--
INFO: Run Behavior\BuildLiteBehavior [ RunTime:0.000058s ]
INFO: [ app_init ] --END-- [ RunTime:0.001282s ]
INFO: [ app_begin ] --START--
INFO: Run Behavior\ReadHtmlCacheBehavior [ RunTime:0.000844s ]
INFO: [ app_begin ] --END-- [ RunTime:0.000995s ]
INFO: [ view_parse ] --START--
INFO: [ template_filter ] --START--
INFO: Run Behavior\ContentReplaceBehavior [ RunTime:0.000149s ]
INFO: [ template_filter ] --END-- [ RunTime:0.000272s ]
SQL: SHOW COLUMNS FROM `uhouse_user` [ RunTime:0.0009s ]
SQL: SELECT * FROM `uhouse_user` WHERE ( username="admin" ) LIMIT 1   [ RunTime:0.0005s ]
INFO: Run Behavior\ParseTemplateBehavior [ RunTime:0.020609s ]
INFO: [ view_parse ] --END-- [ RunTime:0.020735s ]
INFO: [ view_filter ] --START--
INFO: Run Behavior\WriteHtmlCacheBehavior [ RunTime:0.000708s ]
INFO: [ view_filter ] --END-- [ RunTime:0.000850s ]
INFO: [ app_end ] --START--
INFO: Run Behavior\ShowPageTraceBehavior [ RunTime:0.000799s ]
INFO: [ app_end ] --END-- [ RunTime:0.000921s ]

[ 2017-08-14T21:37:37+08:00 ] 127.0.0.1 /uhouse/admin.php?c=landlord&a=ajaxuploadimage
INFO: [ app_init ] --START--
INFO: Run Behavior\BuildLiteBehavior [ RunTime:0.000043s ]
INFO: [ app_init ] --END-- [ RunTime:0.000927s ]
INFO: [ app_begin ] --START--
INFO: Run Behavior\ReadHtmlCacheBehavior [ RunTime:0.001352s ]
INFO: [ app_begin ] --END-- [ RunTime:0.001611s ]
SQL: SHOW COLUMNS FROM `uhouse_user` [ RunTime:0.0007s ]
SQL: SHOW COLUMNS FROM `uhouse_renter` [ RunTime:0.0005s ]
NOTIC: [8] Use of undefined constant Y - assumed 'Y' F:\wamp64\www\uhouse\Application\Admin\Model\PersonModel.class.php 第 18 行.
NOTIC: [8] Use of undefined constant m - assumed 'm' F:\wamp64\www\uhouse\Application\Admin\Model\PersonModel.class.php 第 18 行.
NOTIC: [8] Use of undefined constant d - assumed 'd' F:\wamp64\www\uhouse\Application\Admin\Model\PersonModel.class.php 第 18 行.
NOTIC: [2] call_user_func() expects parameter 1 to be a valid callback, no array or string given F:\wamp64\www\uhouse\ThinkPHP\Library\Think\Upload.class.php 第 170 行.

[ 2017-08-14T21:37:41+08:00 ] 127.0.0.1 /uhouse/admin.php?c=landlord&a=ajaxuploadimage
INFO: [ app_init ] --START--
INFO: Run Behavior\BuildLiteBehavior [ RunTime:0.000026s ]
INFO: [ app_init ] --END-- [ RunTime:0.000475s ]
INFO: [ app_begin ] --START--
INFO: Run Behavior\ReadHtmlCacheBehavior [ RunTime:0.000607s ]
INFO: [ app_begin ] --END-- [ RunTime:0.000719s ]
SQL: SHOW COLUMNS FROM `uhouse_user` [ RunTime:0.0006s ]
SQL: SHOW COLUMNS FROM `uhouse_renter` [ RunTime:0.0004s ]
NOTIC: [8] Use of undefined constant Y - assumed 'Y' F:\wamp64\www\uhouse\Application\Admin\Model\PersonModel.class.php 第 18 行.
NOTIC: [8] Use of undefined constant m - assumed 'm' F:\wamp64\www\uhouse\Application\Admin\Model\PersonModel.class.php 第 18 行.
NOTIC: [8] Use of undefined constant d - assumed 'd' F:\wamp64\www\uhouse\Application\Admin\Model\PersonModel.class.php 第 18 行.
NOTIC: [2] call_user_func() expects parameter 1 to be a valid callback, no array or string given F:\wamp64\www\uhouse\ThinkPHP\Library\Think\Upload.class.php 第 170 行.

[ 2017-08-14T21:37:43+08:00 ] 127.0.0.1 /uhouse/admin.php?c=landlord&a=ajaxuploadimage
INFO: [ app_init ] --START--
INFO: Run Behavior\BuildLiteBehavior [ RunTime:0.000049s ]
INFO: [ app_init ] --END-- [ RunTime:0.001075s ]
INFO: [ app_begin ] --START--
INFO: Run Behavior\ReadHtmlCacheBehavior [ RunTime:0.000776s ]
INFO: [ app_begin ] --END-- [ RunTime:0.000906s ]
SQL: SHOW COLUMNS FROM `uhouse_user` [ RunTime:0.0007s ]
SQL: SHOW COLUMNS FROM `uhouse_renter` [ RunTime:0.0005s ]
NOTIC: [8] Use of undefined constant Y - assumed 'Y' F:\wamp64\www\uhouse\Application\Admin\Model\PersonModel.class.php 第 18 行.
NOTIC: [8] Use of undefined constant m - assumed 'm' F:\wamp64\www\uhouse\Application\Admin\Model\PersonModel.class.php 第 18 行.
NOTIC: [8] Use of undefined constant d - assumed 'd' F:\wamp64\www\uhouse\Application\Admin\Model\PersonModel.class.php 第 18 行.
NOTIC: [2] call_user_func() expects parameter 1 to be a valid callback, no array or string given F:\wamp64\www\uhouse\ThinkPHP\Library\Think\Upload.class.php 第 170 行.

[ 2017-08-14T21:37:47+08:00 ] 127.0.0.1 /uhouse/admin.php?c=landlord&a=ajaxuploadimage
INFO: [ app_init ] --START--
INFO: Run Behavior\BuildLiteBehavior [ RunTime:0.000032s ]
INFO: [ app_init ] --END-- [ RunTime:0.000661s ]
INFO: [ app_begin ] --START--
INFO: Run Behavior\ReadHtmlCacheBehavior [ RunTime:0.000833s ]
INFO: [ app_begin ] --END-- [ RunTime:0.000973s ]
SQL: SHOW COLUMNS FROM `uhouse_user` [ RunTime:0.0007s ]
SQL: SHOW COLUMNS FROM `uhouse_renter` [ RunTime:0.0006s ]
NOTIC: [8] Use of undefined constant Y - assumed 'Y' F:\wamp64\www\uhouse\Application\Admin\Model\PersonModel.class.php 第 18 行.
NOTIC: [8] Use of undefined constant m - assumed 'm' F:\wamp64\www\uhouse\Application\Admin\Model\PersonModel.class.php 第 18 行.
NOTIC: [8] Use of undefined constant d - assumed 'd' F:\wamp64\www\uhouse\Application\Admin\Model\PersonModel.class.php 第 18 行.
NOTIC: [2] call_user_func() expects parameter 1 to be a valid callback, no array or string given F:\wamp64\www\uhouse\ThinkPHP\Library\Think\Upload.class.php 第 170 行.

[ 2017-08-14T21:37:50+08:00 ] 127.0.0.1 /uhouse/admin.php?c=landlord&a=ajaxuploadimage
INFO: [ app_init ] --START--
INFO: Run Behavior\BuildLiteBehavior [ RunTime:0.000028s ]
INFO: [ app_init ] --END-- [ RunTime:0.000516s ]
INFO: [ app_begin ] --START--
INFO: Run Behavior\ReadHtmlCacheBehavior [ RunTime:0.000658s ]
INFO: [ app_begin ] --END-- [ RunTime:0.000781s ]
SQL: SHOW COLUMNS FROM `uhouse_user` [ RunTime:0.0008s ]
SQL: SHOW COLUMNS FROM `uhouse_renter` [ RunTime:0.0008s ]
NOTIC: [8] Use of undefined constant Y - assumed 'Y' F:\wamp64\www\uhouse\Application\Admin\Model\PersonModel.class.php 第 18 行.
NOTIC: [8] Use of undefined constant m - assumed 'm' F:\wamp64\www\uhouse\Application\Admin\Model\PersonModel.class.php 第 18 行.
NOTIC: [8] Use of undefined constant d - assumed 'd' F:\wamp64\www\uhouse\Application\Admin\Model\PersonModel.class.php 第 18 行.
NOTIC: [2] call_user_func() expects parameter 1 to be a valid callback, no array or string given F:\wamp64\www\uhouse\ThinkPHP\Library\Think\Upload.class.php 第 170 行.

[ 2017-08-14T21:37:57+08:00 ] 127.0.0.1 /uhouse/admin.php?c=landlord&a=ajaxuploadimage
INFO: [ app_init ] --START--
INFO: Run Behavior\BuildLiteBehavior [ RunTime:0.000130s ]
INFO: [ app_init ] --END-- [ RunTime:0.000935s ]
INFO: [ app_begin ] --START--
INFO: Run Behavior\ReadHtmlCacheBehavior [ RunTime:0.000680s ]
INFO: [ app_begin ] --END-- [ RunTime:0.000801s ]
SQL: SHOW COLUMNS FROM `uhouse_user` [ RunTime:0.0011s ]
SQL: SHOW COLUMNS FROM `uhouse_renter` [ RunTime:0.0013s ]
NOTIC: [8] Use of undefined constant Y - assumed 'Y' F:\wamp64\www\uhouse\Application\Admin\Model\PersonModel.class.php 第 18 行.
NOTIC: [8] Use of undefined constant m - assumed 'm' F:\wamp64\www\uhouse\Application\Admin\Model\PersonModel.class.php 第 18 行.
NOTIC: [8] Use of undefined constant d - assumed 'd' F:\wamp64\www\uhouse\Application\Admin\Model\PersonModel.class.php 第 18 行.
NOTIC: [2] call_user_func() expects parameter 1 to be a valid callback, no array or string given F:\wamp64\www\uhouse\ThinkPHP\Library\Think\Upload.class.php 第 170 行.

[ 2017-08-14T21:37:58+08:00 ] 127.0.0.1 /uhouse/admin.php?c=landlord&a=check
INFO: [ app_init ] --START--
INFO: Run Behavior\BuildLiteBehavior [ RunTime:0.000033s ]
INFO: [ app_init ] --END-- [ RunTime:0.000681s ]
INFO: [ app_begin ] --START--
INFO: Run Behavior\ReadHtmlCacheBehavior [ RunTime:0.000726s ]
INFO: [ app_begin ] --END-- [ RunTime:0.000847s ]

